Log file open, 11/09/14 00:04:58
LogInit:Display: Running engine for game: EpicManBP
LogInit: Version: 4.5.1-2336687+++depot+UE4-Releases+4.5
LogInit: API Version: 2326478
LogInit: Compiled (64-bit): Oct 21 2014 22:32:40
LogInit: Compiled with Visual C++: 18.00.21005.01
LogInit: Build Configuration: Development
LogInit: Branch Name: ++depot+UE4-Releases+4.5
LogInit: Command line:  
LogInit: Base directory: C:/Program Files/Unreal Engine/4.5/Engine/Binaries/Win64/
LogInit: Rocket: 1
[2014.11.09-08.04.58:784][  0]LogTaskGraph: Started task graph with 3 named threads and 4 total threads.
[2014.11.09-08.04.58:809][  0]LogOnline:Warning: No default platform service specified for OnlineSubsystem
[2014.11.09-08.04.58:822][  0]LogInit: Presizing for 0 objects not considered by GC, pre-allocating 0 bytes.
[2014.11.09-08.04.58:829][  0]LogInit: Object subsystem initialized
[2014.11.09-08.04.58:831][  0]LogConsoleResponse:Warning: Skipping Unknown console variable: 'UIScaleRule = ShortestSide'
[2014.11.09-08.04.58:831][  0]LogConsoleResponse:Warning:   Found in ini file 'C:/Users/Maurice/Documents/Unreal Projects/EpicManBP/Saved/Config/Windows/Engine.ini', in section '[/Script/Engine.RendererSettings]'
[2014.11.09-08.04.58:831][  0]LogConsoleResponse:Warning: Skipping Unknown console variable: 'UIScaleCurve = (EditorCurveData=(Keys=((Time=480.000000,Value=0.444000),(Time=720.000000,Value=0.666000),(Time=1080.000000,Value=1.000000),(Time=8640.000000,Value=8.000000))),ExternalCurve=None)'
[2014.11.09-08.04.58:831][  0]LogConsoleResponse:Warning:   Found in ini file 'C:/Users/Maurice/Documents/Unreal Projects/EpicManBP/Saved/Config/Windows/Engine.ini', in section '[/Script/Engine.RendererSettings]'
[2014.11.09-08.04.58:832][  0]LogInit: Selected Device Profile: [Windows]
[2014.11.09-08.04.58:832][  0]LogInit: Applying CVar settings loaded from the selected device profile: [Windows]
[2014.11.09-08.04.58:837][  0]LogInit: Computer: XPS3
[2014.11.09-08.04.58:837][  0]LogInit: User: Maurice
[2014.11.09-08.04.58:837][  0]LogInit: CPU Page size=4096, Cores=4
[2014.11.09-08.04.58:837][  0]LogInit: High frequency timer resolution =3.312685 MHz
[2014.11.09-08.04.58:837][  0]LogMemory: Memory total: Physical=24.0GB (24GB approx) Virtual=8192.0GB
[2014.11.09-08.04.58:837][  0]LogMemory: Platform Memory Stats for Windows
[2014.11.09-08.04.58:837][  0]LogMemory: Process Physical Memory: 63.04 MB used, 63.04 MB peak
[2014.11.09-08.04.58:837][  0]LogMemory: Process Virtual Memory: 38.39 MB used, 38.39 MB peak
[2014.11.09-08.04.58:837][  0]LogMemory: Physical Memory: 2924.16 MB used, 24527.21 MB total
[2014.11.09-08.04.58:837][  0]LogMemory: Virtual Memory: 270.46 MB used, 8388608.00 MB total
[2014.11.09-08.04.58:885][  0]LogD3D11RHI: Found D3D11 adapter 0: NVIDIA GeForce GTX 660 (Feature Level 11_0)
[2014.11.09-08.04.58:885][  0]LogD3D11RHI: Adapter has 1484MB of dedicated video memory, 0MB of dedicated system memory, and 2560MB of shared system memory, 2 output[s]
[2014.11.09-08.04.58:885][  0]LogD3D11RHI: Chosen D3D11 Adapter Id = 0
[2014.11.09-08.04.58:888][  0]LogRHI: Texture pool is 1039 MB (70% of 1484 MB)
[2014.11.09-08.04.58:894][  0]LogD3D11RHI: Async texture creation enabled
[2014.11.09-08.04.58:928][  0]LogTextLocalizationManager: The requested culture ('en_US') has no localization data; parent culture's ('en') localization data will be used.
[2014.11.09-08.04.59:034][  0]LogContentStreaming: Texture pool size is 0.000000MB
[2014.11.09-08.05.02:770][  0]LogTargetPlatformManager:Display: Building Assets For Windows
[2014.11.09-08.05.03:051][  0]LogTargetPlatformManager:Display: Building Assets For Windows
[2014.11.09-08.05.03:087][  0]LogDerivedDataCache:Display: Max Cache Size: 512 MB
[2014.11.09-08.05.03:118][  0]LogDerivedDataCache: Loaded boot cache 0.03s 39MB C:/Users/Maurice/AppData/Local/UnrealEngine/4.5/DerivedDataCache/Boot.ddc.
[2014.11.09-08.05.03:118][  0]LogDerivedDataCache:Display: Loaded Boot cache: C:/Users/Maurice/AppData/Local/UnrealEngine/4.5/DerivedDataCache/Boot.ddc
[2014.11.09-08.05.03:118][  0]LogDerivedDataCache: FDerivedDataBackendGraph:  Pak pak cache file ../../../../../../Users/Maurice/Documents/Unreal Projects/EpicManBP/DerivedDataCache/DDC.ddp not found, will not use a pak cache.
[2014.11.09-08.05.03:118][  0]LogDerivedDataCache: Unable to find inner node Pak for hierarchical cache Hierarchy.
[2014.11.09-08.05.03:169][  0]LogDerivedDataCache:Display: Pak cache opened for reading ../../../Engine/DerivedDataCache/DDC.ddp.
[2014.11.09-08.05.03:180][  0]LogDerivedDataCache: Using Local data cache path C:/Users/Maurice/AppData/Local/UnrealEngine/Common/DerivedDataCache: Writable
[2014.11.09-08.05.03:303][  0]LogMeshUtilities: No automatic mesh reduction module available
[2014.11.09-08.05.03:303][  0]LogMeshUtilities: No automatic mesh merging module available
[2014.11.09-08.05.03:478][  0]LogLinker:Warning: Asset '../../../Engine/Content/Functions/Engine_MaterialFunctions02/Texturing/FlipBook.uasset' has been saved with empty engine version. The asset will be loaded but may be incompatible.
[2014.11.09-08.05.03:480][  0]LogLinker:Warning: Asset '../../../Engine/Content/Functions/Engine_MaterialFunctions02/ExampleContent/Textures/flipbook.uasset' has been saved with empty engine version. The asset will be loaded but may be incompatible.
[2014.11.09-08.05.03:602][  0]LogInit: WinSock: version 1.1 (2.2), MaxSocks=32767, MaxUdp=65467
[2014.11.09-08.05.04:167][  0]UdpMessaging: Initializing bridge on interface 0.0.0.0:0 to multicast group 230.0.0.1:6666.
[2014.11.09-08.05.04:289][  0]LogDirectoryWatcher:Warning: Failed to begin reading directory changes for C:/Users/Maurice/Documents/Unreal Projects/EpicManBP/Binaries/Win64. Error: 0
[2014.11.09-08.05.04:374][  0]SourceControl: Info Source control is disabled
[2014.11.09-08.05.04:375][  0]SourceControl: Info Source control is disabled
[2014.11.09-08.05.04:379][  0]SourceControl: Info Source control is disabled
[2014.11.09-08.05.04:449][  0]LogObj: 22915 objects as part of root set at end of initial load.
[2014.11.09-08.05.04:449][  0]LogUObjectAllocator: 4803536 out of 0 bytes used by permanent object pool.
[2014.11.09-08.05.04:491][  0]LogEngine: Initializing Engine...
[2014.11.09-08.05.04:584][  0]LogInit: XAudio2 using 'Speakers (High Definition Audio Device)' : 2 channels at 44.1 kHz using 16 bits per sample (channel mask 0x3)
[2014.11.09-08.05.04:589][  0]LogInit: FAudioDevice initialized.
[2014.11.09-08.05.04:602][  0]LogAIModule: Creating AISystem for world NewWorld
[2014.11.09-08.05.04:620][  0]LogDerivedDataCache: Saved boot cache 0.02s 39MB C:/Users/Maurice/AppData/Local/UnrealEngine/4.5/DerivedDataCache/Boot.ddc.
[2014.11.09-08.05.04:623][  0]LogInit: Texture streaming: Enabled
[2014.11.09-08.05.04:650][  0]LogInit: Transaction tracking system initialized
[2014.11.09-08.05.04:707][  0]BlueprintLog: New page: Editor Load
[2014.11.09-08.05.04:728][  0]LogAssetRegistry: FAssetRegistry took 0.0093 seconds to start up
[2014.11.09-08.05.04:728][  0]LogDirectoryWatcher:Warning: Failed to begin reading directory changes for ../../../Engine/Plugins/Experimental/CharacterAI/Content/. Error: 0
[2014.11.09-08.05.05:037][  0]LogTargetPlatformManager:Display: Building Assets For Windows
[2014.11.09-08.05.05:262][  0]LogTargetPlatformManager:Display: Building Assets For Windows
[2014.11.09-08.05.05:394][  0]LogConsoleResponse:Display: 
[2014.11.09-08.05.05:519][  0]SourceControl: Info Source control is disabled
[2014.11.09-08.05.05:519][  0]Cmd: MAP LOAD FILE="../../../../../../Users/Maurice/Documents/Unreal Projects/EpicManBP/Content/Maps/EpicManLevel.umap" TEMPLATE=0 SHOWPROGRESS=1
[2014.11.09-08.05.05:522][  0]LightingResults: New page: Lighting Build
[2014.11.09-08.05.05:527][  0]MapCheck: New page: Map Check
[2014.11.09-08.05.05:528][  0]LightingResults: New page: Lighting Build
[2014.11.09-08.05.05:539][  0]LogParticles: Destroying 0 GPU particle simulations for FXSystem 0x0000000016FFDA80
[2014.11.09-08.05.06:023][  0]LogEditorServer: Finished looking for orphan Actors (0.000 secs)
[2014.11.09-08.05.06:023][  0]LogAIModule: Creating AISystem for world EpicManLevel
[2014.11.09-08.05.06:024][  0]Cmd: MAP CHECKDEP
[2014.11.09-08.05.06:024][  0]MapCheck: New page: EpicManLevel - Nov 8, 2014, 4:05:06 PM
[2014.11.09-08.05.06:091][  0]MapCheck: Info Map check complete: 0 Error(s), 0 Warning(s), took 66.637ms to complete.
[2014.11.09-08.05.06:091][  0]LogFileHelpers: Loading map 'EpicManLevel' took 0.572
[2014.11.09-08.05.06:248][  0]LogCollectionManager: Loaded 0 collections in 0.000907 seconds
[2014.11.09-08.05.06:440][  0]LogCrashTracker: Crashtracker disabled due to settings.
[2014.11.09-08.05.06:489][  0]LogUObjectGlobals:Warning: Failed to find object 'Class None.'
[2014.11.09-08.05.06:514][  0]LogLoad: Full Startup: 9.60 seconds (BP compile: 0.15 seconds)
[2014.11.09-08.05.07:044][  0]LogRenderer:Warning: Reallocating scene render targets to support 736x544.
[2014.11.09-08.05.07:259][  1]LogContentBrowser:Verbose: The content browser source was changed by the sources view to '/Game/Blueprints'
[2014.11.09-08.05.08:933][  6]LogAssetRegistry: Asset discovery search completed in 4.2147 seconds
[2014.11.09-08.19.37:006][ 93]LogContentBrowser:Verbose: The content browser source was changed by the sources view to '/Game/HUD'
[2014.11.09-08.20.09:971][675]LogSlate:Warning: GetFontFace failed to load or process 'Roboto-Regular'
[2014.11.09-08.20.09:971][675]LogSlate:Warning: GetFontFace failed to load or process 'Roboto-Regular'
[2014.11.09-08.20.09:971][675]LogSlate:Warning: GetFontFace failed to load or process 'Roboto-Regular'
[2014.11.09-08.20.09:971][675]LogSlate:Warning: GetFontFace failed to load or process 'Roboto-Regular'
[2014.11.09-08.20.09:971][675]LogSlate:Warning: GetFontFace failed to load or process 'Roboto-Regular'
[2014.11.09-08.20.09:971][675]LogSlate:Warning: GetFontFace failed to load or process 'Roboto-Regular'
[2014.11.09-08.20.09:971][675]LogSlate:Warning: GetFontFace failed to load or process 'Roboto-Regular'
[2014.11.09-08.20.09:971][675]LogSlate:Warning: GetFontFace failed to load or process 'Roboto-Regular'
[2014.11.09-08.20.09:971][675]LogSlate:Warning: GetFontFace failed to load or process 'Roboto-Regular'
[2014.11.09-08.20.09:971][675]LogSlate:Warning: GetFontFace failed to load or process 'Roboto-Regular'
[2014.11.09-08.20.09:971][675]LogSlate:Warning: GetFontFace failed to load or process 'Roboto-Regular'
[2014.11.09-08.20.09:971][675]LogSlate:Warning: GetFontFace failed to load or process 'Roboto-Regular'
[2014.11.09-08.20.09:971][675]LogSlate:Warning: GetFontFace failed to load or process 'Roboto-Regular'
[2014.11.09-08.20.09:971][675]LogSlate:Warning: GetFontFace failed to load or process 'Roboto-Regular'
[2014.11.09-08.20.09:971][675]LogSlate:Warning: GetFontFace failed to load or process 'Roboto-Regular'
[2014.11.09-08.20.09:972][675]LogSlate:Warning: GetFontFace failed to load or process 'Roboto-Regular'
[2014.11.09-08.20.09:972][675]LogSlate:Warning: GetFontFace failed to load or process 'Roboto-Regular'
[2014.11.09-08.20.09:972][675]LogSlate:Warning: GetFontFace failed to load or process 'Roboto-Regular'
[2014.11.09-08.20.09:972][675]LogSlate:Warning: GetFontFace failed to load or process 'Roboto-Regular'
[2014.11.09-08.20.09:972][675]LogSlate:Warning: GetFontFace failed to load or process 'Roboto-Regular'
[2014.11.09-08.20.09:972][675]LogSlate:Warning: GetFontFace failed to load or process 'Roboto-Regular'
[2014.11.09-08.20.09:972][675]LogSlate:Warning: GetFontFace failed to load or process 'Roboto-Regular'
[2014.11.09-08.20.35:088][731]LogActorComponent: UnregisterComponent: (/Engine/Transient.CharacterMovementComponent_0) Not registered. Aborting.
[2014.11.09-08.20.35:647][731]LogSavePackage: Save=453.572540ms
[2014.11.09-08.20.35:647][731]LogSavePackage: Moving '../../../../../../Users/Maurice/Documents/Unreal Projects/EpicManBP/Saved/EpicManLevel_Auto12455B7964559F1D7E38ED48F57464C77.tmp' to '../../../../../../Users/Maurice/Documents/Unreal Projects/EpicManBP/Saved/Autosaves/Game/Maps/EpicManLevel_Auto1.umap'
[2014.11.09-08.20.35:652][731]LogFileHelpers: Editor autosave (incl. sublevels) for '/Game/Maps/EpicManLevel' took 0.565
[2014.11.09-08.20.35:652][731]LogFileHelpers: Editor autosave (incl. sublevels) for all levels took 0.565
[2014.11.09-08.25.03:194][ 17]LogEditorTransaction: Undo Move Widget
[2014.11.09-08.30.35:859][754]LogFileHelpers: Editor autosave (incl. sublevels) for '/Game/Maps/EpicManLevel' took 0.028
[2014.11.09-08.30.35:868][754]OBJ SavePackage: Generating thumbnails for [0] asset(s) in package [/Game/HUD/EpicManHUD] ([1] browsable assets)...
[2014.11.09-08.30.35:877][754]OBJ SavePackage: Finished generating thumbnails for package [/Game/HUD/EpicManHUD]
[2014.11.09-08.30.35:879][754]Cmd: OBJ SAVEPACKAGE PACKAGE="/Game/HUD/EpicManHUD" FILE="../../../../../../Users/Maurice/Documents/Unreal Projects/EpicManBP/Saved/Autosaves/Game/HUD/EpicManHUD_Auto2.uasset" SILENT=false AUTOSAVING=true
[2014.11.09-08.30.35:930][754]LogSavePackage: Save=13.481813ms
[2014.11.09-08.30.35:930][754]LogSavePackage: Moving '../../../../../../Users/Maurice/Documents/Unreal Projects/EpicManBP/Saved/EpicManHUD_Auto273AF28744F126CF92A12BBA3C32268C4.tmp' to '../../../../../../Users/Maurice/Documents/Unreal Projects/EpicManBP/Saved/Autosaves/Game/HUD/EpicManHUD_Auto2.uasset'
[2014.11.09-08.30.35:934][754]LogFileHelpers: Auto-saving content packages took 0.075
[2014.11.09-08.30.55:338][ 63]LogEditorTransaction: Undo Move Widget
[2014.11.09-08.30.55:655][ 87]LogEditorTransaction: Undo Move Widget
[2014.11.09-08.30.56:693][186]LogEditorTransaction: Undo Move Widget
[2014.11.09-08.31.00:399][627]LogEditorTransaction: Undo Move Widget
[2014.11.09-08.31.01:146][682]LogEditorTransaction: Undo Edit X
[2014.11.09-08.31.01:492][720]LogEditorTransaction: Undo Edit X
[2014.11.09-08.31.01:771][750]LogEditorTransaction: Undo Rename Widget
[2014.11.09-08.31.01:999][770]LogEditorTransaction: Undo Rename Widget
[2014.11.09-08.31.02:330][806]LogEditorTransaction: Undo Rename Widget
[2014.11.09-08.31.02:837][863]LogEditorTransaction: Undo Edit X
[2014.11.09-08.31.03:109][892]LogEditorTransaction: Undo Rename Widget
[2014.11.09-08.31.03:340][916]LogEditorTransaction: Undo Edit X
[2014.11.09-08.31.03:595][943]LogEditorTransaction: Undo Rename Widget
[2014.11.09-08.31.03:851][970]LogEditorTransaction: Undo Rename Widget
[2014.11.09-08.31.04:083][994]LogEditorTransaction: Undo Edit X
[2014.11.09-08.31.05:256][131]LogEditorTransaction: Redo Edit X
[2014.11.09-08.31.06:814][312]LogEditorTransaction: Redo Rename Widget
[2014.11.09-08.31.07:000][328]LogEditorTransaction: Redo Rename Widget
[2014.11.09-08.31.07:161][341]LogEditorTransaction: Redo Edit X
[2014.11.09-08.31.07:329][355]LogEditorTransaction: Redo Rename Widget
[2014.11.09-08.31.07:539][374]LogEditorTransaction: Redo Edit X
[2014.11.09-08.31.07:764][395]LogEditorTransaction: Redo Rename Widget
[2014.11.09-08.31.07:991][416]LogEditorTransaction: Redo Rename Widget
[2014.11.09-08.31.08:234][439]LogEditorTransaction: Redo Rename Widget
[2014.11.09-08.31.08:636][481]LogEditorTransaction: Redo Edit X
[2014.11.09-08.31.08:920][509]LogEditorTransaction: Redo Edit X
[2014.11.09-08.31.09:162][532]LogEditorTransaction: Redo Move Widget
[2014.11.09-08.31.09:413][556]LogEditorTransaction: Redo Move Widget
[2014.11.09-08.31.09:646][578]LogEditorTransaction: Redo Move Widget
[2014.11.09-08.31.09:888][601]LogEditorTransaction: Redo Move Widget
[2014.11.09-08.40.35:967][735]LogFileHelpers: Editor autosave (incl. sublevels) for '/Game/Maps/EpicManLevel' took 0.045
[2014.11.09-08.40.35:975][735]OBJ SavePackage: Generating thumbnails for [0] asset(s) in package [/Game/HUD/EpicManHUD] ([1] browsable assets)...
[2014.11.09-08.40.36:009][735]OBJ SavePackage: Finished generating thumbnails for package [/Game/HUD/EpicManHUD]
[2014.11.09-08.40.36:011][735]Cmd: OBJ SAVEPACKAGE PACKAGE="/Game/HUD/EpicManHUD" FILE="../../../../../../Users/Maurice/Documents/Unreal Projects/EpicManBP/Saved/Autosaves/Game/HUD/EpicManHUD_Auto3.uasset" SILENT=false AUTOSAVING=true
[2014.11.09-08.40.36:063][735]LogSavePackage: Save=14.842643ms
[2014.11.09-08.40.36:063][735]LogSavePackage: Moving '../../../../../../Users/Maurice/Documents/Unreal Projects/EpicManBP/Saved/EpicManHUD_Auto365005F744AA84AC402FC6B8E026E456A.tmp' to '../../../../../../Users/Maurice/Documents/Unreal Projects/EpicManBP/Saved/Autosaves/Game/HUD/EpicManHUD_Auto3.uasset'
[2014.11.09-08.40.36:068][735]LogFileHelpers: Auto-saving content packages took 0.100
[2014.11.09-08.40.50:500][462]BlueprintLog: New page: Compile EpicManHUD
[2014.11.09-08.40.50:616][462]BlueprintEditorCompileResults: Info [2153.60] Compile of EpicManHUD successful! [in 2 ms]
[2014.11.09-08.40.51:006][502]Cmd: OBJ SAVEPACKAGE PACKAGE="/Game/HUD/EpicManHUD" FILE="../../../../../../Users/Maurice/Documents/Unreal Projects/EpicManBP/Content/HUD/EpicManHUD.uasset" SILENT=true
[2014.11.09-08.40.51:040][502]LogSavePackage: Save=15.745234ms
[2014.11.09-08.40.51:040][502]LogSavePackage: Moving '../../../../../../Users/Maurice/Documents/Unreal Projects/EpicManBP/Saved/EpicManHUDF37B8B044E1754557DE3729B438EF311.tmp' to '../../../../../../Users/Maurice/Documents/Unreal Projects/EpicManBP/Content/HUD/EpicManHUD.uasset'
[2014.11.09-08.40.52:787][656]LogSavePackage: Save=310.964966ms
[2014.11.09-08.40.52:787][656]LogSavePackage: Moving '../../../../../../Users/Maurice/Documents/Unreal Projects/EpicManBP/Saved/EpicManLevel92CBBF974160A0C11A1B85B6F21DE4F7.tmp' to '../../../../../../Users/Maurice/Documents/Unreal Projects/EpicManBP/Content/Maps/EpicManLevel.umap'
[2014.11.09-08.40.53:286][704]BlueprintLog: New page: Pre-PIE auto-recompile
[2014.11.09-08.40.53:286][704]LogPlayLevel: [PIE] Compiling Tutorial_BP_MacroLib before PIE...
[2014.11.09-08.40.53:320][704]LogPlayLevel: [PIE] Compiling EpicManLevel before PIE...
[2014.11.09-08.40.53:380][704]LogPlayLevel: PIE:  Blueprint regeneration took 94 ms (2 blueprints)
[2014.11.09-08.40.53:381][704]PIE: New page: PIE session: EpicManLevel (Nov 8, 2014, 4:40:53 PM)
[2014.11.09-08.40.53:392][704]LogPlayLevel: PIE: StaticDuplicateObject took: (0.010228s)
[2014.11.09-08.40.53:392][704]LogPlayLevel: PIE: World Init took: (0.000519s)
[2014.11.09-08.40.53:392][704]LogPlayLevel: PIE: Created PIE world by copying editor world from /Game/Maps/EpicManLevel.EpicManLevel to /Game/Maps/UEDPIE_0_EpicManLevel.EpicManLevel (0.010924s)
[2014.11.09-08.40.53:435][704]LogWorld: Game class is 'MyGame_C'
[2014.11.09-08.40.53:437][704]LogAIModule: Creating AISystem for world EpicManLevel
[2014.11.09-08.40.53:443][704]LogWorld: Bringing World /Game/Maps/UEDPIE_0_EpicManLevel.EpicManLevel up for play (max tick rate 0) at 2014.11.09-00.40.53
[2014.11.09-08.40.53:445][704]LogWorld: Bringing up level for play took: 0.007583
[2014.11.09-08.40.53:626][704]PIE: Info Play in editor start time for /Game/Maps/UEDPIE_0_EpicManLevel 1.031
[2014.11.09-08.40.56:283][  1]LogParticles: Destroying 0 GPU particle simulations for FXSystem 0x00000000185F23E0
[2014.11.09-08.41.37:809][664]LogSlate:Warning: GetFontFace failed to load or process 'Roboto-Regular'
[2014.11.09-08.41.37:809][664]LogSlate:Warning: GetFontFace failed to load or process 'Roboto-Regular'
[2014.11.09-08.41.37:809][664]LogSlate:Warning: GetFontFace failed to load or process 'Roboto-Regular'
[2014.11.09-08.41.37:809][664]LogSlate:Warning: GetFontFace failed to load or process 'Roboto-Regular'
[2014.11.09-08.41.37:809][664]LogSlate:Warning: GetFontFace failed to load or process 'Roboto-Regular'
[2014.11.09-08.42.34:507][931]LogSlate:Warning: GetFontFace failed to load or process 'Roboto-Regular'
[2014.11.09-08.42.34:507][931]LogSlate:Warning: GetFontFace failed to load or process 'Roboto-Regular'
[2014.11.09-08.42.34:507][931]LogSlate:Warning: GetFontFace failed to load or process 'Roboto-Regular'
[2014.11.09-08.42.34:507][931]LogSlate:Warning: GetFontFace failed to load or process 'Roboto-Regular'
[2014.11.09-08.42.34:507][931]LogSlate:Warning: GetFontFace failed to load or process 'Roboto-Regular'
[2014.11.09-08.42.34:507][931]LogSlate:Warning: GetFontFace failed to load or process 'Roboto-Regular'
[2014.11.09-08.43.05:591][489]LogSlate:Warning: GetFontFace failed to load or process 'Roboto-Regular'
[2014.11.09-08.43.05:591][489]LogSlate:Warning: GetFontFace failed to load or process 'Roboto-Regular'
[2014.11.09-08.44.32:211][ 40]BlueprintLog: New page: Compile EpicManLevel
[2014.11.09-08.44.32:288][ 40]BlueprintEditorCompileResults: Info [2375.28] Compile of EpicManLevel successful! [in 3 ms]
[2014.11.09-08.44.33:081][ 84]BlueprintLog: New page: Pre-PIE auto-recompile
[2014.11.09-08.44.33:087][ 84]LogPlayLevel: [PIE] Compiling EpicManLevel before PIE...
[2014.11.09-08.44.33:155][ 84]LogPlayLevel: PIE:  Blueprint regeneration took 73 ms (1 blueprints)
[2014.11.09-08.44.33:155][ 84]PIE: New page: PIE session: EpicManLevel (Nov 8, 2014, 4:44:33 PM)
[2014.11.09-08.44.33:164][ 84]LogPlayLevel: PIE: StaticDuplicateObject took: (0.009637s)
[2014.11.09-08.44.33:165][ 84]LogPlayLevel: PIE: World Init took: (0.000421s)
[2014.11.09-08.44.33:165][ 84]LogPlayLevel: PIE: Created PIE world by copying editor world from /Game/Maps/EpicManLevel.EpicManLevel to /Game/Maps/UEDPIE_0_EpicManLevel.EpicManLevel (0.010244s)
[2014.11.09-08.44.33:193][ 84]LogWorld: Game class is 'MyGame_C'
[2014.11.09-08.44.33:194][ 84]LogAIModule: Creating AISystem for world EpicManLevel
[2014.11.09-08.44.33:197][ 84]LogWorld: Bringing World /Game/Maps/UEDPIE_0_EpicManLevel.EpicManLevel up for play (max tick rate 0) at 2014.11.09-00.44.33
[2014.11.09-08.44.33:197][ 84]LogWorld: Bringing up level for play took: 0.003093
[2014.11.09-08.44.33:354][ 84]PIE: Info Play in editor start time for /Game/Maps/UEDPIE_0_EpicManLevel 0.757
[2014.11.09-08.45.21:491][622]LogParticles: Destroying 0 GPU particle simulations for FXSystem 0x00000000343C16C0
[2014.11.09-08.45.23:611][786]BlueprintLog: New page: Compile EpicManLevel
[2014.11.09-08.45.23:674][786]BlueprintEditorCompileResults: Info [2426.67] Compile of EpicManLevel successful! [in 3 ms]
[2014.11.09-08.45.25:973][918]LogSavePackage: Save=319.818817ms
[2014.11.09-08.45.25:973][918]LogSavePackage: Moving '../../../../../../Users/Maurice/Documents/Unreal Projects/EpicManBP/Saved/EpicManLevel06E4F036420CB1781F450CACC45471AA.tmp' to '../../../../../../Users/Maurice/Documents/Unreal Projects/EpicManBP/Content/Maps/EpicManLevel.umap'
[2014.11.09-08.45.28:322][ 23]Cmd: QUIT_EDITOR
[2014.11.09-08.45.28:577][ 23]LogExit: Preparing to exit.
[2014.11.09-08.45.29:383][ 23]LogExit: Editor shut down
[2014.11.09-08.45.29:384][ 23]LogExit: Transaction tracking system shut down
[2014.11.09-08.45.29:384][ 23]LogParticles: Destroying 0 GPU particle simulations for FXSystem 0x000000000D091940
[2014.11.09-08.45.29:385][ 23]LogParticles: Destroying 0 GPU particle simulations for FXSystem 0x0000000021084B80
[2014.11.09-08.45.29:385][ 23]LogParticles: Destroying 0 GPU particle simulations for FXSystem 0x0000000013652B60
[2014.11.09-08.45.29:385][ 23]LogParticles: Destroying 0 GPU particle simulations for FXSystem 0x0000000013652C00
[2014.11.09-08.45.29:385][ 23]LogParticles: Destroying 0 GPU particle simulations for FXSystem 0x00000000211F0540
[2014.11.09-08.45.29:411][ 23]LogExit: Object subsystem successfully closed.
[2014.11.09-08.45.29:447][ 23]LogModuleManager: Shutting down and abandoning module SequencerWidgets (168)
[2014.11.09-08.45.29:447][ 23]LogModuleManager: Shutting down and abandoning module AndroidDeviceDetection (167)
[2014.11.09-08.45.29:447][ 23]LogModuleManager: Shutting down and abandoning module ExternalImagePicker (166)
[2014.11.09-08.45.29:447][ 23]LogModuleManager: Shutting down and abandoning module CrashTracker (165)
[2014.11.09-08.45.29:447][ 23]LogModuleManager: Shutting down and abandoning module SuperSearch (164)
[2014.11.09-08.45.29:447][ 23]LogModuleManager: Shutting down and abandoning module SceneOutliner (163)
[2014.11.09-08.45.29:447][ 23]LogModuleManager: Shutting down and abandoning module EditorWidgets (162)
[2014.11.09-08.45.29:447][ 23]LogModuleManager: Shutting down and abandoning module CollectionManager (161)
[2014.11.09-08.45.29:448][ 23]LogModuleManager: Shutting down and abandoning module StatsViewer (160)
[2014.11.09-08.45.29:448][ 23]LogModuleManager: Shutting down and abandoning module FoliageEdit (159)
[2014.11.09-08.45.29:448][ 23]LogModuleManager: Shutting down and abandoning module LandscapeEditor (158)
[2014.11.09-08.45.29:448][ 23]LogModuleManager: Shutting down and abandoning module MeshPaint (157)
[2014.11.09-08.45.29:448][ 23]LogModuleManager: Shutting down and abandoning module ActorPickerMode (156)
[2014.11.09-08.45.29:448][ 23]LogModuleManager: Shutting down and abandoning module GeometryMode (155)
[2014.11.09-08.45.29:448][ 23]LogModuleManager: Shutting down and abandoning module TextureAlignMode (154)
[2014.11.09-08.45.29:448][ 23]LogModuleManager: Shutting down and abandoning module BspMode (153)
[2014.11.09-08.45.29:448][ 23]LogModuleManager: Shutting down and abandoning module PlacementMode (152)
[2014.11.09-08.45.29:448][ 23]LogModuleManager: Shutting down and abandoning module AutomationWorker (151)
[2014.11.09-08.45.29:448][ 23]LogModuleManager: Shutting down and abandoning module CharacterAI (150)
[2014.11.09-08.45.29:448][ 23]LogModuleManager: Shutting down and abandoning module GameProjectGeneration (149)
[2014.11.09-08.45.29:448][ 23]LogModuleManager: Shutting down and abandoning module IntroTutorials (148)
[2014.11.09-08.45.29:448][ 23]LogModuleManager: Shutting down and abandoning module EditorLiveStreaming (147)
[2014.11.09-08.45.29:448][ 23]LogModuleManager: Shutting down and abandoning module HardwareTargeting (146)
[2014.11.09-08.45.29:448][ 23]LogModuleManager: Shutting down and abandoning module BehaviorTreeEditor (145)
[2014.11.09-08.45.29:448][ 23]LogModuleManager: Shutting down and abandoning module DeviceProfileEditor (144)
[2014.11.09-08.45.29:448][ 23]LogModuleManager: Shutting down and abandoning module UndoHistory (143)
[2014.11.09-08.45.29:448][ 23]LogModuleManager: Shutting down and abandoning module GameplayTagsEditor (142)
[2014.11.09-08.45.29:448][ 23]LogModuleManager: Shutting down and abandoning module UserFeedback (141)
[2014.11.09-08.45.29:448][ 23]LogModuleManager: Shutting down and abandoning module XmlParser (140)
[2014.11.09-08.45.29:448][ 23]LogModuleManager: Shutting down and abandoning module Blutility (139)
[2014.11.09-08.45.29:448][ 23]LogModuleManager: Shutting down and abandoning module IOSPlatformEditor (138)
[2014.11.09-08.45.29:448][ 23]LogModuleManager: Shutting down and abandoning module IOSRuntimeSettings (137)
[2014.11.09-08.45.29:448][ 23]LogModuleManager: Shutting down and abandoning module AndroidPlatformEditor (136)
[2014.11.09-08.45.29:448][ 23]LogModuleManager: Shutting down and abandoning module AndroidRuntimeSettings (135)
[2014.11.09-08.45.29:448][ 23]LogModuleManager: Shutting down and abandoning module ProjectTargetPlatformEditor (134)
[2014.11.09-08.45.29:448][ 23]LogModuleManager: Shutting down and abandoning module ProjectSettingsViewer (133)
[2014.11.09-08.45.29:448][ 23]LogModuleManager: Shutting down and abandoning module InputBindingEditor (132)
[2014.11.09-08.45.29:448][ 23]LogModuleManager: Shutting down and abandoning module EditorSettingsViewer (131)
[2014.11.09-08.45.29:448][ 23]LogModuleManager: Shutting down and abandoning module SettingsEditor (130)
[2014.11.09-08.45.29:448][ 23]LogModuleManager: Shutting down and abandoning module ProjectLauncher (129)
[2014.11.09-08.45.29:448][ 23]LogModuleManager: Shutting down and abandoning module SessionFrontend (128)
[2014.11.09-08.45.29:448][ 23]LogModuleManager: Shutting down and abandoning module ProfilerClient (127)
[2014.11.09-08.45.29:448][ 23]LogModuleManager: Shutting down and abandoning module TargetDeviceServices (126)
[2014.11.09-08.45.29:448][ 23]LogModuleManager: Shutting down and abandoning module DeviceManager (125)
[2014.11.09-08.45.29:448][ 23]LogModuleManager: Shutting down and abandoning module AutomationController (124)
[2014.11.09-08.45.29:448][ 23]LogModuleManager: Shutting down and abandoning module AutomationWindow (123)
[2014.11.09-08.45.29:448][ 23]LogModuleManager: Shutting down and abandoning module Layers (122)
[2014.11.09-08.45.29:448][ 23]LogModuleManager: Shutting down and abandoning module ComponentVisualizers (121)
[2014.11.09-08.45.29:448][ 23]LogModuleManager: Shutting down and abandoning module DetailCustomizations (120)
[2014.11.09-08.45.29:449][ 23]LogModuleManager: Shutting down and abandoning module PackagesDialog (119)
[2014.11.09-08.45.29:449][ 23]LogModuleManager: Shutting down and abandoning module AssetRegistry (118)
[2014.11.09-08.45.29:535][ 23]LogModuleManager: Shutting down and abandoning module Persona (117)
[2014.11.09-08.45.29:535][ 23]LogModuleManager: Shutting down and abandoning module Kismet (116)
[2014.11.09-08.45.29:535][ 23]LogModuleManager: Shutting down and abandoning module GraphEditor (115)
[2014.11.09-08.45.29:535][ 23]LogModuleManager: Shutting down and abandoning module ClassViewer (114)
[2014.11.09-08.45.29:535][ 23]LogModuleManager: Shutting down and abandoning module Toolbox (113)
[2014.11.09-08.45.29:535][ 23]LogModuleManager: Shutting down and abandoning module ModuleUI (112)
[2014.11.09-08.45.29:535][ 23]LogModuleManager: Shutting down and abandoning module MovieSceneTools (111)
[2014.11.09-08.45.29:535][ 23]LogModuleManager: Shutting down and abandoning module OutputLog (110)
[2014.11.09-08.45.29:535][ 23]LogModuleManager: Shutting down and abandoning module GammaUI (109)
[2014.11.09-08.45.29:535][ 23]LogModuleManager: Shutting down and abandoning module Documentation (108)
[2014.11.09-08.45.29:535][ 23]LogModuleManager: Shutting down and abandoning module GameLiveStreaming (107)
[2014.11.09-08.45.29:535][ 23]LogModuleManager: Shutting down and abandoning module StreamingPauseRendering (106)
[2014.11.09-08.45.29:535][ 23]LogModuleManager: Shutting down and abandoning module HTTP (105)
[2014.11.09-08.45.29:535][ 23]LogModuleManager: Shutting down and abandoning module AnalyticsET (104)
[2014.11.09-08.45.29:535][ 23]LogModuleManager: Shutting down and abandoning module Analytics (103)
[2014.11.09-08.45.29:535][ 23]LogModuleManager: Shutting down and abandoning module GameplayDebugger (102)
[2014.11.09-08.45.29:535][ 23]LogModuleManager: Shutting down and abandoning module AIModule (101)
[2014.11.09-08.45.29:535][ 23]LogModuleManager: Shutting down and abandoning module ProfilerService (100)
[2014.11.09-08.45.29:603][ 23]LogModuleManager: Shutting down and abandoning module TaskGraph (99)
[2014.11.09-08.45.29:603][ 23]LogModuleManager: Shutting down and abandoning module SlateRemote (98)
[2014.11.09-08.45.29:603][ 23]LogModuleManager: Shutting down and abandoning module ScriptEditorPlugin (97)
[2014.11.09-08.45.29:603][ 23]LogModuleManager: Shutting down and abandoning module CustomMeshComponent (96)
[2014.11.09-08.45.29:603][ 23]LogModuleManager: Shutting down and abandoning module CableComponent (95)
[2014.11.09-08.45.29:603][ 23]LogModuleManager: Shutting down and abandoning module MessagingDebugger (94)
[2014.11.09-08.45.29:603][ 23]LogModuleManager: Shutting down and abandoning module MediaPlayerEditor (93)
[2014.11.09-08.45.29:603][ 23]LogModuleManager: Shutting down and abandoning module SpeedTreeImporter (92)
[2014.11.09-08.45.29:603][ 23]LogModuleManager: Shutting down and abandoning module PluginsEditor (91)
[2014.11.09-08.45.29:603][ 23]LogModuleManager: Shutting down and abandoning module EpicSurvey (90)
[2014.11.09-08.45.29:603][ 23]LogModuleManager: Shutting down and abandoning module DesktopPlatform (89)
[2014.11.09-08.45.29:603][ 23]LogModuleManager: Shutting down and abandoning module VisualStudioSourceCodeAccess (88)
[2014.11.09-08.45.29:603][ 23]LogModuleManager: Shutting down and abandoning module UObjectPlugin (87)
[2014.11.09-08.45.29:603][ 23]LogModuleManager: Shutting down and abandoning module SubversionSourceControl (86)
[2014.11.09-08.45.29:603][ 23]LogModuleManager: Shutting down and abandoning module SourceControl (85)
[2014.11.09-08.45.29:603][ 23]LogModuleManager: Shutting down and abandoning module PerforceSourceControl (84)
[2014.11.09-08.45.29:603][ 23]LogModuleManager: Shutting down and abandoning module BlankPlugin (83)
[2014.11.09-08.45.29:603][ 23]LogModuleManager: Shutting down and abandoning module SlateReflector (82)
[2014.11.09-08.45.29:603][ 23]LogModuleManager: Shutting down and abandoning module DirectoryWatcher (81)
[2014.11.09-08.45.29:604][ 23]LogModuleManager: Shutting down and abandoning module HotReload (80)
[2014.11.09-08.45.29:604][ 23]LogModuleManager: Shutting down and abandoning module MainFrame (79)
[2014.11.09-08.45.29:604][ 23]LogModuleManager: Shutting down and abandoning module LevelEditor (78)
[2014.11.09-08.45.29:605][ 23]LogModuleManager: Shutting down and abandoning module ViewportSnapping (77)
[2014.11.09-08.45.29:605][ 23]LogModuleManager: Shutting down and abandoning module SmartSnapping (76)
[2014.11.09-08.45.29:605][ 23]LogModuleManager: Shutting down and abandoning module PaperTiledImporter (75)
[2014.11.09-08.45.29:605][ 23]LogModuleManager: Shutting down and abandoning module PaperJsonImporter (74)
[2014.11.09-08.45.29:605][ 23]LogModuleManager: Shutting down and abandoning module ContentBrowser (73)
[2014.11.09-08.45.29:605][ 23]LogModuleManager: Shutting down and abandoning module PropertyEditor (72)
[2014.11.09-08.45.29:605][ 23]LogModuleManager: Shutting down and abandoning module Paper2DEditor (71)
[2014.11.09-08.45.29:606][ 23]LogModuleManager: Shutting down and abandoning module ScriptPlugin (70)
[2014.11.09-08.45.29:606][ 23]LogModuleManager: Shutting down and abandoning module UdpMessaging (69)
[2014.11.09-08.45.29:706][ 23]LogModuleManager: Shutting down and abandoning module Paper2D (68)
[2014.11.09-08.45.29:706][ 23]LogModuleManager: Shutting down and abandoning module WindowsMoviePlayer (67)
[2014.11.09-08.45.29:713][ 23]LogModuleManager: Shutting down and abandoning module Media (66)
[2014.11.09-08.45.29:714][ 23]LogModuleManager: Shutting down and abandoning module WmfMedia (65)
[2014.11.09-08.45.29:714][ 23]LogModuleManager: Shutting down and abandoning module OnlineBlueprintSupport (64)
[2014.11.09-08.45.29:714][ 23]LogModuleManager: Shutting down and abandoning module FunctionalTesting (63)
[2014.11.09-08.45.29:714][ 23]LogModuleManager: Shutting down and abandoning module CollisionAnalyzer (62)
[2014.11.09-08.45.29:714][ 23]LogModuleManager: Shutting down and abandoning module WorkspaceMenuStructure (61)
[2014.11.09-08.45.29:715][ 23]LogModuleManager: Shutting down and abandoning module MessageLog (60)
[2014.11.09-08.45.29:715][ 23]LogModuleManager: Shutting down and abandoning module Sequencer (59)
[2014.11.09-08.45.29:715][ 23]LogModuleManager: Shutting down and abandoning module AssetTools (58)
[2014.11.09-08.45.29:715][ 23]LogModuleManager: Shutting down and abandoning module UMGEditor (57)
[2014.11.09-08.45.29:715][ 23]LogModuleManager: Shutting down and abandoning module UMG (56)
[2014.11.09-08.45.29:715][ 23]LogModuleManager: Shutting down and abandoning module Slate (55)
[2014.11.09-08.45.29:715][ 23]LogModuleManager: Shutting down and abandoning module EditorStyle (54)
[2014.11.09-08.45.29:720][ 23]LogModuleManager: Shutting down and abandoning module SessionServices (53)
[2014.11.09-08.45.29:720][ 23]LogModuleManager: Shutting down and abandoning module SourceCodeAccess (52)
[2014.11.09-08.45.29:720][ 23]LogModuleManager: Shutting down and abandoning module HeadMountedDisplay (51)
[2014.11.09-08.45.29:720][ 23]LogModuleManager: Shutting down and abandoning module XAudio2 (50)
[2014.11.09-08.45.29:720][ 23]LogModuleManager: Shutting down and abandoning module Networking (48)
[2014.11.09-08.45.29:720][ 23]LogModuleManager: Shutting down and abandoning module Core (47)
[2014.11.09-08.45.29:720][ 23]LogModuleManager: Shutting down and abandoning module KismetCompiler (46)
[2014.11.09-08.45.29:720][ 23]LogModuleManager: Shutting down and abandoning module PhysXFormats (45)
[2014.11.09-08.45.29:720][ 23]LogModuleManager: Shutting down and abandoning module MeshUtilities (44)
[2014.11.09-08.45.29:720][ 23]LogModuleManager: Shutting down and abandoning module DerivedDataCache (43)
[2014.11.09-08.45.29:773][ 23]LogDerivedDataCache: Shutdown
[2014.11.09-08.45.29:773][ 23]LogModuleManager: Shutting down and abandoning module ShaderFormatOpenGL (42)
[2014.11.09-08.45.29:773][ 23]LogModuleManager: Shutting down and abandoning module ShaderFormatD3D (41)
[2014.11.09-08.45.29:773][ 23]LogModuleManager: Shutting down and abandoning module MetalShaderFormat (40)
[2014.11.09-08.45.29:773][ 23]LogModuleManager: Shutting down and abandoning module TextureFormatUncompressed (39)
[2014.11.09-08.45.29:773][ 23]LogModuleManager: Shutting down and abandoning module TextureFormatPVR (38)
[2014.11.09-08.45.29:773][ 23]LogModuleManager: Shutting down and abandoning module TextureFormatDXT (37)
[2014.11.09-08.45.29:773][ 23]LogModuleManager: Shutting down and abandoning module TextureFormatAndroid (36)
[2014.11.09-08.45.29:773][ 23]LogModuleManager: Shutting down and abandoning module AudioFormatOpus (35)
[2014.11.09-08.45.29:773][ 23]LogModuleManager: Shutting down and abandoning module AudioFormatOgg (34)
[2014.11.09-08.45.29:773][ 23]LogModuleManager: Shutting down and abandoning module AudioFormatADPCM (33)
[2014.11.09-08.45.29:773][ 23]LogModuleManager: Shutting down and abandoning module Messaging (32)
[2014.11.09-08.45.29:773][ 23]LogModuleManager: Shutting down and abandoning module IOSTargetPlatform (31)
[2014.11.09-08.45.29:773][ 23]LogModuleManager: Shutting down and abandoning module Android_PVRTCTargetPlatform (30)
[2014.11.09-08.45.29:774][ 23]LogModuleManager: Shutting down and abandoning module Android_ETC2TargetPlatform (29)
[2014.11.09-08.45.29:774][ 23]LogModuleManager: Shutting down and abandoning module Android_ETC1TargetPlatform (28)
[2014.11.09-08.45.29:774][ 23]LogModuleManager: Shutting down and abandoning module Android_DXTTargetPlatform (27)
[2014.11.09-08.45.29:774][ 23]LogModuleManager: Shutting down and abandoning module Android_ATCTargetPlatform (26)
[2014.11.09-08.45.29:774][ 23]LogModuleManager: Shutting down and abandoning module AndroidTargetPlatform (25)
[2014.11.09-08.45.29:774][ 23]LogModuleManager: Shutting down and abandoning module WindowsTargetPlatform (24)
[2014.11.09-08.45.29:774][ 23]LogModuleManager: Shutting down and abandoning module WindowsServerTargetPlatform (23)
[2014.11.09-08.45.29:774][ 23]LogModuleManager: Shutting down and abandoning module WindowsNoEditorTargetPlatform (22)
[2014.11.09-08.45.29:774][ 23]LogModuleManager: Shutting down and abandoning module WindowsClientTargetPlatform (21)
[2014.11.09-08.45.29:774][ 23]LogModuleManager: Shutting down and abandoning module TargetPlatform (20)
[2014.11.09-08.45.29:774][ 23]LogModuleManager: Shutting down and abandoning module InputCore (19)
[2014.11.09-08.45.29:774][ 23]LogModuleManager: Shutting down and abandoning module Settings (18)
[2014.11.09-08.45.29:774][ 23]LogModuleManager: Shutting down and abandoning module ImageWrapper (17)
[2014.11.09-08.45.29:774][ 23]LogModuleManager: Shutting down and abandoning module OculusRift (14)
[2014.11.09-08.45.29:774][ 23]LogModuleManager: Shutting down and abandoning module ExampleDeviceProfileSelector (13)
[2014.11.09-08.45.29:774][ 23]LogModuleManager: Shutting down and abandoning module TextureCompressor (12)
[2014.11.09-08.45.29:774][ 23]LogModuleManager: Shutting down and abandoning module ShaderCore (11)
[2014.11.09-08.45.29:774][ 23]LogModuleManager: Shutting down and abandoning module SlateRHIRenderer (10)
[2014.11.09-08.45.29:777][ 23]LogModuleManager: Shutting down and abandoning module OpenGLDrv (9)
[2014.11.09-08.45.29:777][ 23]LogModuleManager: Shutting down and abandoning module D3D11RHI (8)
[2014.11.09-08.45.29:777][ 23]LogModuleManager: Shutting down and abandoning module Renderer (7)
[2014.11.09-08.45.29:777][ 23]LogModuleManager: Shutting down and abandoning module Engine (6)
[2014.11.09-08.45.29:777][ 23]LogModuleManager: Shutting down and abandoning module CoreUObject (5)
[2014.11.09-08.45.29:777][ 23]LogModuleManager: Shutting down and abandoning module NetworkFile (4)
[2014.11.09-08.45.29:777][ 23]LogModuleManager: Shutting down and abandoning module StreamingFile (3)
[2014.11.09-08.45.29:777][ 23]LogModuleManager: Shutting down and abandoning module SandboxFile (2)
[2014.11.09-08.45.29:777][ 23]LogModuleManager: Shutting down and abandoning module PakFile (1)
[2014.11.09-08.45.29:778][ 23]LogExit: Exiting.
[2014.11.09-08.45.29:790][ 23]Log file closed, 11/09/14 00:45:29
