Log file open, 12/12/14 04:06:40
LogInit:Display: Running engine for game: EpicManBP
LogInit: Version: 4.5.1-2336687+++depot+UE4-Releases+4.5
LogInit: API Version: 2326478
LogInit: Compiled (64-bit): Oct 21 2014 22:32:40
LogInit: Compiled with Visual C++: 18.00.21005.01
LogInit: Build Configuration: Development
LogInit: Branch Name: ++depot+UE4-Releases+4.5
LogInit: Command line:  
LogInit: Base directory: C:/Program Files/Unreal Engine/4.5/Engine/Binaries/Win64/
LogInit: Rocket: 1
[2014.12.12-12.06.40:499][  0]LogTaskGraph: Started task graph with 3 named threads and 4 total threads.
[2014.12.12-12.06.40:528][  0]LogOnline:Warning: No default platform service specified for OnlineSubsystem
[2014.12.12-12.06.40:567][  0]LogInit: Presizing for 0 objects not considered by GC, pre-allocating 0 bytes.
[2014.12.12-12.06.40:574][  0]LogInit: Object subsystem initialized
[2014.12.12-12.06.40:576][  0]LogConsoleResponse:Warning: Skipping Unknown console variable: 'UIScaleRule = ShortestSide'
[2014.12.12-12.06.40:576][  0]LogConsoleResponse:Warning:   Found in ini file 'C:/Users/Maurice/Documents/Unreal Projects/EpicManBP/Saved/Config/Windows/Engine.ini', in section '[/Script/Engine.RendererSettings]'
[2014.12.12-12.06.40:576][  0]LogConsoleResponse:Warning: Skipping Unknown console variable: 'UIScaleCurve = (EditorCurveData=(Keys=((Time=480.000000,Value=0.444000),(Time=720.000000,Value=0.666000),(Time=1080.000000,Value=1.000000),(Time=8640.000000,Value=8.000000))),ExternalCurve=None)'
[2014.12.12-12.06.40:576][  0]LogConsoleResponse:Warning:   Found in ini file 'C:/Users/Maurice/Documents/Unreal Projects/EpicManBP/Saved/Config/Windows/Engine.ini', in section '[/Script/Engine.RendererSettings]'
[2014.12.12-12.06.40:577][  0]LogInit: Selected Device Profile: [Windows]
[2014.12.12-12.06.40:577][  0]LogInit: Applying CVar settings loaded from the selected device profile: [Windows]
[2014.12.12-12.06.40:585][  0]LogInit: Computer: XPS3
[2014.12.12-12.06.40:585][  0]LogInit: User: Maurice
[2014.12.12-12.06.40:585][  0]LogInit: CPU Page size=4096, Cores=4
[2014.12.12-12.06.40:585][  0]LogInit: High frequency timer resolution =3.312705 MHz
[2014.12.12-12.06.40:585][  0]LogMemory: Memory total: Physical=24.0GB (24GB approx) Virtual=8192.0GB
[2014.12.12-12.06.40:585][  0]LogMemory: Platform Memory Stats for Windows
[2014.12.12-12.06.40:585][  0]LogMemory: Process Physical Memory: 76.07 MB used, 76.07 MB peak
[2014.12.12-12.06.40:585][  0]LogMemory: Process Virtual Memory: 51.39 MB used, 51.39 MB peak
[2014.12.12-12.06.40:585][  0]LogMemory: Physical Memory: 5372.70 MB used, 24527.21 MB total
[2014.12.12-12.06.40:585][  0]LogMemory: Virtual Memory: 284.41 MB used, 8388608.00 MB total
[2014.12.12-12.06.40:618][  0]LogD3D11RHI: Found D3D11 adapter 0: NVIDIA GeForce GTX 660 (Feature Level 11_0)
[2014.12.12-12.06.40:618][  0]LogD3D11RHI: Adapter has 1484MB of dedicated video memory, 0MB of dedicated system memory, and 2560MB of shared system memory, 2 output[s]
[2014.12.12-12.06.40:618][  0]LogD3D11RHI: Chosen D3D11 Adapter Id = 0
[2014.12.12-12.06.40:620][  0]LogRHI: Texture pool is 1039 MB (70% of 1484 MB)
[2014.12.12-12.06.40:626][  0]LogD3D11RHI: Async texture creation enabled
[2014.12.12-12.06.40:749][  0]LogTextLocalizationManager: The requested culture ('en_US') has no localization data; parent culture's ('en') localization data will be used.
[2014.12.12-12.06.40:869][  0]LogContentStreaming: Texture pool size is 0.000000MB
[2014.12.12-12.06.44:990][  0]LogTargetPlatformManager:Display: Building Assets For Windows
[2014.12.12-12.06.45:374][  0]LogTargetPlatformManager:Display: Building Assets For Windows
[2014.12.12-12.06.45:416][  0]LogDerivedDataCache:Display: Max Cache Size: 512 MB
[2014.12.12-12.06.45:447][  0]LogDerivedDataCache: Loaded boot cache 0.03s 39MB C:/Users/Maurice/AppData/Local/UnrealEngine/4.5/DerivedDataCache/Boot.ddc.
[2014.12.12-12.06.45:447][  0]LogDerivedDataCache:Display: Loaded Boot cache: C:/Users/Maurice/AppData/Local/UnrealEngine/4.5/DerivedDataCache/Boot.ddc
[2014.12.12-12.06.45:447][  0]LogDerivedDataCache: FDerivedDataBackendGraph:  Pak pak cache file ../../../../../../Users/Maurice/Documents/Unreal Projects/EpicManBP/DerivedDataCache/DDC.ddp not found, will not use a pak cache.
[2014.12.12-12.06.45:447][  0]LogDerivedDataCache: Unable to find inner node Pak for hierarchical cache Hierarchy.
[2014.12.12-12.06.45:498][  0]LogDerivedDataCache:Display: Pak cache opened for reading ../../../Engine/DerivedDataCache/DDC.ddp.
[2014.12.12-12.06.45:509][  0]LogDerivedDataCache: Using Local data cache path C:/Users/Maurice/AppData/Local/UnrealEngine/Common/DerivedDataCache: Writable
[2014.12.12-12.06.46:658][  0]LogMeshUtilities: No automatic mesh reduction module available
[2014.12.12-12.06.46:658][  0]LogMeshUtilities: No automatic mesh merging module available
[2014.12.12-12.06.46:896][  0]LogLinker:Warning: Asset '../../../Engine/Content/Functions/Engine_MaterialFunctions02/Texturing/FlipBook.uasset' has been saved with empty engine version. The asset will be loaded but may be incompatible.
[2014.12.12-12.06.46:902][  0]LogLinker:Warning: Asset '../../../Engine/Content/Functions/Engine_MaterialFunctions02/ExampleContent/Textures/flipbook.uasset' has been saved with empty engine version. The asset will be loaded but may be incompatible.
[2014.12.12-12.06.47:139][  0]LogInit: WinSock: version 1.1 (2.2), MaxSocks=32767, MaxUdp=65467
[2014.12.12-12.06.48:083][  0]UdpMessaging: Initializing bridge on interface 0.0.0.0:0 to multicast group 230.0.0.1:6666.
[2014.12.12-12.06.48:213][  0]LogDirectoryWatcher:Warning: Failed to begin reading directory changes for C:/Users/Maurice/Documents/Unreal Projects/EpicManBP/Binaries/Win64. Error: 0
[2014.12.12-12.06.48:347][  0]SourceControl: Info Source control is disabled
[2014.12.12-12.06.48:347][  0]SourceControl: Info Source control is disabled
[2014.12.12-12.06.48:351][  0]SourceControl: Info Source control is disabled
[2014.12.12-12.06.48:435][  0]LogObj: 22915 objects as part of root set at end of initial load.
[2014.12.12-12.06.48:435][  0]LogUObjectAllocator: 4803536 out of 0 bytes used by permanent object pool.
[2014.12.12-12.06.48:479][  0]LogEngine: Initializing Engine...
[2014.12.12-12.06.48:624][  0]LogInit: XAudio2 using 'Speakers (High Definition Audio Device)' : 2 channels at 44.1 kHz using 16 bits per sample (channel mask 0x3)
[2014.12.12-12.06.48:629][  0]LogInit: FAudioDevice initialized.
[2014.12.12-12.06.48:643][  0]LogAIModule: Creating AISystem for world NewWorld
[2014.12.12-12.06.48:663][  0]LogDerivedDataCache: Saved boot cache 0.02s 39MB C:/Users/Maurice/AppData/Local/UnrealEngine/4.5/DerivedDataCache/Boot.ddc.
[2014.12.12-12.06.48:666][  0]LogInit: Texture streaming: Enabled
[2014.12.12-12.06.48:695][  0]LogInit: Transaction tracking system initialized
[2014.12.12-12.06.48:754][  0]BlueprintLog: New page: Editor Load
[2014.12.12-12.06.48:776][  0]LogAssetRegistry: FAssetRegistry took 0.0096 seconds to start up
[2014.12.12-12.06.48:776][  0]LogDirectoryWatcher:Warning: Failed to begin reading directory changes for ../../../Engine/Plugins/Experimental/CharacterAI/Content/. Error: 0
[2014.12.12-12.06.49:097][  0]LogTargetPlatformManager:Display: Building Assets For Windows
[2014.12.12-12.06.49:353][  0]LogTargetPlatformManager:Display: Building Assets For Windows
[2014.12.12-12.06.49:504][  0]LogConsoleResponse:Display: 
[2014.12.12-12.06.49:699][  0]SourceControl: Info Source control is disabled
[2014.12.12-12.06.49:699][  0]Cmd: MAP LOAD FILE="../../../../../../Users/Maurice/Documents/Unreal Projects/EpicManBP/Content/Maps/EpicManLevel.umap" TEMPLATE=0 SHOWPROGRESS=1
[2014.12.12-12.06.49:700][  0]LightingResults: New page: Lighting Build
[2014.12.12-12.06.49:706][  0]MapCheck: New page: Map Check
[2014.12.12-12.06.49:706][  0]LightingResults: New page: Lighting Build
[2014.12.12-12.06.49:718][  0]LogParticles: Destroying 0 GPU particle simulations for FXSystem 0x0000000017099A80
[2014.12.12-12.06.50:978][  0]LogEditorServer: Finished looking for orphan Actors (0.000 secs)
[2014.12.12-12.06.50:979][  0]LogAIModule: Creating AISystem for world EpicManLevel
[2014.12.12-12.06.50:979][  0]Cmd: MAP CHECKDEP
[2014.12.12-12.06.50:980][  0]MapCheck: New page: EpicManLevel - Dec 11, 2014, 8:06:50 PM
[2014.12.12-12.06.51:061][  0]MapCheck: Info Map check complete: 0 Error(s), 0 Warning(s), took 81.559ms to complete.
[2014.12.12-12.06.51:061][  0]LogFileHelpers: Loading map 'EpicManLevel' took 1.362
[2014.12.12-12.06.51:198][  0]LogCrashTracker: Crashtracker disabled due to settings.
[2014.12.12-12.06.51:208][  0]LogCollectionManager: Loaded 0 collections in 0.000682 seconds
[2014.12.12-12.06.51:413][  0]LogUObjectGlobals:Warning: Failed to find object 'Class None.'
[2014.12.12-12.06.51:436][  0]LogLoad: Full Startup: 13.74 seconds (BP compile: 0.54 seconds)
[2014.12.12-12.06.51:790][  0]LogContentBrowser:Verbose: The content browser source was changed by the sources view to '/Game/Blueprints'
[2014.12.12-12.06.51:918][  0]LogRenderer:Warning: Reallocating scene render targets to support 1224x912.
[2014.12.12-12.06.53:188][  4]LogAssetRegistry: Asset discovery search completed in 4.4218 seconds
[2014.12.12-12.37.48:972][252]BlueprintLog: New page: Pre-PIE auto-recompile
[2014.12.12-12.37.48:972][252]LogPlayLevel: [PIE] Compiling EpicManLevel before PIE...
[2014.12.12-12.37.49:208][252]LogActorComponent: UnregisterComponent: (/Engine/Transient.CharacterMovementComponent_0) Not registered. Aborting.
[2014.12.12-12.37.49:208][252]LogActorComponent: UnregisterComponent: (/Engine/Transient.CharacterMovementComponent_1) Not registered. Aborting.
[2014.12.12-12.37.49:208][252]LogActorComponent: UnregisterComponent: (/Engine/Transient.CharacterMovementComponent_2) Not registered. Aborting.
[2014.12.12-12.37.49:208][252]LogActorComponent: UnregisterComponent: (/Engine/Transient.CharacterMovementComponent_3) Not registered. Aborting.
[2014.12.12-12.37.49:208][252]LogActorComponent: UnregisterComponent: (/Engine/Transient.CharacterMovementComponent_4) Not registered. Aborting.
[2014.12.12-12.37.49:268][252]LogPlayLevel: PIE:  Blueprint regeneration took 295 ms (1 blueprints)
[2014.12.12-12.37.49:268][252]PIE: New page: PIE session: EpicManLevel (Dec 11, 2014, 8:37:49 PM)
[2014.12.12-12.37.49:279][252]LogPlayLevel: PIE: StaticDuplicateObject took: (0.011431s)
[2014.12.12-12.37.49:280][252]LogPlayLevel: PIE: World Init took: (0.000454s)
[2014.12.12-12.37.49:280][252]LogPlayLevel: PIE: Created PIE world by copying editor world from /Game/Maps/EpicManLevel.EpicManLevel to /Game/Maps/UEDPIE_0_EpicManLevel.EpicManLevel (0.012077s)
[2014.12.12-12.37.49:322][252]LogWorld: Game class is 'MyGame_C'
[2014.12.12-12.37.49:323][252]LogAIModule: Creating AISystem for world EpicManLevel
[2014.12.12-12.37.49:326][252]LogWorld: Bringing World /Game/Maps/UEDPIE_0_EpicManLevel.EpicManLevel up for play (max tick rate 0) at 2014.12.12-04.37.49
[2014.12.12-12.37.49:327][252]LogWorld: Bringing up level for play took: 0.003907
[2014.12.12-12.37.49:852][252]PIE: Info Play in editor start time for /Game/Maps/UEDPIE_0_EpicManLevel 0.352
[2014.12.12-12.37.53:766][538]LogParticles: Destroying 0 GPU particle simulations for FXSystem 0x0000000016FEB740
[2014.12.12-12.37.55:114][653]BlueprintLog: New page: Pre-PIE auto-recompile
[2014.12.12-12.37.55:114][653]LogPlayLevel: [PIE] Compiling EpicManLevel before PIE...
[2014.12.12-12.37.55:193][653]LogPlayLevel: PIE:  Blueprint regeneration took 79 ms (1 blueprints)
[2014.12.12-12.37.55:193][653]PIE: New page: PIE session: EpicManLevel (Dec 11, 2014, 8:37:55 PM)
[2014.12.12-12.37.55:210][653]LogPlayLevel: PIE: StaticDuplicateObject took: (0.016960s)
[2014.12.12-12.37.55:211][653]LogPlayLevel: PIE: World Init took: (0.000499s)
[2014.12.12-12.37.55:211][653]LogPlayLevel: PIE: Created PIE world by copying editor world from /Game/Maps/EpicManLevel.EpicManLevel to /Game/Maps/UEDPIE_0_EpicManLevel.EpicManLevel (0.017698s)
[2014.12.12-12.37.55:235][653]LogWorld: Game class is 'MyGame_C'
[2014.12.12-12.37.55:236][653]LogAIModule: Creating AISystem for world EpicManLevel
[2014.12.12-12.37.55:241][653]LogWorld: Bringing World /Game/Maps/UEDPIE_0_EpicManLevel.EpicManLevel up for play (max tick rate 0) at 2014.12.12-04.37.55
[2014.12.12-12.37.55:242][653]LogWorld: Bringing up level for play took: 0.006081
[2014.12.12-12.37.55:822][653]PIE: Info Play in editor start time for /Game/Maps/UEDPIE_0_EpicManLevel 0.322
[2014.12.12-12.39.39:597][841]LogPackageName: SearchForPackageOnDisk took   0.038s to resolve EpicManLevel.umap
[2014.12.12-12.39.39:641][842]LogPackageName: SearchForPackageOnDisk took   0.037s to resolve EpicManLevel.umap
[2014.12.12-12.39.39:641][842]LogNet: Browse: /Game/Maps/EpicManLevel
[2014.12.12-12.39.39:641][842]LogLoad: LoadMap: /Game/Maps/EpicManLevel
[2014.12.12-12.39.39:671][842]LogParticles: Destroying 0 GPU particle simulations for FXSystem 0x0000000016FE8B80
[2014.12.12-12.39.39:671][842]Cmd: MEM
[2014.12.12-12.39.39:689][842]LogMemory: Platform Memory Stats for Windows
[2014.12.12-12.39.39:689][842]LogMemory: Process Physical Memory: 659.09 MB used, 732.15 MB peak
[2014.12.12-12.39.39:689][842]LogMemory: Process Virtual Memory: 577.27 MB used, 651.13 MB peak
[2014.12.12-12.39.39:689][842]LogMemory: Physical Memory: 6272.20 MB used, 24527.21 MB total
[2014.12.12-12.39.39:689][842]LogMemory: Virtual Memory: 1106.51 MB used, 8388608.00 MB total
[2014.12.12-12.39.39:690][842]LogMemory: 
[2014.12.12-12.39.39:690][842]Allocator Stats for TBB: (not implemented)
[2014.12.12-12.39.39:700][842]LogPlayLevel: PIE: StaticDuplicateObject took: (0.009978s)
[2014.12.12-12.39.39:700][842]LogPlayLevel: PIE: World Init took: (0.000402s)
[2014.12.12-12.39.39:700][842]LogPlayLevel: PIE: Created PIE world by copying editor world from /Game/Maps/EpicManLevel.EpicManLevel to /Game/Maps/UEDPIE_0_EpicManLevel.EpicManLevel (0.010543s)
[2014.12.12-12.39.39:700][842]LogWorld: Game class is 'MyGame_C'
[2014.12.12-12.39.39:701][842]LogAIModule: Creating AISystem for world EpicManLevel
[2014.12.12-12.39.39:705][842]LogWorld: Bringing World /Game/Maps/UEDPIE_0_EpicManLevel.EpicManLevel up for play (max tick rate 0) at 2014.12.12-04.39.39
[2014.12.12-12.39.39:705][842]LogWorld: Bringing up level for play took: 0.004092
[2014.12.12-12.40.08:135][171]LogPackageName: SearchForPackageOnDisk took   0.043s to resolve RetryScreen.umap
[2014.12.12-12.40.08:182][172]LogPackageName: SearchForPackageOnDisk took   0.041s to resolve RetryScreen.umap
[2014.12.12-12.40.08:182][172]LogNet: Browse: /Game/Maps/RetryScreen
[2014.12.12-12.40.08:182][172]LogLoad: LoadMap: /Game/Maps/RetryScreen
[2014.12.12-12.40.08:249][172]LogParticles: Destroying 0 GPU particle simulations for FXSystem 0x0000000019435BC0
[2014.12.12-12.40.08:250][172]Cmd: MEM
[2014.12.12-12.40.08:270][172]LogMemory: Platform Memory Stats for Windows
[2014.12.12-12.40.08:270][172]LogMemory: Process Physical Memory: 661.60 MB used, 732.15 MB peak
[2014.12.12-12.40.08:270][172]LogMemory: Process Virtual Memory: 581.50 MB used, 651.13 MB peak
[2014.12.12-12.40.08:270][172]LogMemory: Physical Memory: 6279.54 MB used, 24527.21 MB total
[2014.12.12-12.40.08:270][172]LogMemory: Virtual Memory: 1118.39 MB used, 8388608.00 MB total
[2014.12.12-12.40.08:270][172]LogMemory: 
[2014.12.12-12.40.08:270][172]Allocator Stats for TBB: (not implemented)
[2014.12.12-12.40.08:379][172]LogWorld: Game class is 'MyGame_C'
[2014.12.12-12.40.08:381][172]LogAIModule: Creating AISystem for world RetryScreen
[2014.12.12-12.40.08:381][172]LogWorld: Bringing World /Game/Maps/UEDPIE_0_RetryScreen.RetryScreen up for play (max tick rate 0) at 2014.12.12-04.40.08
[2014.12.12-12.40.08:381][172]LogWorld: Bringing up level for play took: 0.000381
[2014.12.12-12.40.08:381][172]LogGameMode: Warning - PATHS NOT DEFINED or NO PLAYERSTART with positive rating
[2014.12.12-12.40.08:951][233]LogParticles: Destroying 0 GPU particle simulations for FXSystem 0x0000000016FEB060
[2014.12.12-18.04.53:362][100]LogEditorViewport: Clicking on Actor (LMB): StaticMeshActor (Outer_Walls)
[2014.12.12-18.05.09:542][878]LogContentBrowser:Verbose: The content browser source was changed by the sources view to '/Game/Blueprints/Pickups'
[2014.12.12-18.08.40:014][678]BlueprintLog: New page: Pre-PIE auto-recompile
[2014.12.12-18.08.40:014][678]LogPlayLevel: [PIE] Compiling EpicManLevel before PIE...
[2014.12.12-18.08.40:064][678]LogActorComponent: UnregisterComponent: (/Engine/Transient.CharacterMovementComponent_5) Not registered. Aborting.
[2014.12.12-18.08.40:084][678]LogPlayLevel: PIE:  Blueprint regeneration took 69 ms (1 blueprints)
[2014.12.12-18.08.40:084][678]PIE: New page: PIE session: EpicManLevel (Dec 12, 2014, 2:08:40 AM)
[2014.12.12-18.08.40:095][678]LogPlayLevel: PIE: StaticDuplicateObject took: (0.010520s)
[2014.12.12-18.08.40:095][678]LogPlayLevel: PIE: World Init took: (0.000524s)
[2014.12.12-18.08.40:096][678]LogPlayLevel: PIE: Created PIE world by copying editor world from /Game/Maps/EpicManLevel.EpicManLevel to /Game/Maps/UEDPIE_0_EpicManLevel.EpicManLevel (0.011259s)
[2014.12.12-18.08.40:122][678]LogWorld: Game class is 'MyGame_C'
[2014.12.12-18.08.40:124][678]LogAIModule: Creating AISystem for world EpicManLevel
[2014.12.12-18.08.40:127][678]LogWorld: Bringing World /Game/Maps/UEDPIE_0_EpicManLevel.EpicManLevel up for play (max tick rate 0) at 2014.12.12-10.08.40
[2014.12.12-18.08.40:128][678]LogWorld: Bringing up level for play took: 0.004520
[2014.12.12-18.08.40:681][678]PIE: Info Play in editor start time for /Game/Maps/UEDPIE_0_EpicManLevel 0.801
[2014.12.12-18.10.00:694][496]LogPackageName: SearchForPackageOnDisk took   0.040s to resolve RetryScreen.umap
[2014.12.12-18.10.00:734][497]LogPackageName: SearchForPackageOnDisk took   0.035s to resolve RetryScreen.umap
[2014.12.12-18.10.00:734][497]LogNet: Browse: /Game/Maps/RetryScreen
[2014.12.12-18.10.00:734][497]LogLoad: LoadMap: /Game/Maps/RetryScreen
[2014.12.12-18.10.00:764][497]LogParticles: Destroying 0 GPU particle simulations for FXSystem 0x0000000016FE8E00
[2014.12.12-18.10.00:764][497]Cmd: MEM
[2014.12.12-18.10.00:781][497]LogMemory: Platform Memory Stats for Windows
[2014.12.12-18.10.00:781][497]LogMemory: Process Physical Memory: 747.55 MB used, 769.19 MB peak
[2014.12.12-18.10.00:781][497]LogMemory: Process Virtual Memory: 662.00 MB used, 686.38 MB peak
[2014.12.12-18.10.00:781][497]LogMemory: Physical Memory: 6791.57 MB used, 24527.21 MB total
[2014.12.12-18.10.00:781][497]LogMemory: Virtual Memory: 1192.62 MB used, 8388608.00 MB total
[2014.12.12-18.10.00:781][497]LogMemory: 
[2014.12.12-18.10.00:781][497]Allocator Stats for TBB: (not implemented)
[2014.12.12-18.10.00:877][497]LogWorld: Game class is 'MyGame_C'
[2014.12.12-18.10.00:879][497]LogAIModule: Creating AISystem for world RetryScreen
[2014.12.12-18.10.00:879][497]LogWorld: Bringing World /Game/Maps/UEDPIE_0_RetryScreen.RetryScreen up for play (max tick rate 0) at 2014.12.12-10.10.00
[2014.12.12-18.10.00:879][497]LogWorld: Bringing up level for play took: 0.000385
[2014.12.12-18.10.00:879][497]LogGameMode: Warning - PATHS NOT DEFINED or NO PLAYERSTART with positive rating
[2014.12.12-18.10.05:091][991]LogParticles: Destroying 0 GPU particle simulations for FXSystem 0x0000000016FEAE80
[2014.12.12-18.17.20:533][793]LogWindowsTextInputMethodSystem:Error: Deactivating a context failed while setting focus to the disabled TSF document manager.
[2014.12.12-18.18.52:226][ 19]LogSlate:Warning: GetFontFace failed to load or process 'Roboto-Regular'
[2014.12.12-18.18.52:226][ 19]LogSlate:Warning: GetFontFace failed to load or process 'Roboto-Regular'
[2014.12.12-18.18.52:230][ 19]LogSlate:Warning: GetFontFace failed to load or process 'Roboto-Regular'
[2014.12.12-18.18.52:230][ 19]LogSlate:Warning: GetFontFace failed to load or process 'Roboto-Regular'
[2014.12.12-18.18.52:230][ 19]LogSlate:Warning: GetFontFace failed to load or process 'Roboto-Regular'
[2014.12.12-18.18.52:230][ 19]LogSlate:Warning: GetFontFace failed to load or process 'Roboto-Regular'
[2014.12.12-18.18.52:230][ 19]LogSlate:Warning: GetFontFace failed to load or process 'Roboto-Regular'
[2014.12.12-18.18.52:230][ 19]LogSlate:Warning: GetFontFace failed to load or process 'Roboto-Regular'
[2014.12.12-18.18.52:230][ 19]LogSlate:Warning: GetFontFace failed to load or process 'Roboto-Regular'
[2014.12.12-18.18.52:230][ 19]LogSlate:Warning: GetFontFace failed to load or process 'Roboto-Regular'
[2014.12.12-18.18.52:230][ 19]LogSlate:Warning: GetFontFace failed to load or process 'Roboto-Regular'
[2014.12.12-18.18.52:230][ 19]LogSlate:Warning: GetFontFace failed to load or process 'Roboto-Regular'
[2014.12.12-18.18.52:231][ 19]LogSlate:Warning: GetFontFace failed to load or process 'Roboto-Regular'
[2014.12.12-18.18.52:231][ 19]LogSlate:Warning: GetFontFace failed to load or process 'Roboto-Regular'
[2014.12.12-18.18.52:231][ 19]LogSlate:Warning: GetFontFace failed to load or process 'Roboto-Regular'
[2014.12.12-18.18.52:231][ 19]LogSlate:Warning: GetFontFace failed to load or process 'Roboto-Regular'
[2014.12.12-18.18.52:231][ 19]LogSlate:Warning: GetFontFace failed to load or process 'Roboto-Regular'
[2014.12.12-18.18.52:231][ 19]LogSlate:Warning: GetFontFace failed to load or process 'Roboto-Regular'
[2014.12.12-18.18.52:231][ 19]LogSlate:Warning: GetFontFace failed to load or process 'Roboto-Regular'
[2014.12.12-18.20.14:950][726]LogFileHelpers: Editor autosave (incl. sublevels) for '/Game/Maps/EpicManLevel' took 0.038
[2014.12.12-18.20.14:988][726]OBJ SavePackage: Generating thumbnails for [0] asset(s) in package [/Game/Blueprints/Pickups/PowerUp_Child] ([1] browsable assets)...
[2014.12.12-18.20.14:991][726]OBJ SavePackage: Finished generating thumbnails for package [/Game/Blueprints/Pickups/PowerUp_Child]
[2014.12.12-18.20.15:062][726]LogSavePackage: Save=12.475605ms
[2014.12.12-18.20.15:062][726]LogSavePackage: Moving '../../../../../../Users/Maurice/Documents/Unreal Projects/EpicManBP/Saved/PowerUp_Child_Auto1D618D42C46638230BD89C8943FC5EF25.tmp' to '../../../../../../Users/Maurice/Documents/Unreal Projects/EpicManBP/Saved/Autosaves/Game/Blueprints/Pickups/PowerUp_Child_Auto1.uasset'
[2014.12.12-18.20.15:067][726]LogFileHelpers: Auto-saving content packages took 0.118
[2014.12.12-18.22.54:410][389]LogEditorViewport: Clicking on Actor (LMB): BP_Sky_Sphere_C (BP_Sky_Shere)
[2014.12.12-18.24.09:938][ 99]LogUnrealMath: Expression Error : No value recognized
[2014.12.12-18.24.09:938][ 99]LogUnrealMath: Expression Error : Error in expression
[2014.12.12-18.26.21:741][338]LogPropertyNode:Warning: UI Min (0.0) >= UI Max () for Ranged Numeric
[2014.12.12-18.26.55:051][321]LogPropertyNode:Warning: UI Min (0.0) >= UI Max () for Ranged Numeric
[2014.12.12-18.27.30:005][435]BlueprintLog: New page: Compile PowerUp_Child
[2014.12.12-18.27.30:069][435]LogParticles: Destroying 0 GPU particle simulations for FXSystem 0x000000003651CD60
[2014.12.12-18.27.30:087][435]BlueprintEditorCompileResults: Info [2851.88] Compile of PowerUp_Child successful! [in 0 ms]
[2014.12.12-18.28.33:085][392]LogMetaData: Removing '/Game/Blueprints/Pickups/P_Slowing_Pit.P_Slowing_Pit:UserConstructionScript.K2Node_FunctionEntry_591' ref from Metadata '/Game/Blueprints/Pickups/PowerUp_Child.PackageMetaData'
[2014.12.12-18.28.33:085][392]LogMetaData: Removing '/Game/Blueprints/Pickups/P_Slowing_Pit.SKEL_P_Slowing_Pit_C' ref from Metadata '/Game/Blueprints/Pickups/PowerUp_Child.PackageMetaData'
[2014.12.12-18.28.33:085][392]LogMetaData: Removing '/Game/Blueprints/Pickups/P_Slowing_Pit.P_Slowing_Pit_C' ref from Metadata '/Game/Blueprints/Pickups/PowerUp_Child.PackageMetaData'
[2014.12.12-18.28.33:127][392]Cmd: OBJ SAVEPACKAGE PACKAGE="/Game/Blueprints/Pickups/P_Slowing_Pit" FILE="../../../../../../Users/Maurice/Documents/Unreal Projects/EpicManBP/Content/Blueprints/Pickups/P_Slowing_Pit.uasset" SILENT=true
[2014.12.12-18.28.33:141][392]LogSavePackage: Save=11.364731ms
[2014.12.12-18.28.33:141][392]LogSavePackage: Moving '../../../../../../Users/Maurice/Documents/Unreal Projects/EpicManBP/Saved/P_Slowing_PitDCB238F7477C8AB1163BFBA53816C8C2.tmp' to '../../../../../../Users/Maurice/Documents/Unreal Projects/EpicManBP/Content/Blueprints/Pickups/P_Slowing_Pit.uasset'
[2014.12.12-18.29.11:445][712]LogSlate:Warning: GetFontFace failed to load or process 'Roboto-Regular'
[2014.12.12-18.29.11:446][712]LogSlate:Warning: GetFontFace failed to load or process 'Roboto-Regular'
[2014.12.12-18.29.31:010][963]LogSlate:Warning: Prevented a slow task dialog from being summoned while a context menu was open
[2014.12.12-18.30.15:263][146]LogActorComponent: UnregisterComponent: (/Engine/Transient.CharacterMovementComponent_6) Not registered. Aborting.
[2014.12.12-18.30.15:263][146]LogActorComponent: UnregisterComponent: (/Engine/Transient.CharacterMovementComponent_7) Not registered. Aborting.
[2014.12.12-18.30.15:264][146]LogActorComponent: UnregisterComponent: (/Engine/Transient.CharacterMovementComponent_8) Not registered. Aborting.
[2014.12.12-18.30.15:264][146]LogActorComponent: UnregisterComponent: (/Engine/Transient.CharacterMovementComponent_9) Not registered. Aborting.
[2014.12.12-18.30.15:264][146]LogActorComponent: UnregisterComponent: (/Engine/Transient.CharacterMovementComponent_10) Not registered. Aborting.
[2014.12.12-18.30.15:293][146]LogFileHelpers: Editor autosave (incl. sublevels) for '/Game/Maps/EpicManLevel' took 0.029
[2014.12.12-18.30.15:302][146]OBJ SavePackage: Generating thumbnails for [0] asset(s) in package [/Game/Blueprints/Pickups/P_Slowing_Pit] ([1] browsable assets)...
[2014.12.12-18.30.15:321][146]OBJ SavePackage: Finished generating thumbnails for package [/Game/Blueprints/Pickups/P_Slowing_Pit]
[2014.12.12-18.30.15:398][146]LogSavePackage: Save=12.456285ms
[2014.12.12-18.30.15:398][146]LogSavePackage: Moving '../../../../../../Users/Maurice/Documents/Unreal Projects/EpicManBP/Saved/P_Slowing_Pit_Auto2AFE611F64D27DAD3173A3DB0D34557B8.tmp' to '../../../../../../Users/Maurice/Documents/Unreal Projects/EpicManBP/Saved/Autosaves/Game/Blueprints/Pickups/P_Slowing_Pit_Auto2.uasset'
[2014.12.12-18.30.15:403][146]LogFileHelpers: Auto-saving content packages took 0.110
[2014.12.12-18.30.56:702][ 61]LogSlate:Warning: GetFontFace failed to load or process 'Roboto-Regular'
[2014.12.12-18.30.56:702][ 61]LogSlate:Warning: GetFontFace failed to load or process 'Roboto-Regular'
[2014.12.12-18.30.56:702][ 61]LogSlate:Warning: GetFontFace failed to load or process 'Roboto-Regular'
[2014.12.12-18.34.21:032][922]LogSlate:Warning: GetFontFace failed to load or process 'Roboto-Regular'
[2014.12.12-18.34.21:032][922]LogSlate:Warning: GetFontFace failed to load or process 'Roboto-Regular'
[2014.12.12-18.34.21:032][922]LogSlate:Warning: GetFontFace failed to load or process 'Roboto-Regular'
[2014.12.12-18.34.21:032][922]LogSlate:Warning: GetFontFace failed to load or process 'Roboto-Regular'
[2014.12.12-18.34.21:032][922]LogSlate:Warning: GetFontFace failed to load or process 'Roboto-Regular'
[2014.12.12-18.34.21:032][922]LogSlate:Warning: GetFontFace failed to load or process 'Roboto-Regular'
[2014.12.12-18.38.47:777][238]LogUObjectGlobals:Warning: Failed to find object 'Object None.'
[2014.12.12-18.38.48:069][271]LogUObjectGlobals:Warning: Failed to find object 'Object None.'
[2014.12.12-18.40.21:688][966]LogFileHelpers: Editor autosave (incl. sublevels) for '/Game/Maps/EpicManLevel' took 0.043
[2014.12.12-18.40.21:698][966]OBJ SavePackage: Generating thumbnails for [0] asset(s) in package [/Game/Blueprints/Pickups/P_Slowing_Pit] ([1] browsable assets)...
[2014.12.12-18.40.21:700][966]OBJ SavePackage: Finished generating thumbnails for package [/Game/Blueprints/Pickups/P_Slowing_Pit]
[2014.12.12-18.40.21:789][966]LogSavePackage: Save=17.153353ms
[2014.12.12-18.40.21:789][966]LogSavePackage: Moving '../../../../../../Users/Maurice/Documents/Unreal Projects/EpicManBP/Saved/P_Slowing_Pit_Auto3B888EE8F43E74E4B396E16B93667B31C.tmp' to '../../../../../../Users/Maurice/Documents/Unreal Projects/EpicManBP/Saved/Autosaves/Game/Blueprints/Pickups/P_Slowing_Pit_Auto3.uasset'
[2014.12.12-18.40.21:794][966]LogFileHelpers: Auto-saving content packages took 0.105
[2014.12.12-18.44.55:920][137]BlueprintLog: New page: Compile P_Slowing_Pit
[2014.12.12-18.44.56:013][137]BlueprintEditorCompileResults: Info [3897.78] Compile of P_Slowing_Pit successful! [in 3 ms]
[2014.12.12-18.45.22:215][157]BlueprintLog: New page: Compile P_Slowing_Pit
[2014.12.12-18.45.22:304][157]BlueprintEditorCompileResults: Info [3924.08] Compile of P_Slowing_Pit successful! [in 3 ms]
[2014.12.12-18.45.24:510][346]Cmd: OBJ SAVEPACKAGE PACKAGE="/Game/Blueprints/Pickups/P_Slowing_Pit" FILE="../../../../../../Users/Maurice/Documents/Unreal Projects/EpicManBP/Content/Blueprints/Pickups/P_Slowing_Pit.uasset" SILENT=true
[2014.12.12-18.45.24:590][346]LogSavePackage: Save=23.586767ms
[2014.12.12-18.45.24:590][346]LogSavePackage: Moving '../../../../../../Users/Maurice/Documents/Unreal Projects/EpicManBP/Saved/P_Slowing_PitF75C3D724519088972E3299582FFEB29.tmp' to '../../../../../../Users/Maurice/Documents/Unreal Projects/EpicManBP/Content/Blueprints/Pickups/P_Slowing_Pit.uasset'
[2014.12.12-18.45.29:565][780]BlueprintLog: New page: Pre-PIE auto-recompile
[2014.12.12-18.45.29:565][780]LogPlayLevel: [PIE] Compiling Tutorial_BP_MacroLib before PIE...
[2014.12.12-18.45.29:605][780]LogPlayLevel: [PIE] Compiling EpicManLevel before PIE...
[2014.12.12-18.45.29:689][780]LogPlayLevel: PIE:  Blueprint regeneration took 124 ms (2 blueprints)
[2014.12.12-18.45.29:690][780]PIE: New page: PIE session: EpicManLevel (Dec 12, 2014, 2:45:29 AM)
[2014.12.12-18.45.29:707][780]LogPlayLevel: PIE: StaticDuplicateObject took: (0.016978s)
[2014.12.12-18.45.29:707][780]LogPlayLevel: PIE: World Init took: (0.000439s)
[2014.12.12-18.45.29:707][780]LogPlayLevel: PIE: Created PIE world by copying editor world from /Game/Maps/EpicManLevel.EpicManLevel to /Game/Maps/UEDPIE_0_EpicManLevel.EpicManLevel (0.017614s)
[2014.12.12-18.45.29:733][780]LogWorld: Game class is 'MyGame_C'
[2014.12.12-18.45.29:734][780]LogAIModule: Creating AISystem for world EpicManLevel
[2014.12.12-18.45.29:739][780]LogWorld: Bringing World /Game/Maps/UEDPIE_0_EpicManLevel.EpicManLevel up for play (max tick rate 0) at 2014.12.12-10.45.29
[2014.12.12-18.45.29:741][780]LogWorld: Bringing up level for play took: 0.006264
[2014.12.12-18.45.30:307][780]PIE: Info Play in editor start time for /Game/Maps/UEDPIE_0_EpicManLevel 0.386
[2014.12.12-18.45.42:685][880]LogParticles: Destroying 0 GPU particle simulations for FXSystem 0x000000001917EE80
[2014.12.12-18.46.15:481][663]LogPropertyNode:Warning: UI Min (0.0) >= UI Max () for Ranged Numeric
[2014.12.12-18.46.37:758][242]BlueprintLog: New page: Compile P_Slowing_Pit
[2014.12.12-18.46.37:858][242]BlueprintEditorCompileResults: Info [3999.62] Compile of P_Slowing_Pit successful! [in 4 ms]
[2014.12.12-18.46.38:585][321]Cmd: OBJ SAVEPACKAGE PACKAGE="/Game/Blueprints/Pickups/P_Slowing_Pit" FILE="../../../../../../Users/Maurice/Documents/Unreal Projects/EpicManBP/Content/Blueprints/Pickups/P_Slowing_Pit.uasset" SILENT=true
[2014.12.12-18.46.38:926][321]LogSavePackage: Save=302.945190ms
[2014.12.12-18.46.38:926][321]LogSavePackage: Moving '../../../../../../Users/Maurice/Documents/Unreal Projects/EpicManBP/Saved/P_Slowing_Pit38A3BC244BB90D1C06633A9E1F2F70C5.tmp' to '../../../../../../Users/Maurice/Documents/Unreal Projects/EpicManBP/Content/Blueprints/Pickups/P_Slowing_Pit.uasset'
[2014.12.12-18.46.41:132][515]BlueprintLog: New page: Pre-PIE auto-recompile
[2014.12.12-18.46.41:132][515]LogPlayLevel: [PIE] Compiling EpicManLevel before PIE...
[2014.12.12-18.46.41:205][515]LogPlayLevel: PIE:  Blueprint regeneration took 73 ms (1 blueprints)
[2014.12.12-18.46.41:205][515]PIE: New page: PIE session: EpicManLevel (Dec 12, 2014, 2:46:41 AM)
[2014.12.12-18.46.41:221][515]LogPlayLevel: PIE: StaticDuplicateObject took: (0.015757s)
[2014.12.12-18.46.41:221][515]LogPlayLevel: PIE: World Init took: (0.000420s)
[2014.12.12-18.46.41:222][515]LogPlayLevel: PIE: Created PIE world by copying editor world from /Game/Maps/EpicManLevel.EpicManLevel to /Game/Maps/UEDPIE_0_EpicManLevel.EpicManLevel (0.016369s)
[2014.12.12-18.46.41:247][515]LogWorld: Game class is 'MyGame_C'
[2014.12.12-18.46.41:249][515]LogAIModule: Creating AISystem for world EpicManLevel
[2014.12.12-18.46.41:254][515]LogWorld: Bringing World /Game/Maps/UEDPIE_0_EpicManLevel.EpicManLevel up for play (max tick rate 0) at 2014.12.12-10.46.41
[2014.12.12-18.46.41:255][515]LogWorld: Bringing up level for play took: 0.005718
[2014.12.12-18.46.41:779][515]PIE: Info Play in editor start time for /Game/Maps/UEDPIE_0_EpicManLevel -0.143
[2014.12.12-18.46.47:369][ 28]LogParticles: Destroying 0 GPU particle simulations for FXSystem 0x000000004B40A0C0
[2014.12.12-18.47.47:086][ 63]LogActorComponent: UnregisterComponent: (/Engine/Transient.CharacterMovementComponent_11) Not registered. Aborting.
[2014.12.12-18.47.47:086][ 63]LogActorComponent: UnregisterComponent: (/Engine/Transient.CharacterMovementComponent_12) Not registered. Aborting.
[2014.12.12-18.47.47:086][ 63]LogActorComponent: UnregisterComponent: (/Engine/Transient.CharacterMovementComponent_13) Not registered. Aborting.
[2014.12.12-18.47.47:086][ 63]LogActorComponent: UnregisterComponent: (/Engine/Transient.CharacterMovementComponent_14) Not registered. Aborting.
[2014.12.12-18.47.47:086][ 63]LogActorComponent: UnregisterComponent: (/Engine/Transient.CharacterMovementComponent_15) Not registered. Aborting.
[2014.12.12-18.47.47:482][ 63]LogSavePackage: Save=320.867096ms
[2014.12.12-18.47.47:482][ 63]LogSavePackage: Moving '../../../../../../Users/Maurice/Documents/Unreal Projects/EpicManBP/Saved/EpicManLevel93C117574CBA69AFCCBC7FA5C848CEF1.tmp' to '../../../../../../Users/Maurice/Documents/Unreal Projects/EpicManBP/Content/Maps/EpicManLevel.umap'
[2014.12.12-18.47.50:104][243]BlueprintLog: New page: Pre-PIE auto-recompile
[2014.12.12-18.47.50:104][243]LogPlayLevel: [PIE] Compiling EpicManLevel before PIE...
[2014.12.12-18.47.50:172][243]LogPlayLevel: PIE:  Blueprint regeneration took 68 ms (1 blueprints)
[2014.12.12-18.47.50:172][243]PIE: New page: PIE session: EpicManLevel (Dec 12, 2014, 2:47:50 AM)
[2014.12.12-18.47.50:183][243]LogPlayLevel: PIE: StaticDuplicateObject took: (0.010449s)
[2014.12.12-18.47.50:183][243]LogPlayLevel: PIE: World Init took: (0.000514s)
[2014.12.12-18.47.50:183][243]LogPlayLevel: PIE: Created PIE world by copying editor world from /Game/Maps/EpicManLevel.EpicManLevel to /Game/Maps/UEDPIE_0_EpicManLevel.EpicManLevel (0.011130s)
[2014.12.12-18.47.50:210][243]LogWorld: Game class is 'MyGame_C'
[2014.12.12-18.47.50:212][243]LogAIModule: Creating AISystem for world EpicManLevel
[2014.12.12-18.47.50:220][243]LogWorld: Bringing World /Game/Maps/UEDPIE_0_EpicManLevel.EpicManLevel up for play (max tick rate 0) at 2014.12.12-10.47.50
[2014.12.12-18.47.50:222][243]LogWorld: Bringing up level for play took: 0.010319
[2014.12.12-18.47.50:740][243]PIE: Info Play in editor start time for /Game/Maps/UEDPIE_0_EpicManLevel 0.816
[2014.12.12-18.48.31:689][510]LogParticles: Destroying 0 GPU particle simulations for FXSystem 0x000000000DE68CC0
[2014.12.12-18.48.51:654][ 96]LogSavePackage: Save=318.298798ms
[2014.12.12-18.48.51:654][ 96]LogSavePackage: Moving '../../../../../../Users/Maurice/Documents/Unreal Projects/EpicManBP/Saved/EpicManLevel5984CCC24D0AAB126FC751B464292249.tmp' to '../../../../../../Users/Maurice/Documents/Unreal Projects/EpicManBP/Content/Maps/EpicManLevel.umap'
[2014.12.12-18.48.52:925][159]BlueprintLog: New page: Pre-PIE auto-recompile
[2014.12.12-18.48.52:925][159]LogPlayLevel: [PIE] Compiling EpicManLevel before PIE...
[2014.12.12-18.48.52:991][159]LogPlayLevel: PIE:  Blueprint regeneration took 66 ms (1 blueprints)
[2014.12.12-18.48.52:991][159]PIE: New page: PIE session: EpicManLevel (Dec 12, 2014, 2:48:52 AM)
[2014.12.12-18.48.53:002][159]LogPlayLevel: PIE: StaticDuplicateObject took: (0.010570s)
[2014.12.12-18.48.53:002][159]LogPlayLevel: PIE: World Init took: (0.000432s)
[2014.12.12-18.48.53:002][159]LogPlayLevel: PIE: Created PIE world by copying editor world from /Game/Maps/EpicManLevel.EpicManLevel to /Game/Maps/UEDPIE_0_EpicManLevel.EpicManLevel (0.011187s)
[2014.12.12-18.48.53:030][159]LogWorld: Game class is 'MyGame_C'
[2014.12.12-18.48.53:031][159]LogAIModule: Creating AISystem for world EpicManLevel
[2014.12.12-18.48.53:038][159]LogWorld: Bringing World /Game/Maps/UEDPIE_0_EpicManLevel.EpicManLevel up for play (max tick rate 0) at 2014.12.12-10.48.53
[2014.12.12-18.48.53:040][159]LogWorld: Bringing up level for play took: 0.008829
[2014.12.12-18.48.53:565][159]PIE: Info Play in editor start time for /Game/Maps/UEDPIE_0_EpicManLevel 1.639
[2014.12.12-18.49.02:957][987]LogParticles: Destroying 0 GPU particle simulations for FXSystem 0x000000000BA78E00
[2014.12.12-18.49.26:020][846]LogSavePackage: Save=416.991547ms
[2014.12.12-18.49.26:020][846]LogSavePackage: Moving '../../../../../../Users/Maurice/Documents/Unreal Projects/EpicManBP/Saved/EpicManLevel85F4DF5042F0AA40C9365FAC720C0FEA.tmp' to '../../../../../../Users/Maurice/Documents/Unreal Projects/EpicManBP/Content/Maps/EpicManLevel.umap'
[2014.12.12-18.49.27:374][913]BlueprintLog: New page: Pre-PIE auto-recompile
[2014.12.12-18.49.27:374][913]LogPlayLevel: [PIE] Compiling EpicManLevel before PIE...
[2014.12.12-18.49.27:445][913]LogPlayLevel: PIE:  Blueprint regeneration took 70 ms (1 blueprints)
[2014.12.12-18.49.27:445][913]PIE: New page: PIE session: EpicManLevel (Dec 12, 2014, 2:49:27 AM)
[2014.12.12-18.49.27:455][913]LogPlayLevel: PIE: StaticDuplicateObject took: (0.010575s)
[2014.12.12-18.49.27:456][913]LogPlayLevel: PIE: World Init took: (0.000480s)
[2014.12.12-18.49.27:456][913]LogPlayLevel: PIE: Created PIE world by copying editor world from /Game/Maps/EpicManLevel.EpicManLevel to /Game/Maps/UEDPIE_0_EpicManLevel.EpicManLevel (0.011264s)
[2014.12.12-18.49.27:480][913]LogWorld: Game class is 'MyGame_C'
[2014.12.12-18.49.27:482][913]LogAIModule: Creating AISystem for world EpicManLevel
[2014.12.12-18.49.27:485][913]LogWorld: Bringing World /Game/Maps/UEDPIE_0_EpicManLevel.EpicManLevel up for play (max tick rate 0) at 2014.12.12-10.49.27
[2014.12.12-18.49.27:486][913]LogWorld: Bringing up level for play took: 0.003878
[2014.12.12-18.49.27:990][913]PIE: Info Play in editor start time for /Game/Maps/UEDPIE_0_EpicManLevel 0.064
[2014.12.12-18.49.57:395][208]LogParticles: Destroying 0 GPU particle simulations for FXSystem 0x000000000DC1CC20
[2014.12.12-18.52.22:555][964]BlueprintLog: New page: Compile P_Slowing_Pit
[2014.12.12-18.52.22:682][964]BlueprintEditorCompileResults: Info [4344.41] Compile of P_Slowing_Pit successful! [in 4 ms]
[2014.12.12-18.52.30:490][634]LogSavePackage: Save=367.084595ms
[2014.12.12-18.52.30:490][634]LogSavePackage: Moving '../../../../../../Users/Maurice/Documents/Unreal Projects/EpicManBP/Saved/EpicManLevelE0CB525342FED02B6ED2348B3B0C15C4.tmp' to '../../../../../../Users/Maurice/Documents/Unreal Projects/EpicManBP/Content/Maps/EpicManLevel.umap'
[2014.12.12-18.52.31:474][671]BlueprintLog: New page: Pre-PIE auto-recompile
[2014.12.12-18.52.31:474][671]LogPlayLevel: [PIE] Compiling EpicManLevel before PIE...
[2014.12.12-18.52.31:543][671]LogPlayLevel: PIE:  Blueprint regeneration took 68 ms (1 blueprints)
[2014.12.12-18.52.31:543][671]PIE: New page: PIE session: EpicManLevel (Dec 12, 2014, 2:52:31 AM)
[2014.12.12-18.52.31:554][671]LogPlayLevel: PIE: StaticDuplicateObject took: (0.011072s)
[2014.12.12-18.52.31:554][671]LogPlayLevel: PIE: World Init took: (0.000397s)
[2014.12.12-18.52.31:554][671]LogPlayLevel: PIE: Created PIE world by copying editor world from /Game/Maps/EpicManLevel.EpicManLevel to /Game/Maps/UEDPIE_0_EpicManLevel.EpicManLevel (0.011662s)
[2014.12.12-18.52.31:582][671]LogWorld: Game class is 'MyGame_C'
[2014.12.12-18.52.31:584][671]LogAIModule: Creating AISystem for world EpicManLevel
[2014.12.12-18.52.31:587][671]LogWorld: Bringing World /Game/Maps/UEDPIE_0_EpicManLevel.EpicManLevel up for play (max tick rate 0) at 2014.12.12-10.52.31
[2014.12.12-18.52.31:588][671]LogWorld: Bringing up level for play took: 0.003839
[2014.12.12-18.52.32:094][671]PIE: Info Play in editor start time for /Game/Maps/UEDPIE_0_EpicManLevel 0.165
[2014.12.12-18.52.54:828][726]LogParticles: Destroying 0 GPU particle simulations for FXSystem 0x000000002E714360
[2014.12.12-18.53.09:647][332]BlueprintLog: New page: Compile P_Slowing_Pit
[2014.12.12-18.53.09:790][332]BlueprintEditorCompileResults: Info [4391.50] Compile of P_Slowing_Pit successful! [in 3 ms]
[2014.12.12-18.53.10:436][375]Cmd: OBJ SAVEPACKAGE PACKAGE="/Game/Blueprints/Pickups/P_Slowing_Pit" FILE="../../../../../../Users/Maurice/Documents/Unreal Projects/EpicManBP/Content/Blueprints/Pickups/P_Slowing_Pit.uasset" SILENT=true
[2014.12.12-18.53.10:790][375]LogSavePackage: Save=305.115601ms
[2014.12.12-18.53.10:790][375]LogSavePackage: Moving '../../../../../../Users/Maurice/Documents/Unreal Projects/EpicManBP/Saved/P_Slowing_Pit8ED4A9D8479D39297699B68AA20A9AFA.tmp' to '../../../../../../Users/Maurice/Documents/Unreal Projects/EpicManBP/Content/Blueprints/Pickups/P_Slowing_Pit.uasset'
[2014.12.12-18.53.13:069][546]LogSavePackage: Save=315.290070ms
[2014.12.12-18.53.13:069][546]LogSavePackage: Moving '../../../../../../Users/Maurice/Documents/Unreal Projects/EpicManBP/Saved/EpicManLevelCA44636340F0117B3D8711BD458A6C9E.tmp' to '../../../../../../Users/Maurice/Documents/Unreal Projects/EpicManBP/Content/Maps/EpicManLevel.umap'
[2014.12.12-18.53.14:230][604]BlueprintLog: New page: Pre-PIE auto-recompile
[2014.12.12-18.53.14:230][604]LogPlayLevel: [PIE] Compiling EpicManLevel before PIE...
[2014.12.12-18.53.14:296][604]LogPlayLevel: PIE:  Blueprint regeneration took 66 ms (1 blueprints)
[2014.12.12-18.53.14:296][604]PIE: New page: PIE session: EpicManLevel (Dec 12, 2014, 2:53:14 AM)
[2014.12.12-18.53.14:306][604]LogPlayLevel: PIE: StaticDuplicateObject took: (0.010317s)
[2014.12.12-18.53.14:307][604]LogPlayLevel: PIE: World Init took: (0.000426s)
[2014.12.12-18.53.14:307][604]LogPlayLevel: PIE: Created PIE world by copying editor world from /Game/Maps/EpicManLevel.EpicManLevel to /Game/Maps/UEDPIE_0_EpicManLevel.EpicManLevel (0.010916s)
[2014.12.12-18.53.14:332][604]LogWorld: Game class is 'MyGame_C'
[2014.12.12-18.53.14:335][604]LogAIModule: Creating AISystem for world EpicManLevel
[2014.12.12-18.53.14:346][604]LogWorld: Bringing World /Game/Maps/UEDPIE_0_EpicManLevel.EpicManLevel up for play (max tick rate 0) at 2014.12.12-10.53.14
[2014.12.12-18.53.14:348][604]LogWorld: Bringing up level for play took: 0.012745
[2014.12.12-18.53.14:883][604]PIE: Info Play in editor start time for /Game/Maps/UEDPIE_0_EpicManLevel 0.953
[2014.12.12-18.53.25:852][446]LogParticles: Destroying 0 GPU particle simulations for FXSystem 0x000000000DA087C0
[2014.12.12-18.53.28:245][662]BlueprintLog: New page: Pre-PIE auto-recompile
[2014.12.12-18.53.28:245][662]LogPlayLevel: [PIE] Compiling EpicManLevel before PIE...
[2014.12.12-18.53.28:315][662]LogPlayLevel: PIE:  Blueprint regeneration took 69 ms (1 blueprints)
[2014.12.12-18.53.28:315][662]PIE: New page: PIE session: EpicManLevel (Dec 12, 2014, 2:53:28 AM)
[2014.12.12-18.53.28:330][662]LogPlayLevel: PIE: StaticDuplicateObject took: (0.014468s)
[2014.12.12-18.53.28:330][662]LogPlayLevel: PIE: World Init took: (0.000412s)
[2014.12.12-18.53.28:330][662]LogPlayLevel: PIE: Created PIE world by copying editor world from /Game/Maps/EpicManLevel.EpicManLevel to /Game/Maps/UEDPIE_0_EpicManLevel.EpicManLevel (0.015111s)
[2014.12.12-18.53.28:359][662]LogWorld: Game class is 'MyGame_C'
[2014.12.12-18.53.28:361][662]LogAIModule: Creating AISystem for world EpicManLevel
[2014.12.12-18.53.28:364][662]LogWorld: Bringing World /Game/Maps/UEDPIE_0_EpicManLevel.EpicManLevel up for play (max tick rate 0) at 2014.12.12-10.53.28
[2014.12.12-18.53.28:365][662]LogWorld: Bringing up level for play took: 0.003999
[2014.12.12-18.53.28:899][662]PIE: Info Play in editor start time for /Game/Maps/UEDPIE_0_EpicManLevel 0.969
[2014.12.12-18.53.37:098][338]LogParticles: Destroying 0 GPU particle simulations for FXSystem 0x0000000041483420
[2014.12.12-18.54.39:615][887]LogContentBrowser:Verbose: The content browser source was changed by the sources view to '/Game/Character'
[2014.12.12-18.54.40:587][974]LogContentBrowser:Verbose: The content browser source was changed by the sources view to '/Game/HUD'
[2014.12.12-18.54.42:710][194]LogContentBrowser:Verbose: The content browser source was changed by the sources view to '/Game/Blueprints'
[2014.12.12-18.56.28:422][319]LogPropertyNode:Warning: UI Min (0) >= UI Max () for Ranged Numeric
[2014.12.12-18.56.28:423][319]LogPropertyNode:Warning: UI Min (0) >= UI Max () for Ranged Numeric
[2014.12.12-18.56.28:464][324]LogPropertyNode:Warning: UI Min (0) >= UI Max () for Ranged Numeric
[2014.12.12-18.56.28:465][324]LogPropertyNode:Warning: UI Min (0) >= UI Max () for Ranged Numeric
[2014.12.12-18.56.36:235][254]LogPropertyNode:Warning: UI Min (0) >= UI Max () for Ranged Numeric
[2014.12.12-18.56.36:235][254]LogPropertyNode:Warning: UI Min (0) >= UI Max () for Ranged Numeric
[2014.12.12-18.56.36:236][254]LogPropertyNode:Warning: UI Min (0) >= UI Max () for Ranged Numeric
[2014.12.12-18.56.36:236][254]LogPropertyNode:Warning: UI Min (0) >= UI Max () for Ranged Numeric
[2014.12.12-18.56.36:237][254]LogPropertyNode:Warning: UI Min (0) >= UI Max () for Ranged Numeric
[2014.12.12-18.56.47:010][478]LogActorComponent: UnregisterComponent: (/Engine/Transient.CharacterMovementComponent_16) Not registered. Aborting.
[2014.12.12-18.56.51:321][906]BlueprintLog: New page: Compile P_Slowing_Pit
[2014.12.12-18.56.51:471][906]LogParticles: Destroying 0 GPU particle simulations for FXSystem 0x0000000051FC3600
[2014.12.12-18.56.51:471][906]LogParticles: Destroying 0 GPU particle simulations for FXSystem 0x000000004F218E00
[2014.12.12-18.56.51:472][906]LogParticles: Destroying 0 GPU particle simulations for FXSystem 0x000000005264C900
[2014.12.12-18.56.51:593][906]BlueprintEditorCompileResults: Info [4613.17] Compile of P_Slowing_Pit successful! [in 3 ms]
[2014.12.12-18.56.52:264][943]Cmd: OBJ SAVEPACKAGE PACKAGE="/Game/Blueprints/Pickups/P_Slowing_Pit" FILE="../../../../../../Users/Maurice/Documents/Unreal Projects/EpicManBP/Content/Blueprints/Pickups/P_Slowing_Pit.uasset" SILENT=true
[2014.12.12-18.56.52:610][943]LogSavePackage: Save=309.284119ms
[2014.12.12-18.56.52:610][943]LogSavePackage: Moving '../../../../../../Users/Maurice/Documents/Unreal Projects/EpicManBP/Saved/P_Slowing_Pit5F5EEBA8451A1EFB98C7D8A686662292.tmp' to '../../../../../../Users/Maurice/Documents/Unreal Projects/EpicManBP/Content/Blueprints/Pickups/P_Slowing_Pit.uasset'
[2014.12.12-18.56.54:715][ 84]LogSavePackage: Save=399.577393ms
[2014.12.12-18.56.54:715][ 84]LogSavePackage: Moving '../../../../../../Users/Maurice/Documents/Unreal Projects/EpicManBP/Saved/EpicManLevel869AAFDD49EB4D25790543B35AE0A0B9.tmp' to '../../../../../../Users/Maurice/Documents/Unreal Projects/EpicManBP/Content/Maps/EpicManLevel.umap'
[2014.12.12-18.56.55:784][130]BlueprintLog: New page: Pre-PIE auto-recompile
[2014.12.12-18.56.55:784][130]LogPlayLevel: [PIE] Compiling EpicManLevel before PIE...
[2014.12.12-18.56.55:861][130]LogPlayLevel: PIE:  Blueprint regeneration took 76 ms (1 blueprints)
[2014.12.12-18.56.55:861][130]PIE: New page: PIE session: EpicManLevel (Dec 12, 2014, 2:56:55 AM)
[2014.12.12-18.56.55:872][130]LogPlayLevel: PIE: StaticDuplicateObject took: (0.010390s)
[2014.12.12-18.56.55:872][130]LogPlayLevel: PIE: World Init took: (0.000437s)
[2014.12.12-18.56.55:872][130]LogPlayLevel: PIE: Created PIE world by copying editor world from /Game/Maps/EpicManLevel.EpicManLevel to /Game/Maps/UEDPIE_0_EpicManLevel.EpicManLevel (0.011014s)
[2014.12.12-18.56.55:898][130]LogWorld: Game class is 'MyGame_C'
[2014.12.12-18.56.55:900][130]LogAIModule: Creating AISystem for world EpicManLevel
[2014.12.12-18.56.55:904][130]LogWorld: Bringing World /Game/Maps/UEDPIE_0_EpicManLevel.EpicManLevel up for play (max tick rate 0) at 2014.12.12-10.56.55
[2014.12.12-18.56.55:904][130]LogWorld: Bringing up level for play took: 0.004199
[2014.12.12-18.56.56:426][130]PIE: Info Play in editor start time for /Game/Maps/UEDPIE_0_EpicManLevel 0.492
[2014.12.12-18.57.10:285][167]LogParticles: Destroying 0 GPU particle simulations for FXSystem 0x000000005564CFE0
[2014.12.12-18.58.19:515][ 76]LogEditorTransaction: Undo Move Node
[2014.12.12-18.58.19:530][ 76]LogActorComponent: UnregisterComponent: (/Engine/Transient.CharacterMovementComponent_17) Not registered. Aborting.
[2014.12.12-18.58.19:935][ 83]LogEditorTransaction: Undo Add Node
[2014.12.12-18.58.19:979][ 83]LogActorComponent: UnregisterComponent: (/Engine/Transient.CharacterMovementComponent_18) Not registered. Aborting.
[2014.12.12-18.58.20:491][119]LogEditorTransaction: Undo Delete current selection
[2014.12.12-18.58.20:506][119]LogActorComponent: UnregisterComponent: (/Engine/Transient.CharacterMovementComponent_19) Not registered. Aborting.
[2014.12.12-18.58.45:755][573]LogActorComponent: UnregisterComponent: (/Engine/Transient.CharacterMovementComponent_20) Not registered. Aborting.
[2014.12.12-18.58.50:928][ 46]BlueprintLog: New page: Compile P_Slowing_Pit
[2014.12.12-18.58.51:006][ 46]LogActorComponent: UnregisterComponent: (/Engine/Transient.CharacterMovementComponent_21) Not registered. Aborting.
[2014.12.12-18.58.51:053][ 46]BlueprintEditorCompileResults: Info [4732.78] Compile of P_Slowing_Pit successful! [in 3 ms]
[2014.12.12-18.58.51:993][107]Cmd: OBJ SAVEPACKAGE PACKAGE="/Game/Blueprints/Pickups/P_Slowing_Pit" FILE="../../../../../../Users/Maurice/Documents/Unreal Projects/EpicManBP/Content/Blueprints/Pickups/P_Slowing_Pit.uasset" SILENT=true
[2014.12.12-18.58.52:349][107]LogSavePackage: Save=311.503754ms
[2014.12.12-18.58.52:349][107]LogSavePackage: Moving '../../../../../../Users/Maurice/Documents/Unreal Projects/EpicManBP/Saved/P_Slowing_Pit5A82600E489C07A9A36A2A9550CE3035.tmp' to '../../../../../../Users/Maurice/Documents/Unreal Projects/EpicManBP/Content/Blueprints/Pickups/P_Slowing_Pit.uasset'
[2014.12.12-18.58.54:498][255]LogSavePackage: Save=375.909729ms
[2014.12.12-18.58.54:498][255]LogSavePackage: Moving '../../../../../../Users/Maurice/Documents/Unreal Projects/EpicManBP/Saved/EpicManLevelFEBD96D94F7B26C15316DA936704EF73.tmp' to '../../../../../../Users/Maurice/Documents/Unreal Projects/EpicManBP/Content/Maps/EpicManLevel.umap'
[2014.12.12-18.58.55:579][302]BlueprintLog: New page: Pre-PIE auto-recompile
[2014.12.12-18.58.55:583][302]LogPlayLevel: [PIE] Compiling GameController before PIE...
[2014.12.12-18.58.55:767][302]LogPlayLevel: [PIE] Compiling MyCharacter before PIE...
[2014.12.12-18.58.56:002][302]LogPlayLevel: [PIE] Compiling EpicManLevel before PIE...
[2014.12.12-18.58.56:056][302]LogPlayLevel: [PIE] Compiling Ghost before PIE...
[2014.12.12-18.58.56:535][302]LogPlayLevel: [PIE] Compiling GhostBox before PIE...
[2014.12.12-18.58.56:716][302]LogPlayLevel: [PIE] Compiling BasicPickup before PIE...
[2014.12.12-18.58.56:765][302]LogPlayLevel: [PIE] Compiling TheGrid before PIE...
[2014.12.12-18.58.56:836][302]LogPlayLevel: [PIE] Compiling P_Double_Speed before PIE...
[2014.12.12-18.58.56:886][302]LogPlayLevel: [PIE] Compiling P_Invunerability before PIE...
[2014.12.12-18.58.56:934][302]LogPlayLevel: [PIE] Compiling P_Slow_Epic_Man_Speed_Up_Ghost before PIE...
[2014.12.12-18.58.56:992][302]LogPlayLevel: [PIE] Compiling PowerUpPickup before PIE...
[2014.12.12-18.58.57:070][302]LogPlayLevel: [PIE] Compiling EpicManHUD before PIE...
[2014.12.12-18.58.57:188][302]LogPlayLevel: [PIE] Compiling IntersectionSensor before PIE...
[2014.12.12-18.58.57:271][302]LogPlayLevel: [PIE] Compiling LightBlueGhost before PIE...
[2014.12.12-18.58.57:316][302]LogPlayLevel: [PIE] Compiling OrangeGhost before PIE...
[2014.12.12-18.58.57:362][302]LogPlayLevel: [PIE] Compiling RedGhost before PIE...
[2014.12.12-18.58.57:408][302]LogPlayLevel: [PIE] Compiling PinkGhost before PIE...
[2014.12.12-18.58.57:453][302]LogPlayLevel: [PIE] Compiling Fire_Sphere before PIE...
[2014.12.12-18.58.57:505][302]LogPlayLevel: [PIE] Compiling P_Slowing_Pit before PIE...
[2014.12.12-18.58.57:583][302]LogPlayLevel: [PIE] Compiling NoSpawnArea before PIE...
[2014.12.12-18.58.57:650][302]LogPlayLevel: [PIE] Compiling P_Fire_Wall before PIE...
[2014.12.12-18.58.57:753][302]LogPlayLevel: PIE:  Blueprint regeneration took 2174 ms (21 blueprints)
[2014.12.12-18.58.57:753][302]PIE: New page: PIE session: EpicManLevel (Dec 12, 2014, 2:58:57 AM)
[2014.12.12-18.58.57:763][302]LogPlayLevel: PIE: StaticDuplicateObject took: (0.010087s)
[2014.12.12-18.58.57:764][302]LogPlayLevel: PIE: World Init took: (0.000399s)
[2014.12.12-18.58.57:764][302]LogPlayLevel: PIE: Created PIE world by copying editor world from /Game/Maps/EpicManLevel.EpicManLevel to /Game/Maps/UEDPIE_0_EpicManLevel.EpicManLevel (0.010653s)
[2014.12.12-18.58.57:790][302]LogWorld: Game class is 'MyGame_C'
[2014.12.12-18.58.57:791][302]LogAIModule: Creating AISystem for world EpicManLevel
[2014.12.12-18.58.57:795][302]LogWorld: Bringing World /Game/Maps/UEDPIE_0_EpicManLevel.EpicManLevel up for play (max tick rate 0) at 2014.12.12-10.58.57
[2014.12.12-18.58.57:795][302]LogWorld: Bringing up level for play took: 0.004004
[2014.12.12-18.58.58:309][302]PIE: Info Play in editor start time for /Game/Maps/UEDPIE_0_EpicManLevel 2.373
[2014.12.12-18.59.43:351][879]LogPackageName: SearchForPackageOnDisk took   0.039s to resolve RetryScreen.umap
[2014.12.12-18.59.43:396][880]LogPackageName: SearchForPackageOnDisk took   0.037s to resolve RetryScreen.umap
[2014.12.12-18.59.43:396][880]LogNet: Browse: /Game/Maps/RetryScreen
[2014.12.12-18.59.43:396][880]LogLoad: LoadMap: /Game/Maps/RetryScreen
[2014.12.12-18.59.43:404][880]LogActorComponent: UnregisterComponent: (/Engine/Transient.CharacterMovementComponent_22) Not registered. Aborting.
[2014.12.12-18.59.43:467][880]LogParticles: Destroying 0 GPU particle simulations for FXSystem 0x000000005CC7CCC0
[2014.12.12-18.59.43:467][880]Cmd: MEM
[2014.12.12-18.59.43:495][880]LogMemory: Platform Memory Stats for Windows
[2014.12.12-18.59.43:495][880]LogMemory: Process Physical Memory: 1367.41 MB used, 1367.41 MB peak
[2014.12.12-18.59.43:495][880]LogMemory: Process Virtual Memory: 1300.34 MB used, 1302.03 MB peak
[2014.12.12-18.59.43:495][880]LogMemory: Physical Memory: 7355.13 MB used, 24527.21 MB total
[2014.12.12-18.59.43:495][880]LogMemory: Virtual Memory: 1837.57 MB used, 8388608.00 MB total
[2014.12.12-18.59.43:495][880]LogMemory: 
[2014.12.12-18.59.43:495][880]Allocator Stats for TBB: (not implemented)
[2014.12.12-18.59.43:558][880]LogWorld: Game class is 'MyGame_C'
[2014.12.12-18.59.43:559][880]LogAIModule: Creating AISystem for world RetryScreen
[2014.12.12-18.59.43:560][880]LogWorld: Bringing World /Game/Maps/UEDPIE_0_RetryScreen.RetryScreen up for play (max tick rate 0) at 2014.12.12-10.59.43
[2014.12.12-18.59.43:560][880]LogWorld: Bringing up level for play took: 0.000460
[2014.12.12-18.59.43:560][880]LogGameMode: Warning - PATHS NOT DEFINED or NO PLAYERSTART with positive rating
[2014.12.12-18.59.46:180][184]LogParticles: Destroying 0 GPU particle simulations for FXSystem 0x000000005CC7C2C0
[2014.12.12-19.00.44:343][287]BlueprintLog: New page: Compile P_Slowing_Pit
[2014.12.12-19.00.44:417][287]LogActorComponent: UnregisterComponent: (/Engine/Transient.CharacterMovementComponent_23) Not registered. Aborting.
[2014.12.12-19.00.44:460][287]BlueprintEditorCompileResults: Info [4846.19] Compile of P_Slowing_Pit successful! [in 3 ms]
[2014.12.12-19.00.44:993][316]Cmd: OBJ SAVEPACKAGE PACKAGE="/Game/Blueprints/Pickups/P_Slowing_Pit" FILE="../../../../../../Users/Maurice/Documents/Unreal Projects/EpicManBP/Content/Blueprints/Pickups/P_Slowing_Pit.uasset" SILENT=true
[2014.12.12-19.00.45:349][316]LogSavePackage: Save=312.943665ms
[2014.12.12-19.00.45:349][316]LogSavePackage: Moving '../../../../../../Users/Maurice/Documents/Unreal Projects/EpicManBP/Saved/P_Slowing_PitB06CFC844FD89B9529EB1097719FCF27.tmp' to '../../../../../../Users/Maurice/Documents/Unreal Projects/EpicManBP/Content/Blueprints/Pickups/P_Slowing_Pit.uasset'
[2014.12.12-19.00.47:436][464]LogSavePackage: Save=374.682312ms
[2014.12.12-19.00.47:436][464]LogSavePackage: Moving '../../../../../../Users/Maurice/Documents/Unreal Projects/EpicManBP/Saved/EpicManLevel8605BFF04AD06FAEA9B74CABD6318AE0.tmp' to '../../../../../../Users/Maurice/Documents/Unreal Projects/EpicManBP/Content/Maps/EpicManLevel.umap'
[2014.12.12-19.00.48:378][500]BlueprintLog: New page: Pre-PIE auto-recompile
[2014.12.12-19.00.48:378][500]LogPlayLevel: [PIE] Compiling Ghost before PIE...
[2014.12.12-19.00.48:843][500]LogPlayLevel: [PIE] Compiling GhostBox before PIE...
[2014.12.12-19.00.49:089][500]LogPlayLevel: [PIE] Compiling MyCharacter before PIE...
[2014.12.12-19.00.49:293][500]LogPlayLevel: [PIE] Compiling BasicPickup before PIE...
[2014.12.12-19.00.49:346][500]LogPlayLevel: [PIE] Compiling TheGrid before PIE...
[2014.12.12-19.00.49:419][500]LogPlayLevel: [PIE] Compiling PowerUpPickup before PIE...
[2014.12.12-19.00.49:499][500]LogPlayLevel: [PIE] Compiling EpicManLevel before PIE...
[2014.12.12-19.00.49:553][500]LogPlayLevel: [PIE] Compiling IntersectionSensor before PIE...
[2014.12.12-19.00.49:637][500]LogPlayLevel: [PIE] Compiling LightBlueGhost before PIE...
[2014.12.12-19.00.49:684][500]LogPlayLevel: [PIE] Compiling OrangeGhost before PIE...
[2014.12.12-19.00.49:733][500]LogPlayLevel: [PIE] Compiling RedGhost before PIE...
[2014.12.12-19.00.49:781][500]LogPlayLevel: [PIE] Compiling PinkGhost before PIE...
[2014.12.12-19.00.49:829][500]LogPlayLevel: [PIE] Compiling Fire_Sphere before PIE...
[2014.12.12-19.00.49:876][500]LogPlayLevel: [PIE] Compiling P_Slow_Epic_Man_Speed_Up_Ghost before PIE...
[2014.12.12-19.00.49:942][500]LogPlayLevel: [PIE] Compiling P_Slowing_Pit before PIE...
[2014.12.12-19.00.50:024][500]LogPlayLevel: [PIE] Compiling P_Double_Speed before PIE...
[2014.12.12-19.00.50:080][500]LogPlayLevel: [PIE] Compiling P_Invunerability before PIE...
[2014.12.12-19.00.50:134][500]LogPlayLevel: [PIE] Compiling EpicManHUD before PIE...
[2014.12.12-19.00.50:253][500]LogPlayLevel: [PIE] Compiling NoSpawnArea before PIE...
[2014.12.12-19.00.50:324][500]LogPlayLevel: [PIE] Compiling P_Fire_Wall before PIE...
[2014.12.12-19.00.50:432][500]LogPlayLevel: PIE:  Blueprint regeneration took 2053 ms (20 blueprints)
[2014.12.12-19.00.50:432][500]PIE: New page: PIE session: EpicManLevel (Dec 12, 2014, 3:00:50 AM)
[2014.12.12-19.00.50:445][500]LogPlayLevel: PIE: StaticDuplicateObject took: (0.013069s)
[2014.12.12-19.00.50:446][500]LogPlayLevel: PIE: World Init took: (0.000491s)
[2014.12.12-19.00.50:446][500]LogPlayLevel: PIE: Created PIE world by copying editor world from /Game/Maps/EpicManLevel.EpicManLevel to /Game/Maps/UEDPIE_0_EpicManLevel.EpicManLevel (0.013775s)
[2014.12.12-19.00.50:476][500]LogWorld: Game class is 'MyGame_C'
[2014.12.12-19.00.50:477][500]LogAIModule: Creating AISystem for world EpicManLevel
[2014.12.12-19.00.50:481][500]LogWorld: Bringing World /Game/Maps/UEDPIE_0_EpicManLevel.EpicManLevel up for play (max tick rate 0) at 2014.12.12-11.00.50
[2014.12.12-19.00.50:482][500]LogWorld: Bringing up level for play took: 0.004426
[2014.12.12-19.00.51:003][500]PIE: Info Play in editor start time for /Game/Maps/UEDPIE_0_EpicManLevel 3.064
[2014.12.12-19.00.52:309][619]LogBlueprintUserMessages: Hello
[2014.12.12-19.00.52:804][666]LogBlueprintUserMessages: Hello
[2014.12.12-19.00.53:032][684]LogBlueprintUserMessages: Hello
[2014.12.12-19.00.53:356][707]LogBlueprintUserMessages: Hello
[2014.12.12-19.00.53:538][719]LogBlueprintUserMessages: Hello
[2014.12.12-19.00.53:678][728]LogBlueprintUserMessages: Hello
[2014.12.12-19.00.53:831][738]LogBlueprintUserMessages: Hello
[2014.12.12-19.00.53:985][748]LogBlueprintUserMessages: Hello
[2014.12.12-19.00.54:860][806]LogBlueprintUserMessages: Hello
[2014.12.12-19.01.02:996][380]LogBlueprintUserMessages: Hello
[2014.12.12-19.01.14:118][168]LogActorComponent: UnregisterComponent: (/Engine/Transient.CharacterMovementComponent_24) Not registered. Aborting.
[2014.12.12-19.01.14:200][169]LogParticles: Destroying 0 GPU particle simulations for FXSystem 0x00000000550B3920
[2014.12.12-19.02.30:254][367]BlueprintLog: New page: Compile P_Slowing_Pit
[2014.12.12-19.02.30:361][367]BlueprintEditorCompileResults: Info [4952.10] Compile of P_Slowing_Pit successful! [in 3 ms]
[2014.12.12-19.02.31:286][439]Cmd: OBJ SAVEPACKAGE PACKAGE="/Game/Blueprints/Pickups/P_Slowing_Pit" FILE="../../../../../../Users/Maurice/Documents/Unreal Projects/EpicManBP/Content/Blueprints/Pickups/P_Slowing_Pit.uasset" SILENT=true
[2014.12.12-19.02.31:622][439]LogSavePackage: Save=303.516907ms
[2014.12.12-19.02.31:622][439]LogSavePackage: Moving '../../../../../../Users/Maurice/Documents/Unreal Projects/EpicManBP/Saved/P_Slowing_PitB987141141FC077DCE04CFB173CA6615.tmp' to '../../../../../../Users/Maurice/Documents/Unreal Projects/EpicManBP/Content/Blueprints/Pickups/P_Slowing_Pit.uasset'
[2014.12.12-19.02.41:160][440]LogEditorViewport: Clicking on Actor (LMB): BP_Sky_Sphere_C (BP_Sky_Shere)
[2014.12.12-19.02.43:328][596]LogSavePackage: Save=367.453186ms
[2014.12.12-19.02.43:328][596]LogSavePackage: Moving '../../../../../../Users/Maurice/Documents/Unreal Projects/EpicManBP/Saved/EpicManLevel729B57CD491441238B78709ABCDA55F1.tmp' to '../../../../../../Users/Maurice/Documents/Unreal Projects/EpicManBP/Content/Maps/EpicManLevel.umap'
[2014.12.12-19.02.45:121][703]BlueprintLog: New page: Pre-PIE auto-recompile
[2014.12.12-19.02.45:121][703]LogPlayLevel: [PIE] Compiling Ghost before PIE...
[2014.12.12-19.02.45:585][703]LogPlayLevel: [PIE] Compiling GhostBox before PIE...
[2014.12.12-19.02.45:836][703]LogPlayLevel: [PIE] Compiling MyCharacter before PIE...
[2014.12.12-19.02.46:043][703]LogPlayLevel: [PIE] Compiling BasicPickup before PIE...
[2014.12.12-19.02.46:097][703]LogPlayLevel: [PIE] Compiling TheGrid before PIE...
[2014.12.12-19.02.46:173][703]LogPlayLevel: [PIE] Compiling PowerUpPickup before PIE...
[2014.12.12-19.02.46:255][703]LogPlayLevel: [PIE] Compiling EpicManLevel before PIE...
[2014.12.12-19.02.46:309][703]LogPlayLevel: [PIE] Compiling IntersectionSensor before PIE...
[2014.12.12-19.02.46:394][703]LogPlayLevel: [PIE] Compiling LightBlueGhost before PIE...
[2014.12.12-19.02.46:442][703]LogPlayLevel: [PIE] Compiling OrangeGhost before PIE...
[2014.12.12-19.02.46:491][703]LogPlayLevel: [PIE] Compiling RedGhost before PIE...
[2014.12.12-19.02.46:542][703]LogPlayLevel: [PIE] Compiling PinkGhost before PIE...
[2014.12.12-19.02.46:591][703]LogPlayLevel: [PIE] Compiling Fire_Sphere before PIE...
[2014.12.12-19.02.46:641][703]LogPlayLevel: [PIE] Compiling P_Slow_Epic_Man_Speed_Up_Ghost before PIE...
[2014.12.12-19.02.46:709][703]LogPlayLevel: [PIE] Compiling P_Slowing_Pit before PIE...
[2014.12.12-19.02.46:787][703]LogPlayLevel: [PIE] Compiling P_Double_Speed before PIE...
[2014.12.12-19.02.46:843][703]LogPlayLevel: [PIE] Compiling P_Invunerability before PIE...
[2014.12.12-19.02.46:898][703]LogPlayLevel: [PIE] Compiling EpicManHUD before PIE...
[2014.12.12-19.02.47:020][703]LogPlayLevel: [PIE] Compiling NoSpawnArea before PIE...
[2014.12.12-19.02.47:089][703]LogPlayLevel: [PIE] Compiling P_Fire_Wall before PIE...
[2014.12.12-19.02.47:200][703]LogPlayLevel: PIE:  Blueprint regeneration took 2078 ms (20 blueprints)
[2014.12.12-19.02.47:200][703]PIE: New page: PIE session: EpicManLevel (Dec 12, 2014, 3:02:47 AM)
[2014.12.12-19.02.47:214][703]LogPlayLevel: PIE: StaticDuplicateObject took: (0.014492s)
[2014.12.12-19.02.47:215][703]LogPlayLevel: PIE: World Init took: (0.000484s)
[2014.12.12-19.02.47:215][703]LogPlayLevel: PIE: Created PIE world by copying editor world from /Game/Maps/EpicManLevel.EpicManLevel to /Game/Maps/UEDPIE_0_EpicManLevel.EpicManLevel (0.015171s)
[2014.12.12-19.02.47:243][703]LogWorld: Game class is 'MyGame_C'
[2014.12.12-19.02.47:244][703]LogAIModule: Creating AISystem for world EpicManLevel
[2014.12.12-19.02.47:248][703]LogWorld: Bringing World /Game/Maps/UEDPIE_0_EpicManLevel.EpicManLevel up for play (max tick rate 0) at 2014.12.12-11.02.47
[2014.12.12-19.02.47:248][703]LogWorld: Bringing up level for play took: 0.004340
[2014.12.12-19.02.47:775][703]PIE: Info Play in editor start time for /Game/Maps/UEDPIE_0_EpicManLevel 1.834
[2014.12.12-19.02.53:118][228]LogBlueprintUserMessages: Hello
[2014.12.12-19.02.55:129][372]LogBlueprintUserMessages: Hello
[2014.12.12-19.02.56:141][444]LogBlueprintUserMessages: Hello
[2014.12.12-19.03.05:326][ 89]LogBlueprintUserMessages: Hello
[2014.12.12-19.03.06:346][165]LogBlueprintUserMessages: Hello
[2014.12.12-19.03.07:347][242]LogBlueprintUserMessages: Hello
[2014.12.12-19.03.08:679][349]LogBlueprintUserMessages: Hello
[2014.12.12-19.03.09:744][440]LogBlueprintUserMessages: Hello
[2014.12.12-19.03.10:505][512]LogBlueprintUserMessages: Hello
[2014.12.12-19.03.11:326][587]LogBlueprintUserMessages: Hello
[2014.12.12-19.03.12:554][696]LogBlueprintUserMessages: Hello
[2014.12.12-19.03.13:085][748]LogBlueprintUserMessages: Hello
[2014.12.12-19.03.13:848][825]LogBlueprintUserMessages: Hello
[2014.12.12-19.03.17:327][160]LogBlueprintUserMessages: Hello
[2014.12.12-19.03.18:159][236]LogBlueprintUserMessages: Hello
[2014.12.12-19.03.18:928][306]LogBlueprintUserMessages: Hello
[2014.12.12-19.03.28:347][185]LogBlueprintUserMessages: Hello
[2014.12.12-19.03.31:660][485]LogBlueprintUserMessages: Hello
[2014.12.12-19.03.32:492][567]LogBlueprintUserMessages: Hello
[2014.12.12-19.03.47:424][187]LogActorComponent: UnregisterComponent: (/Engine/Transient.CharacterMovementComponent_25) Not registered. Aborting.
[2014.12.12-19.04.08:083][462]LogParticles: Destroying 0 GPU particle simulations for FXSystem 0x000000005566B4C0
[2014.12.12-19.04.53:094][274]LogSlate:Warning: GetFontFace failed to load or process 'Roboto-Regular'
[2014.12.12-19.04.53:094][274]LogSlate:Warning: GetFontFace failed to load or process 'Roboto-Regular'
[2014.12.12-19.04.59:876][816]LogWindows:Error: Windows GetLastError: The operation completed successfully. (0)
[2014.12.12-19.04.59:883][816]LogCrashTracker: 


[2014.12.12-19.05.01:810][816]LogCrashTracker: 


[2014.12.12-19.05.01:810][816]LogWindows: === Critical error: ===
Assertion failed: StructPtrs.Num() != 0 [File:D:\BuildFarm\buildmachine_++depot+UE4-Releases+4.5\Engine\Source\Editor\DetailCustomizations\Private\KeyStructCustomization.cpp] [Line: 63] 



KERNELBASE.dll!UnknownFunction (0x000007fefd79940d) + 0 bytes [UnknownFile:0]
UE4Editor-Core.dll!UnknownFunction (0x000007feed2a71c4) + 0 bytes [UnknownFile:0]
UE4Editor-Core.dll!UnknownFunction (0x000007feed1398c8) + 0 bytes [UnknownFile:0]
UE4Editor-Core.dll!UnknownFunction (0x000007feed11e892) + 0 bytes [UnknownFile:0]
UE4Editor-DetailCustomizations.dll!UnknownFunction (0x000007fedffd1194) + 0 bytes [UnknownFile:0]
UE4Editor-DetailCustomizations.dll!UnknownFunction (0x000007fedffb4526) + 0 bytes [UnknownFile:0]
UE4Editor-UnrealEd.dll!UnknownFunction (0x000007fee7be4d8a) + 0 bytes [UnknownFile:0]
UE4Editor-UnrealEd.dll!UnknownFunction (0x000007fee7bf77f8) + 0 bytes [UnknownFile:0]
UE4Editor-UnrealEd.dll!UnknownFunction (0x000007fee7c008d6) + 0 bytes [UnknownFile:0]
UE4Editor-UnrealEd.dll!UnknownFunction (0x000007fee7be7032) + 0 bytes [UnknownFile:0]
UE4Editor-Slate.dll!UnknownFunction (0x000007feec672a1f) + 0 bytes [UnknownFile:0]
UE4Editor-SlateCore.dll!UnknownFunction (0x000007fefa8978af) + 0 bytes [UnknownFile:0]
UE4Editor-SlateCore.dll!UnknownFunction (0x000007fefa897bba) + 0 bytes [UnknownFile:0]
UE4Editor-SlateCore.dll!UnknownFunction (0x000007fefa8972fc) + 0 bytes [UnknownFile:0]
UE4Editor-SlateCore.dll!UnknownFunction (0x000007fefa8978af) + 0 bytes [UnknownFile:0]
UE4Editor-SlateCore.dll!UnknownFunction (0x000007fefa897bba) + 0 bytes [UnknownFile:0]
UE4Editor-SlateCore.dll!UnknownFunction (0x000007fefa8972fc) + 0 bytes [UnknownFile:0]
UE4Editor-SlateCore.dll!UnknownFunction (0x000007fefa8978af) + 0 bytes [UnknownFile:0]
UE4Editor-SlateCore.dll!UnknownFunction (0x000007fefa896f28) + 0 bytes [UnknownFile:0]
UE4Editor-Slate.dll!UnknownFunction (0x000007feec671098) + 0 bytes [UnknownFile:0]
UE4Editor-SlateCore.dll!UnknownFunction (0x000007fefa8978af) + 0 bytes [UnknownFile:0]
UE4Editor-Slate.dll!UnknownFunction (0x000007feec672cd6) + 0 bytes [UnknownFile:0]
UE4Editor-SlateCore.dll!UnknownFunction (0x000007fefa8978af) + 0 bytes [UnknownFile:0]
UE4Editor-SlateCore.dll!UnknownFunction (0x000007fefa896f28) + 0 bytes [UnknownFile:0]
UE4Editor-SlateCore.dll!UnknownFunction (0x000007fefa8978af) + 0 bytes [UnknownFile:0]
UE4Editor-SlateCore.dll!UnknownFunction (0x000007fefa897bba) + 0 bytes [UnknownFile:0]
UE4Editor-SlateCore.dll!UnknownFunction (0x000007fefa8972fc) + 0 bytes [UnknownFile:0]
UE4Editor-SlateCore.dll!UnknownFunction (0x000007fefa8978af) + 0 bytes [UnknownFile:0]
UE4Editor-SlateCore.dll!UnknownFunction (0x000007fefa896f28) + 0 bytes [UnknownFile:0]
UE4Editor-SlateCore.dll!UnknownFunction (0x000007fefa8978af) + 0 bytes [UnknownFile:0]
UE4Editor-SlateCore.dll!UnknownFunction (0x000007fefa897bba) + 0 bytes [UnknownFile:0]
UE4Editor-SlateCore.dll!UnknownFunction (0x000007fefa8972fc) + 0 bytes [UnknownFile:0]
UE4Editor-SlateCore.dll!UnknownFunction (0x000007fefa8978af) + 0 bytes [UnknownFile:0]
UE4Editor-SlateCore.dll!UnknownFunction (0x000007fefa897bba) + 0 bytes [UnknownFile:0]
UE4Editor-Slate.dll!UnknownFunction (0x000007feec674494) + 0 bytes [UnknownFile:0]
UE4Editor-SlateCore.dll!UnknownFunction (0x000007fefa8978af) + 0 bytes [UnknownFile:0]
UE4Editor-SlateCore.dll!UnknownFunction (0x000007fefa896f28) + 0 bytes [UnknownFile:0]
UE4Editor-Slate.dll!UnknownFunction (0x000007feec671098) + 0 bytes [UnknownFile:0]
UE4Editor-SlateCore.dll!UnknownFunction (0x000007fefa8978af) + 0 bytes [UnknownFile:0]
UE4Editor-SlateCore.dll!UnknownFunction (0x000007fefa896f28) + 0 bytes [UnknownFile:0]
UE4Editor-Slate.dll!UnknownFunction (0x000007feec671098) + 0 bytes [UnknownFile:0]
UE4Editor-PropertyEditor.dll!UnknownFunction (0x000007fee65ad50f) + 0 bytes [UnknownFile:0]
UE4Editor-SlateCore.dll!UnknownFunction (0x000007fefa8978af) + 0 bytes [UnknownFile:0]
UE4Editor-SlateCore.dll!UnknownFunction (0x000007fefa897bba) + 0 bytes [UnknownFile:0]
UE4Editor-SlateCore.dll!UnknownFunction (0x000007fefa8972fc) + 0 bytes [UnknownFile:0]
UE4Editor-SlateCore.dll!UnknownFunction (0x000007fefa8978af) + 0 bytes [UnknownFile:0]
UE4Editor-SlateCore.dll!UnknownFunction (0x000007fefa896f28) + 0 bytes [UnknownFile:0]
UE4Editor-Slate.dll!UnknownFunction (0x000007feec69d5e4) + 0 bytes [UnknownFile:0]
UE4Editor-SlateCore.dll!UnknownFunction (0x000007fefa8978af) + 0 bytes [UnknownFile:0]
UE4Editor-SlateCore.dll!UnknownFunction (0x000007fefa897bba) + 0 bytes [UnknownFile:0]
UE4Editor-SlateCore.dll!UnknownFunction (0x000007fefa8972fc) + 0 bytes [UnknownFile:0]
UE4Editor-SlateCore.dll!UnknownFunction (0x000007fefa8978af) + 0 bytes [UnknownFile:0]
UE4Editor-SlateCore.dll!UnknownFunction (0x000007fefa897bba) + 0 bytes [UnknownFile:0]
UE4Editor-SlateCore.dll!UnknownFunction (0x000007fefa8972fc) + 0 bytes [UnknownFile:0]
UE4Editor-SlateCore.dll!UnknownFunction (0x000007fefa8978af) + 0 bytes [UnknownFile:0]
UE4Editor-SlateCore.dll!UnknownFunction (0x000007fefa896f28) + 0 bytes [UnknownFile:0]
UE4Editor-SlateCore.dll!UnknownFunction (0x000007fefa8978af) + 0 bytes [UnknownFile:0]
UE4Editor-SlateCore.dll!UnknownFunction (0x000007fefa896f28) + 0 bytes [UnknownFile:0]
UE4Editor-Slate.dll!UnknownFunction (0x000007feec671098) + 0 bytes [UnknownFile:0]
UE4Editor-SlateCore.dll!UnknownFunction (0x000007fefa8978af) + 0 bytes [UnknownFile:0]
UE4Editor-SlateCore.dll!UnknownFunction (0x000007fefa897bba) + 0 bytes [UnknownFile:0]
UE4Editor-SlateCore.dll!UnknownFunction (0x000007fefa8972fc) + 0 bytes [UnknownFile:0]
UE4Editor-SlateCore.dll!UnknownFunction (0x000007fefa8978af) + 0 bytes [UnknownFile:0]
UE4Editor-SlateCore.dll!UnknownFunction (0x000007fefa896f28) + 0 bytes [UnknownFile:0]
UE4Editor-Slate.dll!UnknownFunction (0x000007feec671098) + 0 bytes [UnknownFile:0]
UE4Editor-SlateCore.dll!UnknownFunction (0x000007fefa8978af) + 0 bytes [UnknownFile:0]
UE4Editor-SlateCore.dll!UnknownFunction (0x000007fefa897bba) + 0 bytes [UnknownFile:0]
UE4Editor-SlateCore.dll!UnknownFunction (0x000007fefa8972fc) + 0 bytes [UnknownFile:0]
UE4Editor-SlateCore.dll!UnknownFunction (0x000007fefa8978af) + 0 bytes [UnknownFile:0]
UE4Editor-SlateCore.dll!UnknownFunction (0x000007fefa896f28) + 0 bytes [UnknownFile:0]
UE4Editor-SlateCore.dll!UnknownFunction (0x000007fefa8978af) + 0 bytes [UnknownFile:0]
UE4Editor-SlateCore.dll!UnknownFunction (0x000007fefa896f28) + 0 bytes [UnknownFile:0]
UE4Editor-Slate.dll!UnknownFunction (0x000007feec671098) + 0 bytes [UnknownFile:0]
UE4Editor-SlateCore.dll!UnknownFunction (0x000007fefa8978af) + 0 bytes [UnknownFile:0]
UE4Editor-SlateCore.dll!UnknownFunction (0x000007fefa8971c5) + 0 bytes [UnknownFile:0]
UE4Editor-SlateCore.dll!UnknownFunction (0x000007fefa8978af) + 0 bytes [UnknownFile:0]
UE4Editor-SlateCore.dll!UnknownFunction (0x000007fefa897bba) + 0 bytes [UnknownFile:0]
UE4Editor-SlateCore.dll!UnknownFunction (0x000007fefa8972fc) + 0 bytes [UnknownFile:0]
UE4Editor-SlateCore.dll!UnknownFunction (0x000007fefa8978af) + 0 bytes [UnknownFile:0]
UE4Editor-SlateCore.dll!UnknownFunction (0x000007fefa896f28) + 0 bytes [UnknownFile:0]
UE4Editor-SlateCore.dll!UnknownFunction (0x000007fefa8978af) + 0 bytes [UnknownFile:0]
UE4Editor-SlateCore.dll!UnknownFunction (0x000007fefa897bba) + 0 bytes [UnknownFile:0]
UE4Editor-Slate.dll!UnknownFunction (0x000007feec674494) + 0 bytes [UnknownFile:0]
UE4Editor-SlateCore.dll!UnknownFunction (0x000007fefa8978af) + 0 bytes [UnknownFile:0]
UE4Editor-SlateCore.dll!UnknownFunction (0x000007fefa896f28) + 0 bytes [UnknownFile:0]
UE4Editor-SlateCore.dll!UnknownFunction (0x000007fefa8978af) + 0 bytes [UnknownFile:0]
UE4Editor-SlateCore.dll!UnknownFunction (0x000007fefa897bba) + 0 bytes [UnknownFile:0]
UE4Editor-Slate.dll!UnknownFunction (0x000007feec674494) + 0 bytes [UnknownFile:0]
UE4Editor-SlateCore.dll!UnknownFunction (0x000007fefa8978af) + 0 bytes [UnknownFile:0]
UE4Editor-SlateCore.dll!UnknownFunction (0x000007fefa896f28) + 0 bytes [UnknownFile:0]
UE4Editor-SlateCore.dll!UnknownFunction (0x000007fefa8978af) + 0 bytes [UnknownFile:0]
UE4Editor-SlateCore.dll!UnknownFunction (0x000007fefa897bba) + 0 bytes [UnknownFile:0]
UE4Editor-Slate.dll!UnknownFunction (0x000007feec674494) + 0 bytes [UnknownFile:0]
UE4Editor-SlateCore.dll!UnknownFunction (0x000007fefa8978af) + 0 bytes [UnknownFile:0]
UE4Editor-SlateCore.dll!UnknownFunction (0x000007fefa8971c5) + 0 bytes [UnknownFile:0]
UE4Editor-SlateCore.dll!UnknownFunction (0x000007fefa8978af) + 0 bytes [UnknownFile:0]
UE4Editor-SlateCore.dll!UnknownFunction (0x000007fefa896f28) + 0 bytes [UnknownFile:0]
UE4Editor-SlateCore.dll!UnknownFunction (0x000007fefa8978af) + 0 bytes [UnknownFile:0]
UE4Editor-SlateCore.dll!UnknownFunction (0x000007fefa897bba) + 0 bytes [UnknownFile:0]
UE4Editor-SlateCore.dll!UnknownFunction (0x000007fefa8972fc) + 0 bytes [UnknownFile:0]
UnknownModule!UnknownFunction (0x00004b40b491b3f7) + 0 bytes [UnknownFile:0]


[2014.12.12-19.05.01:932][816]LogExit: Executing StaticShutdownAfterError
[2014.12.12-19.05.01:944][816]LogWindows: FPlatformMisc::RequestExit(1)
[2014.12.12-19.05.01:944][816]Log file closed, 12/12/14 11:05:01
