Log file open, 12/02/14 01:53:49
LogInit:Display: Running engine for game: EpicManBP
LogInit: Version: 4.5.1-2336687+++depot+UE4-Releases+4.5
LogInit: API Version: 2326478
LogInit: Compiled (64-bit): Oct 21 2014 22:32:40
LogInit: Compiled with Visual C++: 18.00.21005.01
LogInit: Build Configuration: Development
LogInit: Branch Name: ++depot+UE4-Releases+4.5
LogInit: Command line:  
LogInit: Base directory: C:/Program Files/Unreal Engine/4.5/Engine/Binaries/Win64/
LogInit: Rocket: 1
[2014.12.02-09.53.49:667][  0]LogTaskGraph: Started task graph with 3 named threads and 4 total threads.
[2014.12.02-09.53.49:715][  0]LogOnline:Warning: No default platform service specified for OnlineSubsystem
[2014.12.02-09.53.49:745][  0]LogInit: Presizing for 0 objects not considered by GC, pre-allocating 0 bytes.
[2014.12.02-09.53.49:752][  0]LogInit: Object subsystem initialized
[2014.12.02-09.53.49:754][  0]LogConsoleResponse:Warning: Skipping Unknown console variable: 'UIScaleRule = ShortestSide'
[2014.12.02-09.53.49:754][  0]LogConsoleResponse:Warning:   Found in ini file 'C:/Users/Maurice/Documents/Unreal Projects/EpicManBP/Saved/Config/Windows/Engine.ini', in section '[/Script/Engine.RendererSettings]'
[2014.12.02-09.53.49:754][  0]LogConsoleResponse:Warning: Skipping Unknown console variable: 'UIScaleCurve = (EditorCurveData=(Keys=((Time=480.000000,Value=0.444000),(Time=720.000000,Value=0.666000),(Time=1080.000000,Value=1.000000),(Time=8640.000000,Value=8.000000))),ExternalCurve=None)'
[2014.12.02-09.53.49:754][  0]LogConsoleResponse:Warning:   Found in ini file 'C:/Users/Maurice/Documents/Unreal Projects/EpicManBP/Saved/Config/Windows/Engine.ini', in section '[/Script/Engine.RendererSettings]'
[2014.12.02-09.53.49:754][  0]LogInit: Selected Device Profile: [Windows]
[2014.12.02-09.53.49:754][  0]LogInit: Applying CVar settings loaded from the selected device profile: [Windows]
[2014.12.02-09.53.49:759][  0]LogInit: Computer: XPS3
[2014.12.02-09.53.49:759][  0]LogInit: User: Maurice
[2014.12.02-09.53.49:760][  0]LogInit: CPU Page size=4096, Cores=4
[2014.12.02-09.53.49:760][  0]LogInit: High frequency timer resolution =3.312724 MHz
[2014.12.02-09.53.49:760][  0]LogMemory: Memory total: Physical=24.0GB (24GB approx) Virtual=8192.0GB
[2014.12.02-09.53.49:760][  0]LogMemory: Platform Memory Stats for Windows
[2014.12.02-09.53.49:760][  0]LogMemory: Process Physical Memory: 76.05 MB used, 76.05 MB peak
[2014.12.02-09.53.49:760][  0]LogMemory: Process Virtual Memory: 51.39 MB used, 51.39 MB peak
[2014.12.02-09.53.49:760][  0]LogMemory: Physical Memory: 3470.38 MB used, 24527.21 MB total
[2014.12.02-09.53.49:760][  0]LogMemory: Virtual Memory: 285.34 MB used, 8388608.00 MB total
[2014.12.02-09.53.49:779][  0]LogD3D11RHI: Found D3D11 adapter 0: NVIDIA GeForce GTX 660 (Feature Level 11_0)
[2014.12.02-09.53.49:779][  0]LogD3D11RHI: Adapter has 1484MB of dedicated video memory, 0MB of dedicated system memory, and 2560MB of shared system memory, 2 output[s]
[2014.12.02-09.53.49:779][  0]LogD3D11RHI: Chosen D3D11 Adapter Id = 0
[2014.12.02-09.53.49:781][  0]LogRHI: Texture pool is 1039 MB (70% of 1484 MB)
[2014.12.02-09.53.49:787][  0]LogD3D11RHI: Async texture creation enabled
[2014.12.02-09.53.49:820][  0]LogTextLocalizationManager: The requested culture ('en_US') has no localization data; parent culture's ('en') localization data will be used.
[2014.12.02-09.53.49:925][  0]LogContentStreaming: Texture pool size is 0.000000MB
[2014.12.02-09.53.53:564][  0]LogTargetPlatformManager:Display: Building Assets For Windows
[2014.12.02-09.53.53:843][  0]LogTargetPlatformManager:Display: Building Assets For Windows
[2014.12.02-09.53.53:878][  0]LogDerivedDataCache:Display: Max Cache Size: 512 MB
[2014.12.02-09.53.53:913][  0]LogDerivedDataCache: Loaded boot cache 0.03s 39MB C:/Users/Maurice/AppData/Local/UnrealEngine/4.5/DerivedDataCache/Boot.ddc.
[2014.12.02-09.53.53:913][  0]LogDerivedDataCache:Display: Loaded Boot cache: C:/Users/Maurice/AppData/Local/UnrealEngine/4.5/DerivedDataCache/Boot.ddc
[2014.12.02-09.53.53:913][  0]LogDerivedDataCache: FDerivedDataBackendGraph:  Pak pak cache file ../../../../../../Users/Maurice/Documents/Unreal Projects/EpicManBP/DerivedDataCache/DDC.ddp not found, will not use a pak cache.
[2014.12.02-09.53.53:913][  0]LogDerivedDataCache: Unable to find inner node Pak for hierarchical cache Hierarchy.
[2014.12.02-09.53.53:964][  0]LogDerivedDataCache:Display: Pak cache opened for reading ../../../Engine/DerivedDataCache/DDC.ddp.
[2014.12.02-09.53.53:975][  0]LogDerivedDataCache: Using Local data cache path C:/Users/Maurice/AppData/Local/UnrealEngine/Common/DerivedDataCache: Writable
[2014.12.02-09.53.54:094][  0]LogMeshUtilities: No automatic mesh reduction module available
[2014.12.02-09.53.54:094][  0]LogMeshUtilities: No automatic mesh merging module available
[2014.12.02-09.53.54:267][  0]LogLinker:Warning: Asset '../../../Engine/Content/Functions/Engine_MaterialFunctions02/Texturing/FlipBook.uasset' has been saved with empty engine version. The asset will be loaded but may be incompatible.
[2014.12.02-09.53.54:269][  0]LogLinker:Warning: Asset '../../../Engine/Content/Functions/Engine_MaterialFunctions02/ExampleContent/Textures/flipbook.uasset' has been saved with empty engine version. The asset will be loaded but may be incompatible.
[2014.12.02-09.53.54:394][  0]LogInit: WinSock: version 1.1 (2.2), MaxSocks=32767, MaxUdp=65467
[2014.12.02-09.53.54:943][  0]UdpMessaging: Initializing bridge on interface 0.0.0.0:0 to multicast group 230.0.0.1:6666.
[2014.12.02-09.53.55:084][  0]LogDirectoryWatcher:Warning: Failed to begin reading directory changes for C:/Users/Maurice/Documents/Unreal Projects/EpicManBP/Binaries/Win64. Error: 0
[2014.12.02-09.53.55:165][  0]SourceControl: Info Source control is disabled
[2014.12.02-09.53.55:165][  0]SourceControl: Info Source control is disabled
[2014.12.02-09.53.55:169][  0]SourceControl: Info Source control is disabled
[2014.12.02-09.53.55:235][  0]LogObj: 22915 objects as part of root set at end of initial load.
[2014.12.02-09.53.55:235][  0]LogUObjectAllocator: 4803536 out of 0 bytes used by permanent object pool.
[2014.12.02-09.53.55:276][  0]LogEngine: Initializing Engine...
[2014.12.02-09.53.55:369][  0]LogInit: XAudio2 using 'Speakers (High Definition Audio Device)' : 2 channels at 44.1 kHz using 16 bits per sample (channel mask 0x3)
[2014.12.02-09.53.55:386][  0]LogInit: FAudioDevice initialized.
[2014.12.02-09.53.55:398][  0]LogAIModule: Creating AISystem for world NewWorld
[2014.12.02-09.53.55:418][  0]LogDerivedDataCache: Saved boot cache 0.02s 39MB C:/Users/Maurice/AppData/Local/UnrealEngine/4.5/DerivedDataCache/Boot.ddc.
[2014.12.02-09.53.55:421][  0]LogInit: Texture streaming: Enabled
[2014.12.02-09.53.55:447][  0]LogInit: Transaction tracking system initialized
[2014.12.02-09.53.55:501][  0]BlueprintLog: New page: Editor Load
[2014.12.02-09.53.55:522][  0]LogAssetRegistry: FAssetRegistry took 0.0100 seconds to start up
[2014.12.02-09.53.55:522][  0]LogDirectoryWatcher:Warning: Failed to begin reading directory changes for ../../../Engine/Plugins/Experimental/CharacterAI/Content/. Error: 0
[2014.12.02-09.53.55:818][  0]LogTargetPlatformManager:Display: Building Assets For Windows
[2014.12.02-09.53.56:043][  0]LogTargetPlatformManager:Display: Building Assets For Windows
[2014.12.02-09.53.56:170][  0]LogConsoleResponse:Display: 
[2014.12.02-09.53.56:292][  0]SourceControl: Info Source control is disabled
[2014.12.02-09.53.56:292][  0]Cmd: MAP LOAD FILE="../../../../../../Users/Maurice/Documents/Unreal Projects/EpicManBP/Content/Maps/EpicManLevel.umap" TEMPLATE=0 SHOWPROGRESS=1
[2014.12.02-09.53.56:292][  0]LightingResults: New page: Lighting Build
[2014.12.02-09.53.56:298][  0]MapCheck: New page: Map Check
[2014.12.02-09.53.56:298][  0]LightingResults: New page: Lighting Build
[2014.12.02-09.53.56:308][  0]LogParticles: Destroying 0 GPU particle simulations for FXSystem 0x0000000017441A80
[2014.12.02-09.53.57:218][  0]LogEditorServer: Finished looking for orphan Actors (0.000 secs)
[2014.12.02-09.53.57:218][  0]LogAIModule: Creating AISystem for world EpicManLevel
[2014.12.02-09.53.57:218][  0]Cmd: MAP CHECKDEP
[2014.12.02-09.53.57:218][  0]MapCheck: New page: EpicManLevel - Dec 1, 2014, 5:53:57 PM
[2014.12.02-09.53.57:290][  0]MapCheck: Info Map check complete: 0 Error(s), 0 Warning(s), took 71.855ms to complete.
[2014.12.02-09.53.57:290][  0]LogFileHelpers: Loading map 'EpicManLevel' took 0.998
[2014.12.02-09.53.57:510][  0]LogCrashTracker: Crashtracker disabled due to settings.
[2014.12.02-09.53.57:524][  0]LogCollectionManager: Loaded 0 collections in 0.000664 seconds
[2014.12.02-09.53.57:723][  0]LogUObjectGlobals:Warning: Failed to find object 'Class None.'
[2014.12.02-09.53.57:747][  0]LogLoad: Full Startup: 10.11 seconds (BP compile: 0.43 seconds)
[2014.12.02-09.53.58:247][  0]LogRenderer:Warning: Reallocating scene render targets to support 1224x912.
[2014.12.02-09.53.58:565][  1]LogContentBrowser:Verbose: The content browser source was changed by the sources view to '/Game/HUD'
[2014.12.02-09.54.00:890][  8]LogAssetRegistry: Asset discovery search completed in 5.3780 seconds
[2014.12.02-09.54.04:722][236]LogContentBrowser:Verbose: The content browser source was changed by the sources view to '/Game/Blueprints'
[2014.12.02-09.54.05:164][271]LogContentBrowser:Verbose: The content browser source was changed by the sources view to '/Game/Character'
[2014.12.02-09.54.05:636][306]LogContentBrowser:Verbose: The content browser source was changed by the sources view to '/Game/Blueprints'
[2014.12.02-09.54.06:348][355]LogContentBrowser:Verbose: The content browser source was changed by the sources view to '/Game/Blueprints/AI'
[2014.12.02-09.54.50:164][800]BlueprintLog: New page: Pre-PIE auto-recompile
[2014.12.02-09.54.50:164][800]LogPlayLevel: [PIE] Compiling Tutorial_BP_MacroLib before PIE...
[2014.12.02-09.54.50:228][800]LogPlayLevel: [PIE] Compiling EpicManLevel before PIE...
[2014.12.02-09.54.50:444][800]LogActorComponent: UnregisterComponent: (/Engine/Transient.CharacterMovementComponent_0) Not registered. Aborting.
[2014.12.02-09.54.50:444][800]LogActorComponent: UnregisterComponent: (/Engine/Transient.CharacterMovementComponent_1) Not registered. Aborting.
[2014.12.02-09.54.50:444][800]LogActorComponent: UnregisterComponent: (/Engine/Transient.CharacterMovementComponent_2) Not registered. Aborting.
[2014.12.02-09.54.50:444][800]LogActorComponent: UnregisterComponent: (/Engine/Transient.CharacterMovementComponent_3) Not registered. Aborting.
[2014.12.02-09.54.50:444][800]LogActorComponent: UnregisterComponent: (/Engine/Transient.CharacterMovementComponent_4) Not registered. Aborting.
[2014.12.02-09.54.50:444][800]LogActorComponent: UnregisterComponent: (/Engine/Transient.CharacterMovementComponent_5) Not registered. Aborting.
[2014.12.02-09.54.50:505][800]LogPlayLevel: PIE:  Blueprint regeneration took 341 ms (2 blueprints)
[2014.12.02-09.54.50:505][800]PIE: New page: PIE session: EpicManLevel (Dec 1, 2014, 5:54:50 PM)
[2014.12.02-09.54.50:515][800]LogPlayLevel: PIE: StaticDuplicateObject took: (0.009542s)
[2014.12.02-09.54.50:515][800]LogPlayLevel: PIE: World Init took: (0.000350s)
[2014.12.02-09.54.50:515][800]LogPlayLevel: PIE: Created PIE world by copying editor world from /Game/Maps/EpicManLevel.EpicManLevel to /Game/Maps/UEDPIE_0_EpicManLevel.EpicManLevel (0.010107s)
[2014.12.02-09.54.50:559][800]LogWorld: Game class is 'MyGame_C'
[2014.12.02-09.54.50:560][800]LogAIModule: Creating AISystem for world EpicManLevel
[2014.12.02-09.54.50:564][800]LogWorld: Bringing World /Game/Maps/UEDPIE_0_EpicManLevel.EpicManLevel up for play (max tick rate 0) at 2014.12.02-01.54.50
[2014.12.02-09.54.50:564][800]LogWorld: Bringing up level for play took: 0.004104
[2014.12.02-09.54.51:010][800]PIE: Info Play in editor start time for /Game/Maps/UEDPIE_0_EpicManLevel 0.081
[2014.12.02-09.55.48:441][936]LogParticles: Destroying 0 GPU particle simulations for FXSystem 0x0000000013B376A0
[2014.12.02-09.55.55:601][350]LogContentBrowser:Verbose: The content browser source was changed by the sources view to '/Game/Blueprints'
[2014.12.02-09.56.00:873][621]LogRenderer:Warning: Reallocating scene render targets to support 1224x944.
[2014.12.02-09.56.37:182][164]LogActorComponent: UnregisterComponent: (/Engine/Transient.CharacterMovementComponent_6) Not registered. Aborting.
[2014.12.02-09.56.37:182][164]LogActorComponent: UnregisterComponent: (/Engine/Transient.CharacterMovementComponent_7) Not registered. Aborting.
[2014.12.02-09.56.37:182][164]LogActorComponent: UnregisterComponent: (/Engine/Transient.CharacterMovementComponent_8) Not registered. Aborting.
[2014.12.02-09.56.37:182][164]LogActorComponent: UnregisterComponent: (/Engine/Transient.CharacterMovementComponent_9) Not registered. Aborting.
[2014.12.02-09.56.37:182][164]LogActorComponent: UnregisterComponent: (/Engine/Transient.CharacterMovementComponent_10) Not registered. Aborting.
[2014.12.02-09.56.37:182][164]LogActorComponent: UnregisterComponent: (/Engine/Transient.CharacterMovementComponent_11) Not registered. Aborting.
[2014.12.02-09.57.00:935][833]BlueprintLog: New page: Compile MyCharacter
[2014.12.02-09.57.01:110][833]LogParticles: Destroying 0 GPU particle simulations for FXSystem 0x0000000022CC0900
[2014.12.02-09.57.01:185][833]BlueprintEditorCompileResults: Info [0193.41] Compile of MyCharacter successful! [in 82 ms]
[2014.12.02-09.57.02:215][905]Cmd: OBJ SAVEPACKAGE PACKAGE="/Game/Blueprints/MyCharacter" FILE="../../../../../../Users/Maurice/Documents/Unreal Projects/EpicManBP/Content/Blueprints/MyCharacter.uasset" SILENT=true
[2014.12.02-09.57.02:576][905]LogSavePackage: Save=309.154327ms
[2014.12.02-09.57.02:576][905]LogSavePackage: Moving '../../../../../../Users/Maurice/Documents/Unreal Projects/EpicManBP/Saved/MyCharacter18734F5F42BB1A885F178B81E0BA9FB9.tmp' to '../../../../../../Users/Maurice/Documents/Unreal Projects/EpicManBP/Content/Blueprints/MyCharacter.uasset'
[2014.12.02-09.57.03:971][996]BlueprintLog: New page: Pre-PIE auto-recompile
[2014.12.02-09.57.03:971][996]LogPlayLevel: [PIE] Compiling GhostBox before PIE...
[2014.12.02-09.57.04:160][996]LogActorComponent: UnregisterComponent: (/Engine/Transient.CharacterMovementComponent_12) Not registered. Aborting.
[2014.12.02-09.57.04:161][996]LogPlayLevel: [PIE] Compiling BasicPickup before PIE...
[2014.12.02-09.57.04:209][996]LogPlayLevel: [PIE] Compiling PowerUp before PIE...
[2014.12.02-09.57.04:277][996]LogPlayLevel: [PIE] Compiling EpicManLevel before PIE...
[2014.12.02-09.57.04:322][996]LogPlayLevel: [PIE] Compiling EpicManHUD before PIE...
[2014.12.02-09.57.04:442][996]LogPlayLevel: [PIE] Compiling Ghost before PIE...
[2014.12.02-09.57.04:863][996]LogPlayLevel: [PIE] Compiling IntersectionSensor before PIE...
[2014.12.02-09.57.05:020][996]LogPlayLevel: [PIE] Compiling MyCharacter before PIE...
[2014.12.02-09.57.05:253][996]LogPlayLevel: [PIE] Compiling TheGrid before PIE...
[2014.12.02-09.57.05:306][996]LogPlayLevel: [PIE] Compiling LightBlueGhost before PIE...
[2014.12.02-09.57.05:344][996]LogPlayLevel: [PIE] Compiling OrangeGhost before PIE...
[2014.12.02-09.57.05:384][996]LogPlayLevel: [PIE] Compiling RedGhost before PIE...
[2014.12.02-09.57.05:422][996]LogPlayLevel: [PIE] Compiling PinkGhost before PIE...
[2014.12.02-09.57.05:460][996]LogPlayLevel: [PIE] Compiling NoSpawnArea before PIE...
[2014.12.02-09.57.05:537][996]LogPlayLevel: PIE:  Blueprint regeneration took 1566 ms (14 blueprints)
[2014.12.02-09.57.05:537][996]PIE: New page: PIE session: EpicManLevel (Dec 1, 2014, 5:57:05 PM)
[2014.12.02-09.57.05:547][996]LogPlayLevel: PIE: StaticDuplicateObject took: (0.009425s)
[2014.12.02-09.57.05:547][996]LogPlayLevel: PIE: World Init took: (0.000352s)
[2014.12.02-09.57.05:547][996]LogPlayLevel: PIE: Created PIE world by copying editor world from /Game/Maps/EpicManLevel.EpicManLevel to /Game/Maps/UEDPIE_0_EpicManLevel.EpicManLevel (0.009943s)
[2014.12.02-09.57.05:571][996]LogWorld: Game class is 'MyGame_C'
[2014.12.02-09.57.05:573][996]LogAIModule: Creating AISystem for world EpicManLevel
[2014.12.02-09.57.05:576][996]LogWorld: Bringing World /Game/Maps/UEDPIE_0_EpicManLevel.EpicManLevel up for play (max tick rate 0) at 2014.12.02-01.57.05
[2014.12.02-09.57.05:577][996]LogWorld: Bringing up level for play took: 0.003679
[2014.12.02-09.57.06:019][996]PIE: Info Play in editor start time for /Game/Maps/UEDPIE_0_EpicManLevel 1.088
[2014.12.02-09.57.33:825][951]LogParticles: Destroying 0 GPU particle simulations for FXSystem 0x00000000258CC180
[2014.12.02-09.57.59:985][756]BlueprintLog: New page: Compile MyCharacter
[2014.12.02-09.58.00:203][756]BlueprintEditorCompileResults: Info [0252.43] Compile of MyCharacter successful! [in 59 ms]
[2014.12.02-09.58.00:861][800]Cmd: OBJ SAVEPACKAGE PACKAGE="/Game/Blueprints/MyCharacter" FILE="../../../../../../Users/Maurice/Documents/Unreal Projects/EpicManBP/Content/Blueprints/MyCharacter.uasset" SILENT=true
[2014.12.02-09.58.01:216][800]LogSavePackage: Save=304.858490ms
[2014.12.02-09.58.01:216][800]LogSavePackage: Moving '../../../../../../Users/Maurice/Documents/Unreal Projects/EpicManBP/Saved/MyCharacter97922A484DC676B02E6F4187F4554415.tmp' to '../../../../../../Users/Maurice/Documents/Unreal Projects/EpicManBP/Content/Blueprints/MyCharacter.uasset'
[2014.12.02-09.58.04:332][996]BlueprintLog: New page: Pre-PIE auto-recompile
[2014.12.02-09.58.04:332][996]LogPlayLevel: [PIE] Compiling Ghost before PIE...
[2014.12.02-09.58.04:465][996]LogActorComponent: UnregisterComponent: (/Engine/Transient.CharacterMovementComponent_13) Not registered. Aborting.
[2014.12.02-09.58.04:731][996]LogPlayLevel: [PIE] Compiling GhostBox before PIE...
[2014.12.02-09.58.04:913][996]LogPlayLevel: [PIE] Compiling BasicPickup before PIE...
[2014.12.02-09.58.04:957][996]LogPlayLevel: [PIE] Compiling PowerUp before PIE...
[2014.12.02-09.58.05:022][996]LogPlayLevel: [PIE] Compiling EpicManLevel before PIE...
[2014.12.02-09.58.05:072][996]LogPlayLevel: [PIE] Compiling EpicManHUD before PIE...
[2014.12.02-09.58.05:207][996]LogPlayLevel: [PIE] Compiling IntersectionSensor before PIE...
[2014.12.02-09.58.05:283][996]LogPlayLevel: [PIE] Compiling LightBlueGhost before PIE...
[2014.12.02-09.58.05:324][996]LogPlayLevel: [PIE] Compiling OrangeGhost before PIE...
[2014.12.02-09.58.05:450][996]LogPlayLevel: [PIE] Compiling MyCharacter before PIE...
[2014.12.02-09.58.05:671][996]LogPlayLevel: [PIE] Compiling RedGhost before PIE...
[2014.12.02-09.58.05:713][996]LogPlayLevel: [PIE] Compiling PinkGhost before PIE...
[2014.12.02-09.58.05:754][996]LogPlayLevel: [PIE] Compiling TheGrid before PIE...
[2014.12.02-09.58.05:814][996]LogPlayLevel: [PIE] Compiling NoSpawnArea before PIE...
[2014.12.02-09.58.05:902][996]LogPlayLevel: PIE:  Blueprint regeneration took 1570 ms (14 blueprints)
[2014.12.02-09.58.05:903][996]PIE: New page: PIE session: EpicManLevel (Dec 1, 2014, 5:58:05 PM)
[2014.12.02-09.58.05:912][996]LogPlayLevel: PIE: StaticDuplicateObject took: (0.009518s)
[2014.12.02-09.58.05:913][996]LogPlayLevel: PIE: World Init took: (0.000420s)
[2014.12.02-09.58.05:913][996]LogPlayLevel: PIE: Created PIE world by copying editor world from /Game/Maps/EpicManLevel.EpicManLevel to /Game/Maps/UEDPIE_0_EpicManLevel.EpicManLevel (0.010178s)
[2014.12.02-09.58.05:939][996]LogWorld: Game class is 'MyGame_C'
[2014.12.02-09.58.05:940][996]LogAIModule: Creating AISystem for world EpicManLevel
[2014.12.02-09.58.05:944][996]LogWorld: Bringing World /Game/Maps/UEDPIE_0_EpicManLevel.EpicManLevel up for play (max tick rate 0) at 2014.12.02-01.58.05
[2014.12.02-09.58.05:944][996]LogWorld: Bringing up level for play took: 0.003663
[2014.12.02-09.58.06:395][996]PIE: Info Play in editor start time for /Game/Maps/UEDPIE_0_EpicManLevel 1.462
[2014.12.02-09.58.08:545][181]LogParticles: Destroying 0 GPU particle simulations for FXSystem 0x00000000351DB240
[2014.12.02-09.58.12:230][410]LogSavePackage: Save=321.102203ms
[2014.12.02-09.58.12:230][410]LogSavePackage: Moving '../../../../../../Users/Maurice/Documents/Unreal Projects/EpicManBP/Saved/EpicManLevelEE2854D840274868609B698548D782DC.tmp' to '../../../../../../Users/Maurice/Documents/Unreal Projects/EpicManBP/Content/Maps/EpicManLevel.umap'
[2014.12.02-09.58.15:728][478]Cmd: QUIT_EDITOR
[2014.12.02-09.58.16:155][478]LogExit: Preparing to exit.
[2014.12.02-09.58.17:068][478]LogExit: Editor shut down
[2014.12.02-09.58.17:068][478]LogExit: Transaction tracking system shut down
[2014.12.02-09.58.17:070][478]LogParticles: Destroying 0 GPU particle simulations for FXSystem 0x0000000019E4E7A0
[2014.12.02-09.58.17:070][478]LogParticles: Destroying 0 GPU particle simulations for FXSystem 0x000000001E8F1B20
[2014.12.02-09.58.17:071][478]LogParticles: Destroying 0 GPU particle simulations for FXSystem 0x000000001A63B560
[2014.12.02-09.58.17:071][478]LogParticles: Destroying 0 GPU particle simulations for FXSystem 0x000000001A63B420
[2014.12.02-09.58.17:071][478]LogParticles: Destroying 0 GPU particle simulations for FXSystem 0x00000000126B5D00
[2014.12.02-09.58.17:071][478]LogParticles: Destroying 0 GPU particle simulations for FXSystem 0x00000000126B60C0
[2014.12.02-09.58.17:071][478]LogParticles: Destroying 0 GPU particle simulations for FXSystem 0x00000000126B5B20
[2014.12.02-09.58.17:071][478]LogParticles: Destroying 0 GPU particle simulations for FXSystem 0x000000001AE18EA0
[2014.12.02-09.58.17:098][478]LogExit: Object subsystem successfully closed.
[2014.12.02-09.58.17:134][478]LogModuleManager: Shutting down and abandoning module AndroidDeviceDetection (166)
[2014.12.02-09.58.17:134][478]LogModuleManager: Shutting down and abandoning module EditorWidgets (165)
[2014.12.02-09.58.17:134][478]LogModuleManager: Shutting down and abandoning module CollectionManager (164)
[2014.12.02-09.58.17:134][478]LogModuleManager: Shutting down and abandoning module CrashTracker (163)
[2014.12.02-09.58.17:134][478]LogModuleManager: Shutting down and abandoning module SuperSearch (162)
[2014.12.02-09.58.17:134][478]LogModuleManager: Shutting down and abandoning module SceneOutliner (161)
[2014.12.02-09.58.17:134][478]LogModuleManager: Shutting down and abandoning module StatsViewer (160)
[2014.12.02-09.58.17:134][478]LogModuleManager: Shutting down and abandoning module FoliageEdit (159)
[2014.12.02-09.58.17:134][478]LogModuleManager: Shutting down and abandoning module LandscapeEditor (158)
[2014.12.02-09.58.17:134][478]LogModuleManager: Shutting down and abandoning module MeshPaint (157)
[2014.12.02-09.58.17:134][478]LogModuleManager: Shutting down and abandoning module ActorPickerMode (156)
[2014.12.02-09.58.17:134][478]LogModuleManager: Shutting down and abandoning module GeometryMode (155)
[2014.12.02-09.58.17:134][478]LogModuleManager: Shutting down and abandoning module TextureAlignMode (154)
[2014.12.02-09.58.17:134][478]LogModuleManager: Shutting down and abandoning module BspMode (153)
[2014.12.02-09.58.17:134][478]LogModuleManager: Shutting down and abandoning module PlacementMode (152)
[2014.12.02-09.58.17:134][478]LogModuleManager: Shutting down and abandoning module AutomationWorker (151)
[2014.12.02-09.58.17:134][478]LogModuleManager: Shutting down and abandoning module CharacterAI (150)
[2014.12.02-09.58.17:134][478]LogModuleManager: Shutting down and abandoning module GameProjectGeneration (149)
[2014.12.02-09.58.17:134][478]LogModuleManager: Shutting down and abandoning module IntroTutorials (148)
[2014.12.02-09.58.17:134][478]LogModuleManager: Shutting down and abandoning module EditorLiveStreaming (147)
[2014.12.02-09.58.17:134][478]LogModuleManager: Shutting down and abandoning module HardwareTargeting (146)
[2014.12.02-09.58.17:134][478]LogModuleManager: Shutting down and abandoning module BehaviorTreeEditor (145)
[2014.12.02-09.58.17:134][478]LogModuleManager: Shutting down and abandoning module DeviceProfileEditor (144)
[2014.12.02-09.58.17:134][478]LogModuleManager: Shutting down and abandoning module UndoHistory (143)
[2014.12.02-09.58.17:134][478]LogModuleManager: Shutting down and abandoning module GameplayTagsEditor (142)
[2014.12.02-09.58.17:134][478]LogModuleManager: Shutting down and abandoning module UserFeedback (141)
[2014.12.02-09.58.17:134][478]LogModuleManager: Shutting down and abandoning module XmlParser (140)
[2014.12.02-09.58.17:134][478]LogModuleManager: Shutting down and abandoning module Blutility (139)
[2014.12.02-09.58.17:134][478]LogModuleManager: Shutting down and abandoning module IOSPlatformEditor (138)
[2014.12.02-09.58.17:134][478]LogModuleManager: Shutting down and abandoning module IOSRuntimeSettings (137)
[2014.12.02-09.58.17:134][478]LogModuleManager: Shutting down and abandoning module AndroidPlatformEditor (136)
[2014.12.02-09.58.17:134][478]LogModuleManager: Shutting down and abandoning module AndroidRuntimeSettings (135)
[2014.12.02-09.58.17:134][478]LogModuleManager: Shutting down and abandoning module ProjectTargetPlatformEditor (134)
[2014.12.02-09.58.17:135][478]LogModuleManager: Shutting down and abandoning module ProjectSettingsViewer (133)
[2014.12.02-09.58.17:135][478]LogModuleManager: Shutting down and abandoning module InputBindingEditor (132)
[2014.12.02-09.58.17:135][478]LogModuleManager: Shutting down and abandoning module EditorSettingsViewer (131)
[2014.12.02-09.58.17:135][478]LogModuleManager: Shutting down and abandoning module SettingsEditor (130)
[2014.12.02-09.58.17:135][478]LogModuleManager: Shutting down and abandoning module ProjectLauncher (129)
[2014.12.02-09.58.17:135][478]LogModuleManager: Shutting down and abandoning module SessionFrontend (128)
[2014.12.02-09.58.17:135][478]LogModuleManager: Shutting down and abandoning module ProfilerClient (127)
[2014.12.02-09.58.17:135][478]LogModuleManager: Shutting down and abandoning module TargetDeviceServices (126)
[2014.12.02-09.58.17:135][478]LogModuleManager: Shutting down and abandoning module DeviceManager (125)
[2014.12.02-09.58.17:135][478]LogModuleManager: Shutting down and abandoning module AutomationController (124)
[2014.12.02-09.58.17:135][478]LogModuleManager: Shutting down and abandoning module AutomationWindow (123)
[2014.12.02-09.58.17:135][478]LogModuleManager: Shutting down and abandoning module Layers (122)
[2014.12.02-09.58.17:135][478]LogModuleManager: Shutting down and abandoning module ComponentVisualizers (121)
[2014.12.02-09.58.17:135][478]LogModuleManager: Shutting down and abandoning module DetailCustomizations (120)
[2014.12.02-09.58.17:135][478]LogModuleManager: Shutting down and abandoning module PackagesDialog (119)
[2014.12.02-09.58.17:135][478]LogModuleManager: Shutting down and abandoning module AssetRegistry (118)
[2014.12.02-09.58.17:173][478]LogModuleManager: Shutting down and abandoning module Persona (117)
[2014.12.02-09.58.17:173][478]LogModuleManager: Shutting down and abandoning module Kismet (116)
[2014.12.02-09.58.17:173][478]LogModuleManager: Shutting down and abandoning module GraphEditor (115)
[2014.12.02-09.58.17:173][478]LogModuleManager: Shutting down and abandoning module ClassViewer (114)
[2014.12.02-09.58.17:173][478]LogModuleManager: Shutting down and abandoning module Toolbox (113)
[2014.12.02-09.58.17:173][478]LogModuleManager: Shutting down and abandoning module ModuleUI (112)
[2014.12.02-09.58.17:173][478]LogModuleManager: Shutting down and abandoning module MovieSceneTools (111)
[2014.12.02-09.58.17:173][478]LogModuleManager: Shutting down and abandoning module OutputLog (110)
[2014.12.02-09.58.17:173][478]LogModuleManager: Shutting down and abandoning module GammaUI (109)
[2014.12.02-09.58.17:173][478]LogModuleManager: Shutting down and abandoning module Documentation (108)
[2014.12.02-09.58.17:173][478]LogModuleManager: Shutting down and abandoning module GameLiveStreaming (107)
[2014.12.02-09.58.17:173][478]LogModuleManager: Shutting down and abandoning module StreamingPauseRendering (106)
[2014.12.02-09.58.17:173][478]LogModuleManager: Shutting down and abandoning module HTTP (105)
[2014.12.02-09.58.17:173][478]LogModuleManager: Shutting down and abandoning module AnalyticsET (104)
[2014.12.02-09.58.17:173][478]LogModuleManager: Shutting down and abandoning module Analytics (103)
[2014.12.02-09.58.17:173][478]LogModuleManager: Shutting down and abandoning module GameplayDebugger (102)
[2014.12.02-09.58.17:173][478]LogModuleManager: Shutting down and abandoning module AIModule (101)
[2014.12.02-09.58.17:173][478]LogModuleManager: Shutting down and abandoning module ProfilerService (100)
[2014.12.02-09.58.17:266][478]LogModuleManager: Shutting down and abandoning module TaskGraph (99)
[2014.12.02-09.58.17:266][478]LogModuleManager: Shutting down and abandoning module SlateRemote (98)
[2014.12.02-09.58.17:266][478]LogModuleManager: Shutting down and abandoning module ScriptEditorPlugin (97)
[2014.12.02-09.58.17:266][478]LogModuleManager: Shutting down and abandoning module CustomMeshComponent (96)
[2014.12.02-09.58.17:266][478]LogModuleManager: Shutting down and abandoning module CableComponent (95)
[2014.12.02-09.58.17:266][478]LogModuleManager: Shutting down and abandoning module MessagingDebugger (94)
[2014.12.02-09.58.17:266][478]LogModuleManager: Shutting down and abandoning module MediaPlayerEditor (93)
[2014.12.02-09.58.17:266][478]LogModuleManager: Shutting down and abandoning module SpeedTreeImporter (92)
[2014.12.02-09.58.17:266][478]LogModuleManager: Shutting down and abandoning module PluginsEditor (91)
[2014.12.02-09.58.17:266][478]LogModuleManager: Shutting down and abandoning module EpicSurvey (90)
[2014.12.02-09.58.17:266][478]LogModuleManager: Shutting down and abandoning module DesktopPlatform (89)
[2014.12.02-09.58.17:266][478]LogModuleManager: Shutting down and abandoning module VisualStudioSourceCodeAccess (88)
[2014.12.02-09.58.17:266][478]LogModuleManager: Shutting down and abandoning module UObjectPlugin (87)
[2014.12.02-09.58.17:266][478]LogModuleManager: Shutting down and abandoning module SubversionSourceControl (86)
[2014.12.02-09.58.17:266][478]LogModuleManager: Shutting down and abandoning module SourceControl (85)
[2014.12.02-09.58.17:266][478]LogModuleManager: Shutting down and abandoning module PerforceSourceControl (84)
[2014.12.02-09.58.17:266][478]LogModuleManager: Shutting down and abandoning module BlankPlugin (83)
[2014.12.02-09.58.17:266][478]LogModuleManager: Shutting down and abandoning module SlateReflector (82)
[2014.12.02-09.58.17:266][478]LogModuleManager: Shutting down and abandoning module DirectoryWatcher (81)
[2014.12.02-09.58.17:267][478]LogModuleManager: Shutting down and abandoning module HotReload (80)
[2014.12.02-09.58.17:267][478]LogModuleManager: Shutting down and abandoning module MainFrame (79)
[2014.12.02-09.58.17:267][478]LogModuleManager: Shutting down and abandoning module LevelEditor (78)
[2014.12.02-09.58.17:268][478]LogModuleManager: Shutting down and abandoning module ViewportSnapping (77)
[2014.12.02-09.58.17:268][478]LogModuleManager: Shutting down and abandoning module SmartSnapping (76)
[2014.12.02-09.58.17:268][478]LogModuleManager: Shutting down and abandoning module PaperTiledImporter (75)
[2014.12.02-09.58.17:268][478]LogModuleManager: Shutting down and abandoning module PaperJsonImporter (74)
[2014.12.02-09.58.17:268][478]LogModuleManager: Shutting down and abandoning module ContentBrowser (73)
[2014.12.02-09.58.17:268][478]LogModuleManager: Shutting down and abandoning module PropertyEditor (72)
[2014.12.02-09.58.17:268][478]LogModuleManager: Shutting down and abandoning module Paper2DEditor (71)
[2014.12.02-09.58.17:269][478]LogModuleManager: Shutting down and abandoning module ScriptPlugin (70)
[2014.12.02-09.58.17:269][478]LogModuleManager: Shutting down and abandoning module UdpMessaging (69)
[2014.12.02-09.58.17:369][478]LogModuleManager: Shutting down and abandoning module Paper2D (68)
[2014.12.02-09.58.17:369][478]LogModuleManager: Shutting down and abandoning module WindowsMoviePlayer (67)
[2014.12.02-09.58.17:372][478]LogModuleManager: Shutting down and abandoning module Media (66)
[2014.12.02-09.58.17:372][478]LogModuleManager: Shutting down and abandoning module WmfMedia (65)
[2014.12.02-09.58.17:373][478]LogModuleManager: Shutting down and abandoning module OnlineBlueprintSupport (64)
[2014.12.02-09.58.17:373][478]LogModuleManager: Shutting down and abandoning module FunctionalTesting (63)
[2014.12.02-09.58.17:373][478]LogModuleManager: Shutting down and abandoning module CollisionAnalyzer (62)
[2014.12.02-09.58.17:373][478]LogModuleManager: Shutting down and abandoning module WorkspaceMenuStructure (61)
[2014.12.02-09.58.17:373][478]LogModuleManager: Shutting down and abandoning module MessageLog (60)
[2014.12.02-09.58.17:373][478]LogModuleManager: Shutting down and abandoning module Sequencer (59)
[2014.12.02-09.58.17:373][478]LogModuleManager: Shutting down and abandoning module AssetTools (58)
[2014.12.02-09.58.17:373][478]LogModuleManager: Shutting down and abandoning module UMGEditor (57)
[2014.12.02-09.58.17:373][478]LogModuleManager: Shutting down and abandoning module UMG (56)
[2014.12.02-09.58.17:373][478]LogModuleManager: Shutting down and abandoning module Slate (55)
[2014.12.02-09.58.17:373][478]LogModuleManager: Shutting down and abandoning module EditorStyle (54)
[2014.12.02-09.58.17:375][478]LogModuleManager: Shutting down and abandoning module SessionServices (53)
[2014.12.02-09.58.17:375][478]LogModuleManager: Shutting down and abandoning module SourceCodeAccess (52)
[2014.12.02-09.58.17:375][478]LogModuleManager: Shutting down and abandoning module HeadMountedDisplay (51)
[2014.12.02-09.58.17:375][478]LogModuleManager: Shutting down and abandoning module XAudio2 (50)
[2014.12.02-09.58.17:375][478]LogModuleManager: Shutting down and abandoning module Networking (48)
[2014.12.02-09.58.17:375][478]LogModuleManager: Shutting down and abandoning module Core (47)
[2014.12.02-09.58.17:375][478]LogModuleManager: Shutting down and abandoning module KismetCompiler (46)
[2014.12.02-09.58.17:375][478]LogModuleManager: Shutting down and abandoning module PhysXFormats (45)
[2014.12.02-09.58.17:375][478]LogModuleManager: Shutting down and abandoning module MeshUtilities (44)
[2014.12.02-09.58.17:375][478]LogModuleManager: Shutting down and abandoning module DerivedDataCache (43)
[2014.12.02-09.58.17:437][478]LogDerivedDataCache: Shutdown
[2014.12.02-09.58.17:437][478]LogModuleManager: Shutting down and abandoning module ShaderFormatOpenGL (42)
[2014.12.02-09.58.17:437][478]LogModuleManager: Shutting down and abandoning module ShaderFormatD3D (41)
[2014.12.02-09.58.17:437][478]LogModuleManager: Shutting down and abandoning module MetalShaderFormat (40)
[2014.12.02-09.58.17:437][478]LogModuleManager: Shutting down and abandoning module TextureFormatUncompressed (39)
[2014.12.02-09.58.17:437][478]LogModuleManager: Shutting down and abandoning module TextureFormatPVR (38)
[2014.12.02-09.58.17:437][478]LogModuleManager: Shutting down and abandoning module TextureFormatDXT (37)
[2014.12.02-09.58.17:437][478]LogModuleManager: Shutting down and abandoning module TextureFormatAndroid (36)
[2014.12.02-09.58.17:437][478]LogModuleManager: Shutting down and abandoning module AudioFormatOpus (35)
[2014.12.02-09.58.17:437][478]LogModuleManager: Shutting down and abandoning module AudioFormatOgg (34)
[2014.12.02-09.58.17:437][478]LogModuleManager: Shutting down and abandoning module AudioFormatADPCM (33)
[2014.12.02-09.58.17:437][478]LogModuleManager: Shutting down and abandoning module Messaging (32)
[2014.12.02-09.58.17:437][478]LogModuleManager: Shutting down and abandoning module IOSTargetPlatform (31)
[2014.12.02-09.58.17:437][478]LogModuleManager: Shutting down and abandoning module Android_PVRTCTargetPlatform (30)
[2014.12.02-09.58.17:437][478]LogModuleManager: Shutting down and abandoning module Android_ETC2TargetPlatform (29)
[2014.12.02-09.58.17:437][478]LogModuleManager: Shutting down and abandoning module Android_ETC1TargetPlatform (28)
[2014.12.02-09.58.17:437][478]LogModuleManager: Shutting down and abandoning module Android_DXTTargetPlatform (27)
[2014.12.02-09.58.17:437][478]LogModuleManager: Shutting down and abandoning module Android_ATCTargetPlatform (26)
[2014.12.02-09.58.17:437][478]LogModuleManager: Shutting down and abandoning module AndroidTargetPlatform (25)
[2014.12.02-09.58.17:437][478]LogModuleManager: Shutting down and abandoning module WindowsTargetPlatform (24)
[2014.12.02-09.58.17:437][478]LogModuleManager: Shutting down and abandoning module WindowsServerTargetPlatform (23)
[2014.12.02-09.58.17:437][478]LogModuleManager: Shutting down and abandoning module WindowsNoEditorTargetPlatform (22)
[2014.12.02-09.58.17:437][478]LogModuleManager: Shutting down and abandoning module WindowsClientTargetPlatform (21)
[2014.12.02-09.58.17:437][478]LogModuleManager: Shutting down and abandoning module TargetPlatform (20)
[2014.12.02-09.58.17:437][478]LogModuleManager: Shutting down and abandoning module InputCore (19)
[2014.12.02-09.58.17:437][478]LogModuleManager: Shutting down and abandoning module Settings (18)
[2014.12.02-09.58.17:437][478]LogModuleManager: Shutting down and abandoning module ImageWrapper (17)
[2014.12.02-09.58.17:437][478]LogModuleManager: Shutting down and abandoning module OculusRift (14)
[2014.12.02-09.58.17:437][478]LogModuleManager: Shutting down and abandoning module ExampleDeviceProfileSelector (13)
[2014.12.02-09.58.17:437][478]LogModuleManager: Shutting down and abandoning module TextureCompressor (12)
[2014.12.02-09.58.17:437][478]LogModuleManager: Shutting down and abandoning module ShaderCore (11)
[2014.12.02-09.58.17:437][478]LogModuleManager: Shutting down and abandoning module SlateRHIRenderer (10)
[2014.12.02-09.58.17:438][478]LogModuleManager: Shutting down and abandoning module OpenGLDrv (9)
[2014.12.02-09.58.17:439][478]LogModuleManager: Shutting down and abandoning module D3D11RHI (8)
[2014.12.02-09.58.17:439][478]LogModuleManager: Shutting down and abandoning module Renderer (7)
[2014.12.02-09.58.17:439][478]LogModuleManager: Shutting down and abandoning module Engine (6)
[2014.12.02-09.58.17:439][478]LogModuleManager: Shutting down and abandoning module CoreUObject (5)
[2014.12.02-09.58.17:439][478]LogModuleManager: Shutting down and abandoning module NetworkFile (4)
[2014.12.02-09.58.17:439][478]LogModuleManager: Shutting down and abandoning module StreamingFile (3)
[2014.12.02-09.58.17:439][478]LogModuleManager: Shutting down and abandoning module SandboxFile (2)
[2014.12.02-09.58.17:439][478]LogModuleManager: Shutting down and abandoning module PakFile (1)
[2014.12.02-09.58.17:439][478]LogExit: Exiting.
[2014.12.02-09.58.17:446][478]Log file closed, 12/02/14 01:58:17
