Log file open, 12/01/14 16:36:18
LogInit:Display: Running engine for game: EpicManBP
LogInit: Version: 4.5.1-2336687+++depot+UE4-Releases+4.5
LogInit: API Version: 2326478
LogInit: Compiled (64-bit): Oct 21 2014 22:32:40
LogInit: Compiled with Visual C++: 18.00.21005.01
LogInit: Build Configuration: Development
LogInit: Branch Name: ++depot+UE4-Releases+4.5
LogInit: Command line:  
LogInit: Base directory: C:/Program Files/Unreal Engine/4.5/Engine/Binaries/Win64/
LogInit: Rocket: 1
[2014.12.02-00.36.18:347][  0]LogTaskGraph: Started task graph with 3 named threads and 4 total threads.
[2014.12.02-00.36.18:386][  0]LogOnline:Warning: No default platform service specified for OnlineSubsystem
[2014.12.02-00.36.18:409][  0]LogInit: Presizing for 0 objects not considered by GC, pre-allocating 0 bytes.
[2014.12.02-00.36.18:420][  0]LogInit: Object subsystem initialized
[2014.12.02-00.36.18:424][  0]LogConsoleResponse:Warning: Skipping Unknown console variable: 'UIScaleRule = ShortestSide'
[2014.12.02-00.36.18:424][  0]LogConsoleResponse:Warning:   Found in ini file 'C:/Users/Maurice/Documents/Unreal Projects/EpicManBP/Saved/Config/Windows/Engine.ini', in section '[/Script/Engine.RendererSettings]'
[2014.12.02-00.36.18:424][  0]LogConsoleResponse:Warning: Skipping Unknown console variable: 'UIScaleCurve = (EditorCurveData=(Keys=((Time=480.000000,Value=0.444000),(Time=720.000000,Value=0.666000),(Time=1080.000000,Value=1.000000),(Time=8640.000000,Value=8.000000))),ExternalCurve=None)'
[2014.12.02-00.36.18:424][  0]LogConsoleResponse:Warning:   Found in ini file 'C:/Users/Maurice/Documents/Unreal Projects/EpicManBP/Saved/Config/Windows/Engine.ini', in section '[/Script/Engine.RendererSettings]'
[2014.12.02-00.36.18:425][  0]LogInit: Selected Device Profile: [Windows]
[2014.12.02-00.36.18:425][  0]LogInit: Applying CVar settings loaded from the selected device profile: [Windows]
[2014.12.02-00.36.18:431][  0]LogInit: Computer: XPS3
[2014.12.02-00.36.18:431][  0]LogInit: User: Maurice
[2014.12.02-00.36.18:431][  0]LogInit: CPU Page size=4096, Cores=4
[2014.12.02-00.36.18:431][  0]LogInit: High frequency timer resolution =3.312724 MHz
[2014.12.02-00.36.18:431][  0]LogMemory: Memory total: Physical=24.0GB (24GB approx) Virtual=8192.0GB
[2014.12.02-00.36.18:432][  0]LogMemory: Platform Memory Stats for Windows
[2014.12.02-00.36.18:432][  0]LogMemory: Process Physical Memory: 75.47 MB used, 75.47 MB peak
[2014.12.02-00.36.18:432][  0]LogMemory: Process Virtual Memory: 50.80 MB used, 50.80 MB peak
[2014.12.02-00.36.18:432][  0]LogMemory: Physical Memory: 3617.10 MB used, 24527.21 MB total
[2014.12.02-00.36.18:432][  0]LogMemory: Virtual Memory: 283.78 MB used, 8388608.00 MB total
[2014.12.02-00.36.18:466][  0]LogD3D11RHI: Found D3D11 adapter 0: NVIDIA GeForce GTX 660 (Feature Level 11_0)
[2014.12.02-00.36.18:466][  0]LogD3D11RHI: Adapter has 1484MB of dedicated video memory, 0MB of dedicated system memory, and 2560MB of shared system memory, 2 output[s]
[2014.12.02-00.36.18:466][  0]LogD3D11RHI: Chosen D3D11 Adapter Id = 0
[2014.12.02-00.36.18:468][  0]LogRHI: Texture pool is 1039 MB (70% of 1484 MB)
[2014.12.02-00.36.18:476][  0]LogD3D11RHI: Async texture creation enabled
[2014.12.02-00.36.18:510][  0]LogTextLocalizationManager: The requested culture ('en_US') has no localization data; parent culture's ('en') localization data will be used.
[2014.12.02-00.36.18:615][  0]LogContentStreaming: Texture pool size is 0.000000MB
[2014.12.02-00.36.22:354][  0]LogTargetPlatformManager:Display: Building Assets For Windows
[2014.12.02-00.36.22:636][  0]LogTargetPlatformManager:Display: Building Assets For Windows
[2014.12.02-00.36.22:671][  0]LogDerivedDataCache:Display: Max Cache Size: 512 MB
[2014.12.02-00.36.22:703][  0]LogDerivedDataCache: Loaded boot cache 0.03s 39MB C:/Users/Maurice/AppData/Local/UnrealEngine/4.5/DerivedDataCache/Boot.ddc.
[2014.12.02-00.36.22:703][  0]LogDerivedDataCache:Display: Loaded Boot cache: C:/Users/Maurice/AppData/Local/UnrealEngine/4.5/DerivedDataCache/Boot.ddc
[2014.12.02-00.36.22:703][  0]LogDerivedDataCache: FDerivedDataBackendGraph:  Pak pak cache file ../../../../../../Users/Maurice/Documents/Unreal Projects/EpicManBP/DerivedDataCache/DDC.ddp not found, will not use a pak cache.
[2014.12.02-00.36.22:703][  0]LogDerivedDataCache: Unable to find inner node Pak for hierarchical cache Hierarchy.
[2014.12.02-00.36.22:754][  0]LogDerivedDataCache:Display: Pak cache opened for reading ../../../Engine/DerivedDataCache/DDC.ddp.
[2014.12.02-00.36.22:765][  0]LogDerivedDataCache: Using Local data cache path C:/Users/Maurice/AppData/Local/UnrealEngine/Common/DerivedDataCache: Writable
[2014.12.02-00.36.22:883][  0]LogMeshUtilities: No automatic mesh reduction module available
[2014.12.02-00.36.22:883][  0]LogMeshUtilities: No automatic mesh merging module available
[2014.12.02-00.36.23:060][  0]LogLinker:Warning: Asset '../../../Engine/Content/Functions/Engine_MaterialFunctions02/Texturing/FlipBook.uasset' has been saved with empty engine version. The asset will be loaded but may be incompatible.
[2014.12.02-00.36.23:062][  0]LogLinker:Warning: Asset '../../../Engine/Content/Functions/Engine_MaterialFunctions02/ExampleContent/Textures/flipbook.uasset' has been saved with empty engine version. The asset will be loaded but may be incompatible.
[2014.12.02-00.36.23:191][  0]LogInit: WinSock: version 1.1 (2.2), MaxSocks=32767, MaxUdp=65467
[2014.12.02-00.36.23:741][  0]UdpMessaging: Initializing bridge on interface 0.0.0.0:0 to multicast group 230.0.0.1:6666.
[2014.12.02-00.36.23:902][  0]LogDirectoryWatcher:Warning: Failed to begin reading directory changes for C:/Users/Maurice/Documents/Unreal Projects/EpicManBP/Binaries/Win64. Error: 0
[2014.12.02-00.36.23:986][  0]SourceControl: Info Source control is disabled
[2014.12.02-00.36.23:986][  0]SourceControl: Info Source control is disabled
[2014.12.02-00.36.23:990][  0]SourceControl: Info Source control is disabled
[2014.12.02-00.36.24:059][  0]LogObj: 22915 objects as part of root set at end of initial load.
[2014.12.02-00.36.24:059][  0]LogUObjectAllocator: 4803536 out of 0 bytes used by permanent object pool.
[2014.12.02-00.36.24:101][  0]LogEngine: Initializing Engine...
[2014.12.02-00.36.24:196][  0]LogInit: XAudio2 using 'Speakers (High Definition Audio Device)' : 2 channels at 44.1 kHz using 16 bits per sample (channel mask 0x3)
[2014.12.02-00.36.24:202][  0]LogInit: FAudioDevice initialized.
[2014.12.02-00.36.24:218][  0]LogAIModule: Creating AISystem for world NewWorld
[2014.12.02-00.36.24:236][  0]LogDerivedDataCache: Saved boot cache 0.02s 39MB C:/Users/Maurice/AppData/Local/UnrealEngine/4.5/DerivedDataCache/Boot.ddc.
[2014.12.02-00.36.24:239][  0]LogInit: Texture streaming: Enabled
[2014.12.02-00.36.24:265][  0]LogInit: Transaction tracking system initialized
[2014.12.02-00.36.24:322][  0]BlueprintLog: New page: Editor Load
[2014.12.02-00.36.24:343][  0]LogAssetRegistry: FAssetRegistry took 0.0098 seconds to start up
[2014.12.02-00.36.24:343][  0]LogDirectoryWatcher:Warning: Failed to begin reading directory changes for ../../../Engine/Plugins/Experimental/CharacterAI/Content/. Error: 0
[2014.12.02-00.36.24:651][  0]LogTargetPlatformManager:Display: Building Assets For Windows
[2014.12.02-00.36.24:878][  0]LogTargetPlatformManager:Display: Building Assets For Windows
[2014.12.02-00.36.25:010][  0]LogConsoleResponse:Display: 
[2014.12.02-00.36.25:132][  0]SourceControl: Info Source control is disabled
[2014.12.02-00.36.25:132][  0]Cmd: MAP LOAD FILE="../../../../../../Users/Maurice/Documents/Unreal Projects/EpicManBP/Content/Maps/EpicManLevel.umap" TEMPLATE=0 SHOWPROGRESS=1
[2014.12.02-00.36.25:132][  0]LightingResults: New page: Lighting Build
[2014.12.02-00.36.25:138][  0]MapCheck: New page: Map Check
[2014.12.02-00.36.25:138][  0]LightingResults: New page: Lighting Build
[2014.12.02-00.36.25:148][  0]LogParticles: Destroying 0 GPU particle simulations for FXSystem 0x00000000121ADA80
[2014.12.02-00.36.26:078][  0]LogEditorServer: Finished looking for orphan Actors (0.000 secs)
[2014.12.02-00.36.26:078][  0]LogAIModule: Creating AISystem for world EpicManLevel
[2014.12.02-00.36.26:078][  0]Cmd: MAP CHECKDEP
[2014.12.02-00.36.26:079][  0]MapCheck: New page: EpicManLevel - Dec 1, 2014, 8:36:26 AM
[2014.12.02-00.36.26:151][  0]MapCheck: Info Map check complete: 0 Error(s), 0 Warning(s), took 72.907ms to complete.
[2014.12.02-00.36.26:152][  0]LogFileHelpers: Loading map 'EpicManLevel' took 1.020
[2014.12.02-00.36.26:353][  0]LogCrashTracker: Crashtracker disabled due to settings.
[2014.12.02-00.36.26:367][  0]LogCollectionManager: Loaded 0 collections in 0.000655 seconds
[2014.12.02-00.36.26:566][  0]LogUObjectGlobals:Warning: Failed to find object 'Class None.'
[2014.12.02-00.36.26:589][  0]LogLoad: Full Startup: 10.29 seconds (BP compile: 0.44 seconds)
[2014.12.02-00.36.26:940][  0]LogContentBrowser:Verbose: The content browser source was changed by the sources view to '/Game/Maps'
[2014.12.02-00.36.27:063][  0]LogRenderer:Warning: Reallocating scene render targets to support 1224x912.
[2014.12.02-00.36.28:393][  4]LogAssetRegistry: Asset discovery search completed in 4.0606 seconds
[2014.12.02-00.37.08:989][ 81]LogActorComponent: UnregisterComponent: (/Engine/Transient.CharacterMovementComponent_0) Not registered. Aborting.
[2014.12.02-00.37.08:989][ 81]LogActorComponent: UnregisterComponent: (/Engine/Transient.CharacterMovementComponent_1) Not registered. Aborting.
[2014.12.02-00.37.08:989][ 81]LogActorComponent: UnregisterComponent: (/Engine/Transient.CharacterMovementComponent_2) Not registered. Aborting.
[2014.12.02-00.37.08:989][ 81]LogActorComponent: UnregisterComponent: (/Engine/Transient.CharacterMovementComponent_3) Not registered. Aborting.
[2014.12.02-00.37.08:989][ 81]LogActorComponent: UnregisterComponent: (/Engine/Transient.CharacterMovementComponent_4) Not registered. Aborting.
[2014.12.02-00.37.21:033][635]BlueprintLog: New page: Compile GhostBox
[2014.12.02-00.37.21:399][635]BlueprintEditorCompileResults: Info [0064.83] Compile of GhostBox successful! [in 47 ms]
[2014.12.02-00.37.22:833][692]Cmd: OBJ SAVEPACKAGE PACKAGE="/Game/Blueprints/AI/GhostBox" FILE="../../../../../../Users/Maurice/Documents/Unreal Projects/EpicManBP/Content/Blueprints/AI/GhostBox.uasset" SILENT=true
[2014.12.02-00.37.23:168][692]LogSavePackage: Save=283.064636ms
[2014.12.02-00.37.23:168][692]LogSavePackage: Moving '../../../../../../Users/Maurice/Documents/Unreal Projects/EpicManBP/Saved/GhostBox168F31104781E87B7B5415A1067B5C65.tmp' to '../../../../../../Users/Maurice/Documents/Unreal Projects/EpicManBP/Content/Blueprints/AI/GhostBox.uasset'
[2014.12.02-00.39.10:033][720]LogActorComponent: UnregisterComponent: (/Engine/Transient.CharacterMovementComponent_5) Not registered. Aborting.
[2014.12.02-00.39.10:572][720]LogSavePackage: Save=457.909851ms
[2014.12.02-00.39.10:572][720]LogSavePackage: Moving '../../../../../../Users/Maurice/Documents/Unreal Projects/EpicManBP/Saved/EpicManLevel09A948B847C37B3F12B418A5866F592D.tmp' to '../../../../../../Users/Maurice/Documents/Unreal Projects/EpicManBP/Content/Maps/EpicManLevel.umap'
[2014.12.02-00.39.13:865][954]BlueprintLog: New page: Pre-PIE auto-recompile
[2014.12.02-00.39.13:933][954]LogPlayLevel: [PIE] Compiling Ghost before PIE...
[2014.12.02-00.39.14:556][954]LogPlayLevel: [PIE] Compiling IntersectionSensor before PIE...
[2014.12.02-00.39.14:695][954]LogPlayLevel: [PIE] Compiling MyCharacter before PIE...
[2014.12.02-00.39.14:804][954]LogPlayLevel: [PIE] Compiling Tutorial_BP_MacroLib before PIE...
[2014.12.02-00.39.14:844][954]LogPlayLevel: [PIE] Compiling EpicManLevel before PIE...
[2014.12.02-00.39.14:921][954]LogPlayLevel: [PIE] Compiling GhostBox before PIE...
[2014.12.02-00.39.15:129][954]LogPlayLevel: [PIE] Compiling LightBlueGhost before PIE...
[2014.12.02-00.39.15:447][954]LogPlayLevel: [PIE] Compiling OrangeGhost before PIE...
[2014.12.02-00.39.15:768][954]LogPlayLevel: [PIE] Compiling RedGhost before PIE...
[2014.12.02-00.39.16:101][954]LogPlayLevel: [PIE] Compiling PinkGhost before PIE...
[2014.12.02-00.39.16:429][954]LogPlayLevel: [PIE] Compiling PowerUp before PIE...
[2014.12.02-00.39.16:501][954]LogPlayLevel: [PIE] Compiling NoSpawnArea before PIE...
[2014.12.02-00.39.16:562][954]LogPlayLevel: [PIE] Compiling TheGrid before PIE...
[2014.12.02-00.39.16:623][954]LogPlayLevel: [PIE] Compiling BasicPickup before PIE...
[2014.12.02-00.39.16:673][954]LogPlayLevel: [PIE] Compiling EpicManHUD before PIE...
[2014.12.02-00.39.16:760][954]LogPlayLevel: PIE:  Blueprint regeneration took 2894 ms (15 blueprints)
[2014.12.02-00.39.16:760][954]PIE: New page: PIE session: EpicManLevel (Dec 1, 2014, 8:39:16 AM)
[2014.12.02-00.39.16:772][954]LogPlayLevel: PIE: StaticDuplicateObject took: (0.011773s)
[2014.12.02-00.39.16:772][954]LogPlayLevel: PIE: World Init took: (0.000353s)
[2014.12.02-00.39.16:772][954]LogPlayLevel: PIE: Created PIE world by copying editor world from /Game/Maps/EpicManLevel.EpicManLevel to /Game/Maps/UEDPIE_0_EpicManLevel.EpicManLevel (0.012287s)
[2014.12.02-00.39.16:810][954]LogWorld: Game class is 'MyGame_C'
[2014.12.02-00.39.16:813][954]LogAIModule: Creating AISystem for world EpicManLevel
[2014.12.02-00.39.16:820][954]LogWorld: Bringing World /Game/Maps/UEDPIE_0_EpicManLevel.EpicManLevel up for play (max tick rate 0) at 2014.12.01-16.39.16
[2014.12.02-00.39.16:822][954]LogWorld: Bringing up level for play took: 0.009394
[2014.12.02-00.39.17:295][954]PIE: Info Play in editor start time for /Game/Maps/UEDPIE_0_EpicManLevel 3.448
[2014.12.02-00.39.23:232][514]LogActorComponent: UnregisterComponent: (/Engine/Transient.CharacterMovementComponent_6) Not registered. Aborting.
[2014.12.02-00.39.23:311][515]LogParticles: Destroying 0 GPU particle simulations for FXSystem 0x000000000ECB0EA0
[2014.12.02-00.39.25:253][683]LogEditorViewport: Clicking on Actor (LMB): StaticMeshActor (Floor)
[2014.12.02-00.39.25:899][734]LogEditorViewport: Clicking on Actor (LMB): RedGhost_C (RedGhost)
[2014.12.02-00.39.26:842][804]Cmd: DELETE
[2014.12.02-00.39.26:842][804]Cmd: ACTOR DELETE
[2014.12.02-00.39.26:843][804]LogEditorActor: Deleted Actor: RedGhost_C
[2014.12.02-00.39.26:869][804]LogEditorActor: Deleted 1 Actors (0.026 secs)
[2014.12.02-00.39.28:448][893]LogSavePackage: Save=326.579590ms
[2014.12.02-00.39.28:448][893]LogSavePackage: Moving '../../../../../../Users/Maurice/Documents/Unreal Projects/EpicManBP/Saved/EpicManLevel75E7C2CA4FAF44D2228858B9F2D4D93F.tmp' to '../../../../../../Users/Maurice/Documents/Unreal Projects/EpicManBP/Content/Maps/EpicManLevel.umap'
[2014.12.02-00.39.30:585][ 17]BlueprintLog: New page: Pre-PIE auto-recompile
[2014.12.02-00.39.30:648][ 17]LogPlayLevel: [PIE] Compiling Ghost before PIE...
[2014.12.02-00.39.31:272][ 17]LogPlayLevel: [PIE] Compiling GhostBox before PIE...
[2014.12.02-00.39.31:477][ 17]LogPlayLevel: [PIE] Compiling IntersectionSensor before PIE...
[2014.12.02-00.39.31:617][ 17]LogPlayLevel: [PIE] Compiling MyCharacter before PIE...
[2014.12.02-00.39.31:726][ 17]LogPlayLevel: [PIE] Compiling PowerUp before PIE...
[2014.12.02-00.39.31:797][ 17]LogPlayLevel: [PIE] Compiling TheGrid before PIE...
[2014.12.02-00.39.31:856][ 17]LogPlayLevel: [PIE] Compiling EpicManLevel before PIE...
[2014.12.02-00.39.31:907][ 17]LogPlayLevel: [PIE] Compiling LightBlueGhost before PIE...
[2014.12.02-00.39.32:227][ 17]LogPlayLevel: [PIE] Compiling OrangeGhost before PIE...
[2014.12.02-00.39.32:551][ 17]LogPlayLevel: [PIE] Compiling RedGhost before PIE...
[2014.12.02-00.39.32:876][ 17]LogPlayLevel: [PIE] Compiling PinkGhost before PIE...
[2014.12.02-00.39.33:198][ 17]LogPlayLevel: [PIE] Compiling NoSpawnArea before PIE...
[2014.12.02-00.39.33:259][ 17]LogPlayLevel: [PIE] Compiling BasicPickup before PIE...
[2014.12.02-00.39.33:309][ 17]LogPlayLevel: [PIE] Compiling EpicManHUD before PIE...
[2014.12.02-00.39.33:396][ 17]LogPlayLevel: PIE:  Blueprint regeneration took 2811 ms (14 blueprints)
[2014.12.02-00.39.33:397][ 17]PIE: New page: PIE session: EpicManLevel (Dec 1, 2014, 8:39:33 AM)
[2014.12.02-00.39.33:409][ 17]LogPlayLevel: PIE: StaticDuplicateObject took: (0.012730s)
[2014.12.02-00.39.33:410][ 17]LogPlayLevel: PIE: World Init took: (0.000508s)
[2014.12.02-00.39.33:410][ 17]LogPlayLevel: PIE: Created PIE world by copying editor world from /Game/Maps/EpicManLevel.EpicManLevel to /Game/Maps/UEDPIE_0_EpicManLevel.EpicManLevel (0.013423s)
[2014.12.02-00.39.33:436][ 17]LogWorld: Game class is 'MyGame_C'
[2014.12.02-00.39.33:437][ 17]LogAIModule: Creating AISystem for world EpicManLevel
[2014.12.02-00.39.33:441][ 17]LogWorld: Bringing World /Game/Maps/UEDPIE_0_EpicManLevel.EpicManLevel up for play (max tick rate 0) at 2014.12.01-16.39.33
[2014.12.02-00.39.33:441][ 17]LogWorld: Bringing up level for play took: 0.003836
[2014.12.02-00.39.33:903][ 17]PIE: Info Play in editor start time for /Game/Maps/UEDPIE_0_EpicManLevel 4.055
[2014.12.02-00.40.04:377][194]LogActorComponent: UnregisterComponent: (/Engine/Transient.CharacterMovementComponent_7) Not registered. Aborting.
[2014.12.02-00.40.04:477][195]LogParticles: Destroying 0 GPU particle simulations for FXSystem 0x0000000035BD7060
[2014.12.02-00.40.11:603][810]LogSavePackage: Save=319.751373ms
[2014.12.02-00.40.11:603][810]LogSavePackage: Moving '../../../../../../Users/Maurice/Documents/Unreal Projects/EpicManBP/Saved/EpicManLevel137585FC48417B97228A928C070D68EE.tmp' to '../../../../../../Users/Maurice/Documents/Unreal Projects/EpicManBP/Content/Maps/EpicManLevel.umap'
[2014.12.02-00.40.28:955][ 63]LogContentBrowser:Verbose: The content browser source was changed by the sources view to '/Game/HUD'
[2014.12.02-00.42.55:267][400]LogContentBrowser:Verbose: The content browser source was changed by the sources view to '/Game/Materials'
[2014.12.02-00.42.55:840][439]LogContentBrowser:Verbose: The content browser source was changed by the sources view to '/Game/Maps'
[2014.12.02-00.43.01:246][889]LogParticles: Destroying 0 GPU particle simulations for FXSystem 0x0000000019064180
[2014.12.02-00.43.01:246][889]LogParticles: Destroying 0 GPU particle simulations for FXSystem 0x0000000022EA8A40
[2014.12.02-00.43.01:258][889]Cmd: MAP LOAD FILE="../../../../../../Users/Maurice/Documents/Unreal Projects/EpicManBP/Content/Maps/HighScoreScreen.umap" TEMPLATE=0 SHOWPROGRESS=1
[2014.12.02-00.43.01:258][889]LightingResults: New page: Lighting Build
[2014.12.02-00.43.01:287][889]LoadErrors: New page: Loading map: HighScoreScreen.umap
[2014.12.02-00.43.01:288][889]MapCheck: New page: Map Check
[2014.12.02-00.43.01:288][889]LightingResults: New page: Lighting Build
[2014.12.02-00.43.01:305][889]LogParticles: Destroying 0 GPU particle simulations for FXSystem 0x000000000D6125C0
[2014.12.02-00.43.01:340][889]LogEditorServer: Finished looking for orphan Actors (0.000 secs)
[2014.12.02-00.43.01:340][889]LogAIModule: Creating AISystem for world HighScoreScreen
[2014.12.02-00.43.01:689][889]Cmd: MAP CHECKDEP
[2014.12.02-00.43.01:690][889]MapCheck: New page: HighScoreScreen - Dec 1, 2014, 8:43:01 AM
[2014.12.02-00.43.01:774][889]MapCheck: Info Map check complete: 0 Error(s), 0 Warning(s), took 84.246ms to complete.
[2014.12.02-00.43.01:774][889]LogFileHelpers: Loading map 'HighScoreScreen' took 0.518
[2014.12.02-00.43.03:216][ 60]LogContentBrowser:Verbose: The content browser source was changed by the sources view to '/Game/Character'
[2014.12.02-00.43.03:684][101]LogContentBrowser:Verbose: The content browser source was changed by the sources view to '/Game/Blueprints'
[2014.12.02-00.43.17:194][149]LogTabManager:Warning: Unable to insert tab 'Document'.
[2014.12.02-00.43.17:194][149]LogTabManager:Warning: Cannot spawn tab because no spawner is registered for 'Document'
[2014.12.02-00.44.48:416][497]LogContentBrowser:Verbose: The content browser source was changed by the sources view to '/Game/HUD'
[2014.12.02-00.45.10:322][ 73]LogSlate:Warning: GetFontFace failed to load or process 'Roboto-Regular'
[2014.12.02-00.45.10:322][ 73]LogSlate:Warning: GetFontFace failed to load or process 'Roboto-Regular'
[2014.12.02-00.45.10:323][ 73]LogSlate:Warning: GetFontFace failed to load or process 'Roboto-Regular'
[2014.12.02-00.45.10:323][ 73]LogSlate:Warning: GetFontFace failed to load or process 'Roboto-Regular'
[2014.12.02-00.45.10:324][ 73]LogSlate:Warning: GetFontFace failed to load or process 'Roboto-Regular'
[2014.12.02-00.45.10:324][ 73]LogSlate:Warning: GetFontFace failed to load or process 'Roboto-Regular'
[2014.12.02-00.45.10:324][ 73]LogSlate:Warning: GetFontFace failed to load or process 'Roboto-Regular'
[2014.12.02-00.45.10:324][ 73]LogSlate:Warning: GetFontFace failed to load or process 'Roboto-Regular'
[2014.12.02-00.45.10:324][ 73]LogSlate:Warning: GetFontFace failed to load or process 'Roboto-Regular'
[2014.12.02-00.45.10:324][ 73]LogSlate:Warning: GetFontFace failed to load or process 'Roboto-Regular'
[2014.12.02-00.45.10:324][ 73]LogSlate:Warning: GetFontFace failed to load or process 'Roboto-Regular'
[2014.12.02-00.45.10:324][ 73]LogSlate:Warning: GetFontFace failed to load or process 'Roboto-Regular'
[2014.12.02-00.45.10:324][ 73]LogSlate:Warning: GetFontFace failed to load or process 'Roboto-Regular'
[2014.12.02-00.45.10:324][ 73]LogSlate:Warning: GetFontFace failed to load or process 'Roboto-Regular'
[2014.12.02-00.45.10:324][ 73]LogSlate:Warning: GetFontFace failed to load or process 'Roboto-Regular'
[2014.12.02-00.45.10:324][ 73]LogSlate:Warning: GetFontFace failed to load or process 'Roboto-Regular'
[2014.12.02-00.45.10:324][ 73]LogSlate:Warning: GetFontFace failed to load or process 'Roboto-Regular'
[2014.12.02-00.45.10:324][ 73]LogSlate:Warning: GetFontFace failed to load or process 'Roboto-Regular'
[2014.12.02-00.45.10:324][ 73]LogSlate:Warning: GetFontFace failed to load or process 'Roboto-Regular'
[2014.12.02-00.45.16:275][779]LogContentBrowser:Verbose: The content browser source was changed by the sources view to '/Game/Maps'
[2014.12.02-00.45.18:321][  6]LogActorComponent: UnregisterComponent: (/Engine/Transient.CharacterMovementComponent_8) Not registered. Aborting.
[2014.12.02-00.45.18:321][  6]LogActorComponent: UnregisterComponent: (/Engine/Transient.CharacterMovementComponent_9) Not registered. Aborting.
[2014.12.02-00.45.18:321][  6]LogActorComponent: UnregisterComponent: (/Engine/Transient.CharacterMovementComponent_10) Not registered. Aborting.
[2014.12.02-00.45.18:321][  6]LogActorComponent: UnregisterComponent: (/Engine/Transient.CharacterMovementComponent_11) Not registered. Aborting.
[2014.12.02-00.45.18:321][  6]LogActorComponent: UnregisterComponent: (/Engine/Transient.CharacterMovementComponent_12) Not registered. Aborting.
[2014.12.02-00.45.18:321][  6]LogActorComponent: UnregisterComponent: (/Engine/Transient.CharacterMovementComponent_13) Not registered. Aborting.
[2014.12.02-00.45.19:731][  6]Cmd: MAP LOAD FILE="../../../../../../Users/Maurice/Documents/Unreal Projects/EpicManBP/Content/Maps/EpicManLevel.umap" TEMPLATE=0 SHOWPROGRESS=1
[2014.12.02-00.45.19:731][  6]LightingResults: New page: Lighting Build
[2014.12.02-00.45.19:761][  6]LoadErrors: New page: Loading map: EpicManLevel.umap
[2014.12.02-00.45.19:943][  6]MapCheck: New page: Map Check
[2014.12.02-00.45.19:943][  6]LightingResults: New page: Lighting Build
[2014.12.02-00.45.19:965][  6]LogParticles: Destroying 0 GPU particle simulations for FXSystem 0x0000000022BD0220
[2014.12.02-00.45.20:026][  6]LogEditorServer: Finished looking for orphan Actors (0.000 secs)
[2014.12.02-00.45.20:026][  6]LogAIModule: Creating AISystem for world EpicManLevel
[2014.12.02-00.45.20:378][  6]Cmd: MAP CHECKDEP
[2014.12.02-00.45.20:378][  6]MapCheck: New page: EpicManLevel - Dec 1, 2014, 8:45:20 AM
[2014.12.02-00.45.20:463][  6]MapCheck: Info Map check complete: 0 Error(s), 0 Warning(s), took 84.671ms to complete.
[2014.12.02-00.45.20:463][  6]LogFileHelpers: Loading map 'EpicManLevel' took 0.734
[2014.12.02-00.45.21:321][ 85]LogActorComponent: UnregisterComponent: (/Engine/Transient.CharacterMovementComponent_14) Not registered. Aborting.
[2014.12.02-00.45.21:321][ 85]LogActorComponent: UnregisterComponent: (/Engine/Transient.CharacterMovementComponent_15) Not registered. Aborting.
[2014.12.02-00.45.21:321][ 85]LogActorComponent: UnregisterComponent: (/Engine/Transient.CharacterMovementComponent_16) Not registered. Aborting.
[2014.12.02-00.45.21:321][ 85]LogActorComponent: UnregisterComponent: (/Engine/Transient.CharacterMovementComponent_17) Not registered. Aborting.
[2014.12.02-00.45.21:321][ 85]LogActorComponent: UnregisterComponent: (/Engine/Transient.CharacterMovementComponent_18) Not registered. Aborting.
[2014.12.02-00.45.21:346][ 85]Cmd: MAP LOAD FILE="../../../../../../Users/Maurice/Documents/Unreal Projects/EpicManBP/Content/Maps/HighScoreScreen.umap" TEMPLATE=0 SHOWPROGRESS=1
[2014.12.02-00.45.21:346][ 85]LightingResults: New page: Lighting Build
[2014.12.02-00.45.21:375][ 85]LoadErrors: New page: Loading map: HighScoreScreen.umap
[2014.12.02-00.45.21:376][ 85]MapCheck: New page: Map Check
[2014.12.02-00.45.21:376][ 85]LightingResults: New page: Lighting Build
[2014.12.02-00.45.21:395][ 85]LogParticles: Destroying 0 GPU particle simulations for FXSystem 0x00000000234D1BC0
[2014.12.02-00.45.21:434][ 85]LogEditorServer: Finished looking for orphan Actors (0.000 secs)
[2014.12.02-00.45.21:434][ 85]LogAIModule: Creating AISystem for world HighScoreScreen
[2014.12.02-00.45.21:787][ 85]Cmd: MAP CHECKDEP
[2014.12.02-00.45.21:787][ 85]MapCheck: New page: HighScoreScreen - Dec 1, 2014, 8:45:21 AM
[2014.12.02-00.45.21:871][ 85]MapCheck: Info Map check complete: 0 Error(s), 0 Warning(s), took 84.231ms to complete.
[2014.12.02-00.45.21:871][ 85]LogFileHelpers: Loading map 'HighScoreScreen' took 0.527
[2014.12.02-00.48.24:158][218]LogContentBrowser:Verbose: The content browser source was changed by the sources view to '/Game/HUD'
[2014.12.02-00.49.50:805][150]LogContentBrowser:Verbose: The content browser source was changed by the sources view to '/Game/HUD'
[2014.12.02-00.55.21:561][771]LogActorComponent: UnregisterComponent: (/Engine/Transient.CharacterMovementComponent_19) Not registered. Aborting.
[2014.12.02-00.55.21:561][771]LogActorComponent: UnregisterComponent: (/Engine/Transient.CharacterMovementComponent_20) Not registered. Aborting.
[2014.12.02-00.55.21:561][771]LogActorComponent: UnregisterComponent: (/Engine/Transient.CharacterMovementComponent_21) Not registered. Aborting.
[2014.12.02-00.55.21:561][771]LogActorComponent: UnregisterComponent: (/Engine/Transient.CharacterMovementComponent_22) Not registered. Aborting.
[2014.12.02-00.55.21:561][771]LogActorComponent: UnregisterComponent: (/Engine/Transient.CharacterMovementComponent_23) Not registered. Aborting.
[2014.12.02-00.55.21:707][771]LogSavePackage: Save=22.468519ms
[2014.12.02-00.55.21:707][771]LogSavePackage: Moving '../../../../../../Users/Maurice/Documents/Unreal Projects/EpicManBP/Saved/HighScoreScreen_Auto10E5780DF4411D19F56CDEB9B60F384E2.tmp' to '../../../../../../Users/Maurice/Documents/Unreal Projects/EpicManBP/Saved/Autosaves/Game/Maps/HighScoreScreen_Auto1.umap'
[2014.12.02-00.55.21:711][771]LogFileHelpers: Editor autosave (incl. sublevels) for '/Game/Maps/HighScoreScreen' took 0.150
[2014.12.02-00.55.21:711][771]LogFileHelpers: Editor autosave (incl. sublevels) for all levels took 0.150
[2014.12.02-00.55.21:720][771]OBJ SavePackage: Generating thumbnails for [0] asset(s) in package [/Game/HUD/HighScore] ([1] browsable assets)...
[2014.12.02-00.55.21:733][771]OBJ SavePackage: Finished generating thumbnails for package [/Game/HUD/HighScore]
[2014.12.02-00.55.21:734][771]Cmd: OBJ SAVEPACKAGE PACKAGE="/Game/HUD/HighScore" FILE="../../../../../../Users/Maurice/Documents/Unreal Projects/EpicManBP/Saved/Autosaves/Game/HUD/HighScore_Auto1.uasset" SILENT=false AUTOSAVING=true
[2014.12.02-00.55.21:758][771]LogSavePackage: Save=8.732994ms
[2014.12.02-00.55.21:758][771]LogSavePackage: Moving '../../../../../../Users/Maurice/Documents/Unreal Projects/EpicManBP/Saved/HighScore_Auto17222BF3C4A5F5AC85A50048D07B4689B.tmp' to '../../../../../../Users/Maurice/Documents/Unreal Projects/EpicManBP/Saved/Autosaves/Game/HUD/HighScore_Auto1.uasset'
[2014.12.02-00.55.21:762][771]LogFileHelpers: Auto-saving content packages took 0.051
[2014.12.02-01.05.22:276][875]LogFileHelpers: Editor autosave (incl. sublevels) for '/Game/Maps/HighScoreScreen' took 0.041
[2014.12.02-01.05.22:287][875]OBJ SavePackage: Generating thumbnails for [0] asset(s) in package [/Game/HUD/HighScore] ([1] browsable assets)...
[2014.12.02-01.05.22:297][875]OBJ SavePackage: Finished generating thumbnails for package [/Game/HUD/HighScore]
[2014.12.02-01.05.22:299][875]Cmd: OBJ SAVEPACKAGE PACKAGE="/Game/HUD/HighScore" FILE="../../../../../../Users/Maurice/Documents/Unreal Projects/EpicManBP/Saved/Autosaves/Game/HUD/HighScore_Auto2.uasset" SILENT=false AUTOSAVING=true
[2014.12.02-01.05.22:323][875]LogSavePackage: Save=9.664252ms
[2014.12.02-01.05.22:323][875]LogSavePackage: Moving '../../../../../../Users/Maurice/Documents/Unreal Projects/EpicManBP/Saved/HighScore_Auto2E6E7B0634F0E18246617F8B99E3809FE.tmp' to '../../../../../../Users/Maurice/Documents/Unreal Projects/EpicManBP/Saved/Autosaves/Game/HUD/HighScore_Auto2.uasset'
[2014.12.02-01.05.22:326][875]LogFileHelpers: Auto-saving content packages took 0.050
[2014.12.02-01.06.19:345][144]BlueprintLog: New page: Compile HighScore
[2014.12.02-01.06.19:433][144]BlueprintEditorCompileResults: Info [1803.00] Compile of HighScore successful! [in 0 ms]
[2014.12.02-01.06.20:614][255]Cmd: OBJ SAVEPACKAGE PACKAGE="/Game/HUD/HighScore" FILE="../../../../../../Users/Maurice/Documents/Unreal Projects/EpicManBP/Content/HUD/HighScore.uasset" SILENT=true
[2014.12.02-01.06.20:624][255]LogSavePackage: Save=7.249321ms
[2014.12.02-01.06.20:624][255]LogSavePackage: Moving '../../../../../../Users/Maurice/Documents/Unreal Projects/EpicManBP/Saved/HighScoreF8BDA2704F8CA6AB882A85BC3CA877C8.tmp' to '../../../../../../Users/Maurice/Documents/Unreal Projects/EpicManBP/Content/HUD/HighScore.uasset'
[2014.12.02-01.06.46:565][488]LogSlate:Warning: GetFontFace failed to load or process 'Roboto-Regular'
[2014.12.02-01.06.46:566][488]LogSlate:Warning: GetFontFace failed to load or process 'Roboto-Regular'
[2014.12.02-01.06.46:566][488]LogSlate:Warning: GetFontFace failed to load or process 'Roboto-Regular'
[2014.12.02-01.06.46:566][488]LogSlate:Warning: GetFontFace failed to load or process 'Roboto-Regular'
[2014.12.02-01.06.55:918][204]LogSlate:Warning: Prevented a slow task dialog from being summoned while a context menu was open
[2014.12.02-01.07.26:655][647]LogSlate:Warning: GetFontFace failed to load or process 'Roboto-Regular'
[2014.12.02-01.07.26:655][647]LogSlate:Warning: GetFontFace failed to load or process 'Roboto-Regular'
[2014.12.02-01.07.26:655][647]LogSlate:Warning: GetFontFace failed to load or process 'Roboto-Regular'
[2014.12.02-01.07.26:655][647]LogSlate:Warning: GetFontFace failed to load or process 'Roboto-Regular'
[2014.12.02-01.07.26:655][647]LogSlate:Warning: GetFontFace failed to load or process 'Roboto-Regular'
[2014.12.02-01.07.26:655][647]LogSlate:Warning: GetFontFace failed to load or process 'Roboto-Regular'
[2014.12.02-01.07.26:655][647]LogSlate:Warning: GetFontFace failed to load or process 'Roboto-Regular'
[2014.12.02-01.07.26:655][647]LogSlate:Warning: GetFontFace failed to load or process 'Roboto-Regular'
[2014.12.02-01.07.26:655][647]LogSlate:Warning: GetFontFace failed to load or process 'Roboto-Regular'
[2014.12.02-01.07.26:655][647]LogSlate:Warning: GetFontFace failed to load or process 'Roboto-Regular'
[2014.12.02-01.07.47:275][211]LogSavePackage: Save=17.919392ms
[2014.12.02-01.07.47:275][211]LogSavePackage: Moving '../../../../../../Users/Maurice/Documents/Unreal Projects/EpicManBP/Saved/HighScoreScreen8E356F594F221E881352EB8C07C3D1E3.tmp' to '../../../../../../Users/Maurice/Documents/Unreal Projects/EpicManBP/Content/Maps/HighScoreScreen.umap'
[2014.12.02-01.07.48:749][269]BlueprintLog: New page: Pre-PIE auto-recompile
[2014.12.02-01.07.48:749][269]LogPlayLevel: [PIE] Compiling Ghost before PIE...
[2014.12.02-01.07.49:198][269]LogPlayLevel: [PIE] Compiling GhostBox before PIE...
[2014.12.02-01.07.49:423][269]LogPlayLevel: [PIE] Compiling MyCharacter before PIE...
[2014.12.02-01.07.49:620][269]LogPlayLevel: [PIE] Compiling PowerUp before PIE...
[2014.12.02-01.07.49:682][269]LogPlayLevel: [PIE] Compiling TheGrid before PIE...
[2014.12.02-01.07.49:735][269]LogPlayLevel: [PIE] Compiling HighScoreScreen before PIE...
[2014.12.02-01.07.49:780][269]LogPlayLevel: [PIE] Compiling IntersectionSensor before PIE...
[2014.12.02-01.07.49:849][269]LogPlayLevel: [PIE] Compiling LightBlueGhost before PIE...
[2014.12.02-01.07.49:894][269]LogPlayLevel: [PIE] Compiling OrangeGhost before PIE...
[2014.12.02-01.07.49:939][269]LogPlayLevel: [PIE] Compiling RedGhost before PIE...
[2014.12.02-01.07.49:985][269]LogPlayLevel: [PIE] Compiling PinkGhost before PIE...
[2014.12.02-01.07.50:029][269]LogPlayLevel: [PIE] Compiling BasicPickup before PIE...
[2014.12.02-01.07.50:093][269]LogPlayLevel: [PIE] Compiling EpicManHUD before PIE...
[2014.12.02-01.07.50:231][269]LogPlayLevel: [PIE] Compiling NoSpawnArea before PIE...
[2014.12.02-01.07.50:306][269]LogPlayLevel: PIE:  Blueprint regeneration took 1556 ms (14 blueprints)
[2014.12.02-01.07.50:306][269]PIE: New page: PIE session: HighScoreScreen (Dec 1, 2014, 9:07:50 AM)
[2014.12.02-01.07.50:307][269]LogPlayLevel: PIE: StaticDuplicateObject took: (0.000555s)
[2014.12.02-01.07.50:307][269]LogPlayLevel: PIE: World Init took: (0.000366s)
[2014.12.02-01.07.50:307][269]LogPlayLevel: PIE: Created PIE world by copying editor world from /Game/Maps/HighScoreScreen.HighScoreScreen to /Game/Maps/UEDPIE_0_HighScoreScreen.HighScoreScreen (0.001046s)
[2014.12.02-01.07.50:334][269]LogWorld: Game class is 'MyGame_C'
[2014.12.02-01.07.50:336][269]LogAIModule: Creating AISystem for world HighScoreScreen
[2014.12.02-01.07.50:336][269]LogWorld: Bringing World /Game/Maps/UEDPIE_0_HighScoreScreen.HighScoreScreen up for play (max tick rate 0) at 2014.12.01-17.07.50
[2014.12.02-01.07.50:336][269]LogWorld: Bringing up level for play took: 0.000267
[2014.12.02-01.07.50:338][269]PIE: Info Play in editor start time for /Game/Maps/UEDPIE_0_HighScoreScreen 2.449
[2014.12.02-01.07.55:731][607]LogParticles: Destroying 0 GPU particle simulations for FXSystem 0x0000000030F411C0
[2014.12.02-01.08.19:320][674]LogEditorTransaction: Undo Changed Anchors
[2014.12.02-01.08.27:620][400]BlueprintLog: New page: Compile HighScore
[2014.12.02-01.08.27:712][400]BlueprintEditorCompileResults: Info [1931.28] Compile of HighScore successful! [in 0 ms]
[2014.12.02-01.08.28:142][435]Cmd: OBJ SAVEPACKAGE PACKAGE="/Game/HUD/HighScore" FILE="../../../../../../Users/Maurice/Documents/Unreal Projects/EpicManBP/Content/HUD/HighScore.uasset" SILENT=true
[2014.12.02-01.08.28:200][435]LogSavePackage: Save=8.707335ms
[2014.12.02-01.08.28:200][435]LogSavePackage: Moving '../../../../../../Users/Maurice/Documents/Unreal Projects/EpicManBP/Saved/HighScoreA64D8077405FC69B0D5D49AC610E5C68.tmp' to '../../../../../../Users/Maurice/Documents/Unreal Projects/EpicManBP/Content/HUD/HighScore.uasset'
[2014.12.02-01.11.14:012][236]BlueprintLog: New page: Compile HighScore
[2014.12.02-01.11.14:126][236]BlueprintEditorCompileResults: Info [2097.68] Compile of HighScore successful! [in 0 ms]
[2014.12.02-01.11.14:854][297]Cmd: OBJ SAVEPACKAGE PACKAGE="/Game/HUD/HighScore" FILE="../../../../../../Users/Maurice/Documents/Unreal Projects/EpicManBP/Content/HUD/HighScore.uasset" SILENT=true
[2014.12.02-01.11.14:912][297]LogSavePackage: Save=8.363208ms
[2014.12.02-01.11.14:912][297]LogSavePackage: Moving '../../../../../../Users/Maurice/Documents/Unreal Projects/EpicManBP/Saved/HighScore8F57050F408D978D06827FB846825BAF.tmp' to '../../../../../../Users/Maurice/Documents/Unreal Projects/EpicManBP/Content/HUD/HighScore.uasset'
[2014.12.02-01.11.15:945][372]BlueprintLog: New page: Pre-PIE auto-recompile
[2014.12.02-01.11.15:945][372]LogPlayLevel: [PIE] Compiling Ghost before PIE...
[2014.12.02-01.11.16:381][372]LogPlayLevel: [PIE] Compiling GhostBox before PIE...
[2014.12.02-01.11.16:604][372]LogPlayLevel: [PIE] Compiling MyCharacter before PIE...
[2014.12.02-01.11.16:797][372]LogPlayLevel: [PIE] Compiling PowerUp before PIE...
[2014.12.02-01.11.16:863][372]LogPlayLevel: [PIE] Compiling TheGrid before PIE...
[2014.12.02-01.11.16:918][372]LogPlayLevel: [PIE] Compiling HighScoreScreen before PIE...
[2014.12.02-01.11.16:975][372]LogPlayLevel: [PIE] Compiling EpicManHUD before PIE...
[2014.12.02-01.11.17:108][372]LogPlayLevel: [PIE] Compiling IntersectionSensor before PIE...
[2014.12.02-01.11.17:178][372]LogPlayLevel: [PIE] Compiling LightBlueGhost before PIE...
[2014.12.02-01.11.17:226][372]LogPlayLevel: [PIE] Compiling OrangeGhost before PIE...
[2014.12.02-01.11.17:272][372]LogPlayLevel: [PIE] Compiling RedGhost before PIE...
[2014.12.02-01.11.17:317][372]LogPlayLevel: [PIE] Compiling PinkGhost before PIE...
[2014.12.02-01.11.17:363][372]LogPlayLevel: [PIE] Compiling BasicPickup before PIE...
[2014.12.02-01.11.17:414][372]LogPlayLevel: [PIE] Compiling NoSpawnArea before PIE...
[2014.12.02-01.11.17:490][372]LogPlayLevel: PIE:  Blueprint regeneration took 1545 ms (14 blueprints)
[2014.12.02-01.11.17:490][372]PIE: New page: PIE session: HighScoreScreen (Dec 1, 2014, 9:11:17 AM)
[2014.12.02-01.11.17:491][372]LogPlayLevel: PIE: StaticDuplicateObject took: (0.000555s)
[2014.12.02-01.11.17:491][372]LogPlayLevel: PIE: World Init took: (0.000362s)
[2014.12.02-01.11.17:491][372]LogPlayLevel: PIE: Created PIE world by copying editor world from /Game/Maps/HighScoreScreen.HighScoreScreen to /Game/Maps/UEDPIE_0_HighScoreScreen.HighScoreScreen (0.001037s)
[2014.12.02-01.11.17:521][372]LogWorld: Game class is 'MyGame_C'
[2014.12.02-01.11.17:522][372]LogAIModule: Creating AISystem for world HighScoreScreen
[2014.12.02-01.11.17:522][372]LogWorld: Bringing World /Game/Maps/UEDPIE_0_HighScoreScreen.HighScoreScreen up for play (max tick rate 0) at 2014.12.01-17.11.17
[2014.12.02-01.11.17:523][372]LogWorld: Bringing up level for play took: 0.000271
[2014.12.02-01.11.17:529][372]PIE: Info Play in editor start time for /Game/Maps/UEDPIE_0_HighScoreScreen 1.633
[2014.12.02-01.11.17:566][372]LogCrashTracker: 


[2014.12.02-01.11.17:972][372]LogCrashTracker: 


[2014.12.02-01.11.17:972][372]LogWindows: === Critical error: ===
Fatal error!

Unhandled Exception: EXCEPTION_ACCESS_VIOLATION reading address 0x00000018

UE4Editor-UMGEditor.dll!UnknownFunction (0x000007fee1a14000) + 0 bytes [UnknownFile:0]
UE4Editor-UMGEditor.dll!UnknownFunction (0x000007fee19f9f4d) + 0 bytes [UnknownFile:0]
UE4Editor-Slate.dll!UnknownFunction (0x000007feea28a92a) + 0 bytes [UnknownFile:0]
UE4Editor-Slate.dll!UnknownFunction (0x000007feea292758) + 0 bytes [UnknownFile:0]
UE4Editor-Slate.dll!UnknownFunction (0x000007feea4528fa) + 0 bytes [UnknownFile:0]
UE4Editor-Slate.dll!UnknownFunction (0x000007feea452eda) + 0 bytes [UnknownFile:0]
UE4Editor-SlateCore.dll!UnknownFunction (0x000007feeda485d7) + 0 bytes [UnknownFile:0]
UE4Editor-SlateCore.dll!UnknownFunction (0x000007feeda97413) + 0 bytes [UnknownFile:0]
UE4Editor-SlateCore.dll!UnknownFunction (0x000007feeda97413) + 0 bytes [UnknownFile:0]
UE4Editor-SlateCore.dll!UnknownFunction (0x000007feeda97413) + 0 bytes [UnknownFile:0]
UE4Editor-SlateCore.dll!UnknownFunction (0x000007feeda97413) + 0 bytes [UnknownFile:0]
UE4Editor-SlateCore.dll!UnknownFunction (0x000007feeda97413) + 0 bytes [UnknownFile:0]
UE4Editor-SlateCore.dll!UnknownFunction (0x000007feeda97413) + 0 bytes [UnknownFile:0]
UE4Editor-SlateCore.dll!UnknownFunction (0x000007feeda97413) + 0 bytes [UnknownFile:0]
UE4Editor-SlateCore.dll!UnknownFunction (0x000007feeda97413) + 0 bytes [UnknownFile:0]
UE4Editor-SlateCore.dll!UnknownFunction (0x000007feeda97413) + 0 bytes [UnknownFile:0]
UE4Editor-SlateCore.dll!UnknownFunction (0x000007feeda97413) + 0 bytes [UnknownFile:0]
UE4Editor-SlateCore.dll!UnknownFunction (0x000007feeda97413) + 0 bytes [UnknownFile:0]
UE4Editor-SlateCore.dll!UnknownFunction (0x000007feeda97413) + 0 bytes [UnknownFile:0]
UE4Editor-SlateCore.dll!UnknownFunction (0x000007feeda97413) + 0 bytes [UnknownFile:0]
UE4Editor-SlateCore.dll!UnknownFunction (0x000007feeda97413) + 0 bytes [UnknownFile:0]
UE4Editor-SlateCore.dll!UnknownFunction (0x000007feeda97413) + 0 bytes [UnknownFile:0]
UE4Editor-SlateCore.dll!UnknownFunction (0x000007feeda97413) + 0 bytes [UnknownFile:0]
UE4Editor-SlateCore.dll!UnknownFunction (0x000007feeda97413) + 0 bytes [UnknownFile:0]
UE4Editor-SlateCore.dll!UnknownFunction (0x000007feeda97413) + 0 bytes [UnknownFile:0]
UE4Editor-SlateCore.dll!UnknownFunction (0x000007feeda97413) + 0 bytes [UnknownFile:0]
UE4Editor-SlateCore.dll!UnknownFunction (0x000007feeda97413) + 0 bytes [UnknownFile:0]
UE4Editor-SlateCore.dll!UnknownFunction (0x000007feeda97413) + 0 bytes [UnknownFile:0]
UE4Editor-SlateCore.dll!UnknownFunction (0x000007feeda97413) + 0 bytes [UnknownFile:0]
UE4Editor-SlateCore.dll!UnknownFunction (0x000007feeda97413) + 0 bytes [UnknownFile:0]
UE4Editor-SlateCore.dll!UnknownFunction (0x000007feeda97413) + 0 bytes [UnknownFile:0]
UE4Editor-SlateCore.dll!UnknownFunction (0x000007feeda97413) + 0 bytes [UnknownFile:0]
UE4Editor-SlateCore.dll!UnknownFunction (0x000007feeda97413) + 0 bytes [UnknownFile:0]
UE4Editor-SlateCore.dll!UnknownFunction (0x000007feeda97413) + 0 bytes [UnknownFile:0]
UE4Editor-SlateCore.dll!UnknownFunction (0x000007feeda97413) + 0 bytes [UnknownFile:0]
UE4Editor-SlateCore.dll!UnknownFunction (0x000007feeda97413) + 0 bytes [UnknownFile:0]
UE4Editor-SlateCore.dll!UnknownFunction (0x000007feeda97413) + 0 bytes [UnknownFile:0]
UE4Editor-SlateCore.dll!UnknownFunction (0x000007feeda97413) + 0 bytes [UnknownFile:0]
UE4Editor-SlateCore.dll!UnknownFunction (0x000007feeda97413) + 0 bytes [UnknownFile:0]
UE4Editor-SlateCore.dll!UnknownFunction (0x000007feeda97413) + 0 bytes [UnknownFile:0]
UE4Editor-SlateCore.dll!UnknownFunction (0x000007feeda97413) + 0 bytes [UnknownFile:0]
UE4Editor-SlateCore.dll!UnknownFunction (0x000007feeda97413) + 0 bytes [UnknownFile:0]
UE4Editor-Slate.dll!UnknownFunction (0x000007feea2e3ea4) + 0 bytes [UnknownFile:0]
UE4Editor-Slate.dll!UnknownFunction (0x000007feea2e4223) + 0 bytes [UnknownFile:0]
UE4Editor-Slate.dll!UnknownFunction (0x000007feea2e3add) + 0 bytes [UnknownFile:0]
UE4Editor.exe!FEngineLoop::Tick() (0x000000013f43a979) + 0 bytes [d:\buildfarm\buildmachine_++depot+ue4-releases+4.5\engine\source\runtime\launch\private\launchengineloop.cpp:2154]
UE4Editor.exe!GuardedMain() (0x000000013f42f9df) + 0 bytes [d:\buildfarm\buildmachine_++depot+ue4-releases+4.5\engine\source\runtime\launch\private\launch.cpp:133]
UE4Editor.exe!GuardedMainWrapper() (0x000000013f42fa4a) + 5 bytes [d:\buildfarm\buildmachine_++depot+ue4-releases+4.5\engine\source\runtime\launch\private\windows\launchwindows.cpp:125]
UE4Editor.exe!WinMain() (0x000000013f43bf19) + 17 bytes [d:\buildfarm\buildmachine_++depot+ue4-releases+4.5\engine\source\runtime\launch\private\windows\launchwindows.cpp:201]
UE4Editor.exe!__tmainCRTStartup() (0x000000013f43cdc9) + 21 bytes [f:\dd\vctools\crt\crtw32\dllstuff\crtexe.c:618]
kernel32.dll!UnknownFunction (0x0000000076d859ed) + 0 bytes [UnknownFile:0]
ntdll.dll!UnknownFunction (0x0000000076fbc541) + 0 bytes [UnknownFile:0]
ntdll.dll!UnknownFunction (0x0000000076fbc541) + 0 bytes [UnknownFile:0]


[2014.12.02-01.11.18:088][372]LogExit: Executing StaticShutdownAfterError
[2014.12.02-01.11.18:095][372]LogWindows: FPlatformMisc::RequestExit(1)
[2014.12.02-01.11.18:095][372]Log file closed, 12/01/14 17:11:18
