Log file open, 12/01/14 00:19:59
LogInit:Display: Running engine for game: EpicManBP
LogInit: Version: 4.5.1-2336687+++depot+UE4-Releases+4.5
LogInit: API Version: 2326478
LogInit: Compiled (64-bit): Oct 21 2014 22:32:40
LogInit: Compiled with Visual C++: 18.00.21005.01
LogInit: Build Configuration: Development
LogInit: Branch Name: ++depot+UE4-Releases+4.5
LogInit: Command line:  
LogInit: Base directory: C:/Program Files/Unreal Engine/4.5/Engine/Binaries/Win64/
LogInit: Rocket: 1
[2014.12.01-08.19.59:871][  0]LogTaskGraph: Started task graph with 3 named threads and 4 total threads.
[2014.12.01-08.19.59:903][  0]LogOnline:Warning: No default platform service specified for OnlineSubsystem
[2014.12.01-08.19.59:925][  0]LogInit: Presizing for 0 objects not considered by GC, pre-allocating 0 bytes.
[2014.12.01-08.19.59:932][  0]LogInit: Object subsystem initialized
[2014.12.01-08.19.59:934][  0]LogConsoleResponse:Warning: Skipping Unknown console variable: 'UIScaleRule = ShortestSide'
[2014.12.01-08.19.59:934][  0]LogConsoleResponse:Warning:   Found in ini file 'C:/Users/Maurice/Documents/Unreal Projects/EpicManBP/Saved/Config/Windows/Engine.ini', in section '[/Script/Engine.RendererSettings]'
[2014.12.01-08.19.59:934][  0]LogConsoleResponse:Warning: Skipping Unknown console variable: 'UIScaleCurve = (EditorCurveData=(Keys=((Time=480.000000,Value=0.444000),(Time=720.000000,Value=0.666000),(Time=1080.000000,Value=1.000000),(Time=8640.000000,Value=8.000000))),ExternalCurve=None)'
[2014.12.01-08.19.59:934][  0]LogConsoleResponse:Warning:   Found in ini file 'C:/Users/Maurice/Documents/Unreal Projects/EpicManBP/Saved/Config/Windows/Engine.ini', in section '[/Script/Engine.RendererSettings]'
[2014.12.01-08.19.59:935][  0]LogInit: Selected Device Profile: [Windows]
[2014.12.01-08.19.59:935][  0]LogInit: Applying CVar settings loaded from the selected device profile: [Windows]
[2014.12.01-08.19.59:938][  0]LogInit: Computer: XPS3
[2014.12.01-08.19.59:938][  0]LogInit: User: Maurice
[2014.12.01-08.19.59:939][  0]LogInit: CPU Page size=4096, Cores=4
[2014.12.01-08.19.59:939][  0]LogInit: High frequency timer resolution =3.312675 MHz
[2014.12.01-08.19.59:939][  0]LogMemory: Memory total: Physical=24.0GB (24GB approx) Virtual=8192.0GB
[2014.12.01-08.19.59:939][  0]LogMemory: Platform Memory Stats for Windows
[2014.12.01-08.19.59:939][  0]LogMemory: Process Physical Memory: 75.27 MB used, 75.27 MB peak
[2014.12.01-08.19.59:939][  0]LogMemory: Process Virtual Memory: 50.59 MB used, 50.59 MB peak
[2014.12.01-08.19.59:939][  0]LogMemory: Physical Memory: 3729.10 MB used, 24527.21 MB total
[2014.12.01-08.19.59:939][  0]LogMemory: Virtual Memory: 283.59 MB used, 8388608.00 MB total
[2014.12.01-08.19.59:958][  0]LogD3D11RHI: Found D3D11 adapter 0: NVIDIA GeForce GTX 660 (Feature Level 11_0)
[2014.12.01-08.19.59:958][  0]LogD3D11RHI: Adapter has 1484MB of dedicated video memory, 0MB of dedicated system memory, and 2560MB of shared system memory, 2 output[s]
[2014.12.01-08.19.59:958][  0]LogD3D11RHI: Chosen D3D11 Adapter Id = 0
[2014.12.01-08.19.59:960][  0]LogRHI: Texture pool is 1039 MB (70% of 1484 MB)
[2014.12.01-08.19.59:966][  0]LogD3D11RHI: Async texture creation enabled
[2014.12.01-08.19.59:998][  0]LogTextLocalizationManager: The requested culture ('en_US') has no localization data; parent culture's ('en') localization data will be used.
[2014.12.01-08.20.00:098][  0]LogContentStreaming: Texture pool size is 0.000000MB
[2014.12.01-08.20.03:713][  0]LogTargetPlatformManager:Display: Building Assets For Windows
[2014.12.01-08.20.03:981][  0]LogTargetPlatformManager:Display: Building Assets For Windows
[2014.12.01-08.20.04:014][  0]LogDerivedDataCache:Display: Max Cache Size: 512 MB
[2014.12.01-08.20.04:052][  0]LogDerivedDataCache: Loaded boot cache 0.04s 52MB C:/Users/Maurice/AppData/Local/UnrealEngine/4.5/DerivedDataCache/Boot.ddc.
[2014.12.01-08.20.04:052][  0]LogDerivedDataCache:Display: Loaded Boot cache: C:/Users/Maurice/AppData/Local/UnrealEngine/4.5/DerivedDataCache/Boot.ddc
[2014.12.01-08.20.04:052][  0]LogDerivedDataCache: FDerivedDataBackendGraph:  Pak pak cache file ../../../../../../Users/Maurice/Documents/Unreal Projects/EpicManBP/DerivedDataCache/DDC.ddp not found, will not use a pak cache.
[2014.12.01-08.20.04:052][  0]LogDerivedDataCache: Unable to find inner node Pak for hierarchical cache Hierarchy.
[2014.12.01-08.20.04:100][  0]LogDerivedDataCache:Display: Pak cache opened for reading ../../../Engine/DerivedDataCache/DDC.ddp.
[2014.12.01-08.20.04:111][  0]LogDerivedDataCache: Using Local data cache path C:/Users/Maurice/AppData/Local/UnrealEngine/Common/DerivedDataCache: Writable
[2014.12.01-08.20.04:226][  0]LogMeshUtilities: No automatic mesh reduction module available
[2014.12.01-08.20.04:226][  0]LogMeshUtilities: No automatic mesh merging module available
[2014.12.01-08.20.04:407][  0]LogLinker:Warning: Asset '../../../Engine/Content/Functions/Engine_MaterialFunctions02/Texturing/FlipBook.uasset' has been saved with empty engine version. The asset will be loaded but may be incompatible.
[2014.12.01-08.20.04:410][  0]LogLinker:Warning: Asset '../../../Engine/Content/Functions/Engine_MaterialFunctions02/ExampleContent/Textures/flipbook.uasset' has been saved with empty engine version. The asset will be loaded but may be incompatible.
[2014.12.01-08.20.04:528][  0]LogInit: WinSock: version 1.1 (2.2), MaxSocks=32767, MaxUdp=65467
[2014.12.01-08.20.05:073][  0]UdpMessaging: Initializing bridge on interface 0.0.0.0:0 to multicast group 230.0.0.1:6666.
[2014.12.01-08.20.05:209][  0]LogDirectoryWatcher:Warning: Failed to begin reading directory changes for C:/Users/Maurice/Documents/Unreal Projects/EpicManBP/Binaries/Win64. Error: 0
[2014.12.01-08.20.05:291][  0]SourceControl: Info Source control is disabled
[2014.12.01-08.20.05:291][  0]SourceControl: Info Source control is disabled
[2014.12.01-08.20.05:295][  0]SourceControl: Info Source control is disabled
[2014.12.01-08.20.05:361][  0]LogObj: 22915 objects as part of root set at end of initial load.
[2014.12.01-08.20.05:361][  0]LogUObjectAllocator: 4803536 out of 0 bytes used by permanent object pool.
[2014.12.01-08.20.05:402][  0]LogEngine: Initializing Engine...
[2014.12.01-08.20.05:494][  0]LogInit: XAudio2 using 'Speakers (High Definition Audio Device)' : 2 channels at 44.1 kHz using 16 bits per sample (channel mask 0x3)
[2014.12.01-08.20.05:510][  0]LogInit: FAudioDevice initialized.
[2014.12.01-08.20.05:523][  0]LogAIModule: Creating AISystem for world NewWorld
[2014.12.01-08.20.05:546][  0]LogDerivedDataCache: Saved boot cache 0.02s 52MB C:/Users/Maurice/AppData/Local/UnrealEngine/4.5/DerivedDataCache/Boot.ddc.
[2014.12.01-08.20.05:549][  0]LogInit: Texture streaming: Enabled
[2014.12.01-08.20.05:575][  0]LogInit: Transaction tracking system initialized
[2014.12.01-08.20.05:628][  0]BlueprintLog: New page: Editor Load
[2014.12.01-08.20.05:649][  0]LogAssetRegistry: FAssetRegistry took 0.0093 seconds to start up
[2014.12.01-08.20.05:649][  0]LogDirectoryWatcher:Warning: Failed to begin reading directory changes for ../../../Engine/Plugins/Experimental/CharacterAI/Content/. Error: 0
[2014.12.01-08.20.05:935][  0]LogTargetPlatformManager:Display: Building Assets For Windows
[2014.12.01-08.20.06:150][  0]LogTargetPlatformManager:Display: Building Assets For Windows
[2014.12.01-08.20.06:279][  0]LogConsoleResponse:Display: 
[2014.12.01-08.20.06:399][  0]SourceControl: Info Source control is disabled
[2014.12.01-08.20.06:399][  0]Cmd: MAP LOAD FILE="../../../../../../Users/Maurice/Documents/Unreal Projects/EpicManBP/Content/Maps/EpicManLevel.umap" TEMPLATE=0 SHOWPROGRESS=1
[2014.12.01-08.20.06:399][  0]LightingResults: New page: Lighting Build
[2014.12.01-08.20.06:405][  0]MapCheck: New page: Map Check
[2014.12.01-08.20.06:405][  0]LightingResults: New page: Lighting Build
[2014.12.01-08.20.06:415][  0]LogParticles: Destroying 0 GPU particle simulations for FXSystem 0x00000000133A9A80
[2014.12.01-08.20.07:324][  0]LogEditorServer: Finished looking for orphan Actors (0.000 secs)
[2014.12.01-08.20.07:324][  0]LogAIModule: Creating AISystem for world EpicManLevel
[2014.12.01-08.20.07:324][  0]Cmd: MAP CHECKDEP
[2014.12.01-08.20.07:324][  0]MapCheck: New page: EpicManLevel - Nov 30, 2014, 4:20:07 PM
[2014.12.01-08.20.07:398][  0]MapCheck: Info Map check complete: 0 Error(s), 0 Warning(s), took 73.794ms to complete.
[2014.12.01-08.20.07:398][  0]LogFileHelpers: Loading map 'EpicManLevel' took 0.999
[2014.12.01-08.20.07:523][  0]LogCrashTracker: Crashtracker disabled due to settings.
[2014.12.01-08.20.07:536][  0]LogCollectionManager: Loaded 0 collections in 0.000654 seconds
[2014.12.01-08.20.07:723][  0]LogUObjectGlobals:Warning: Failed to find object 'Class None.'
[2014.12.01-08.20.07:745][  0]LogLoad: Full Startup: 9.87 seconds (BP compile: 0.42 seconds)
[2014.12.01-08.20.08:226][  0]LogRenderer:Warning: Reallocating scene render targets to support 816x856.
[2014.12.01-08.20.08:530][  1]LogContentBrowser:Verbose: The content browser source was changed by the sources view to '/Game/Blueprints'
[2014.12.01-08.20.11:197][  9]LogAssetRegistry: Asset discovery search completed in 5.5572 seconds
[2014.12.01-08.20.19:157][561]LogContentBrowser:Verbose: The content browser source was changed by the sources view to '/Game/Character'
[2014.12.01-08.20.21:124][714]LogContentBrowser:Verbose: The content browser source was changed by the sources view to '/Game/Maps'
[2014.12.01-08.20.22:324][844]LogActorComponent: UnregisterComponent: (/Engine/Transient.CharacterMovementComponent_0) Not registered. Aborting.
[2014.12.01-08.20.22:324][844]LogActorComponent: UnregisterComponent: (/Engine/Transient.CharacterMovementComponent_1) Not registered. Aborting.
[2014.12.01-08.20.22:324][844]LogActorComponent: UnregisterComponent: (/Engine/Transient.CharacterMovementComponent_2) Not registered. Aborting.
[2014.12.01-08.20.22:324][844]LogActorComponent: UnregisterComponent: (/Engine/Transient.CharacterMovementComponent_3) Not registered. Aborting.
[2014.12.01-08.20.22:324][844]LogActorComponent: UnregisterComponent: (/Engine/Transient.CharacterMovementComponent_4) Not registered. Aborting.
[2014.12.01-08.20.22:324][844]LogActorComponent: UnregisterComponent: (/Engine/Transient.CharacterMovementComponent_5) Not registered. Aborting.
[2014.12.01-08.20.22:376][844]Cmd: MAP LOAD FILE="../../../../../../Users/Maurice/Documents/Unreal Projects/EpicManBP/Content/Maps/RetryScreen.umap" TEMPLATE=0 SHOWPROGRESS=1
[2014.12.01-08.20.22:376][844]LightingResults: New page: Lighting Build
[2014.12.01-08.20.22:404][844]LoadErrors: New page: Loading map: RetryScreen.umap
[2014.12.01-08.20.22:405][844]MapCheck: New page: Map Check
[2014.12.01-08.20.22:405][844]LightingResults: New page: Lighting Build
[2014.12.01-08.20.22:421][844]LogParticles: Destroying 0 GPU particle simulations for FXSystem 0x000000001A78E5C0
[2014.12.01-08.20.22:428][844]LogEditorServer: Finished looking for orphan Actors (0.000 secs)
[2014.12.01-08.20.22:428][844]LogAIModule: Creating AISystem for world RetryScreen
[2014.12.01-08.20.22:780][844]Cmd: MAP CHECKDEP
[2014.12.01-08.20.22:780][844]MapCheck: New page: RetryScreen - Nov 30, 2014, 4:20:22 PM
[2014.12.01-08.20.22:852][844]MapCheck: Info Map check complete: 0 Error(s), 0 Warning(s), took 71.996ms to complete.
[2014.12.01-08.20.22:852][844]LogFileHelpers: Loading map 'RetryScreen' took 0.478
[2014.12.01-08.20.37:703][573]LogUObjectGlobals:Warning: Failed to find object 'Class None.None'
[2014.12.01-08.20.40:868][932]LogPlayLevel: PIE:  No blueprints needed recompiling
[2014.12.01-08.20.40:868][932]PIE: New page: PIE session: RetryScreen (Nov 30, 2014, 4:20:40 PM)
[2014.12.01-08.20.40:868][932]LogPlayLevel: PIE: StaticDuplicateObject took: (0.000310s)
[2014.12.01-08.20.40:869][932]LogPlayLevel: PIE: World Init took: (0.000368s)
[2014.12.01-08.20.40:869][932]LogPlayLevel: PIE: Created PIE world by copying editor world from /Game/Maps/RetryScreen.RetryScreen to /Game/Maps/UEDPIE_0_RetryScreen.RetryScreen (0.000816s)
[2014.12.01-08.20.40:909][932]LogWorld: Game class is 'MyGame_C'
[2014.12.01-08.20.40:910][932]LogAIModule: Creating AISystem for world RetryScreen
[2014.12.01-08.20.40:911][932]LogWorld: Bringing World /Game/Maps/UEDPIE_0_RetryScreen.RetryScreen up for play (max tick rate 0) at 2014.12.01-00.20.40
[2014.12.01-08.20.40:911][932]LogWorld: Bringing up level for play took: 0.000288
[2014.12.01-08.20.40:913][932]PIE: Info Play in editor start time for /Game/Maps/UEDPIE_0_RetryScreen 0.989
[2014.12.01-08.20.42:567][128]LogSelection:Warning: PIE object was selected: "MyCharacter_C /Game/Maps/UEDPIE_0_RetryScreen.RetryScreen:PersistentLevel.MyCharacter_C_0"
[2014.12.01-08.20.45:343][441]LogActorComponent: UnregisterComponent: (/Engine/Transient.CharacterMovementComponent_6) Not registered. Aborting.
[2014.12.01-08.20.45:343][441]LogActorComponent: UnregisterComponent: (/Engine/Transient.CharacterMovementComponent_7) Not registered. Aborting.
[2014.12.01-08.20.45:343][441]LogActorComponent: UnregisterComponent: (/Engine/Transient.CharacterMovementComponent_8) Not registered. Aborting.
[2014.12.01-08.20.45:343][441]LogActorComponent: UnregisterComponent: (/Engine/Transient.CharacterMovementComponent_9) Not registered. Aborting.
[2014.12.01-08.20.45:343][441]LogActorComponent: UnregisterComponent: (/Engine/Transient.CharacterMovementComponent_10) Not registered. Aborting.
[2014.12.01-08.20.45:371][441]LogParticles: Destroying 0 GPU particle simulations for FXSystem 0x000000000E9AD8A0
[2014.12.01-08.20.58:396][979]Cmd: MAP LOAD FILE="../../../../../../Users/Maurice/Documents/Unreal Projects/EpicManBP/Content/Maps/MainMenu.umap" TEMPLATE=0 SHOWPROGRESS=1
[2014.12.01-08.20.58:396][979]LightingResults: New page: Lighting Build
[2014.12.01-08.20.58:423][979]LoadErrors: New page: Loading map: MainMenu.umap
[2014.12.01-08.20.58:423][979]MapCheck: New page: Map Check
[2014.12.01-08.20.58:423][979]LightingResults: New page: Lighting Build
[2014.12.01-08.20.58:439][979]LogParticles: Destroying 0 GPU particle simulations for FXSystem 0x000000001A835440
[2014.12.01-08.20.58:463][979]LogEditorServer: Finished looking for orphan Actors (0.000 secs)
[2014.12.01-08.20.58:463][979]LogAIModule: Creating AISystem for world MainMenu
[2014.12.01-08.20.58:805][979]Cmd: MAP CHECKDEP
[2014.12.01-08.20.58:806][979]MapCheck: New page: MainMenu - Nov 30, 2014, 4:20:58 PM
[2014.12.01-08.20.58:879][979]MapCheck: Info Map check complete: 0 Error(s), 0 Warning(s), took 73.438ms to complete.
[2014.12.01-08.20.58:879][979]LogFileHelpers: Loading map 'MainMenu' took 0.485
[2014.12.01-08.21.00:714][177]BlueprintLog: New page: Pre-PIE auto-recompile
[2014.12.01-08.21.00:714][177]LogPlayLevel: [PIE] Compiling MainMenu before PIE...
[2014.12.01-08.21.00:751][177]LogActorComponent: UnregisterComponent: (/Engine/Transient.CharacterMovementComponent_11) Not registered. Aborting.
[2014.12.01-08.21.00:751][177]LogActorComponent: UnregisterComponent: (/Engine/Transient.CharacterMovementComponent_12) Not registered. Aborting.
[2014.12.01-08.21.00:751][177]LogActorComponent: UnregisterComponent: (/Engine/Transient.CharacterMovementComponent_13) Not registered. Aborting.
[2014.12.01-08.21.00:751][177]LogActorComponent: UnregisterComponent: (/Engine/Transient.CharacterMovementComponent_14) Not registered. Aborting.
[2014.12.01-08.21.00:751][177]LogActorComponent: UnregisterComponent: (/Engine/Transient.CharacterMovementComponent_15) Not registered. Aborting.
[2014.12.01-08.21.00:768][177]LogPlayLevel: PIE:  Blueprint regeneration took 53 ms (1 blueprints)
[2014.12.01-08.21.00:768][177]PIE: New page: PIE session: MainMenu (Nov 30, 2014, 4:21:00 PM)
[2014.12.01-08.21.00:769][177]LogPlayLevel: PIE: StaticDuplicateObject took: (0.000589s)
[2014.12.01-08.21.00:769][177]LogPlayLevel: PIE: World Init took: (0.000383s)
[2014.12.01-08.21.00:769][177]LogPlayLevel: PIE: Created PIE world by copying editor world from /Game/Maps/MainMenu.MainMenu to /Game/Maps/UEDPIE_0_MainMenu.MainMenu (0.001084s)
[2014.12.01-08.21.00:799][177]LogWorld: Game class is 'MyGame_C'
[2014.12.01-08.21.00:800][177]LogAIModule: Creating AISystem for world MainMenu
[2014.12.01-08.21.00:800][177]LogWorld: Bringing World /Game/Maps/UEDPIE_0_MainMenu.MainMenu up for play (max tick rate 0) at 2014.12.01-00.21.00
[2014.12.01-08.21.00:800][177]LogWorld: Bringing up level for play took: 0.000273
[2014.12.01-08.21.00:803][177]PIE: Info Play in editor start time for /Game/Maps/UEDPIE_0_MainMenu 0.878
[2014.12.01-08.21.02:917][429]LogSelection:Warning: PIE object was selected: "MyCharacter_C /Game/Maps/UEDPIE_0_MainMenu.MainMenu:PersistentLevel.MyCharacter_C_1"
[2014.12.01-08.21.36:617][446]LogParticles: Destroying 0 GPU particle simulations for FXSystem 0x000000000DF20AE0
[2014.12.01-08.21.39:721][798]BlueprintLog: New page: Pre-PIE auto-recompile
[2014.12.01-08.21.39:721][798]LogPlayLevel: [PIE] Compiling MainMenu before PIE...
[2014.12.01-08.21.39:772][798]LogPlayLevel: PIE:  Blueprint regeneration took 50 ms (1 blueprints)
[2014.12.01-08.21.39:772][798]PIE: New page: PIE session: MainMenu (Nov 30, 2014, 4:21:39 PM)
[2014.12.01-08.21.39:773][798]LogPlayLevel: PIE: StaticDuplicateObject took: (0.000714s)
[2014.12.01-08.21.39:773][798]LogPlayLevel: PIE: World Init took: (0.000386s)
[2014.12.01-08.21.39:773][798]LogPlayLevel: PIE: Created PIE world by copying editor world from /Game/Maps/MainMenu.MainMenu to /Game/Maps/UEDPIE_0_MainMenu.MainMenu (0.001227s)
[2014.12.01-08.21.39:801][798]LogWorld: Game class is 'MyGame_C'
[2014.12.01-08.21.39:803][798]LogAIModule: Creating AISystem for world MainMenu
[2014.12.01-08.21.39:803][798]LogWorld: Bringing World /Game/Maps/UEDPIE_0_MainMenu.MainMenu up for play (max tick rate 0) at 2014.12.01-00.21.39
[2014.12.01-08.21.39:803][798]LogWorld: Bringing up level for play took: 0.000284
[2014.12.01-08.21.39:805][798]PIE: Info Play in editor start time for /Game/Maps/UEDPIE_0_MainMenu -0.12
[2014.12.01-08.21.44:129][311]LogParticles: Destroying 0 GPU particle simulations for FXSystem 0x000000000DE69800
[2014.12.01-08.25.22:502][248]LogSlate:Warning: GetFontFace failed to load or process 'Roboto-Regular'
[2014.12.01-08.25.22:502][248]LogSlate:Warning: GetFontFace failed to load or process 'Roboto-Regular'
[2014.12.01-08.25.22:504][248]LogSlate:Warning: GetFontFace failed to load or process 'Roboto-Regular'
[2014.12.01-08.25.22:504][248]LogSlate:Warning: GetFontFace failed to load or process 'Roboto-Regular'
[2014.12.01-08.25.22:504][248]LogSlate:Warning: GetFontFace failed to load or process 'Roboto-Regular'
[2014.12.01-08.25.22:504][248]LogSlate:Warning: GetFontFace failed to load or process 'Roboto-Regular'
[2014.12.01-08.25.22:504][248]LogSlate:Warning: GetFontFace failed to load or process 'Roboto-Regular'
[2014.12.01-08.25.22:504][248]LogSlate:Warning: GetFontFace failed to load or process 'Roboto-Regular'
[2014.12.01-08.25.22:504][248]LogSlate:Warning: GetFontFace failed to load or process 'Roboto-Regular'
[2014.12.01-08.25.22:504][248]LogSlate:Warning: GetFontFace failed to load or process 'Roboto-Regular'
[2014.12.01-08.25.22:504][248]LogSlate:Warning: GetFontFace failed to load or process 'Roboto-Regular'
[2014.12.01-08.25.22:504][248]LogSlate:Warning: GetFontFace failed to load or process 'Roboto-Regular'
[2014.12.01-08.25.22:504][248]LogSlate:Warning: GetFontFace failed to load or process 'Roboto-Regular'
[2014.12.01-08.25.22:504][248]LogSlate:Warning: GetFontFace failed to load or process 'Roboto-Regular'
[2014.12.01-08.25.22:504][248]LogSlate:Warning: GetFontFace failed to load or process 'Roboto-Regular'
[2014.12.01-08.25.22:504][248]LogSlate:Warning: GetFontFace failed to load or process 'Roboto-Regular'
[2014.12.01-08.25.22:504][248]LogSlate:Warning: GetFontFace failed to load or process 'Roboto-Regular'
[2014.12.01-08.25.33:676][564]LogSlate:Warning: Prevented a slow task dialog from being summoned while a context menu was open
[2014.12.01-08.25.45:527][958]LogSlate:Warning: GetFontFace failed to load or process 'Roboto-Regular'
[2014.12.01-08.25.45:527][958]LogSlate:Warning: GetFontFace failed to load or process 'Roboto-Regular'
[2014.12.01-08.25.45:527][958]LogSlate:Warning: GetFontFace failed to load or process 'Roboto-Regular'
[2014.12.01-08.25.45:528][958]LogSlate:Warning: GetFontFace failed to load or process 'Roboto-Regular'
[2014.12.01-08.25.45:528][958]LogSlate:Warning: GetFontFace failed to load or process 'Roboto-Regular'
[2014.12.01-08.25.45:528][958]LogSlate:Warning: GetFontFace failed to load or process 'Roboto-Regular'
[2014.12.01-08.25.45:528][958]LogSlate:Warning: GetFontFace failed to load or process 'Roboto-Regular'
[2014.12.01-08.25.45:528][958]LogSlate:Warning: GetFontFace failed to load or process 'Roboto-Regular'
[2014.12.01-08.25.45:528][958]LogSlate:Warning: GetFontFace failed to load or process 'Roboto-Regular'
[2014.12.01-08.26.11:463][984]BlueprintLog: New page: Compile MainMenu
[2014.12.01-08.26.11:529][984]BlueprintEditorCompileResults: Info [0373.59] Compile of MainMenu successful! [in 1 ms]
[2014.12.01-08.26.13:755][200]BlueprintLog: New page: Pre-PIE auto-recompile
[2014.12.01-08.26.13:755][200]LogPlayLevel: [PIE] Compiling Tutorial_BP_MacroLib before PIE...
[2014.12.01-08.26.13:796][200]LogPlayLevel: [PIE] Compiling MainMenu before PIE...
[2014.12.01-08.26.13:855][200]LogPlayLevel: PIE:  Blueprint regeneration took 100 ms (2 blueprints)
[2014.12.01-08.26.13:856][200]PIE: New page: PIE session: MainMenu (Nov 30, 2014, 4:26:13 PM)
[2014.12.01-08.26.13:856][200]LogPlayLevel: PIE: StaticDuplicateObject took: (0.000694s)
[2014.12.01-08.26.13:857][200]LogPlayLevel: PIE: World Init took: (0.000385s)
[2014.12.01-08.26.13:857][200]LogPlayLevel: PIE: Created PIE world by copying editor world from /Game/Maps/MainMenu.MainMenu to /Game/Maps/UEDPIE_0_MainMenu.MainMenu (0.001187s)
[2014.12.01-08.26.13:880][200]LogWorld: Game class is 'MyGame_C'
[2014.12.01-08.26.13:881][200]LogAIModule: Creating AISystem for world MainMenu
[2014.12.01-08.26.13:881][200]LogWorld: Bringing World /Game/Maps/UEDPIE_0_MainMenu.MainMenu up for play (max tick rate 0) at 2014.12.01-00.26.13
[2014.12.01-08.26.13:882][200]LogWorld: Bringing up level for play took: 0.000267
[2014.12.01-08.26.13:884][200]PIE: Info Play in editor start time for /Game/Maps/UEDPIE_0_MainMenu -0.044
[2014.12.01-08.26.16:530][511]LogParticles: Destroying 0 GPU particle simulations for FXSystem 0x000000000DBCB4C0
[2014.12.01-08.26.19:735][885]LogContentBrowser:Verbose: The content browser source was changed by the sources view to '/Game/Character'
[2014.12.01-08.26.22:684][171]BlueprintLog: New page: Pre-PIE auto-recompile
[2014.12.01-08.26.22:687][171]LogPlayLevel: [PIE] Compiling MainMenu before PIE...
[2014.12.01-08.26.22:746][171]LogPlayLevel: PIE:  Blueprint regeneration took 61 ms (1 blueprints)
[2014.12.01-08.26.22:746][171]PIE: New page: PIE session: MainMenu (Nov 30, 2014, 4:26:22 PM)
[2014.12.01-08.26.22:747][171]LogPlayLevel: PIE: StaticDuplicateObject took: (0.000769s)
[2014.12.01-08.26.22:747][171]LogPlayLevel: PIE: World Init took: (0.000385s)
[2014.12.01-08.26.22:747][171]LogPlayLevel: PIE: Created PIE world by copying editor world from /Game/Maps/MainMenu.MainMenu to /Game/Maps/UEDPIE_0_MainMenu.MainMenu (0.001278s)
[2014.12.01-08.26.22:776][171]LogWorld: Game class is 'MyGame_C'
[2014.12.01-08.26.22:778][171]LogAIModule: Creating AISystem for world MainMenu
[2014.12.01-08.26.22:778][171]LogWorld: Bringing World /Game/Maps/UEDPIE_0_MainMenu.MainMenu up for play (max tick rate 0) at 2014.12.01-00.26.22
[2014.12.01-08.26.22:778][171]LogWorld: Bringing up level for play took: 0.000289
[2014.12.01-08.26.22:781][171]PIE: Info Play in editor start time for /Game/Maps/UEDPIE_0_MainMenu 0.852
[2014.12.01-08.26.24:711][394]LogParticles: Destroying 0 GPU particle simulations for FXSystem 0x000000000DB509A0
[2014.12.01-08.26.30:317][971]LogContentBrowser:Verbose: The content browser source was changed by the sources view to '/Game/Blueprints'
[2014.12.01-08.27.04:872][ 53]Cmd: TRANSACTION UNDO
[2014.12.01-08.27.04:872][ 53]LogEditorTransaction: Undo Create Pin Link
[2014.12.01-08.27.30:825][506]LogSlate:Warning: GetFontFace failed to load or process 'Roboto-Regular'
[2014.12.01-08.27.30:825][506]LogSlate:Warning: GetFontFace failed to load or process 'Roboto-Regular'
[2014.12.01-08.27.30:825][506]LogSlate:Warning: GetFontFace failed to load or process 'Roboto-Regular'
[2014.12.01-08.27.35:949][853]LogActorComponent: UnregisterComponent: (/Engine/Transient.CharacterMovementComponent_16) Not registered. Aborting.
[2014.12.01-08.27.53:684][244]LogSlate:Warning: GetFontFace failed to load or process 'Roboto-Regular'
[2014.12.01-08.27.53:684][244]LogSlate:Warning: GetFontFace failed to load or process 'Roboto-Regular'
[2014.12.01-08.27.53:684][244]LogSlate:Warning: GetFontFace failed to load or process 'Roboto-Regular'
[2014.12.01-08.27.53:684][244]LogSlate:Warning: GetFontFace failed to load or process 'Roboto-Regular'
[2014.12.01-08.27.53:684][244]LogSlate:Warning: GetFontFace failed to load or process 'Roboto-Regular'
[2014.12.01-08.28.05:375][131]BlueprintLog: New page: Compile MyCharacter
[2014.12.01-08.28.05:658][131]BlueprintEditorCompileResults: Info [0487.60] Compile of MyCharacter successful! [in 74 ms]
[2014.12.01-08.28.06:567][159]Cmd: OBJ SAVEPACKAGE PACKAGE="/Game/Blueprints/MyCharacter" FILE="../../../../../../Users/Maurice/Documents/Unreal Projects/EpicManBP/Content/Blueprints/MyCharacter.uasset" SILENT=true
[2014.12.01-08.28.06:917][159]LogSavePackage: Save=305.675323ms
[2014.12.01-08.28.06:917][159]LogSavePackage: Moving '../../../../../../Users/Maurice/Documents/Unreal Projects/EpicManBP/Saved/MyCharacter53E3F5F24E6352AF373DB592C43E8808.tmp' to '../../../../../../Users/Maurice/Documents/Unreal Projects/EpicManBP/Content/Blueprints/MyCharacter.uasset'
[2014.12.01-08.28.08:258][244]BlueprintLog: New page: Pre-PIE auto-recompile
[2014.12.01-08.28.08:258][244]LogPlayLevel: [PIE] Compiling GhostBox before PIE...
[2014.12.01-08.28.08:469][244]LogActorComponent: UnregisterComponent: (/Engine/Transient.CharacterMovementComponent_17) Not registered. Aborting.
[2014.12.01-08.28.08:471][244]LogPlayLevel: [PIE] Compiling BasicPickup before PIE...
[2014.12.01-08.28.08:523][244]LogPlayLevel: [PIE] Compiling PowerUp before PIE...
[2014.12.01-08.28.08:591][244]LogPlayLevel: [PIE] Compiling MainMenu before PIE...
[2014.12.01-08.28.08:636][244]LogPlayLevel: [PIE] Compiling EpicManHUD before PIE...
[2014.12.01-08.28.08:771][244]LogPlayLevel: [PIE] Compiling Ghost before PIE...
[2014.12.01-08.28.09:216][244]LogPlayLevel: [PIE] Compiling IntersectionSensor before PIE...
[2014.12.01-08.28.09:361][244]LogPlayLevel: [PIE] Compiling MyCharacter before PIE...
[2014.12.01-08.28.09:564][244]LogPlayLevel: [PIE] Compiling TheGrid before PIE...
[2014.12.01-08.28.09:611][244]LogPlayLevel: [PIE] Compiling PinkGhost before PIE...
[2014.12.01-08.28.09:650][244]LogPlayLevel: [PIE] Compiling LightBlueGhost before PIE...
[2014.12.01-08.28.09:689][244]LogPlayLevel: [PIE] Compiling OrangeGhost before PIE...
[2014.12.01-08.28.09:728][244]LogPlayLevel: [PIE] Compiling RedGhost before PIE...
[2014.12.01-08.28.09:767][244]LogPlayLevel: [PIE] Compiling NoSpawnArea before PIE...
[2014.12.01-08.28.09:833][244]LogPlayLevel: PIE:  Blueprint regeneration took 1575 ms (14 blueprints)
[2014.12.01-08.28.09:834][244]PIE: New page: PIE session: MainMenu (Nov 30, 2014, 4:28:09 PM)
[2014.12.01-08.28.09:835][244]LogPlayLevel: PIE: StaticDuplicateObject took: (0.000818s)
[2014.12.01-08.28.09:835][244]LogPlayLevel: PIE: World Init took: (0.000416s)
[2014.12.01-08.28.09:835][244]LogPlayLevel: PIE: Created PIE world by copying editor world from /Game/Maps/MainMenu.MainMenu to /Game/Maps/UEDPIE_0_MainMenu.MainMenu (0.001371s)
[2014.12.01-08.28.09:863][244]LogWorld: Game class is 'MyGame_C'
[2014.12.01-08.28.09:864][244]LogAIModule: Creating AISystem for world MainMenu
[2014.12.01-08.28.09:864][244]LogWorld: Bringing World /Game/Maps/UEDPIE_0_MainMenu.MainMenu up for play (max tick rate 0) at 2014.12.01-00.28.09
[2014.12.01-08.28.09:864][244]LogWorld: Bringing up level for play took: 0.000265
[2014.12.01-08.28.09:867][244]PIE: Info Play in editor start time for /Game/Maps/UEDPIE_0_MainMenu 1.937
[2014.12.01-08.28.19:951][894]LogParticles: Destroying 0 GPU particle simulations for FXSystem 0x000000002CE6EFC0
[2014.12.01-08.28.31:097][670]LogSlate:Warning: GetFontFace failed to load or process 'Roboto-Regular'
[2014.12.01-08.28.31:097][670]LogSlate:Warning: GetFontFace failed to load or process 'Roboto-Regular'
[2014.12.01-08.28.31:097][670]LogSlate:Warning: GetFontFace failed to load or process 'Roboto-Regular'
[2014.12.01-08.28.53:674][171]BlueprintLog: New page: Pre-PIE auto-recompile
[2014.12.01-08.28.53:674][171]LogPlayLevel: [PIE] Compiling Ghost before PIE...
[2014.12.01-08.28.54:103][171]LogPlayLevel: [PIE] Compiling GhostBox before PIE...
[2014.12.01-08.28.54:329][171]LogPlayLevel: [PIE] Compiling MyCharacter before PIE...
[2014.12.01-08.28.54:527][171]LogPlayLevel: [PIE] Compiling BasicPickup before PIE...
[2014.12.01-08.28.54:572][171]LogPlayLevel: [PIE] Compiling PowerUp before PIE...
[2014.12.01-08.28.54:635][171]LogPlayLevel: [PIE] Compiling MainMenu before PIE...
[2014.12.01-08.28.54:678][171]LogPlayLevel: [PIE] Compiling EpicManHUD before PIE...
[2014.12.01-08.28.54:788][171]LogPlayLevel: [PIE] Compiling IntersectionSensor before PIE...
[2014.12.01-08.28.54:855][171]LogPlayLevel: [PIE] Compiling PinkGhost before PIE...
[2014.12.01-08.28.54:897][171]LogPlayLevel: [PIE] Compiling LightBlueGhost before PIE...
[2014.12.01-08.28.54:939][171]LogPlayLevel: [PIE] Compiling OrangeGhost before PIE...
[2014.12.01-08.28.54:982][171]LogPlayLevel: [PIE] Compiling RedGhost before PIE...
[2014.12.01-08.28.55:024][171]LogPlayLevel: [PIE] Compiling TheGrid before PIE...
[2014.12.01-08.28.55:075][171]LogPlayLevel: [PIE] Compiling NoSpawnArea before PIE...
[2014.12.01-08.28.55:147][171]LogPlayLevel: PIE:  Blueprint regeneration took 1473 ms (14 blueprints)
[2014.12.01-08.28.55:147][171]PIE: New page: PIE session: MainMenu (Nov 30, 2014, 4:28:55 PM)
[2014.12.01-08.28.55:148][171]LogPlayLevel: PIE: StaticDuplicateObject took: (0.000749s)
[2014.12.01-08.28.55:148][171]LogPlayLevel: PIE: World Init took: (0.000351s)
[2014.12.01-08.28.55:149][171]LogPlayLevel: PIE: Created PIE world by copying editor world from /Game/Maps/MainMenu.MainMenu to /Game/Maps/UEDPIE_0_MainMenu.MainMenu (0.001228s)
[2014.12.01-08.28.55:174][171]LogWorld: Game class is 'MyGame_C'
[2014.12.01-08.28.55:175][171]LogAIModule: Creating AISystem for world MainMenu
[2014.12.01-08.28.55:176][171]LogWorld: Bringing World /Game/Maps/UEDPIE_0_MainMenu.MainMenu up for play (max tick rate 0) at 2014.12.01-00.28.55
[2014.12.01-08.28.55:176][171]LogWorld: Bringing up level for play took: 0.000275
[2014.12.01-08.28.55:178][171]PIE: Info Play in editor start time for /Game/Maps/UEDPIE_0_MainMenu 1.248
[2014.12.01-08.29.04:277][769]LogParticles: Destroying 0 GPU particle simulations for FXSystem 0x0000000019CF8B80
[2014.12.01-08.29.08:276][ 20]BlueprintLog: New page: Pre-PIE auto-recompile
[2014.12.01-08.29.08:276][ 20]LogPlayLevel: [PIE] Compiling Ghost before PIE...
[2014.12.01-08.29.08:697][ 20]LogPlayLevel: [PIE] Compiling GhostBox before PIE...
[2014.12.01-08.29.08:923][ 20]LogPlayLevel: [PIE] Compiling MyCharacter before PIE...
[2014.12.01-08.29.09:113][ 20]LogPlayLevel: [PIE] Compiling MainMenu before PIE...
[2014.12.01-08.29.09:155][ 20]LogPlayLevel: [PIE] Compiling IntersectionSensor before PIE...
[2014.12.01-08.29.09:221][ 20]LogPlayLevel: [PIE] Compiling PinkGhost before PIE...
[2014.12.01-08.29.09:262][ 20]LogPlayLevel: [PIE] Compiling LightBlueGhost before PIE...
[2014.12.01-08.29.09:302][ 20]LogPlayLevel: [PIE] Compiling OrangeGhost before PIE...
[2014.12.01-08.29.09:343][ 20]LogPlayLevel: [PIE] Compiling RedGhost before PIE...
[2014.12.01-08.29.09:383][ 20]LogPlayLevel: [PIE] Compiling PowerUp before PIE...
[2014.12.01-08.29.09:443][ 20]LogPlayLevel: [PIE] Compiling BasicPickup before PIE...
[2014.12.01-08.29.09:490][ 20]LogPlayLevel: [PIE] Compiling EpicManHUD before PIE...
[2014.12.01-08.29.09:603][ 20]LogPlayLevel: [PIE] Compiling NoSpawnArea before PIE...
[2014.12.01-08.29.09:647][ 20]LogPlayLevel: [PIE] Compiling TheGrid before PIE...
[2014.12.01-08.29.09:727][ 20]LogPlayLevel: PIE:  Blueprint regeneration took 1451 ms (14 blueprints)
[2014.12.01-08.29.09:727][ 20]PIE: New page: PIE session: MainMenu (Nov 30, 2014, 4:29:09 PM)
[2014.12.01-08.29.09:728][ 20]LogPlayLevel: PIE: StaticDuplicateObject took: (0.000765s)
[2014.12.01-08.29.09:728][ 20]LogPlayLevel: PIE: World Init took: (0.000369s)
[2014.12.01-08.29.09:728][ 20]LogPlayLevel: PIE: Created PIE world by copying editor world from /Game/Maps/MainMenu.MainMenu to /Game/Maps/UEDPIE_0_MainMenu.MainMenu (0.001255s)
[2014.12.01-08.29.09:756][ 20]LogWorld: Game class is 'MyGame_C'
[2014.12.01-08.29.09:757][ 20]LogAIModule: Creating AISystem for world MainMenu
[2014.12.01-08.29.09:757][ 20]LogWorld: Bringing World /Game/Maps/UEDPIE_0_MainMenu.MainMenu up for play (max tick rate 0) at 2014.12.01-00.29.09
[2014.12.01-08.29.09:757][ 20]LogWorld: Bringing up level for play took: 0.000289
[2014.12.01-08.29.09:760][ 20]PIE: Info Play in editor start time for /Game/Maps/UEDPIE_0_MainMenu 1.83
[2014.12.01-08.29.13:086][224]LogParticles: Destroying 0 GPU particle simulations for FXSystem 0x0000000027251580
[2014.12.01-08.29.14:520][316]BlueprintLog: New page: Pre-PIE auto-recompile
[2014.12.01-08.29.14:520][316]LogPlayLevel: [PIE] Compiling Ghost before PIE...
[2014.12.01-08.29.14:944][316]LogPlayLevel: [PIE] Compiling GhostBox before PIE...
[2014.12.01-08.29.15:170][316]LogPlayLevel: [PIE] Compiling MyCharacter before PIE...
[2014.12.01-08.29.15:354][316]LogPlayLevel: [PIE] Compiling PowerUp before PIE...
[2014.12.01-08.29.15:415][316]LogPlayLevel: [PIE] Compiling MainMenu before PIE...
[2014.12.01-08.29.15:457][316]LogPlayLevel: [PIE] Compiling IntersectionSensor before PIE...
[2014.12.01-08.29.15:523][316]LogPlayLevel: [PIE] Compiling PinkGhost before PIE...
[2014.12.01-08.29.15:565][316]LogPlayLevel: [PIE] Compiling LightBlueGhost before PIE...
[2014.12.01-08.29.15:607][316]LogPlayLevel: [PIE] Compiling OrangeGhost before PIE...
[2014.12.01-08.29.15:649][316]LogPlayLevel: [PIE] Compiling RedGhost before PIE...
[2014.12.01-08.29.15:690][316]LogPlayLevel: [PIE] Compiling BasicPickup before PIE...
[2014.12.01-08.29.15:739][316]LogPlayLevel: [PIE] Compiling EpicManHUD before PIE...
[2014.12.01-08.29.15:851][316]LogPlayLevel: [PIE] Compiling NoSpawnArea before PIE...
[2014.12.01-08.29.15:894][316]LogPlayLevel: [PIE] Compiling TheGrid before PIE...
[2014.12.01-08.29.15:973][316]LogPlayLevel: PIE:  Blueprint regeneration took 1453 ms (14 blueprints)
[2014.12.01-08.29.15:973][316]PIE: New page: PIE session: MainMenu (Nov 30, 2014, 4:29:15 PM)
[2014.12.01-08.29.15:974][316]LogPlayLevel: PIE: StaticDuplicateObject took: (0.000764s)
[2014.12.01-08.29.15:975][316]LogPlayLevel: PIE: World Init took: (0.000383s)
[2014.12.01-08.29.15:975][316]LogPlayLevel: PIE: Created PIE world by copying editor world from /Game/Maps/MainMenu.MainMenu to /Game/Maps/UEDPIE_0_MainMenu.MainMenu (0.001271s)
[2014.12.01-08.29.16:010][316]LogWorld: Game class is 'MyGame_C'
[2014.12.01-08.29.16:014][316]LogAIModule: Creating AISystem for world MainMenu
[2014.12.01-08.29.16:015][316]LogWorld: Bringing World /Game/Maps/UEDPIE_0_MainMenu.MainMenu up for play (max tick rate 0) at 2014.12.01-00.29.16
[2014.12.01-08.29.16:015][316]LogWorld: Bringing up level for play took: 0.000883
[2014.12.01-08.29.16:024][316]PIE: Info Play in editor start time for /Game/Maps/UEDPIE_0_MainMenu 2.094
[2014.12.01-08.29.25:439][940]LogParticles: Destroying 0 GPU particle simulations for FXSystem 0x0000000026DB7740
[2014.12.01-08.29.27:020][ 43]BlueprintLog: New page: Pre-PIE auto-recompile
[2014.12.01-08.29.27:020][ 43]LogPlayLevel: [PIE] Compiling Ghost before PIE...
[2014.12.01-08.29.27:449][ 43]LogPlayLevel: [PIE] Compiling GhostBox before PIE...
[2014.12.01-08.29.27:674][ 43]LogPlayLevel: [PIE] Compiling MyCharacter before PIE...
[2014.12.01-08.29.27:859][ 43]LogPlayLevel: [PIE] Compiling PowerUp before PIE...
[2014.12.01-08.29.27:921][ 43]LogPlayLevel: [PIE] Compiling MainMenu before PIE...
[2014.12.01-08.29.27:963][ 43]LogPlayLevel: [PIE] Compiling IntersectionSensor before PIE...
[2014.12.01-08.29.28:029][ 43]LogPlayLevel: [PIE] Compiling PinkGhost before PIE...
[2014.12.01-08.29.28:071][ 43]LogPlayLevel: [PIE] Compiling LightBlueGhost before PIE...
[2014.12.01-08.29.28:113][ 43]LogPlayLevel: [PIE] Compiling OrangeGhost before PIE...
[2014.12.01-08.29.28:155][ 43]LogPlayLevel: [PIE] Compiling RedGhost before PIE...
[2014.12.01-08.29.28:197][ 43]LogPlayLevel: [PIE] Compiling BasicPickup before PIE...
[2014.12.01-08.29.28:246][ 43]LogPlayLevel: [PIE] Compiling EpicManHUD before PIE...
[2014.12.01-08.29.28:358][ 43]LogPlayLevel: [PIE] Compiling NoSpawnArea before PIE...
[2014.12.01-08.29.28:402][ 43]LogPlayLevel: [PIE] Compiling TheGrid before PIE...
[2014.12.01-08.29.28:484][ 43]LogPlayLevel: PIE:  Blueprint regeneration took 1463 ms (14 blueprints)
[2014.12.01-08.29.28:484][ 43]PIE: New page: PIE session: MainMenu (Nov 30, 2014, 4:29:28 PM)
[2014.12.01-08.29.28:485][ 43]LogPlayLevel: PIE: StaticDuplicateObject took: (0.000776s)
[2014.12.01-08.29.28:485][ 43]LogPlayLevel: PIE: World Init took: (0.000392s)
[2014.12.01-08.29.28:485][ 43]LogPlayLevel: PIE: Created PIE world by copying editor world from /Game/Maps/MainMenu.MainMenu to /Game/Maps/UEDPIE_0_MainMenu.MainMenu (0.001286s)
[2014.12.01-08.29.28:515][ 43]LogWorld: Game class is 'MyGame_C'
[2014.12.01-08.29.28:519][ 43]LogAIModule: Creating AISystem for world MainMenu
[2014.12.01-08.29.28:520][ 43]LogWorld: Bringing World /Game/Maps/UEDPIE_0_MainMenu.MainMenu up for play (max tick rate 0) at 2014.12.01-00.29.28
[2014.12.01-08.29.28:520][ 43]LogWorld: Bringing up level for play took: 0.000846
[2014.12.01-08.29.28:529][ 43]PIE: Info Play in editor start time for /Game/Maps/UEDPIE_0_MainMenu 0.598
[2014.12.01-08.29.32:373][281]LogParticles: Destroying 0 GPU particle simulations for FXSystem 0x0000000031D76FC0
[2014.12.01-08.29.33:156][338]BlueprintLog: New page: Compile MyCharacter
[2014.12.01-08.29.33:390][338]BlueprintEditorCompileResults: Info [0575.38] Compile of MyCharacter successful! [in 75 ms]
[2014.12.01-08.29.34:552][392]Cmd: OBJ SAVEPACKAGE PACKAGE="/Game/Blueprints/MyCharacter" FILE="../../../../../../Users/Maurice/Documents/Unreal Projects/EpicManBP/Content/Blueprints/MyCharacter.uasset" SILENT=true
[2014.12.01-08.29.34:901][392]LogSavePackage: Save=307.536957ms
[2014.12.01-08.29.34:901][392]LogSavePackage: Moving '../../../../../../Users/Maurice/Documents/Unreal Projects/EpicManBP/Saved/MyCharacter5BC526004A5C130A03C9F2B01717C56C.tmp' to '../../../../../../Users/Maurice/Documents/Unreal Projects/EpicManBP/Content/Blueprints/MyCharacter.uasset'
[2014.12.01-08.29.35:648][433]BlueprintLog: New page: Pre-PIE auto-recompile
[2014.12.01-08.29.35:648][433]LogPlayLevel: [PIE] Compiling Ghost before PIE...
[2014.12.01-08.29.35:810][433]LogActorComponent: UnregisterComponent: (/Engine/Transient.CharacterMovementComponent_18) Not registered. Aborting.
[2014.12.01-08.29.36:083][433]LogPlayLevel: [PIE] Compiling GhostBox before PIE...
[2014.12.01-08.29.36:247][433]LogPlayLevel: [PIE] Compiling BasicPickup before PIE...
[2014.12.01-08.29.36:291][433]LogPlayLevel: [PIE] Compiling PowerUp before PIE...
[2014.12.01-08.29.36:352][433]LogPlayLevel: [PIE] Compiling MainMenu before PIE...
[2014.12.01-08.29.36:394][433]LogPlayLevel: [PIE] Compiling EpicManHUD before PIE...
[2014.12.01-08.29.36:504][433]LogPlayLevel: [PIE] Compiling IntersectionSensor before PIE...
[2014.12.01-08.29.36:571][433]LogPlayLevel: [PIE] Compiling PinkGhost before PIE...
[2014.12.01-08.29.36:612][433]LogPlayLevel: [PIE] Compiling LightBlueGhost before PIE...
[2014.12.01-08.29.36:655][433]LogPlayLevel: [PIE] Compiling OrangeGhost before PIE...
[2014.12.01-08.29.36:759][433]LogPlayLevel: [PIE] Compiling MyCharacter before PIE...
[2014.12.01-08.29.36:946][433]LogPlayLevel: [PIE] Compiling RedGhost before PIE...
[2014.12.01-08.29.36:988][433]LogPlayLevel: [PIE] Compiling TheGrid before PIE...
[2014.12.01-08.29.37:040][433]LogPlayLevel: [PIE] Compiling NoSpawnArea before PIE...
[2014.12.01-08.29.37:112][433]LogPlayLevel: PIE:  Blueprint regeneration took 1463 ms (14 blueprints)
[2014.12.01-08.29.37:112][433]PIE: New page: PIE session: MainMenu (Nov 30, 2014, 4:29:37 PM)
[2014.12.01-08.29.37:113][433]LogPlayLevel: PIE: StaticDuplicateObject took: (0.000763s)
[2014.12.01-08.29.37:114][433]LogPlayLevel: PIE: World Init took: (0.000677s)
[2014.12.01-08.29.37:114][433]LogPlayLevel: PIE: Created PIE world by copying editor world from /Game/Maps/MainMenu.MainMenu to /Game/Maps/UEDPIE_0_MainMenu.MainMenu (0.001553s)
[2014.12.01-08.29.37:138][433]LogWorld: Game class is 'MyGame_C'
[2014.12.01-08.29.37:139][433]LogAIModule: Creating AISystem for world MainMenu
[2014.12.01-08.29.37:140][433]LogWorld: Bringing World /Game/Maps/UEDPIE_0_MainMenu.MainMenu up for play (max tick rate 0) at 2014.12.01-00.29.37
[2014.12.01-08.29.37:140][433]LogWorld: Bringing up level for play took: 0.000268
[2014.12.01-08.29.37:142][433]PIE: Info Play in editor start time for /Game/Maps/UEDPIE_0_MainMenu 1.212
[2014.12.01-08.29.39:216][546]LogParticles: Destroying 0 GPU particle simulations for FXSystem 0x0000000031DBD6C0
[2014.12.01-08.30.46:914][838]LogSlate:Warning: GetFontFace failed to load or process 'Roboto-Regular'
[2014.12.01-08.31.01:326][978]BlueprintLog: New page: Compile MyCharacter
[2014.12.01-08.31.01:554][978]BlueprintEditorCompileResults: Info [0663.53] Compile of MyCharacter successful! [in 60 ms]
[2014.12.01-08.31.02:505][ 13]Cmd: OBJ SAVEPACKAGE PACKAGE="/Game/Blueprints/MyCharacter" FILE="../../../../../../Users/Maurice/Documents/Unreal Projects/EpicManBP/Content/Blueprints/MyCharacter.uasset" SILENT=true
[2014.12.01-08.31.02:851][ 13]LogSavePackage: Save=304.708435ms
[2014.12.01-08.31.02:851][ 13]LogSavePackage: Moving '../../../../../../Users/Maurice/Documents/Unreal Projects/EpicManBP/Saved/MyCharacter417706E44125B2DC1C4CCE9BB8263C0F.tmp' to '../../../../../../Users/Maurice/Documents/Unreal Projects/EpicManBP/Content/Blueprints/MyCharacter.uasset'
[2014.12.01-08.31.05:324][220]Cmd: OBJ SAVEPACKAGE PACKAGE="/Game/Maps/MainMenu" FILE="../../../../../../Users/Maurice/Documents/Unreal Projects/EpicManBP/Content/Maps/MainMenu.umap" SILENT=true AUTOSAVING=false KEEPDIRTY=false
[2014.12.01-08.31.05:340][220]LogActorComponent: UnregisterComponent: (/Engine/Transient.CharacterMovementComponent_19) Not registered. Aborting.
[2014.12.01-08.31.05:422][220]LogSavePackage: Save=23.401632ms
[2014.12.01-08.31.05:422][220]LogSavePackage: Moving '../../../../../../Users/Maurice/Documents/Unreal Projects/EpicManBP/Saved/MainMenu7FA5487E458090B89247AAAF8AE212E7.tmp' to '../../../../../../Users/Maurice/Documents/Unreal Projects/EpicManBP/Content/Maps/MainMenu.umap'
[2014.12.01-08.31.06:569][254]BlueprintLog: New page: Pre-PIE auto-recompile
[2014.12.01-08.31.06:569][254]LogPlayLevel: [PIE] Compiling Ghost before PIE...
[2014.12.01-08.31.07:007][254]LogPlayLevel: [PIE] Compiling GhostBox before PIE...
[2014.12.01-08.31.07:177][254]LogPlayLevel: [PIE] Compiling BasicPickup before PIE...
[2014.12.01-08.31.07:224][254]LogPlayLevel: [PIE] Compiling PowerUp before PIE...
[2014.12.01-08.31.07:286][254]LogPlayLevel: [PIE] Compiling MainMenu before PIE...
[2014.12.01-08.31.07:330][254]LogPlayLevel: [PIE] Compiling EpicManHUD before PIE...
[2014.12.01-08.31.07:444][254]LogPlayLevel: [PIE] Compiling IntersectionSensor before PIE...
[2014.12.01-08.31.07:513][254]LogPlayLevel: [PIE] Compiling PinkGhost before PIE...
[2014.12.01-08.31.07:555][254]LogPlayLevel: [PIE] Compiling LightBlueGhost before PIE...
[2014.12.01-08.31.07:598][254]LogPlayLevel: [PIE] Compiling OrangeGhost before PIE...
[2014.12.01-08.31.07:705][254]LogPlayLevel: [PIE] Compiling MyCharacter before PIE...
[2014.12.01-08.31.07:899][254]LogPlayLevel: [PIE] Compiling RedGhost before PIE...
[2014.12.01-08.31.07:942][254]LogPlayLevel: [PIE] Compiling TheGrid before PIE...
[2014.12.01-08.31.07:993][254]LogPlayLevel: [PIE] Compiling NoSpawnArea before PIE...
[2014.12.01-08.31.08:068][254]LogPlayLevel: PIE:  Blueprint regeneration took 1498 ms (14 blueprints)
[2014.12.01-08.31.08:068][254]PIE: New page: PIE session: MainMenu (Nov 30, 2014, 4:31:08 PM)
[2014.12.01-08.31.08:069][254]LogPlayLevel: PIE: StaticDuplicateObject took: (0.000898s)
[2014.12.01-08.31.08:069][254]LogPlayLevel: PIE: World Init took: (0.000408s)
[2014.12.01-08.31.08:069][254]LogPlayLevel: PIE: Created PIE world by copying editor world from /Game/Maps/MainMenu.MainMenu to /Game/Maps/UEDPIE_0_MainMenu.MainMenu (0.001428s)
[2014.12.01-08.31.08:098][254]LogWorld: Game class is 'MyGame_C'
[2014.12.01-08.31.08:099][254]LogAIModule: Creating AISystem for world MainMenu
[2014.12.01-08.31.08:099][254]LogWorld: Bringing World /Game/Maps/UEDPIE_0_MainMenu.MainMenu up for play (max tick rate 0) at 2014.12.01-00.31.08
[2014.12.01-08.31.08:099][254]LogWorld: Bringing up level for play took: 0.000345
[2014.12.01-08.31.08:102][254]LogBlueprintUserMessages: MyCharacter_C
[2014.12.01-08.31.08:102][254]PIE: Info Play in editor start time for /Game/Maps/UEDPIE_0_MainMenu 2.171
[2014.12.01-08.31.12:101][501]LogParticles: Destroying 0 GPU particle simulations for FXSystem 0x0000000039B4FBA0
[2014.12.01-08.31.49:376][497]BlueprintLog: New page: Pre-PIE auto-recompile
[2014.12.01-08.31.49:376][497]LogPlayLevel: [PIE] Compiling Ghost before PIE...
[2014.12.01-08.31.49:805][497]LogPlayLevel: [PIE] Compiling GhostBox before PIE...
[2014.12.01-08.31.49:970][497]LogPlayLevel: [PIE] Compiling BasicPickup before PIE...
[2014.12.01-08.31.50:015][497]LogPlayLevel: [PIE] Compiling PowerUp before PIE...
[2014.12.01-08.31.50:077][497]LogPlayLevel: [PIE] Compiling MainMenu before PIE...
[2014.12.01-08.31.50:082][497]LogBlueprint:Error: [compiler] Error This blueprint (self) is not a MyCharacter_C, therefore ' Target ' must have a connection
[2014.12.01-08.31.50:082][497]LogBlueprint:Error: [compiler] Error Variable node  Get HUD  uses an invalid target.  It may depend on a node that is not connected to the execution chain, and got purged.
[2014.12.01-08.31.50:083][497]LogBlueprint:Warning: [compiler] Warning [0712.20] Compile of MainMenu failed. 2 Fatal Issue(s) 0 Warning(s) [in 1 ms]
[2014.12.01-08.31.50:178][497]LogPlayLevel: [PIE] Compiling EpicManHUD before PIE...
[2014.12.01-08.31.50:295][497]LogPlayLevel: [PIE] Compiling IntersectionSensor before PIE...
[2014.12.01-08.31.50:362][497]LogPlayLevel: [PIE] Compiling PinkGhost before PIE...
[2014.12.01-08.31.50:404][497]LogPlayLevel: [PIE] Compiling LightBlueGhost before PIE...
[2014.12.01-08.31.50:445][497]LogPlayLevel: [PIE] Compiling OrangeGhost before PIE...
[2014.12.01-08.31.50:549][497]LogPlayLevel: [PIE] Compiling MyCharacter before PIE...
[2014.12.01-08.31.50:736][497]LogPlayLevel: [PIE] Compiling RedGhost before PIE...
[2014.12.01-08.31.50:778][497]LogPlayLevel: [PIE] Compiling TheGrid before PIE...
[2014.12.01-08.31.50:828][497]LogPlayLevel: [PIE] Compiling NoSpawnArea before PIE...
[2014.12.01-08.31.50:899][497]LogPlayLevel: PIE:  Blueprint regeneration took 1522 ms (14 blueprints)
[2014.12.01-08.31.54:744][497]BlueprintLog: Info Blueprint MainMenu failed to compile
[2014.12.01-08.31.56:578][641]BlueprintLog: New page: Compile MainMenu
[2014.12.01-08.31.56:583][641]LogBlueprint:Error: [compiler] Error This blueprint (self) is not a MyCharacter_C, therefore ' Target ' must have a connection
[2014.12.01-08.31.56:583][641]LogBlueprint:Error: [compiler] Error Variable node  Get HUD  uses an invalid target.  It may depend on a node that is not connected to the execution chain, and got purged.
[2014.12.01-08.31.56:583][641]LogBlueprint:Warning: [compiler] Warning [0718.70] Compile of MainMenu failed. 2 Fatal Issue(s) 0 Warning(s) [in 1 ms]
[2014.12.01-08.31.56:705][641]BlueprintEditorCompileResults:Error: Error This blueprint (self) is not a MyCharacter_C, therefore ' Target ' must have a connection
[2014.12.01-08.31.56:705][641]BlueprintEditorCompileResults:Error: Error Variable node  Get HUD  uses an invalid target.  It may depend on a node that is not connected to the execution chain, and got purged.
[2014.12.01-08.31.56:705][641]BlueprintEditorCompileResults:Warning: Warning [0718.70] Compile of MainMenu failed. 2 Fatal Issue(s) 0 Warning(s) [in 1 ms]
[2014.12.01-08.32.14:337][ 67]BlueprintLog: New page: Pre-PIE auto-recompile
[2014.12.01-08.32.14:337][ 67]LogPlayLevel: [PIE] Compiling Ghost before PIE...
[2014.12.01-08.32.14:772][ 67]LogPlayLevel: [PIE] Compiling GhostBox before PIE...
[2014.12.01-08.32.14:937][ 67]LogPlayLevel: [PIE] Compiling BasicPickup before PIE...
[2014.12.01-08.32.14:981][ 67]LogPlayLevel: [PIE] Compiling PowerUp before PIE...
[2014.12.01-08.32.15:044][ 67]LogPlayLevel: [PIE] Compiling MainMenu before PIE...
[2014.12.01-08.32.15:085][ 67]LogPlayLevel: [PIE] Compiling EpicManHUD before PIE...
[2014.12.01-08.32.15:195][ 67]LogPlayLevel: [PIE] Compiling IntersectionSensor before PIE...
[2014.12.01-08.32.15:261][ 67]LogPlayLevel: [PIE] Compiling PinkGhost before PIE...
[2014.12.01-08.32.15:302][ 67]LogPlayLevel: [PIE] Compiling LightBlueGhost before PIE...
[2014.12.01-08.32.15:344][ 67]LogPlayLevel: [PIE] Compiling OrangeGhost before PIE...
[2014.12.01-08.32.15:448][ 67]LogPlayLevel: [PIE] Compiling MyCharacter before PIE...
[2014.12.01-08.32.15:637][ 67]LogPlayLevel: [PIE] Compiling RedGhost before PIE...
[2014.12.01-08.32.15:678][ 67]LogPlayLevel: [PIE] Compiling TheGrid before PIE...
[2014.12.01-08.32.15:729][ 67]LogPlayLevel: [PIE] Compiling NoSpawnArea before PIE...
[2014.12.01-08.32.15:799][ 67]LogPlayLevel: PIE:  Blueprint regeneration took 1461 ms (14 blueprints)
[2014.12.01-08.32.15:799][ 67]PIE: New page: PIE session: MainMenu (Nov 30, 2014, 4:32:15 PM)
[2014.12.01-08.32.15:800][ 67]LogPlayLevel: PIE: StaticDuplicateObject took: (0.000769s)
[2014.12.01-08.32.15:800][ 67]LogPlayLevel: PIE: World Init took: (0.000352s)
[2014.12.01-08.32.15:800][ 67]LogPlayLevel: PIE: Created PIE world by copying editor world from /Game/Maps/MainMenu.MainMenu to /Game/Maps/UEDPIE_0_MainMenu.MainMenu (0.001239s)
[2014.12.01-08.32.15:826][ 67]LogWorld: Game class is 'MyGame_C'
[2014.12.01-08.32.15:827][ 67]LogAIModule: Creating AISystem for world MainMenu
[2014.12.01-08.32.15:828][ 67]LogWorld: Bringing World /Game/Maps/UEDPIE_0_MainMenu.MainMenu up for play (max tick rate 0) at 2014.12.01-00.32.15
[2014.12.01-08.32.15:828][ 67]LogWorld: Bringing up level for play took: 0.000255
[2014.12.01-08.32.15:830][ 67]PIE: Info Play in editor start time for /Game/Maps/UEDPIE_0_MainMenu 1.899
[2014.12.01-08.32.19:295][288]LogParticles: Destroying 0 GPU particle simulations for FXSystem 0x0000000037F542C0
[2014.12.01-08.32.35:898][751]BlueprintLog: New page: Compile MainMenu
[2014.12.01-08.32.35:962][751]BlueprintEditorCompileResults: Info [0758.02] Compile of MainMenu successful! [in 1 ms]
[2014.12.01-08.32.37:941][899]Cmd: OBJ SAVEPACKAGE PACKAGE="/Game/Maps/MainMenu" FILE="../../../../../../Users/Maurice/Documents/Unreal Projects/EpicManBP/Content/Maps/MainMenu.umap" SILENT=true AUTOSAVING=false KEEPDIRTY=false
[2014.12.01-08.32.38:061][899]LogSavePackage: Save=20.198782ms
[2014.12.01-08.32.38:061][899]LogSavePackage: Moving '../../../../../../Users/Maurice/Documents/Unreal Projects/EpicManBP/Saved/MainMenu5456FAAB4F73B7C97F81FEA9EF848A06.tmp' to '../../../../../../Users/Maurice/Documents/Unreal Projects/EpicManBP/Content/Maps/MainMenu.umap'
[2014.12.01-08.33.10:623][375]BlueprintLog: New page: Compile MyCharacter
[2014.12.01-08.33.10:856][375]BlueprintEditorCompileResults: Info [0792.83] Compile of MyCharacter successful! [in 61 ms]
[2014.12.01-08.33.11:691][404]Cmd: OBJ SAVEPACKAGE PACKAGE="/Game/Blueprints/MyCharacter" FILE="../../../../../../Users/Maurice/Documents/Unreal Projects/EpicManBP/Content/Blueprints/MyCharacter.uasset" SILENT=true
[2014.12.01-08.33.12:049][404]LogSavePackage: Save=311.205597ms
[2014.12.01-08.33.12:049][404]LogSavePackage: Moving '../../../../../../Users/Maurice/Documents/Unreal Projects/EpicManBP/Saved/MyCharacter74A323A04DEBE570E05E09ABB4067024.tmp' to '../../../../../../Users/Maurice/Documents/Unreal Projects/EpicManBP/Content/Blueprints/MyCharacter.uasset'
[2014.12.01-08.33.23:217][394]BlueprintLog: New page: Pre-PIE auto-recompile
[2014.12.01-08.33.23:217][394]LogPlayLevel: [PIE] Compiling Ghost before PIE...
[2014.12.01-08.33.23:377][394]LogActorComponent: UnregisterComponent: (/Engine/Transient.CharacterMovementComponent_20) Not registered. Aborting.
[2014.12.01-08.33.23:655][394]LogPlayLevel: [PIE] Compiling GhostBox before PIE...
[2014.12.01-08.33.23:822][394]LogPlayLevel: [PIE] Compiling BasicPickup before PIE...
[2014.12.01-08.33.23:869][394]LogPlayLevel: [PIE] Compiling PowerUp before PIE...
[2014.12.01-08.33.23:931][394]LogPlayLevel: [PIE] Compiling MainMenu before PIE...
[2014.12.01-08.33.23:974][394]LogPlayLevel: [PIE] Compiling EpicManHUD before PIE...
[2014.12.01-08.33.24:087][394]LogPlayLevel: [PIE] Compiling IntersectionSensor before PIE...
[2014.12.01-08.33.24:154][394]LogPlayLevel: [PIE] Compiling PinkGhost before PIE...
[2014.12.01-08.33.24:195][394]LogPlayLevel: [PIE] Compiling LightBlueGhost before PIE...
[2014.12.01-08.33.24:238][394]LogPlayLevel: [PIE] Compiling OrangeGhost before PIE...
[2014.12.01-08.33.24:343][394]LogPlayLevel: [PIE] Compiling MyCharacter before PIE...
[2014.12.01-08.33.24:544][394]LogPlayLevel: [PIE] Compiling RedGhost before PIE...
[2014.12.01-08.33.24:586][394]LogPlayLevel: [PIE] Compiling TheGrid before PIE...
[2014.12.01-08.33.24:637][394]LogPlayLevel: [PIE] Compiling NoSpawnArea before PIE...
[2014.12.01-08.33.24:710][394]LogPlayLevel: PIE:  Blueprint regeneration took 1493 ms (14 blueprints)
[2014.12.01-08.33.24:710][394]PIE: New page: PIE session: MainMenu (Nov 30, 2014, 4:33:24 PM)
[2014.12.01-08.33.24:711][394]LogPlayLevel: PIE: StaticDuplicateObject took: (0.000676s)
[2014.12.01-08.33.24:711][394]LogPlayLevel: PIE: World Init took: (0.000380s)
[2014.12.01-08.33.24:711][394]LogPlayLevel: PIE: Created PIE world by copying editor world from /Game/Maps/MainMenu.MainMenu to /Game/Maps/UEDPIE_0_MainMenu.MainMenu (0.001182s)
[2014.12.01-08.33.24:737][394]LogWorld: Game class is 'MyGame_C'
[2014.12.01-08.33.24:738][394]LogAIModule: Creating AISystem for world MainMenu
[2014.12.01-08.33.24:739][394]LogWorld: Bringing World /Game/Maps/UEDPIE_0_MainMenu.MainMenu up for play (max tick rate 0) at 2014.12.01-00.33.24
[2014.12.01-08.33.24:739][394]LogWorld: Bringing up level for play took: 0.000274
[2014.12.01-08.33.24:741][394]PIE: Info Play in editor start time for /Game/Maps/UEDPIE_0_MainMenu 0.808
[2014.12.01-08.33.26:331][477]LogParticles: Destroying 0 GPU particle simulations for FXSystem 0x00000000420FEDE0
[2014.12.01-08.33.43:961][970]LogContentBrowser:Verbose: The content browser source was changed by the sources view to '/Game/HUD'
[2014.12.01-08.33.44:420][ 24]LogContentBrowser:Verbose: The content browser source was changed by the sources view to '/Game/Maps'
[2014.12.01-08.33.47:232][342]LogActorComponent: UnregisterComponent: (/Engine/Transient.CharacterMovementComponent_21) Not registered. Aborting.
[2014.12.01-08.33.47:264][342]Cmd: MAP LOAD FILE="../../../../../../Users/Maurice/Documents/Unreal Projects/EpicManBP/Content/Maps/EpicManLevel.umap" TEMPLATE=0 SHOWPROGRESS=1
[2014.12.01-08.33.47:264][342]LightingResults: New page: Lighting Build
[2014.12.01-08.33.47:292][342]LoadErrors: New page: Loading map: EpicManLevel.umap
[2014.12.01-08.33.47:479][342]MapCheck: New page: Map Check
[2014.12.01-08.33.47:479][342]LightingResults: New page: Lighting Build
[2014.12.01-08.33.47:498][342]LogParticles: Destroying 0 GPU particle simulations for FXSystem 0x000000000B8ECAE0
[2014.12.01-08.33.47:548][342]LogEditorServer: Finished looking for orphan Actors (0.000 secs)
[2014.12.01-08.33.47:548][342]LogAIModule: Creating AISystem for world EpicManLevel
[2014.12.01-08.33.47:906][342]Cmd: MAP CHECKDEP
[2014.12.01-08.33.47:906][342]MapCheck: New page: EpicManLevel - Nov 30, 2014, 4:33:47 PM
[2014.12.01-08.33.47:983][342]MapCheck: Info Map check complete: 0 Error(s), 0 Warning(s), took 76.496ms to complete.
[2014.12.01-08.33.47:983][342]LogFileHelpers: Loading map 'EpicManLevel' took 0.721
[2014.12.01-08.34.40:570][547]LogUObjectGlobals:Warning: Failed to find object 'Object None.'
[2014.12.01-08.34.40:570][547]LogUObjectGlobals:Warning: Failed to find object 'Object None.'
[2014.12.01-08.34.40:570][547]LogUObjectGlobals:Warning: Failed to find object 'Object None.'
[2014.12.01-08.34.40:570][547]LogUObjectGlobals:Warning: Failed to find object 'Object None.'
[2014.12.01-08.34.40:571][547]LogProperty:Warning: ObjectProperty /Script/Engine.EdGraphPin:LinkedTo.LinkedTo: unresolved reference to 'EdGraphPin'"K2Node_DynamicCast_1478.EdGraphPin_30723"''
[2014.12.01-08.34.40:572][547]LogProperty:Warning: ObjectProperty /Script/Engine.EdGraphPin:LinkedTo.LinkedTo: unresolved reference to 'EdGraphPin'"K2Node_VariableGet_2680.EdGraphPin_30738"''
[2014.12.01-08.34.40:572][547]LogProperty:Warning: ObjectProperty /Script/Engine.EdGraphPin:LinkedTo.LinkedTo: unresolved reference to 'EdGraphPin'"K2Node_CallFunction_79150.EdGraphPin_27568"''
[2014.12.01-08.34.40:572][547]LogProperty:Warning: ObjectProperty /Script/Engine.EdGraphPin:LinkedTo.LinkedTo: unresolved reference to 'EdGraphPin'"K2Node_VariableSet_276.EdGraphPin_14900"''
[2014.12.01-08.34.40:573][547]LogProperty:Warning: ObjectProperty /Script/Engine.EdGraphPin:LinkedTo.LinkedTo: unresolved reference to 'EdGraphPin'"K2Node_CallFunction_79150.EdGraphPin_27570"''
[2014.12.01-08.34.59:224][727]BlueprintLog: New page: Compile EpicManLevel
[2014.12.01-08.34.59:272][727]LogActorComponent: UnregisterComponent: (/Engine/Transient.CharacterMovementComponent_22) Not registered. Aborting.
[2014.12.01-08.34.59:272][727]LogActorComponent: UnregisterComponent: (/Engine/Transient.CharacterMovementComponent_23) Not registered. Aborting.
[2014.12.01-08.34.59:272][727]LogActorComponent: UnregisterComponent: (/Engine/Transient.CharacterMovementComponent_24) Not registered. Aborting.
[2014.12.01-08.34.59:272][727]LogActorComponent: UnregisterComponent: (/Engine/Transient.CharacterMovementComponent_25) Not registered. Aborting.
[2014.12.01-08.34.59:272][727]LogActorComponent: UnregisterComponent: (/Engine/Transient.CharacterMovementComponent_26) Not registered. Aborting.
[2014.12.01-08.34.59:327][727]BlueprintEditorCompileResults: Info [0901.35] Compile of EpicManLevel successful! [in 3 ms]
[2014.12.01-08.35.01:599][901]LogSavePackage: Save=354.320587ms
[2014.12.01-08.35.01:599][901]LogSavePackage: Moving '../../../../../../Users/Maurice/Documents/Unreal Projects/EpicManBP/Saved/EpicManLevel2AC8050041EE0235B7366E844E9BCC4E.tmp' to '../../../../../../Users/Maurice/Documents/Unreal Projects/EpicManBP/Content/Maps/EpicManLevel.umap'
[2014.12.01-08.35.03:099][  8]BlueprintLog: New page: Pre-PIE auto-recompile
[2014.12.01-08.35.03:099][  8]LogPlayLevel: [PIE] Compiling Ghost before PIE...
[2014.12.01-08.35.03:561][  8]LogPlayLevel: [PIE] Compiling GhostBox before PIE...
[2014.12.01-08.35.03:737][  8]LogPlayLevel: [PIE] Compiling BasicPickup before PIE...
[2014.12.01-08.35.03:782][  8]LogPlayLevel: [PIE] Compiling PowerUp before PIE...
[2014.12.01-08.35.03:872][  8]LogPlayLevel: [PIE] Compiling EpicManLevel before PIE...
[2014.12.01-08.35.03:940][  8]LogPlayLevel: [PIE] Compiling EpicManHUD before PIE...
[2014.12.01-08.35.04:074][  8]LogPlayLevel: [PIE] Compiling IntersectionSensor before PIE...
[2014.12.01-08.35.04:152][  8]LogPlayLevel: [PIE] Compiling PinkGhost before PIE...
[2014.12.01-08.35.04:194][  8]LogPlayLevel: [PIE] Compiling LightBlueGhost before PIE...
[2014.12.01-08.35.04:238][  8]LogPlayLevel: [PIE] Compiling OrangeGhost before PIE...
[2014.12.01-08.35.04:343][  8]LogPlayLevel: [PIE] Compiling MyCharacter before PIE...
[2014.12.01-08.35.04:552][  8]LogPlayLevel: [PIE] Compiling RedGhost before PIE...
[2014.12.01-08.35.04:604][  8]LogPlayLevel: [PIE] Compiling TheGrid before PIE...
[2014.12.01-08.35.04:667][  8]LogPlayLevel: [PIE] Compiling NoSpawnArea before PIE...
[2014.12.01-08.35.04:760][  8]LogPlayLevel: PIE:  Blueprint regeneration took 1661 ms (14 blueprints)
[2014.12.01-08.35.04:760][  8]PIE: New page: PIE session: EpicManLevel (Nov 30, 2014, 4:35:04 PM)
[2014.12.01-08.35.04:772][  8]LogPlayLevel: PIE: StaticDuplicateObject took: (0.011772s)
[2014.12.01-08.35.04:773][  8]LogPlayLevel: PIE: World Init took: (0.000507s)
[2014.12.01-08.35.04:773][  8]LogPlayLevel: PIE: Created PIE world by copying editor world from /Game/Maps/EpicManLevel.EpicManLevel to /Game/Maps/UEDPIE_0_EpicManLevel.EpicManLevel (0.012475s)
[2014.12.01-08.35.04:799][  8]LogWorld: Game class is 'MyGame_C'
[2014.12.01-08.35.04:801][  8]LogAIModule: Creating AISystem for world EpicManLevel
[2014.12.01-08.35.04:804][  8]LogWorld: Bringing World /Game/Maps/UEDPIE_0_EpicManLevel.EpicManLevel up for play (max tick rate 0) at 2014.12.01-00.35.04
[2014.12.01-08.35.04:805][  8]LogWorld: Bringing up level for play took: 0.004188
[2014.12.01-08.35.05:258][  8]PIE: Info Play in editor start time for /Game/Maps/UEDPIE_0_EpicManLevel 1.324
[2014.12.01-08.35.08:548][377]LogParticles: Destroying 0 GPU particle simulations for FXSystem 0x000000003E7D6700
[2014.12.01-08.35.27:388][465]LogWindowsTextInputMethodSystem:Error: Deactivating a context failed while setting focus to the disabled TSF document manager.
[2014.12.01-08.35.38:288][691]LogSavePackage: Save=329.883545ms
[2014.12.01-08.35.38:288][691]LogSavePackage: Moving '../../../../../../Users/Maurice/Documents/Unreal Projects/EpicManBP/Saved/EpicManLevel3BAC3F9F4854E0A042C3EC9D9A972AE8.tmp' to '../../../../../../Users/Maurice/Documents/Unreal Projects/EpicManBP/Content/Maps/EpicManLevel.umap'
[2014.12.01-08.35.39:535][770]BlueprintLog: New page: Pre-PIE auto-recompile
[2014.12.01-08.35.39:535][770]LogPlayLevel: [PIE] Compiling Ghost before PIE...
[2014.12.01-08.35.39:960][770]LogPlayLevel: [PIE] Compiling GhostBox before PIE...
[2014.12.01-08.35.40:134][770]LogPlayLevel: [PIE] Compiling BasicPickup before PIE...
[2014.12.01-08.35.40:180][770]LogPlayLevel: [PIE] Compiling PowerUp before PIE...
[2014.12.01-08.35.40:251][770]LogPlayLevel: [PIE] Compiling EpicManLevel before PIE...
[2014.12.01-08.35.40:302][770]LogPlayLevel: [PIE] Compiling EpicManHUD before PIE...
[2014.12.01-08.35.40:416][770]LogPlayLevel: [PIE] Compiling IntersectionSensor before PIE...
[2014.12.01-08.35.40:493][770]LogPlayLevel: [PIE] Compiling PinkGhost before PIE...
[2014.12.01-08.35.40:535][770]LogPlayLevel: [PIE] Compiling LightBlueGhost before PIE...
[2014.12.01-08.35.40:580][770]LogPlayLevel: [PIE] Compiling OrangeGhost before PIE...
[2014.12.01-08.35.40:684][770]LogPlayLevel: [PIE] Compiling MyCharacter before PIE...
[2014.12.01-08.35.40:887][770]LogPlayLevel: [PIE] Compiling RedGhost before PIE...
[2014.12.01-08.35.40:940][770]LogPlayLevel: [PIE] Compiling TheGrid before PIE...
[2014.12.01-08.35.41:001][770]LogPlayLevel: [PIE] Compiling NoSpawnArea before PIE...
[2014.12.01-08.35.41:094][770]LogPlayLevel: PIE:  Blueprint regeneration took 1558 ms (14 blueprints)
[2014.12.01-08.35.41:094][770]PIE: New page: PIE session: EpicManLevel (Nov 30, 2014, 4:35:41 PM)
[2014.12.01-08.35.41:106][770]LogPlayLevel: PIE: StaticDuplicateObject took: (0.011816s)
[2014.12.01-08.35.41:106][770]LogPlayLevel: PIE: World Init took: (0.000465s)
[2014.12.01-08.35.41:106][770]LogPlayLevel: PIE: Created PIE world by copying editor world from /Game/Maps/EpicManLevel.EpicManLevel to /Game/Maps/UEDPIE_0_EpicManLevel.EpicManLevel (0.012449s)
[2014.12.01-08.35.41:130][770]LogWorld: Game class is 'MyGame_C'
[2014.12.01-08.35.41:132][770]LogAIModule: Creating AISystem for world EpicManLevel
[2014.12.01-08.35.41:135][770]LogWorld: Bringing World /Game/Maps/UEDPIE_0_EpicManLevel.EpicManLevel up for play (max tick rate 0) at 2014.12.01-00.35.41
[2014.12.01-08.35.41:136][770]LogWorld: Bringing up level for play took: 0.004016
[2014.12.01-08.35.41:583][770]PIE: Info Play in editor start time for /Game/Maps/UEDPIE_0_EpicManLevel 1.648
[2014.12.01-08.35.49:657][719]LogPackageName: SearchForPackageOnDisk took   0.039s to resolve RetryScreen.umap
[2014.12.01-08.35.49:700][720]LogPackageName: SearchForPackageOnDisk took   0.036s to resolve RetryScreen.umap
[2014.12.01-08.35.49:700][720]LogNet: Browse: /Game/Maps/RetryScreen
[2014.12.01-08.35.49:700][720]LogLoad: LoadMap: /Game/Maps/RetryScreen
[2014.12.01-08.35.49:759][720]LogParticles: Destroying 0 GPU particle simulations for FXSystem 0x000000004F07B9C0
[2014.12.01-08.35.49:759][720]Cmd: MEM
[2014.12.01-08.35.49:781][720]LogMemory: Platform Memory Stats for Windows
[2014.12.01-08.35.49:781][720]LogMemory: Process Physical Memory: 1234.50 MB used, 1234.50 MB peak
[2014.12.01-08.35.49:781][720]LogMemory: Process Virtual Memory: 1153.11 MB used, 1153.12 MB peak
[2014.12.01-08.35.49:781][720]LogMemory: Physical Memory: 4911.31 MB used, 24527.21 MB total
[2014.12.01-08.35.49:781][720]LogMemory: Virtual Memory: 1632.04 MB used, 8388608.00 MB total
[2014.12.01-08.35.49:781][720]LogMemory: 
[2014.12.01-08.35.49:781][720]Allocator Stats for TBB: (not implemented)
[2014.12.01-08.35.49:876][720]LogWorld: Game class is 'MyGame_C'
[2014.12.01-08.35.49:878][720]LogAIModule: Creating AISystem for world RetryScreen
[2014.12.01-08.35.49:878][720]LogWorld: Bringing World /Game/Maps/UEDPIE_0_RetryScreen.RetryScreen up for play (max tick rate 0) at 2014.12.01-00.35.49
[2014.12.01-08.35.49:878][720]LogWorld: Bringing up level for play took: 0.000370
[2014.12.01-08.35.49:878][720]LogGameMode: Warning - PATHS NOT DEFINED or NO PLAYERSTART with positive rating
[2014.12.01-08.35.53:746][175]LogParticles: Destroying 0 GPU particle simulations for FXSystem 0x000000004F07B060
[2014.12.01-08.35.56:464][450]LogSavePackage: Save=330.172455ms
[2014.12.01-08.35.56:464][450]LogSavePackage: Moving '../../../../../../Users/Maurice/Documents/Unreal Projects/EpicManBP/Saved/EpicManLevel51724D3041122EB5AB329882BA6DAC26.tmp' to '../../../../../../Users/Maurice/Documents/Unreal Projects/EpicManBP/Content/Maps/EpicManLevel.umap'
[2014.12.01-08.38.30:005][362]Cmd: QUIT_EDITOR
[2014.12.01-08.38.30:281][362]LogExit: Preparing to exit.
[2014.12.01-08.38.31:188][362]LogExit: Editor shut down
[2014.12.01-08.38.31:188][362]LogExit: Transaction tracking system shut down
[2014.12.01-08.38.31:189][362]LogParticles: Destroying 0 GPU particle simulations for FXSystem 0x00000000190909A0
[2014.12.01-08.38.31:189][362]LogParticles: Destroying 0 GPU particle simulations for FXSystem 0x00000000380DCD60
[2014.12.01-08.38.31:190][362]LogParticles: Destroying 0 GPU particle simulations for FXSystem 0x000000000F4242C0
[2014.12.01-08.38.31:190][362]LogParticles: Destroying 0 GPU particle simulations for FXSystem 0x000000001A835260
[2014.12.01-08.38.31:190][362]LogParticles: Destroying 0 GPU particle simulations for FXSystem 0x000000001A835120
[2014.12.01-08.38.31:221][362]LogParticles: Destroying 0 GPU particle simulations for FXSystem 0x00000000279D9C60
[2014.12.01-08.38.31:221][362]LogParticles: Destroying 0 GPU particle simulations for FXSystem 0x00000000279D9800
[2014.12.01-08.38.31:221][362]LogParticles: Destroying 0 GPU particle simulations for FXSystem 0x00000000279D94E0
[2014.12.01-08.38.31:221][362]LogExit: Object subsystem successfully closed.
[2014.12.01-08.38.31:260][362]LogModuleManager: Shutting down and abandoning module AndroidDeviceDetection (166)
[2014.12.01-08.38.31:260][362]LogModuleManager: Shutting down and abandoning module EditorWidgets (165)
[2014.12.01-08.38.31:260][362]LogModuleManager: Shutting down and abandoning module CollectionManager (164)
[2014.12.01-08.38.31:260][362]LogModuleManager: Shutting down and abandoning module CrashTracker (163)
[2014.12.01-08.38.31:260][362]LogModuleManager: Shutting down and abandoning module SuperSearch (162)
[2014.12.01-08.38.31:260][362]LogModuleManager: Shutting down and abandoning module SceneOutliner (161)
[2014.12.01-08.38.31:260][362]LogModuleManager: Shutting down and abandoning module StatsViewer (160)
[2014.12.01-08.38.31:260][362]LogModuleManager: Shutting down and abandoning module FoliageEdit (159)
[2014.12.01-08.38.31:260][362]LogModuleManager: Shutting down and abandoning module LandscapeEditor (158)
[2014.12.01-08.38.31:261][362]LogModuleManager: Shutting down and abandoning module MeshPaint (157)
[2014.12.01-08.38.31:261][362]LogModuleManager: Shutting down and abandoning module ActorPickerMode (156)
[2014.12.01-08.38.31:261][362]LogModuleManager: Shutting down and abandoning module GeometryMode (155)
[2014.12.01-08.38.31:261][362]LogModuleManager: Shutting down and abandoning module TextureAlignMode (154)
[2014.12.01-08.38.31:261][362]LogModuleManager: Shutting down and abandoning module BspMode (153)
[2014.12.01-08.38.31:261][362]LogModuleManager: Shutting down and abandoning module PlacementMode (152)
[2014.12.01-08.38.31:261][362]LogModuleManager: Shutting down and abandoning module AutomationWorker (151)
[2014.12.01-08.38.31:261][362]LogModuleManager: Shutting down and abandoning module CharacterAI (150)
[2014.12.01-08.38.31:261][362]LogModuleManager: Shutting down and abandoning module GameProjectGeneration (149)
[2014.12.01-08.38.31:261][362]LogModuleManager: Shutting down and abandoning module IntroTutorials (148)
[2014.12.01-08.38.31:261][362]LogModuleManager: Shutting down and abandoning module EditorLiveStreaming (147)
[2014.12.01-08.38.31:261][362]LogModuleManager: Shutting down and abandoning module HardwareTargeting (146)
[2014.12.01-08.38.31:261][362]LogModuleManager: Shutting down and abandoning module BehaviorTreeEditor (145)
[2014.12.01-08.38.31:261][362]LogModuleManager: Shutting down and abandoning module DeviceProfileEditor (144)
[2014.12.01-08.38.31:261][362]LogModuleManager: Shutting down and abandoning module UndoHistory (143)
[2014.12.01-08.38.31:261][362]LogModuleManager: Shutting down and abandoning module GameplayTagsEditor (142)
[2014.12.01-08.38.31:261][362]LogModuleManager: Shutting down and abandoning module UserFeedback (141)
[2014.12.01-08.38.31:261][362]LogModuleManager: Shutting down and abandoning module XmlParser (140)
[2014.12.01-08.38.31:261][362]LogModuleManager: Shutting down and abandoning module Blutility (139)
[2014.12.01-08.38.31:261][362]LogModuleManager: Shutting down and abandoning module IOSPlatformEditor (138)
[2014.12.01-08.38.31:261][362]LogModuleManager: Shutting down and abandoning module IOSRuntimeSettings (137)
[2014.12.01-08.38.31:261][362]LogModuleManager: Shutting down and abandoning module AndroidPlatformEditor (136)
[2014.12.01-08.38.31:261][362]LogModuleManager: Shutting down and abandoning module AndroidRuntimeSettings (135)
[2014.12.01-08.38.31:261][362]LogModuleManager: Shutting down and abandoning module ProjectTargetPlatformEditor (134)
[2014.12.01-08.38.31:261][362]LogModuleManager: Shutting down and abandoning module ProjectSettingsViewer (133)
[2014.12.01-08.38.31:261][362]LogModuleManager: Shutting down and abandoning module InputBindingEditor (132)
[2014.12.01-08.38.31:261][362]LogModuleManager: Shutting down and abandoning module EditorSettingsViewer (131)
[2014.12.01-08.38.31:261][362]LogModuleManager: Shutting down and abandoning module SettingsEditor (130)
[2014.12.01-08.38.31:261][362]LogModuleManager: Shutting down and abandoning module ProjectLauncher (129)
[2014.12.01-08.38.31:261][362]LogModuleManager: Shutting down and abandoning module SessionFrontend (128)
[2014.12.01-08.38.31:261][362]LogModuleManager: Shutting down and abandoning module ProfilerClient (127)
[2014.12.01-08.38.31:262][362]LogModuleManager: Shutting down and abandoning module TargetDeviceServices (126)
[2014.12.01-08.38.31:262][362]LogModuleManager: Shutting down and abandoning module DeviceManager (125)
[2014.12.01-08.38.31:262][362]LogModuleManager: Shutting down and abandoning module AutomationController (124)
[2014.12.01-08.38.31:262][362]LogModuleManager: Shutting down and abandoning module AutomationWindow (123)
[2014.12.01-08.38.31:262][362]LogModuleManager: Shutting down and abandoning module Layers (122)
[2014.12.01-08.38.31:262][362]LogModuleManager: Shutting down and abandoning module ComponentVisualizers (121)
[2014.12.01-08.38.31:262][362]LogModuleManager: Shutting down and abandoning module DetailCustomizations (120)
[2014.12.01-08.38.31:262][362]LogModuleManager: Shutting down and abandoning module PackagesDialog (119)
[2014.12.01-08.38.31:262][362]LogModuleManager: Shutting down and abandoning module AssetRegistry (118)
[2014.12.01-08.38.31:335][362]LogModuleManager: Shutting down and abandoning module Persona (117)
[2014.12.01-08.38.31:335][362]LogModuleManager: Shutting down and abandoning module Kismet (116)
[2014.12.01-08.38.31:335][362]LogModuleManager: Shutting down and abandoning module GraphEditor (115)
[2014.12.01-08.38.31:335][362]LogModuleManager: Shutting down and abandoning module ClassViewer (114)
[2014.12.01-08.38.31:335][362]LogModuleManager: Shutting down and abandoning module Toolbox (113)
[2014.12.01-08.38.31:335][362]LogModuleManager: Shutting down and abandoning module ModuleUI (112)
[2014.12.01-08.38.31:335][362]LogModuleManager: Shutting down and abandoning module MovieSceneTools (111)
[2014.12.01-08.38.31:335][362]LogModuleManager: Shutting down and abandoning module OutputLog (110)
[2014.12.01-08.38.31:335][362]LogModuleManager: Shutting down and abandoning module GammaUI (109)
[2014.12.01-08.38.31:335][362]LogModuleManager: Shutting down and abandoning module Documentation (108)
[2014.12.01-08.38.31:335][362]LogModuleManager: Shutting down and abandoning module GameLiveStreaming (107)
[2014.12.01-08.38.31:335][362]LogModuleManager: Shutting down and abandoning module StreamingPauseRendering (106)
[2014.12.01-08.38.31:336][362]LogModuleManager: Shutting down and abandoning module HTTP (105)
[2014.12.01-08.38.31:336][362]LogModuleManager: Shutting down and abandoning module AnalyticsET (104)
[2014.12.01-08.38.31:336][362]LogModuleManager: Shutting down and abandoning module Analytics (103)
[2014.12.01-08.38.31:336][362]LogModuleManager: Shutting down and abandoning module GameplayDebugger (102)
[2014.12.01-08.38.31:336][362]LogModuleManager: Shutting down and abandoning module AIModule (101)
[2014.12.01-08.38.31:336][362]LogModuleManager: Shutting down and abandoning module ProfilerService (100)
[2014.12.01-08.38.31:438][362]LogModuleManager: Shutting down and abandoning module TaskGraph (99)
[2014.12.01-08.38.31:438][362]LogModuleManager: Shutting down and abandoning module SlateRemote (98)
[2014.12.01-08.38.31:438][362]LogModuleManager: Shutting down and abandoning module ScriptEditorPlugin (97)
[2014.12.01-08.38.31:438][362]LogModuleManager: Shutting down and abandoning module CustomMeshComponent (96)
[2014.12.01-08.38.31:438][362]LogModuleManager: Shutting down and abandoning module CableComponent (95)
[2014.12.01-08.38.31:438][362]LogModuleManager: Shutting down and abandoning module MessagingDebugger (94)
[2014.12.01-08.38.31:438][362]LogModuleManager: Shutting down and abandoning module MediaPlayerEditor (93)
[2014.12.01-08.38.31:438][362]LogModuleManager: Shutting down and abandoning module SpeedTreeImporter (92)
[2014.12.01-08.38.31:438][362]LogModuleManager: Shutting down and abandoning module PluginsEditor (91)
[2014.12.01-08.38.31:438][362]LogModuleManager: Shutting down and abandoning module EpicSurvey (90)
[2014.12.01-08.38.31:438][362]LogModuleManager: Shutting down and abandoning module DesktopPlatform (89)
[2014.12.01-08.38.31:438][362]LogModuleManager: Shutting down and abandoning module VisualStudioSourceCodeAccess (88)
[2014.12.01-08.38.31:438][362]LogModuleManager: Shutting down and abandoning module UObjectPlugin (87)
[2014.12.01-08.38.31:438][362]LogModuleManager: Shutting down and abandoning module SubversionSourceControl (86)
[2014.12.01-08.38.31:438][362]LogModuleManager: Shutting down and abandoning module SourceControl (85)
[2014.12.01-08.38.31:438][362]LogModuleManager: Shutting down and abandoning module PerforceSourceControl (84)
[2014.12.01-08.38.31:438][362]LogModuleManager: Shutting down and abandoning module BlankPlugin (83)
[2014.12.01-08.38.31:438][362]LogModuleManager: Shutting down and abandoning module SlateReflector (82)
[2014.12.01-08.38.31:438][362]LogModuleManager: Shutting down and abandoning module DirectoryWatcher (81)
[2014.12.01-08.38.31:438][362]LogModuleManager: Shutting down and abandoning module HotReload (80)
[2014.12.01-08.38.31:438][362]LogModuleManager: Shutting down and abandoning module MainFrame (79)
[2014.12.01-08.38.31:438][362]LogModuleManager: Shutting down and abandoning module LevelEditor (78)
[2014.12.01-08.38.31:439][362]LogModuleManager: Shutting down and abandoning module ViewportSnapping (77)
[2014.12.01-08.38.31:439][362]LogModuleManager: Shutting down and abandoning module SmartSnapping (76)
[2014.12.01-08.38.31:439][362]LogModuleManager: Shutting down and abandoning module PaperTiledImporter (75)
[2014.12.01-08.38.31:439][362]LogModuleManager: Shutting down and abandoning module PaperJsonImporter (74)
[2014.12.01-08.38.31:439][362]LogModuleManager: Shutting down and abandoning module ContentBrowser (73)
[2014.12.01-08.38.31:439][362]LogModuleManager: Shutting down and abandoning module PropertyEditor (72)
[2014.12.01-08.38.31:439][362]LogModuleManager: Shutting down and abandoning module Paper2DEditor (71)
[2014.12.01-08.38.31:439][362]LogModuleManager: Shutting down and abandoning module ScriptPlugin (70)
[2014.12.01-08.38.31:439][362]LogModuleManager: Shutting down and abandoning module UdpMessaging (69)
[2014.12.01-08.38.31:539][362]LogModuleManager: Shutting down and abandoning module Paper2D (68)
[2014.12.01-08.38.31:539][362]LogModuleManager: Shutting down and abandoning module WindowsMoviePlayer (67)
[2014.12.01-08.38.31:541][362]LogModuleManager: Shutting down and abandoning module Media (66)
[2014.12.01-08.38.31:541][362]LogModuleManager: Shutting down and abandoning module WmfMedia (65)
[2014.12.01-08.38.31:541][362]LogModuleManager: Shutting down and abandoning module OnlineBlueprintSupport (64)
[2014.12.01-08.38.31:541][362]LogModuleManager: Shutting down and abandoning module FunctionalTesting (63)
[2014.12.01-08.38.31:541][362]LogModuleManager: Shutting down and abandoning module CollisionAnalyzer (62)
[2014.12.01-08.38.31:541][362]LogModuleManager: Shutting down and abandoning module WorkspaceMenuStructure (61)
[2014.12.01-08.38.31:541][362]LogModuleManager: Shutting down and abandoning module MessageLog (60)
[2014.12.01-08.38.31:541][362]LogModuleManager: Shutting down and abandoning module Sequencer (59)
[2014.12.01-08.38.31:541][362]LogModuleManager: Shutting down and abandoning module AssetTools (58)
[2014.12.01-08.38.31:541][362]LogModuleManager: Shutting down and abandoning module UMGEditor (57)
[2014.12.01-08.38.31:542][362]LogModuleManager: Shutting down and abandoning module UMG (56)
[2014.12.01-08.38.31:542][362]LogModuleManager: Shutting down and abandoning module Slate (55)
[2014.12.01-08.38.31:542][362]LogModuleManager: Shutting down and abandoning module EditorStyle (54)
[2014.12.01-08.38.31:543][362]LogModuleManager: Shutting down and abandoning module SessionServices (53)
[2014.12.01-08.38.31:543][362]LogModuleManager: Shutting down and abandoning module SourceCodeAccess (52)
[2014.12.01-08.38.31:543][362]LogModuleManager: Shutting down and abandoning module HeadMountedDisplay (51)
[2014.12.01-08.38.31:543][362]LogModuleManager: Shutting down and abandoning module XAudio2 (50)
[2014.12.01-08.38.31:543][362]LogModuleManager: Shutting down and abandoning module Networking (48)
[2014.12.01-08.38.31:543][362]LogModuleManager: Shutting down and abandoning module Core (47)
[2014.12.01-08.38.31:543][362]LogModuleManager: Shutting down and abandoning module KismetCompiler (46)
[2014.12.01-08.38.31:543][362]LogModuleManager: Shutting down and abandoning module PhysXFormats (45)
[2014.12.01-08.38.31:543][362]LogModuleManager: Shutting down and abandoning module MeshUtilities (44)
[2014.12.01-08.38.31:543][362]LogModuleManager: Shutting down and abandoning module DerivedDataCache (43)
[2014.12.01-08.38.31:580][362]LogDerivedDataCache: Shutdown
[2014.12.01-08.38.31:580][362]LogModuleManager: Shutting down and abandoning module ShaderFormatOpenGL (42)
[2014.12.01-08.38.31:580][362]LogModuleManager: Shutting down and abandoning module ShaderFormatD3D (41)
[2014.12.01-08.38.31:580][362]LogModuleManager: Shutting down and abandoning module MetalShaderFormat (40)
[2014.12.01-08.38.31:580][362]LogModuleManager: Shutting down and abandoning module TextureFormatUncompressed (39)
[2014.12.01-08.38.31:580][362]LogModuleManager: Shutting down and abandoning module TextureFormatPVR (38)
[2014.12.01-08.38.31:580][362]LogModuleManager: Shutting down and abandoning module TextureFormatDXT (37)
[2014.12.01-08.38.31:580][362]LogModuleManager: Shutting down and abandoning module TextureFormatAndroid (36)
[2014.12.01-08.38.31:580][362]LogModuleManager: Shutting down and abandoning module AudioFormatOpus (35)
[2014.12.01-08.38.31:580][362]LogModuleManager: Shutting down and abandoning module AudioFormatOgg (34)
[2014.12.01-08.38.31:580][362]LogModuleManager: Shutting down and abandoning module AudioFormatADPCM (33)
[2014.12.01-08.38.31:580][362]LogModuleManager: Shutting down and abandoning module Messaging (32)
[2014.12.01-08.38.31:580][362]LogModuleManager: Shutting down and abandoning module IOSTargetPlatform (31)
[2014.12.01-08.38.31:580][362]LogModuleManager: Shutting down and abandoning module Android_PVRTCTargetPlatform (30)
[2014.12.01-08.38.31:580][362]LogModuleManager: Shutting down and abandoning module Android_ETC2TargetPlatform (29)
[2014.12.01-08.38.31:580][362]LogModuleManager: Shutting down and abandoning module Android_ETC1TargetPlatform (28)
[2014.12.01-08.38.31:580][362]LogModuleManager: Shutting down and abandoning module Android_DXTTargetPlatform (27)
[2014.12.01-08.38.31:580][362]LogModuleManager: Shutting down and abandoning module Android_ATCTargetPlatform (26)
[2014.12.01-08.38.31:580][362]LogModuleManager: Shutting down and abandoning module AndroidTargetPlatform (25)
[2014.12.01-08.38.31:580][362]LogModuleManager: Shutting down and abandoning module WindowsTargetPlatform (24)
[2014.12.01-08.38.31:580][362]LogModuleManager: Shutting down and abandoning module WindowsServerTargetPlatform (23)
[2014.12.01-08.38.31:580][362]LogModuleManager: Shutting down and abandoning module WindowsNoEditorTargetPlatform (22)
[2014.12.01-08.38.31:580][362]LogModuleManager: Shutting down and abandoning module WindowsClientTargetPlatform (21)
[2014.12.01-08.38.31:580][362]LogModuleManager: Shutting down and abandoning module TargetPlatform (20)
[2014.12.01-08.38.31:580][362]LogModuleManager: Shutting down and abandoning module InputCore (19)
[2014.12.01-08.38.31:580][362]LogModuleManager: Shutting down and abandoning module Settings (18)
[2014.12.01-08.38.31:580][362]LogModuleManager: Shutting down and abandoning module ImageWrapper (17)
[2014.12.01-08.38.31:580][362]LogModuleManager: Shutting down and abandoning module OculusRift (14)
[2014.12.01-08.38.31:580][362]LogModuleManager: Shutting down and abandoning module ExampleDeviceProfileSelector (13)
[2014.12.01-08.38.31:580][362]LogModuleManager: Shutting down and abandoning module TextureCompressor (12)
[2014.12.01-08.38.31:580][362]LogModuleManager: Shutting down and abandoning module ShaderCore (11)
[2014.12.01-08.38.31:580][362]LogModuleManager: Shutting down and abandoning module SlateRHIRenderer (10)
[2014.12.01-08.38.31:581][362]LogModuleManager: Shutting down and abandoning module OpenGLDrv (9)
[2014.12.01-08.38.31:581][362]LogModuleManager: Shutting down and abandoning module D3D11RHI (8)
[2014.12.01-08.38.31:581][362]LogModuleManager: Shutting down and abandoning module Renderer (7)
[2014.12.01-08.38.31:581][362]LogModuleManager: Shutting down and abandoning module Engine (6)
[2014.12.01-08.38.31:581][362]LogModuleManager: Shutting down and abandoning module CoreUObject (5)
[2014.12.01-08.38.31:581][362]LogModuleManager: Shutting down and abandoning module NetworkFile (4)
[2014.12.01-08.38.31:581][362]LogModuleManager: Shutting down and abandoning module StreamingFile (3)
[2014.12.01-08.38.31:581][362]LogModuleManager: Shutting down and abandoning module SandboxFile (2)
[2014.12.01-08.38.31:581][362]LogModuleManager: Shutting down and abandoning module PakFile (1)
[2014.12.01-08.38.31:582][362]LogExit: Exiting.
[2014.12.01-08.38.31:586][362]Log file closed, 12/01/14 00:38:31
