Log file open, 11/07/14 00:00:08
LogInit:Display: Running engine for game: EpicManBP
LogInit: Version: 4.5.1-2336687+++depot+UE4-Releases+4.5
LogInit: API Version: 2326478
LogInit: Compiled (64-bit): Oct 21 2014 22:32:40
LogInit: Compiled with Visual C++: 18.00.21005.01
LogInit: Build Configuration: Development
LogInit: Branch Name: ++depot+UE4-Releases+4.5
LogInit: Command line:  
LogInit: Base directory: C:/Program Files/Unreal Engine/4.5/Engine/Binaries/Win64/
LogInit: Rocket: 1
[2014.11.07-08.00.08:959][  0]LogTaskGraph: Started task graph with 3 named threads and 4 total threads.
[2014.11.07-08.00.08:984][  0]LogOnline:Warning: No default platform service specified for OnlineSubsystem
[2014.11.07-08.00.08:997][  0]LogInit: Presizing for 0 objects not considered by GC, pre-allocating 0 bytes.
[2014.11.07-08.00.09:004][  0]LogInit: Object subsystem initialized
[2014.11.07-08.00.09:006][  0]LogConsoleResponse:Warning: Skipping Unknown console variable: 'UIScaleRule = ShortestSide'
[2014.11.07-08.00.09:006][  0]LogConsoleResponse:Warning:   Found in ini file 'C:/Users/Maurice/Documents/Unreal Projects/EpicManBP/Saved/Config/Windows/Engine.ini', in section '[/Script/Engine.RendererSettings]'
[2014.11.07-08.00.09:006][  0]LogConsoleResponse:Warning: Skipping Unknown console variable: 'UIScaleCurve = (EditorCurveData=(Keys=((Time=480.000000,Value=0.444000),(Time=720.000000,Value=0.666000),(Time=1080.000000,Value=1.000000),(Time=8640.000000,Value=8.000000))),ExternalCurve=None)'
[2014.11.07-08.00.09:006][  0]LogConsoleResponse:Warning:   Found in ini file 'C:/Users/Maurice/Documents/Unreal Projects/EpicManBP/Saved/Config/Windows/Engine.ini', in section '[/Script/Engine.RendererSettings]'
[2014.11.07-08.00.09:006][  0]LogInit: Selected Device Profile: [Windows]
[2014.11.07-08.00.09:006][  0]LogInit: Applying CVar settings loaded from the selected device profile: [Windows]
[2014.11.07-08.00.09:011][  0]LogInit: Computer: XPS3
[2014.11.07-08.00.09:011][  0]LogInit: User: Maurice
[2014.11.07-08.00.09:011][  0]LogInit: CPU Page size=4096, Cores=4
[2014.11.07-08.00.09:011][  0]LogInit: High frequency timer resolution =3.312685 MHz
[2014.11.07-08.00.09:011][  0]LogMemory: Memory total: Physical=24.0GB (24GB approx) Virtual=8192.0GB
[2014.11.07-08.00.09:011][  0]LogMemory: Platform Memory Stats for Windows
[2014.11.07-08.00.09:011][  0]LogMemory: Process Physical Memory: 63.07 MB used, 63.07 MB peak
[2014.11.07-08.00.09:011][  0]LogMemory: Process Virtual Memory: 38.41 MB used, 38.41 MB peak
[2014.11.07-08.00.09:011][  0]LogMemory: Physical Memory: 4349.22 MB used, 24527.21 MB total
[2014.11.07-08.00.09:011][  0]LogMemory: Virtual Memory: 271.46 MB used, 8388608.00 MB total
[2014.11.07-08.00.09:032][  0]LogD3D11RHI: Found D3D11 adapter 0: NVIDIA GeForce GTX 660 (Feature Level 11_0)
[2014.11.07-08.00.09:032][  0]LogD3D11RHI: Adapter has 1484MB of dedicated video memory, 0MB of dedicated system memory, and 2560MB of shared system memory, 2 output[s]
[2014.11.07-08.00.09:032][  0]LogD3D11RHI: Chosen D3D11 Adapter Id = 0
[2014.11.07-08.00.09:036][  0]LogRHI: Texture pool is 1039 MB (70% of 1484 MB)
[2014.11.07-08.00.09:042][  0]LogD3D11RHI: Async texture creation enabled
[2014.11.07-08.00.09:076][  0]LogTextLocalizationManager: The requested culture ('en_US') has no localization data; parent culture's ('en') localization data will be used.
[2014.11.07-08.00.09:189][  0]LogContentStreaming: Texture pool size is 0.000000MB
[2014.11.07-08.00.12:894][  0]LogTargetPlatformManager:Display: Building Assets For Windows
[2014.11.07-08.00.13:177][  0]LogTargetPlatformManager:Display: Building Assets For Windows
[2014.11.07-08.00.13:213][  0]LogDerivedDataCache:Display: Max Cache Size: 512 MB
[2014.11.07-08.00.13:255][  0]LogDerivedDataCache: Loaded boot cache 0.04s 39MB C:/Users/Maurice/AppData/Local/UnrealEngine/4.5/DerivedDataCache/Boot.ddc.
[2014.11.07-08.00.13:255][  0]LogDerivedDataCache:Display: Loaded Boot cache: C:/Users/Maurice/AppData/Local/UnrealEngine/4.5/DerivedDataCache/Boot.ddc
[2014.11.07-08.00.13:255][  0]LogDerivedDataCache: FDerivedDataBackendGraph:  Pak pak cache file ../../../../../../Users/Maurice/Documents/Unreal Projects/EpicManBP/DerivedDataCache/DDC.ddp not found, will not use a pak cache.
[2014.11.07-08.00.13:255][  0]LogDerivedDataCache: Unable to find inner node Pak for hierarchical cache Hierarchy.
[2014.11.07-08.00.13:308][  0]LogDerivedDataCache:Display: Pak cache opened for reading ../../../Engine/DerivedDataCache/DDC.ddp.
[2014.11.07-08.00.13:320][  0]LogDerivedDataCache: Using Local data cache path C:/Users/Maurice/AppData/Local/UnrealEngine/Common/DerivedDataCache: Writable
[2014.11.07-08.00.13:443][  0]LogMeshUtilities: No automatic mesh reduction module available
[2014.11.07-08.00.13:443][  0]LogMeshUtilities: No automatic mesh merging module available
[2014.11.07-08.00.13:620][  0]LogLinker:Warning: Asset '../../../Engine/Content/Functions/Engine_MaterialFunctions02/Texturing/FlipBook.uasset' has been saved with empty engine version. The asset will be loaded but may be incompatible.
[2014.11.07-08.00.13:622][  0]LogLinker:Warning: Asset '../../../Engine/Content/Functions/Engine_MaterialFunctions02/ExampleContent/Textures/flipbook.uasset' has been saved with empty engine version. The asset will be loaded but may be incompatible.
[2014.11.07-08.00.13:743][  0]LogInit: WinSock: version 1.1 (2.2), MaxSocks=32767, MaxUdp=65467
[2014.11.07-08.00.14:300][  0]UdpMessaging: Initializing bridge on interface 0.0.0.0:0 to multicast group 230.0.0.1:6666.
[2014.11.07-08.00.14:453][  0]LogDirectoryWatcher:Warning: Failed to begin reading directory changes for C:/Users/Maurice/Documents/Unreal Projects/EpicManBP/Binaries/Win64. Error: 0
[2014.11.07-08.00.14:537][  0]SourceControl: Info Source control is disabled
[2014.11.07-08.00.14:537][  0]SourceControl: Info Source control is disabled
[2014.11.07-08.00.14:541][  0]SourceControl: Info Source control is disabled
[2014.11.07-08.00.14:611][  0]LogObj: 22915 objects as part of root set at end of initial load.
[2014.11.07-08.00.14:611][  0]LogUObjectAllocator: 4803536 out of 0 bytes used by permanent object pool.
[2014.11.07-08.00.14:652][  0]LogEngine: Initializing Engine...
[2014.11.07-08.00.14:748][  0]LogInit: XAudio2 using 'Speakers (High Definition Audio Device)' : 2 channels at 44.1 kHz using 16 bits per sample (channel mask 0x3)
[2014.11.07-08.00.14:753][  0]LogInit: FAudioDevice initialized.
[2014.11.07-08.00.14:766][  0]LogAIModule: Creating AISystem for world NewWorld
[2014.11.07-08.00.14:787][  0]LogDerivedDataCache: Saved boot cache 0.02s 39MB C:/Users/Maurice/AppData/Local/UnrealEngine/4.5/DerivedDataCache/Boot.ddc.
[2014.11.07-08.00.14:790][  0]LogInit: Texture streaming: Enabled
[2014.11.07-08.00.14:816][  0]LogInit: Transaction tracking system initialized
[2014.11.07-08.00.14:873][  0]BlueprintLog: New page: Editor Load
[2014.11.07-08.00.14:895][  0]LogAssetRegistry: FAssetRegistry took 0.0097 seconds to start up
[2014.11.07-08.00.14:895][  0]LogDirectoryWatcher:Warning: Failed to begin reading directory changes for ../../../Engine/Plugins/Experimental/CharacterAI/Content/. Error: 0
[2014.11.07-08.00.15:194][  0]LogTargetPlatformManager:Display: Building Assets For Windows
[2014.11.07-08.00.15:419][  0]LogTargetPlatformManager:Display: Building Assets For Windows
[2014.11.07-08.00.15:551][  0]LogConsoleResponse:Display: 
[2014.11.07-08.00.15:676][  0]SourceControl: Info Source control is disabled
[2014.11.07-08.00.15:676][  0]Cmd: MAP LOAD FILE="../../../../../../Users/Maurice/Documents/Unreal Projects/EpicManBP/Content/Maps/EpicManLevel.umap" TEMPLATE=0 SHOWPROGRESS=1
[2014.11.07-08.00.15:676][  0]LightingResults: New page: Lighting Build
[2014.11.07-08.00.15:682][  0]MapCheck: New page: Map Check
[2014.11.07-08.00.15:682][  0]LightingResults: New page: Lighting Build
[2014.11.07-08.00.15:692][  0]LogParticles: Destroying 0 GPU particle simulations for FXSystem 0x0000000016F5DA80
[2014.11.07-08.00.16:034][  0]LogEditorServer: Finished looking for orphan Actors (0.000 secs)
[2014.11.07-08.00.16:034][  0]LogAIModule: Creating AISystem for world EpicManLevel
[2014.11.07-08.00.16:034][  0]Cmd: MAP CHECKDEP
[2014.11.07-08.00.16:035][  0]MapCheck: New page: EpicManLevel - Nov 6, 2014, 4:00:16 PM
[2014.11.07-08.00.16:107][  0]MapCheck: Info Map check complete: 0 Error(s), 0 Warning(s), took 72.25ms to complete.
[2014.11.07-08.00.16:107][  0]LogFileHelpers: Loading map 'EpicManLevel' took 0.431
[2014.11.07-08.00.16:216][  0]LogCollectionManager: Loaded 0 collections in 0.000720 seconds
[2014.11.07-08.00.16:353][  0]LogCrashTracker: Crashtracker disabled due to settings.
[2014.11.07-08.00.16:376][  0]LogUObjectGlobals:Warning: Failed to find object 'Class None.'
[2014.11.07-08.00.16:400][  0]LogLoad: Full Startup: 9.29 seconds (BP compile: 0.13 seconds)
[2014.11.07-08.00.16:906][  0]LogRenderer:Warning: Reallocating scene render targets to support 736x856.
[2014.11.07-08.00.17:118][  1]LogContentBrowser:Verbose: The content browser source was changed by the sources view to '/Game/HUD'
[2014.11.07-08.00.18:455][  5]LogAssetRegistry: Asset discovery search completed in 3.5706 seconds
[2014.11.07-08.00.31:121][939]LogActorComponent: UnregisterComponent: (/Engine/Transient.CharacterMovementComponent_0) Not registered. Aborting.
[2014.11.07-08.00.31:145][939]LogMetaData: Removing '/Game/HUD/EpicManHUD.EpicManHUD_C' ref from Metadata '/Game/HUD/NewWidgetBlueprint.PackageMetaData'
[2014.11.07-08.00.31:145][939]LogMetaData: Removing '/Game/HUD/EpicManHUD.SKEL_EpicManHUD_C' ref from Metadata '/Game/HUD/NewWidgetBlueprint.PackageMetaData'
[2014.11.07-08.00.31:178][939]Cmd: OBJ SAVEPACKAGE PACKAGE="/Game/HUD/EpicManHUD" FILE="../../../../../../Users/Maurice/Documents/Unreal Projects/EpicManBP/Content/HUD/EpicManHUD.uasset" SILENT=true
[2014.11.07-08.00.31:189][939]LogSavePackage: Save=8.321649ms
[2014.11.07-08.00.31:189][939]LogSavePackage: Moving '../../../../../../Users/Maurice/Documents/Unreal Projects/EpicManBP/Saved/EpicManHUDDF80E6C845191C3C11DAFCA7B5C6E9A3.tmp' to '../../../../../../Users/Maurice/Documents/Unreal Projects/EpicManBP/Content/HUD/EpicManHUD.uasset'
[2014.11.07-08.01.02:733][959]BlueprintLog: New page: Pre-PIE auto-recompile
[2014.11.07-08.01.02:733][959]LogPlayLevel: [PIE] Compiling EpicManLevel before PIE...
[2014.11.07-08.01.02:914][959]LogActorComponent: UnregisterComponent: (/Engine/Transient.CharacterMovementComponent_1) Not registered. Aborting.
[2014.11.07-08.01.02:929][959]LogPlayLevel: PIE:  Blueprint regeneration took 196 ms (1 blueprints)
[2014.11.07-08.01.02:929][959]PIE: New page: PIE session: EpicManLevel (Nov 6, 2014, 4:01:02 PM)
[2014.11.07-08.01.02:938][959]LogPlayLevel: PIE: StaticDuplicateObject took: (0.008842s)
[2014.11.07-08.01.02:939][959]LogPlayLevel: PIE: World Init took: (0.000389s)
[2014.11.07-08.01.02:939][959]LogPlayLevel: PIE: Created PIE world by copying editor world from /Game/Maps/EpicManLevel.EpicManLevel to /Game/Maps/UEDPIE_0_EpicManLevel.EpicManLevel (0.009394s)
[2014.11.07-08.01.02:974][959]LogWorld: Game class is 'MyGame_C'
[2014.11.07-08.01.02:979][959]LogAIModule: Creating AISystem for world EpicManLevel
[2014.11.07-08.01.02:988][959]LogWorld: Bringing World /Game/Maps/UEDPIE_0_EpicManLevel.EpicManLevel up for play (max tick rate 0) at 2014.11.07-00.01.02
[2014.11.07-08.01.02:990][959]LogWorld: Bringing up level for play took: 0.010779
[2014.11.07-08.01.03:157][959]PIE: Info Play in editor start time for /Game/Maps/UEDPIE_0_EpicManLevel 0.24
[2014.11.07-08.01.04:079][ 58]LogBlueprintUserMessages: 100
[2014.11.07-08.01.04:376][ 93]LogBlueprintUserMessages: 200
[2014.11.07-08.01.04:554][114]LogBlueprintUserMessages: 300
[2014.11.07-08.01.04:697][131]LogBlueprintUserMessages: 400
[2014.11.07-08.01.04:839][148]LogBlueprintUserMessages: 500
[2014.11.07-08.01.04:983][165]LogBlueprintUserMessages: 600
[2014.11.07-08.01.05:121][181]LogBlueprintUserMessages: 700
[2014.11.07-08.01.05:268][198]LogBlueprintUserMessages: 800
[2014.11.07-08.01.05:421][216]LogBlueprintUserMessages: 900
[2014.11.07-08.01.05:563][233]LogBlueprintUserMessages: 1000
[2014.11.07-08.01.05:707][250]LogBlueprintUserMessages: 1100
[2014.11.07-08.01.05:853][267]LogBlueprintUserMessages: 1200
[2014.11.07-08.01.05:994][282]LogBlueprintUserMessages: 1300
[2014.11.07-08.01.06:142][299]LogBlueprintUserMessages: 1400
[2014.11.07-08.01.06:286][314]LogBlueprintUserMessages: 1500
[2014.11.07-08.01.06:424][330]LogBlueprintUserMessages: 1600
[2014.11.07-08.01.06:569][347]LogBlueprintUserMessages: 1700
[2014.11.07-08.01.06:707][363]LogBlueprintUserMessages: 1800
[2014.11.07-08.01.06:857][381]LogBlueprintUserMessages: 1900
[2014.11.07-08.01.06:993][397]LogBlueprintUserMessages: 2000
[2014.11.07-08.01.07:200][413]LogParticles: Destroying 0 GPU particle simulations for FXSystem 0x0000000016816CA0
[2014.11.07-08.01.11:847][947]Cmd: MAP LOAD FILE="../../../../../../Users/Maurice/Documents/Unreal Projects/EpicManBP/Content/Maps/MainMenu.umap" TEMPLATE=0 SHOWPROGRESS=1
[2014.11.07-08.01.11:848][947]LightingResults: New page: Lighting Build
[2014.11.07-08.01.11:876][947]LoadErrors: New page: Loading map: MainMenu.umap
[2014.11.07-08.01.11:877][947]MapCheck: New page: Map Check
[2014.11.07-08.01.11:877][947]LightingResults: New page: Lighting Build
[2014.11.07-08.01.11:895][947]LogParticles: Destroying 0 GPU particle simulations for FXSystem 0x000000000CF534C0
[2014.11.07-08.01.11:958][947]LogEditorServer: Finished looking for orphan Actors (0.000 secs)
[2014.11.07-08.01.11:959][947]LogAIModule: Creating AISystem for world MainMenu
[2014.11.07-08.01.12:000][947]Cmd: MAP CHECKDEP
[2014.11.07-08.01.12:000][947]MapCheck: New page: MainMenu - Nov 6, 2014, 4:01:12 PM
[2014.11.07-08.01.12:078][947]MapCheck: Info Map check complete: 0 Error(s), 0 Warning(s), took 78.022ms to complete.
[2014.11.07-08.01.12:078][947]LogFileHelpers: Loading map 'MainMenu' took 0.232
[2014.11.07-08.01.13:552][119]BlueprintLog: New page: Pre-PIE auto-recompile
[2014.11.07-08.01.13:552][119]LogPlayLevel: [PIE] Compiling Tutorial_BP_MacroLib before PIE...
[2014.11.07-08.01.13:582][119]LogPlayLevel: [PIE] Compiling MainMenu before PIE...
[2014.11.07-08.01.13:615][119]LogActorComponent: UnregisterComponent: (/Engine/Transient.CharacterMovementComponent_2) Not registered. Aborting.
[2014.11.07-08.01.13:630][119]LogPlayLevel: PIE:  Blueprint regeneration took 78 ms (2 blueprints)
[2014.11.07-08.01.13:631][119]PIE: New page: PIE session: MainMenu (Nov 6, 2014, 4:01:13 PM)
[2014.11.07-08.01.13:631][119]LogPlayLevel: PIE: StaticDuplicateObject took: (0.000543s)
[2014.11.07-08.01.13:632][119]LogPlayLevel: PIE: World Init took: (0.000373s)
[2014.11.07-08.01.13:632][119]LogPlayLevel: PIE: Created PIE world by copying editor world from /Game/Maps/MainMenu.MainMenu to /Game/Maps/UEDPIE_0_MainMenu.MainMenu (0.001014s)
[2014.11.07-08.01.13:657][119]LogWorld: Game class is 'MyGame_C'
[2014.11.07-08.01.13:658][119]LogAIModule: Creating AISystem for world MainMenu
[2014.11.07-08.01.13:658][119]LogWorld: Bringing World /Game/Maps/UEDPIE_0_MainMenu.MainMenu up for play (max tick rate 0) at 2014.11.07-00.01.13
[2014.11.07-08.01.13:658][119]LogWorld: Bringing up level for play took: 0.000274
[2014.11.07-08.01.13:660][119]PIE: Info Play in editor start time for /Game/Maps/UEDPIE_0_MainMenu 0.744
[2014.11.07-08.01.14:199][178]LogPackageName: SearchForPackageOnDisk took   0.038s to resolve EpicManLevel.umap
[2014.11.07-08.01.14:235][178]LogPackageName: SearchForPackageOnDisk took   0.036s to resolve EpicManLevel.umap
[2014.11.07-08.01.14:235][178]LogNet: Browse: /Game/Maps/EpicManLevel
[2014.11.07-08.01.14:235][178]LogLoad: LoadMap: /Game/Maps/EpicManLevel
[2014.11.07-08.01.14:249][178]LogParticles: Destroying 0 GPU particle simulations for FXSystem 0x000000000B819620
[2014.11.07-08.01.14:249][178]Cmd: MEM
[2014.11.07-08.01.14:262][178]LogMemory: Platform Memory Stats for Windows
[2014.11.07-08.01.14:262][178]LogMemory: Process Physical Memory: 590.69 MB used, 634.13 MB peak
[2014.11.07-08.01.14:262][178]LogMemory: Process Virtual Memory: 508.56 MB used, 553.43 MB peak
[2014.11.07-08.01.14:262][178]LogMemory: Physical Memory: 4895.71 MB used, 24527.21 MB total
[2014.11.07-08.01.14:262][178]LogMemory: Virtual Memory: 1021.39 MB used, 8388608.00 MB total
[2014.11.07-08.01.14:262][178]LogMemory: 
[2014.11.07-08.01.14:262][178]Allocator Stats for TBB: (not implemented)
[2014.11.07-08.01.14:447][178]LogWorld: Game class is 'MyGame_C'
[2014.11.07-08.01.14:448][178]LogAIModule: Creating AISystem for world EpicManLevel
[2014.11.07-08.01.14:453][178]LogWorld: Bringing World /Game/Maps/UEDPIE_0_EpicManLevel.EpicManLevel up for play (max tick rate 0) at 2014.11.07-00.01.14
[2014.11.07-08.01.14:454][178]LogWorld: Bringing up level for play took: 0.005678
[2014.11.07-08.01.16:187][364]LogBlueprintUserMessages: 100
[2014.11.07-08.01.16:485][398]LogBlueprintUserMessages: 200
[2014.11.07-08.01.16:661][419]LogBlueprintUserMessages: 300
[2014.11.07-08.01.16:803][436]LogBlueprintUserMessages: 400
[2014.11.07-08.01.16:944][453]LogBlueprintUserMessages: 500
[2014.11.07-08.01.17:094][471]LogBlueprintUserMessages: 600
[2014.11.07-08.01.17:236][488]LogBlueprintUserMessages: 700
[2014.11.07-08.01.17:373][504]LogBlueprintUserMessages: 800
[2014.11.07-08.01.17:548][525]LogBlueprintUserMessages: 900
[2014.11.07-08.01.17:690][542]LogBlueprintUserMessages: 1000
[2014.11.07-08.01.17:832][559]LogBlueprintUserMessages: 1100
[2014.11.07-08.01.17:982][577]LogBlueprintUserMessages: 1200
[2014.11.07-08.01.18:123][594]LogBlueprintUserMessages: 1300
[2014.11.07-08.01.18:266][611]LogBlueprintUserMessages: 1400
[2014.11.07-08.01.18:412][628]LogBlueprintUserMessages: 1500
[2014.11.07-08.01.18:553][645]LogBlueprintUserMessages: 1600
[2014.11.07-08.01.18:695][662]LogBlueprintUserMessages: 1700
[2014.11.07-08.01.18:837][679]LogBlueprintUserMessages: 1800
[2014.11.07-08.01.18:978][696]LogBlueprintUserMessages: 1900
[2014.11.07-08.01.19:120][713]LogBlueprintUserMessages: 2000
[2014.11.07-08.01.19:262][730]LogBlueprintUserMessages: 2100
[2014.11.07-08.01.19:412][748]LogBlueprintUserMessages: 2200
[2014.11.07-08.01.19:549][764]LogBlueprintUserMessages: 2300
[2014.11.07-08.01.19:691][781]LogBlueprintUserMessages: 2400
[2014.11.07-08.01.19:833][798]LogBlueprintUserMessages: 2500
[2014.11.07-08.01.19:983][816]LogBlueprintUserMessages: 2600
[2014.11.07-08.01.20:125][833]LogBlueprintUserMessages: 2700
[2014.11.07-08.01.20:266][850]LogBlueprintUserMessages: 2800
[2014.11.07-08.01.20:408][867]LogBlueprintUserMessages: 2900
[2014.11.07-08.01.20:550][884]LogBlueprintUserMessages: 3000
[2014.11.07-08.01.20:687][900]LogBlueprintUserMessages: 3100
[2014.11.07-08.01.20:837][918]LogBlueprintUserMessages: 3200
[2014.11.07-08.01.20:973][934]LogBlueprintUserMessages: 3300
[2014.11.07-08.01.21:123][952]LogBlueprintUserMessages: 3400
[2014.11.07-08.01.21:265][969]LogBlueprintUserMessages: 3500
[2014.11.07-08.01.21:473][994]LogBlueprintUserMessages: 3600
[2014.11.07-08.01.21:615][ 11]LogBlueprintUserMessages: 3700
[2014.11.07-08.01.21:761][ 28]LogBlueprintUserMessages: 3800
[2014.11.07-08.01.21:903][ 45]LogBlueprintUserMessages: 3900
[2014.11.07-08.01.22:561][124]LogBlueprintUserMessages: 4000
[2014.11.07-08.01.22:744][146]LogBlueprintUserMessages: 4100
[2014.11.07-08.01.22:890][163]LogBlueprintUserMessages: 4200
[2014.11.07-08.01.23:040][181]LogBlueprintUserMessages: 4300
[2014.11.07-08.01.23:182][198]LogBlueprintUserMessages: 4400
[2014.11.07-08.01.23:324][215]LogBlueprintUserMessages: 4500
[2014.11.07-08.01.23:466][232]LogBlueprintUserMessages: 4600
[2014.11.07-08.01.23:616][250]LogBlueprintUserMessages: 4700
[2014.11.07-08.01.23:757][267]LogBlueprintUserMessages: 4800
[2014.11.07-08.01.23:903][284]LogBlueprintUserMessages: 4900
[2014.11.07-08.01.24:045][301]LogBlueprintUserMessages: 5000
[2014.11.07-08.01.24:186][318]LogBlueprintUserMessages: 5100
[2014.11.07-08.01.24:328][335]LogBlueprintUserMessages: 5200
[2014.11.07-08.01.25:211][441]LogBlueprintUserMessages: 5300
[2014.11.07-08.01.25:415][465]LogBlueprintUserMessages: 5400
[2014.11.07-08.01.25:565][483]LogBlueprintUserMessages: 5500
[2014.11.07-08.01.25:707][500]LogBlueprintUserMessages: 5600
[2014.11.07-08.01.25:849][517]LogBlueprintUserMessages: 5700
[2014.11.07-08.01.25:990][534]LogBlueprintUserMessages: 5800
[2014.11.07-08.01.26:134][551]LogBlueprintUserMessages: 5900
[2014.11.07-08.01.26:276][568]LogBlueprintUserMessages: 6000
[2014.11.07-08.01.26:421][585]LogBlueprintUserMessages: 6100
[2014.11.07-08.01.26:563][602]LogBlueprintUserMessages: 6200
[2014.11.07-08.01.26:705][619]LogBlueprintUserMessages: 6300
[2014.11.07-08.01.26:846][636]LogBlueprintUserMessages: 6400
[2014.11.07-08.01.26:996][654]LogBlueprintUserMessages: 6500
[2014.11.07-08.01.27:138][671]LogBlueprintUserMessages: 6600
[2014.11.07-08.01.27:280][688]LogBlueprintUserMessages: 6700
[2014.11.07-08.01.27:425][705]LogBlueprintUserMessages: 6800
[2014.11.07-08.01.27:567][722]LogBlueprintUserMessages: 6900
[2014.11.07-08.01.27:709][739]LogBlueprintUserMessages: 7000
[2014.11.07-08.01.27:850][756]LogBlueprintUserMessages: 7100
[2014.11.07-08.01.27:992][773]LogBlueprintUserMessages: 7200
[2014.11.07-08.01.28:134][790]LogBlueprintUserMessages: 7300
[2014.11.07-08.01.28:275][807]LogBlueprintUserMessages: 7400
[2014.11.07-08.01.28:425][825]LogBlueprintUserMessages: 7500
[2014.11.07-08.01.28:563][841]LogBlueprintUserMessages: 7600
[2014.11.07-08.01.29:455][948]LogBlueprintUserMessages: 7700
[2014.11.07-08.01.29:967][  9]LogBlueprintUserMessages: 7800
[2014.11.07-08.01.30:175][ 34]LogBlueprintUserMessages: 7900
[2014.11.07-08.01.30:325][ 52]LogBlueprintUserMessages: 8000
[2014.11.07-08.01.30:467][ 69]LogBlueprintUserMessages: 8100
[2014.11.07-08.01.30:612][ 86]LogBlueprintUserMessages: 8200
[2014.11.07-08.01.30:679][ 94]LogBlueprintUserMessages: 8300
[2014.11.07-08.01.30:821][111]LogBlueprintUserMessages: 8400
[2014.11.07-08.01.30:971][129]LogBlueprintUserMessages: 8500
[2014.11.07-08.01.31:087][143]LogBlueprintUserMessages: 8600
[2014.11.07-08.01.31:229][160]LogBlueprintUserMessages: 8700
[2014.11.07-08.01.31:379][178]LogBlueprintUserMessages: 8800
[2014.11.07-08.01.31:521][195]LogBlueprintUserMessages: 8900
[2014.11.07-08.01.31:657][211]LogBlueprintUserMessages: 9000
[2014.11.07-08.01.31:807][229]LogBlueprintUserMessages: 9100
[2014.11.07-08.01.31:949][246]LogBlueprintUserMessages: 9200
[2014.11.07-08.01.32:092][263]LogBlueprintUserMessages: 9300
[2014.11.07-08.01.32:233][280]LogBlueprintUserMessages: 9400
[2014.11.07-08.01.32:375][297]LogBlueprintUserMessages: 9500
[2014.11.07-08.01.32:517][314]LogBlueprintUserMessages: 9600
[2014.11.07-08.01.32:658][331]LogBlueprintUserMessages: 9700
[2014.11.07-08.01.32:803][348]LogBlueprintUserMessages: 9800
[2014.11.07-08.01.32:945][365]LogBlueprintUserMessages: 9900
[2014.11.07-08.01.33:087][382]LogBlueprintUserMessages: 10000
[2014.11.07-08.01.33:228][399]LogBlueprintUserMessages: 10100
[2014.11.07-08.01.33:378][417]LogBlueprintUserMessages: 10200
[2014.11.07-08.01.33:520][434]LogBlueprintUserMessages: 10300
[2014.11.07-08.01.33:662][451]LogBlueprintUserMessages: 10400
[2014.11.07-08.01.33:807][468]LogBlueprintUserMessages: 10500
[2014.11.07-08.01.33:948][485]LogBlueprintUserMessages: 10600
[2014.11.07-08.01.34:090][502]LogBlueprintUserMessages: 10700
[2014.11.07-08.01.34:232][519]LogBlueprintUserMessages: 10800
[2014.11.07-08.01.34:374][536]LogBlueprintUserMessages: 10900
[2014.11.07-08.01.34:516][553]LogBlueprintUserMessages: 11000
[2014.11.07-08.01.34:665][571]LogBlueprintUserMessages: 11100
[2014.11.07-08.01.34:802][587]LogBlueprintUserMessages: 11200
[2014.11.07-08.01.35:770][703]LogBlueprintUserMessages: 11300
[2014.11.07-08.01.35:906][719]LogBlueprintUserMessages: 11400
[2014.11.07-08.01.36:106][743]LogBlueprintUserMessages: 11500
[2014.11.07-08.01.36:256][761]LogBlueprintUserMessages: 11600
[2014.11.07-08.01.36:398][778]LogBlueprintUserMessages: 11700
[2014.11.07-08.01.36:539][795]LogBlueprintUserMessages: 11800
[2014.11.07-08.01.36:723][817]LogBlueprintUserMessages: 11900
[2014.11.07-08.01.36:864][834]LogBlueprintUserMessages: 12000
[2014.11.07-08.01.37:668][930]LogBlueprintUserMessages: 12100
[2014.11.07-08.01.37:810][947]LogBlueprintUserMessages: 12200
[2014.11.07-08.01.37:952][964]LogBlueprintUserMessages: 12300
[2014.11.07-08.01.38:097][981]LogBlueprintUserMessages: 12400
[2014.11.07-08.01.38:239][998]LogBlueprintUserMessages: 12500
[2014.11.07-08.01.38:397][ 17]LogBlueprintUserMessages: 12600
[2014.11.07-08.01.38:539][ 34]LogBlueprintUserMessages: 12700
[2014.11.07-08.01.38:681][ 51]LogBlueprintUserMessages: 12800
[2014.11.07-08.01.38:847][ 71]LogBlueprintUserMessages: 12900
[2014.11.07-08.01.38:989][ 88]LogBlueprintUserMessages: 13000
[2014.11.07-08.01.39:467][145]LogBlueprintUserMessages: 13100
[2014.11.07-08.01.39:684][171]LogBlueprintUserMessages: 13200
[2014.11.07-08.01.41:967][445]LogBlueprintUserMessages: 13300
[2014.11.07-08.01.42:187][471]LogBlueprintUserMessages: 13400
[2014.11.07-08.01.42:346][490]LogBlueprintUserMessages: 13500
[2014.11.07-08.01.42:812][546]LogBlueprintUserMessages: 13600
[2014.11.07-08.01.43:021][571]LogBlueprintUserMessages: 13700
[2014.11.07-08.01.43:174][589]LogBlueprintUserMessages: 13800
[2014.11.07-08.01.43:357][611]LogBlueprintUserMessages: 13900
[2014.11.07-08.01.43:524][631]LogBlueprintUserMessages: 14000
[2014.11.07-08.01.44:741][777]LogBlueprintUserMessages: 14100
[2014.11.07-08.01.44:986][806]LogBlueprintUserMessages: 14200
[2014.11.07-08.01.45:144][825]LogBlueprintUserMessages: 14300
[2014.11.07-08.01.45:327][847]LogBlueprintUserMessages: 14400
[2014.11.07-08.01.45:469][864]LogBlueprintUserMessages: 14500
[2014.11.07-08.01.45:611][881]LogBlueprintUserMessages: 14600
[2014.11.07-08.01.45:761][899]LogBlueprintUserMessages: 14700
[2014.11.07-08.01.45:905][916]LogBlueprintUserMessages: 14800
[2014.11.07-08.01.46:047][933]LogBlueprintUserMessages: 14900
[2014.11.07-08.01.46:222][954]LogBlueprintUserMessages: 15000
[2014.11.07-08.01.46:364][971]LogBlueprintUserMessages: 15100
[2014.11.07-08.01.46:914][ 37]LogBlueprintUserMessages: 15200
[2014.11.07-08.01.47:051][ 53]LogBlueprintUserMessages: 15300
[2014.11.07-08.01.47:201][ 71]LogBlueprintUserMessages: 15400
[2014.11.07-08.01.47:312][ 76]LogParticles: Destroying 0 GPU particle simulations for FXSystem 0x000000000B891300
[2014.11.07-08.01.52:640][699]Cmd: MAP LOAD FILE="../../../../../../Users/Maurice/Documents/Unreal Projects/EpicManBP/Content/Maps/EpicManLevel.umap" TEMPLATE=0 SHOWPROGRESS=1
[2014.11.07-08.01.52:640][699]LightingResults: New page: Lighting Build
[2014.11.07-08.01.52:668][699]LoadErrors: New page: Loading map: EpicManLevel.umap
[2014.11.07-08.01.52:669][699]MapCheck: New page: Map Check
[2014.11.07-08.01.52:669][699]LightingResults: New page: Lighting Build
[2014.11.07-08.01.52:682][699]LogParticles: Destroying 0 GPU particle simulations for FXSystem 0x000000001164D120
[2014.11.07-08.01.52:807][699]LogEditorServer: Finished looking for orphan Actors (0.000 secs)
[2014.11.07-08.01.52:807][699]LogAIModule: Creating AISystem for world EpicManLevel
[2014.11.07-08.01.52:849][699]Cmd: MAP CHECKDEP
[2014.11.07-08.01.52:849][699]MapCheck: New page: EpicManLevel - Nov 6, 2014, 4:01:52 PM
[2014.11.07-08.01.52:931][699]MapCheck: Info Map check complete: 0 Error(s), 0 Warning(s), took 81.968ms to complete.
[2014.11.07-08.01.52:931][699]LogFileHelpers: Loading map 'EpicManLevel' took 0.293
[2014.11.07-08.02.00:140][807]BlueprintLog: New page: Pre-PIE auto-recompile
[2014.11.07-08.02.00:140][807]LogPlayLevel: [PIE] Compiling EpicManLevel before PIE...
[2014.11.07-08.02.00:286][807]LogActorComponent: UnregisterComponent: (/Engine/Transient.CharacterMovementComponent_3) Not registered. Aborting.
[2014.11.07-08.02.00:300][807]LogPlayLevel: PIE:  Blueprint regeneration took 160 ms (1 blueprints)
[2014.11.07-08.02.00:300][807]PIE: New page: PIE session: EpicManLevel (Nov 6, 2014, 4:02:00 PM)
[2014.11.07-08.02.00:309][807]LogPlayLevel: PIE: StaticDuplicateObject took: (0.009127s)
[2014.11.07-08.02.00:310][807]LogPlayLevel: PIE: World Init took: (0.000383s)
[2014.11.07-08.02.00:310][807]LogPlayLevel: PIE: Created PIE world by copying editor world from /Game/Maps/EpicManLevel.EpicManLevel to /Game/Maps/UEDPIE_0_EpicManLevel.EpicManLevel (0.009654s)
[2014.11.07-08.02.00:339][807]LogWorld: Game class is 'MyGame_C'
[2014.11.07-08.02.00:341][807]LogAIModule: Creating AISystem for world EpicManLevel
[2014.11.07-08.02.00:344][807]LogWorld: Bringing World /Game/Maps/UEDPIE_0_EpicManLevel.EpicManLevel up for play (max tick rate 0) at 2014.11.07-00.02.00
[2014.11.07-08.02.00:345][807]LogWorld: Bringing up level for play took: 0.003440
[2014.11.07-08.02.00:495][807]PIE: Info Play in editor start time for /Game/Maps/UEDPIE_0_EpicManLevel -0.422
[2014.11.07-08.02.04:595][291]LogBlueprintUserMessages: 100
[2014.11.07-08.02.04:892][326]LogBlueprintUserMessages: 200
[2014.11.07-08.02.05:068][347]LogBlueprintUserMessages: 300
[2014.11.07-08.02.05:211][364]LogBlueprintUserMessages: 400
[2014.11.07-08.02.05:353][381]LogBlueprintUserMessages: 500
[2014.11.07-08.02.05:496][398]LogBlueprintUserMessages: 600
[2014.11.07-08.02.05:637][415]LogBlueprintUserMessages: 700
[2014.11.07-08.02.05:785][432]LogBlueprintUserMessages: 800
[2014.11.07-08.02.06:383][501]LogBlueprintUserMessages: 900
[2014.11.07-08.02.06:576][523]LogBlueprintUserMessages: 1000
[2014.11.07-08.02.06:726][540]LogBlueprintUserMessages: 1100
[2014.11.07-08.02.06:869][556]LogBlueprintUserMessages: 1200
[2014.11.07-08.02.07:010][572]LogBlueprintUserMessages: 1300
[2014.11.07-08.02.07:156][589]LogBlueprintUserMessages: 1400
[2014.11.07-08.02.07:302][606]LogBlueprintUserMessages: 1500
[2014.11.07-08.02.07:446][623]LogBlueprintUserMessages: 1600
[2014.11.07-08.02.07:581][639]LogBlueprintUserMessages: 1700
[2014.11.07-08.02.07:673][649]LogBlueprintUserMessages: 1800
[2014.11.07-08.02.07:819][665]LogBlueprintUserMessages: 1900
[2014.11.07-08.02.08:305][720]LogBlueprintUserMessages: 2000
[2014.11.07-08.02.08:453][737]LogBlueprintUserMessages: 2100
[2014.11.07-08.02.08:593][753]LogBlueprintUserMessages: 2200
[2014.11.07-08.02.08:735][770]LogBlueprintUserMessages: 2300
[2014.11.07-08.02.08:877][787]LogBlueprintUserMessages: 2400
[2014.11.07-08.02.09:025][804]LogBlueprintUserMessages: 2500
[2014.11.07-08.02.09:167][821]LogBlueprintUserMessages: 2600
[2014.11.07-08.02.09:309][838]LogBlueprintUserMessages: 2700
[2014.11.07-08.02.09:460][856]LogBlueprintUserMessages: 2800
[2014.11.07-08.02.09:602][873]LogBlueprintUserMessages: 2900
[2014.11.07-08.02.09:745][890]LogBlueprintUserMessages: 3000
[2014.11.07-08.02.09:937][913]LogBlueprintUserMessages: 3100
[2014.11.07-08.02.10:084][930]LogBlueprintUserMessages: 3200
[2014.11.07-08.02.10:226][947]LogBlueprintUserMessages: 3300
[2014.11.07-08.02.10:368][964]LogBlueprintUserMessages: 3400
[2014.11.07-08.02.10:511][981]LogBlueprintUserMessages: 3500
[2014.11.07-08.02.10:663][999]LogBlueprintUserMessages: 3600
[2014.11.07-08.02.10:805][ 16]LogBlueprintUserMessages: 3700
[2014.11.07-08.02.10:947][ 33]LogBlueprintUserMessages: 3800
[2014.11.07-08.02.11:119][ 53]LogBlueprintUserMessages: 3900
[2014.11.07-08.02.11:261][ 70]LogBlueprintUserMessages: 4000
[2014.11.07-08.02.11:711][124]LogBlueprintUserMessages: 4100
[2014.11.07-08.02.11:929][150]LogBlueprintUserMessages: 4200
[2014.11.07-08.02.12:087][169]LogBlueprintUserMessages: 4300
[2014.11.07-08.02.12:233][186]LogBlueprintUserMessages: 4400
[2014.11.07-08.02.12:376][203]LogBlueprintUserMessages: 4500
[2014.11.07-08.02.12:935][270]LogBlueprintUserMessages: 4600
[2014.11.07-08.02.13:119][292]LogBlueprintUserMessages: 4700
[2014.11.07-08.02.13:859][380]LogBlueprintUserMessages: 4800
[2014.11.07-08.02.14:093][408]LogBlueprintUserMessages: 4900
[2014.11.07-08.02.14:268][429]LogBlueprintUserMessages: 5000
[2014.11.07-08.02.14:415][446]LogBlueprintUserMessages: 5100
[2014.11.07-08.02.14:557][463]LogBlueprintUserMessages: 5200
[2014.11.07-08.02.14:699][480]LogBlueprintUserMessages: 5300
[2014.11.07-08.02.14:841][497]LogBlueprintUserMessages: 5400
[2014.11.07-08.02.14:991][515]LogBlueprintUserMessages: 5500
[2014.11.07-08.02.15:133][532]LogBlueprintUserMessages: 5600
[2014.11.07-08.02.15:275][549]LogBlueprintUserMessages: 5700
[2014.11.07-08.02.15:414][565]LogBlueprintUserMessages: 5800
[2014.11.07-08.02.15:555][582]LogBlueprintUserMessages: 5900
[2014.11.07-08.02.15:705][600]LogBlueprintUserMessages: 6000
[2014.11.07-08.02.15:848][617]LogBlueprintUserMessages: 6100
[2014.11.07-08.02.15:990][634]LogBlueprintUserMessages: 6200
[2014.11.07-08.02.16:132][651]LogBlueprintUserMessages: 6300
[2014.11.07-08.02.16:274][668]LogBlueprintUserMessages: 6400
[2014.11.07-08.02.16:417][685]LogBlueprintUserMessages: 6500
[2014.11.07-08.02.16:555][701]LogBlueprintUserMessages: 6600
[2014.11.07-08.02.16:705][719]LogBlueprintUserMessages: 6700
[2014.11.07-08.02.16:848][736]LogBlueprintUserMessages: 6800
[2014.11.07-08.02.16:990][753]LogBlueprintUserMessages: 6900
[2014.11.07-08.02.17:133][770]LogBlueprintUserMessages: 7000
[2014.11.07-08.02.17:275][787]LogBlueprintUserMessages: 7100
[2014.11.07-08.02.17:417][804]LogBlueprintUserMessages: 7200
[2014.11.07-08.02.17:559][821]LogBlueprintUserMessages: 7300
[2014.11.07-08.02.17:714][839]LogBlueprintUserMessages: 7400
[2014.11.07-08.02.17:856][856]LogBlueprintUserMessages: 7500
[2014.11.07-08.02.17:999][873]LogBlueprintUserMessages: 7600
[2014.11.07-08.02.18:134][889]LogBlueprintUserMessages: 7700
[2014.11.07-08.02.18:276][906]LogBlueprintUserMessages: 7800
[2014.11.07-08.02.18:417][923]LogBlueprintUserMessages: 7900
[2014.11.07-08.02.18:559][940]LogBlueprintUserMessages: 8000
[2014.11.07-08.02.19:374][ 37]LogBlueprintUserMessages: 8100
[2014.11.07-08.02.19:834][ 92]LogBlueprintUserMessages: 8200
[2014.11.07-08.02.20:066][119]LogBlueprintUserMessages: 8300
[2014.11.07-08.02.20:792][206]LogBlueprintUserMessages: 8400
[2014.11.07-08.02.20:935][223]LogBlueprintUserMessages: 8500
[2014.11.07-08.02.21:074][239]LogBlueprintUserMessages: 8600
[2014.11.07-08.02.21:217][256]LogBlueprintUserMessages: 8700
[2014.11.07-08.02.21:367][274]LogBlueprintUserMessages: 8800
[2014.11.07-08.02.21:509][291]LogBlueprintUserMessages: 8900
[2014.11.07-08.02.21:652][308]LogBlueprintUserMessages: 9000
[2014.11.07-08.02.21:794][325]LogBlueprintUserMessages: 9100
[2014.11.07-08.02.21:938][342]LogBlueprintUserMessages: 9200
[2014.11.07-08.02.22:076][358]LogBlueprintUserMessages: 9300
[2014.11.07-08.02.22:218][375]LogBlueprintUserMessages: 9400
[2014.11.07-08.02.22:360][392]LogBlueprintUserMessages: 9500
[2014.11.07-08.02.22:544][414]LogBlueprintUserMessages: 9600
[2014.11.07-08.02.22:686][431]LogBlueprintUserMessages: 9700
[2014.11.07-08.02.22:828][448]LogBlueprintUserMessages: 9800
[2014.11.07-08.02.22:970][465]LogBlueprintUserMessages: 9900
[2014.11.07-08.02.23:110][481]LogBlueprintUserMessages: 10000
[2014.11.07-08.02.23:227][495]LogBlueprintUserMessages: 10100
[2014.11.07-08.02.23:369][512]LogBlueprintUserMessages: 10200
[2014.11.07-08.02.23:512][529]LogBlueprintUserMessages: 10300
[2014.11.07-08.02.23:662][547]LogBlueprintUserMessages: 10400
[2014.11.07-08.02.23:804][564]LogBlueprintUserMessages: 10500
[2014.11.07-08.02.23:946][581]LogBlueprintUserMessages: 10600
[2014.11.07-08.02.24:088][598]LogBlueprintUserMessages: 10700
[2014.11.07-08.02.24:217][613]LogBlueprintUserMessages: 10800
[2014.11.07-08.02.24:359][630]LogBlueprintUserMessages: 10900
[2014.11.07-08.02.24:509][648]LogBlueprintUserMessages: 11000
[2014.11.07-08.02.24:651][665]LogBlueprintUserMessages: 11100
[2014.11.07-08.02.24:793][682]LogBlueprintUserMessages: 11200
[2014.11.07-08.02.24:935][699]LogBlueprintUserMessages: 11300
[2014.11.07-08.02.25:077][716]LogBlueprintUserMessages: 11400
[2014.11.07-08.02.25:219][733]LogBlueprintUserMessages: 11500
[2014.11.07-08.02.25:364][750]LogBlueprintUserMessages: 11600
[2014.11.07-08.02.25:506][767]LogBlueprintUserMessages: 11700
[2014.11.07-08.02.25:648][784]LogBlueprintUserMessages: 11800
[2014.11.07-08.02.25:807][803]LogBlueprintUserMessages: 11900
[2014.11.07-08.02.25:949][820]LogBlueprintUserMessages: 12000
[2014.11.07-08.02.26:091][837]LogBlueprintUserMessages: 12100
[2014.11.07-08.02.26:885][932]LogBlueprintUserMessages: 12200
[2014.11.07-08.02.27:047][951]LogBlueprintUserMessages: 12300
[2014.11.07-08.02.27:231][973]LogBlueprintUserMessages: 12400
[2014.11.07-08.02.27:374][990]LogBlueprintUserMessages: 12500
[2014.11.07-08.02.27:516][  7]LogBlueprintUserMessages: 12600
[2014.11.07-08.02.27:658][ 24]LogBlueprintUserMessages: 12700
[2014.11.07-08.02.27:809][ 42]LogBlueprintUserMessages: 12800
[2014.11.07-08.02.27:951][ 59]LogBlueprintUserMessages: 12900
[2014.11.07-08.02.28:089][ 75]LogBlueprintUserMessages: 13000
[2014.11.07-08.02.28:231][ 92]LogBlueprintUserMessages: 13100
[2014.11.07-08.02.28:381][110]LogBlueprintUserMessages: 13200
[2014.11.07-08.02.28:523][127]LogBlueprintUserMessages: 13300
[2014.11.07-08.02.28:666][144]LogBlueprintUserMessages: 13400
[2014.11.07-08.02.28:807][161]LogBlueprintUserMessages: 13500
[2014.11.07-08.02.28:950][178]LogBlueprintUserMessages: 13600
[2014.11.07-08.02.29:109][197]LogBlueprintUserMessages: 13700
[2014.11.07-08.02.29:246][213]LogBlueprintUserMessages: 13800
[2014.11.07-08.02.29:388][230]LogBlueprintUserMessages: 13900
[2014.11.07-08.02.30:431][355]LogBlueprintUserMessages: 14000
[2014.11.07-08.02.30:619][377]LogBlueprintUserMessages: 14100
[2014.11.07-08.02.30:827][402]LogBlueprintUserMessages: 14200
[2014.11.07-08.02.30:977][420]LogBlueprintUserMessages: 14300
[2014.11.07-08.02.31:120][437]LogBlueprintUserMessages: 14400
[2014.11.07-08.02.31:262][454]LogBlueprintUserMessages: 14500
[2014.11.07-08.02.31:404][471]LogBlueprintUserMessages: 14600
[2014.11.07-08.02.31:546][488]LogBlueprintUserMessages: 14700
[2014.11.07-08.02.31:691][505]LogBlueprintUserMessages: 14800
[2014.11.07-08.02.31:833][522]LogBlueprintUserMessages: 14900
[2014.11.07-08.02.31:976][539]LogBlueprintUserMessages: 15000
[2014.11.07-08.02.32:118][556]LogBlueprintUserMessages: 15100
[2014.11.07-08.02.32:252][572]LogBlueprintUserMessages: 15200
[2014.11.07-08.02.32:394][589]LogBlueprintUserMessages: 15300
[2014.11.07-08.02.32:545][607]LogBlueprintUserMessages: 15400
[2014.11.07-08.02.33:580][731]LogBlueprintUserMessages: 15500
[2014.11.07-08.02.33:726][748]LogBlueprintUserMessages: 15600
[2014.11.07-08.02.33:868][765]LogBlueprintUserMessages: 15700
[2014.11.07-08.02.36:257][ 51]LogBlueprintUserMessages: 15800
[2014.11.07-08.02.36:402][ 68]LogBlueprintUserMessages: 15900
[2014.11.07-08.02.36:543][ 85]LogBlueprintUserMessages: 16000
[2014.11.07-08.02.36:685][102]LogBlueprintUserMessages: 16100
[2014.11.07-08.02.36:828][119]LogBlueprintUserMessages: 16200
[2014.11.07-08.02.36:970][136]LogBlueprintUserMessages: 16300
[2014.11.07-08.02.37:070][148]LogBlueprintUserMessages: 16400
[2014.11.07-08.02.37:212][165]LogBlueprintUserMessages: 16500
[2014.11.07-08.02.37:354][182]LogBlueprintUserMessages: 16600
[2014.11.07-08.02.39:001][379]LogBlueprintUserMessages: 16700
[2014.11.07-08.02.39:147][396]LogBlueprintUserMessages: 16800
[2014.11.07-08.02.39:289][413]LogBlueprintUserMessages: 16900
[2014.11.07-08.02.39:431][430]LogBlueprintUserMessages: 17000
[2014.11.07-08.02.39:749][468]LogBlueprintUserMessages: 17100
[2014.11.07-08.02.39:891][485]LogBlueprintUserMessages: 17200
[2014.11.07-08.02.42:006][738]LogBlueprintUserMessages: 17300
[2014.11.07-08.02.42:177][758]LogBlueprintUserMessages: 17400
[2014.11.07-08.02.42:319][775]LogBlueprintUserMessages: 17500
[2014.11.07-08.02.42:461][792]LogBlueprintUserMessages: 17600
[2014.11.07-08.02.42:603][809]LogBlueprintUserMessages: 17700
[2014.11.07-08.02.42:680][818]LogBlueprintUserMessages: 17800
[2014.11.07-08.02.42:822][835]LogBlueprintUserMessages: 17900
[2014.11.07-08.02.42:964][852]LogBlueprintUserMessages: 18000
[2014.11.07-08.02.43:082][866]LogBlueprintUserMessages: 18100
[2014.11.07-08.02.43:228][883]LogBlueprintUserMessages: 18200
[2014.11.07-08.02.43:403][904]LogBlueprintUserMessages: 18300
[2014.11.07-08.02.43:545][921]LogBlueprintUserMessages: 18400
[2014.11.07-08.02.46:048][220]LogBlueprintUserMessages: 18500
[2014.11.07-08.02.46:193][237]LogBlueprintUserMessages: 18600
[2014.11.07-08.02.46:335][254]LogBlueprintUserMessages: 18700
[2014.11.07-08.02.46:560][281]LogBlueprintUserMessages: 18800
[2014.11.07-08.02.46:719][300]LogBlueprintUserMessages: 18900
[2014.11.07-08.02.47:489][392]LogBlueprintUserMessages: 19000
[2014.11.07-08.02.47:642][410]LogBlueprintUserMessages: 19100
[2014.11.07-08.02.47:834][433]LogBlueprintUserMessages: 19200
[2014.11.07-08.02.50:356][735]LogBlueprintUserMessages: 19300
[2014.11.07-08.02.50:560][759]LogBlueprintUserMessages: 19400
[2014.11.07-08.02.50:710][777]LogBlueprintUserMessages: 19500
[2014.11.07-08.02.50:986][810]LogBlueprintUserMessages: 19600
[2014.11.07-08.02.51:128][827]LogBlueprintUserMessages: 19700
[2014.11.07-08.02.51:278][845]LogBlueprintUserMessages: 19800
[2014.11.07-08.02.51:403][860]LogBlueprintUserMessages: 19900
[2014.11.07-08.02.51:549][877]LogBlueprintUserMessages: 20000
[2014.11.07-08.02.51:691][894]LogBlueprintUserMessages: 20100
[2014.11.07-08.02.51:832][911]LogBlueprintUserMessages: 20200
[2014.11.07-08.02.51:974][928]LogBlueprintUserMessages: 20300
[2014.11.07-08.02.52:116][945]LogBlueprintUserMessages: 20400
[2014.11.07-08.02.52:266][963]LogBlueprintUserMessages: 20500
[2014.11.07-08.02.52:408][980]LogBlueprintUserMessages: 20600
[2014.11.07-08.02.52:545][996]LogBlueprintUserMessages: 20700
[2014.11.07-08.02.53:121][ 65]LogBlueprintUserMessages: 20800
[2014.11.07-08.02.53:306][ 87]LogBlueprintUserMessages: 20900
[2014.11.07-08.02.53:449][104]LogBlueprintUserMessages: 21000
[2014.11.07-08.02.53:587][120]LogBlueprintUserMessages: 21100
[2014.11.07-08.02.53:729][137]LogBlueprintUserMessages: 21200
[2014.11.07-08.02.53:880][155]LogBlueprintUserMessages: 21300
[2014.11.07-08.02.54:022][172]LogBlueprintUserMessages: 21400
[2014.11.07-08.02.54:164][189]LogBlueprintUserMessages: 21500
[2014.11.07-08.02.54:306][206]LogBlueprintUserMessages: 21600
[2014.11.07-08.02.54:490][228]LogBlueprintUserMessages: 21700
[2014.11.07-08.02.54:634][245]LogBlueprintUserMessages: 21800
[2014.11.07-08.02.54:777][262]LogBlueprintUserMessages: 21900
[2014.11.07-08.02.54:919][279]LogBlueprintUserMessages: 22000
[2014.11.07-08.02.55:062][296]LogBlueprintUserMessages: 22100
[2014.11.07-08.02.55:204][313]LogBlueprintUserMessages: 22200
[2014.11.07-08.02.55:372][333]LogBlueprintUserMessages: 22300
[2014.11.07-08.02.55:523][351]LogBlueprintUserMessages: 22400
[2014.11.07-08.02.55:661][367]LogBlueprintUserMessages: 22500
[2014.11.07-08.02.55:804][384]LogBlueprintUserMessages: 22600
[2014.11.07-08.02.55:946][401]LogBlueprintUserMessages: 22700
[2014.11.07-08.02.56:089][418]LogBlueprintUserMessages: 22800
[2014.11.07-08.02.56:231][435]LogBlueprintUserMessages: 22900
[2014.11.07-08.02.56:373][452]LogBlueprintUserMessages: 23000
[2014.11.07-08.02.57:096][538]LogBlueprintUserMessages: 23100
[2014.11.07-08.02.57:241][555]LogBlueprintUserMessages: 23200
[2014.11.07-08.02.57:383][572]LogBlueprintUserMessages: 23300
[2014.11.07-08.02.57:524][589]LogBlueprintUserMessages: 23400
[2014.11.07-08.02.57:666][606]LogBlueprintUserMessages: 23500
[2014.11.07-08.02.57:816][624]LogBlueprintUserMessages: 23600
[2014.11.07-08.02.57:958][641]LogBlueprintUserMessages: 23700
[2014.11.07-08.02.58:100][658]LogBlueprintUserMessages: 23800
[2014.11.07-08.02.59:029][769]LogBlueprintUserMessages: 23900
[2014.11.07-08.02.59:171][786]LogBlueprintUserMessages: 24000
[2014.11.07-08.02.59:316][803]LogBlueprintUserMessages: 24100
[2014.11.07-08.02.59:458][820]LogBlueprintUserMessages: 24200
[2014.11.07-08.02.59:601][837]LogBlueprintUserMessages: 24300
[2014.11.07-08.02.59:743][854]LogBlueprintUserMessages: 24400
[2014.11.07-08.02.59:885][871]LogBlueprintUserMessages: 24500
[2014.11.07-08.03.00:027][888]LogBlueprintUserMessages: 24600
[2014.11.07-08.03.01:610][ 75]LogBlueprintUserMessages: 24700
[2014.11.07-08.03.01:821][100]LogBlueprintUserMessages: 24800
[2014.11.07-08.03.01:981][119]LogBlueprintUserMessages: 24900
[2014.11.07-08.03.02:432][173]LogBlueprintUserMessages: 25000
[2014.11.07-08.03.02:649][199]LogBlueprintUserMessages: 25100
[2014.11.07-08.03.02:794][216]LogBlueprintUserMessages: 25200
[2014.11.07-08.03.02:944][234]LogBlueprintUserMessages: 25300
[2014.11.07-08.03.04:156][379]LogBlueprintUserMessages: 25400
[2014.11.07-08.03.04:302][396]LogBlueprintUserMessages: 25500
[2014.11.07-08.03.04:444][413]LogBlueprintUserMessages: 25600
[2014.11.07-08.03.04:686][442]LogBlueprintUserMessages: 25700
[2014.11.07-08.03.04:845][461]LogBlueprintUserMessages: 25800
[2014.11.07-08.03.04:988][478]LogBlueprintUserMessages: 25900
[2014.11.07-08.03.05:096][491]LogBlueprintUserMessages: 26000
[2014.11.07-08.03.05:240][508]LogBlueprintUserMessages: 26100
[2014.11.07-08.03.06:696][682]LogBlueprintUserMessages: 26200
[2014.11.07-08.03.06:950][712]LogBlueprintUserMessages: 26300
[2014.11.07-08.03.07:253][748]LogBlueprintUserMessages: 26400
[2014.11.07-08.03.07:451][771]LogBlueprintUserMessages: 26500
[2014.11.07-08.03.07:604][789]LogBlueprintUserMessages: 26600
[2014.11.07-08.03.07:835][816]LogBlueprintUserMessages: 26700
[2014.11.07-08.03.07:975][832]LogBlueprintUserMessages: 26800
[2014.11.07-08.03.11:040][194]LogBlueprintUserMessages: 26900
[2014.11.07-08.03.11:184][211]LogBlueprintUserMessages: 27000
[2014.11.07-08.03.11:327][228]LogBlueprintUserMessages: 27100
[2014.11.07-08.03.11:468][245]LogBlueprintUserMessages: 27200
[2014.11.07-08.03.11:610][262]LogBlueprintUserMessages: 27300
[2014.11.07-08.03.12:506][369]LogBlueprintUserMessages: 27400
[2014.11.07-08.03.12:642][385]LogBlueprintUserMessages: 27500
[2014.11.07-08.03.13:369][472]LogBlueprintUserMessages: 27600
[2014.11.07-08.03.13:512][489]LogBlueprintUserMessages: 27700
[2014.11.07-08.03.16:066][794]LogBlueprintUserMessages: 27800
[2014.11.07-08.03.16:211][811]LogBlueprintUserMessages: 27900
[2014.11.07-08.03.16:354][828]LogBlueprintUserMessages: 28000
[2014.11.07-08.03.16:547][851]LogBlueprintUserMessages: 28100
[2014.11.07-08.03.16:689][868]LogBlueprintUserMessages: 28200
[2014.11.07-08.03.16:909][894]LogBlueprintUserMessages: 28300
[2014.11.07-08.03.17:050][911]LogBlueprintUserMessages: 28400
[2014.11.07-08.03.20:032][268]LogBlueprintUserMessages: 28500
[2014.11.07-08.03.20:176][285]LogBlueprintUserMessages: 28600
[2014.11.07-08.03.20:320][302]LogBlueprintUserMessages: 28700
[2014.11.07-08.03.20:713][349]LogBlueprintUserMessages: 28800
[2014.11.07-08.03.20:880][369]LogBlueprintUserMessages: 28900
[2014.11.07-08.03.22:124][518]LogBlueprintUserMessages: 29000
[2014.11.07-08.03.22:352][545]LogBlueprintUserMessages: 29100
[2014.11.07-08.03.24:190][765]LogBlueprintUserMessages: 29200
[2014.11.07-08.03.24:426][793]LogBlueprintUserMessages: 29300
[2014.11.07-08.03.24:585][812]LogBlueprintUserMessages: 29400
[2014.11.07-08.03.24:727][829]LogBlueprintUserMessages: 29500
[2014.11.07-08.03.24:868][846]LogBlueprintUserMessages: 29600
[2014.11.07-08.03.30:895][567]LogBlueprintUserMessages: 29700
[2014.11.07-08.03.39:253][567]LogBlueprintUserMessages: 29800
[2014.11.07-08.05.05:557][879]LogParticles: Destroying 0 GPU particle simulations for FXSystem 0x000000000E5559E0
[2014.11.07-08.14.58:877][886]LogFileHelpers: Editor autosave (incl. sublevels) for '/Game/Maps/EpicManLevel' took 0.018
[2014.11.07-08.32.10:692][327]Cmd: QUIT_EDITOR
[2014.11.07-08.32.10:960][327]LogExit: Preparing to exit.
[2014.11.07-08.32.11:494][327]LogExit: Editor shut down
[2014.11.07-08.32.11:494][327]LogExit: Transaction tracking system shut down
[2014.11.07-08.32.11:495][327]LogParticles: Destroying 0 GPU particle simulations for FXSystem 0x000000000B8CB100
[2014.11.07-08.32.11:495][327]LogParticles: Destroying 0 GPU particle simulations for FXSystem 0x000000000F359800
[2014.11.07-08.32.11:518][327]LogParticles: Destroying 0 GPU particle simulations for FXSystem 0x000000000E4FAF20
[2014.11.07-08.32.11:518][327]LogParticles: Destroying 0 GPU particle simulations for FXSystem 0x000000001FC118A0
[2014.11.07-08.32.11:518][327]LogParticles: Destroying 0 GPU particle simulations for FXSystem 0x000000001FC11940
[2014.11.07-08.32.11:518][327]LogExit: Object subsystem successfully closed.
[2014.11.07-08.32.11:554][327]LogModuleManager: Shutting down and abandoning module SequencerWidgets (167)
[2014.11.07-08.32.11:554][327]LogModuleManager: Shutting down and abandoning module AndroidDeviceDetection (166)
[2014.11.07-08.32.11:555][327]LogModuleManager: Shutting down and abandoning module CrashTracker (165)
[2014.11.07-08.32.11:555][327]LogModuleManager: Shutting down and abandoning module SuperSearch (164)
[2014.11.07-08.32.11:555][327]LogModuleManager: Shutting down and abandoning module SceneOutliner (163)
[2014.11.07-08.32.11:555][327]LogModuleManager: Shutting down and abandoning module EditorWidgets (162)
[2014.11.07-08.32.11:555][327]LogModuleManager: Shutting down and abandoning module CollectionManager (161)
[2014.11.07-08.32.11:555][327]LogModuleManager: Shutting down and abandoning module StatsViewer (160)
[2014.11.07-08.32.11:555][327]LogModuleManager: Shutting down and abandoning module FoliageEdit (159)
[2014.11.07-08.32.11:555][327]LogModuleManager: Shutting down and abandoning module LandscapeEditor (158)
[2014.11.07-08.32.11:555][327]LogModuleManager: Shutting down and abandoning module MeshPaint (157)
[2014.11.07-08.32.11:555][327]LogModuleManager: Shutting down and abandoning module ActorPickerMode (156)
[2014.11.07-08.32.11:555][327]LogModuleManager: Shutting down and abandoning module GeometryMode (155)
[2014.11.07-08.32.11:555][327]LogModuleManager: Shutting down and abandoning module TextureAlignMode (154)
[2014.11.07-08.32.11:555][327]LogModuleManager: Shutting down and abandoning module BspMode (153)
[2014.11.07-08.32.11:555][327]LogModuleManager: Shutting down and abandoning module PlacementMode (152)
[2014.11.07-08.32.11:555][327]LogModuleManager: Shutting down and abandoning module AutomationWorker (151)
[2014.11.07-08.32.11:555][327]LogModuleManager: Shutting down and abandoning module CharacterAI (150)
[2014.11.07-08.32.11:555][327]LogModuleManager: Shutting down and abandoning module GameProjectGeneration (149)
[2014.11.07-08.32.11:555][327]LogModuleManager: Shutting down and abandoning module IntroTutorials (148)
[2014.11.07-08.32.11:555][327]LogModuleManager: Shutting down and abandoning module EditorLiveStreaming (147)
[2014.11.07-08.32.11:555][327]LogModuleManager: Shutting down and abandoning module HardwareTargeting (146)
[2014.11.07-08.32.11:555][327]LogModuleManager: Shutting down and abandoning module BehaviorTreeEditor (145)
[2014.11.07-08.32.11:555][327]LogModuleManager: Shutting down and abandoning module DeviceProfileEditor (144)
[2014.11.07-08.32.11:555][327]LogModuleManager: Shutting down and abandoning module UndoHistory (143)
[2014.11.07-08.32.11:555][327]LogModuleManager: Shutting down and abandoning module GameplayTagsEditor (142)
[2014.11.07-08.32.11:555][327]LogModuleManager: Shutting down and abandoning module UserFeedback (141)
[2014.11.07-08.32.11:555][327]LogModuleManager: Shutting down and abandoning module XmlParser (140)
[2014.11.07-08.32.11:555][327]LogModuleManager: Shutting down and abandoning module Blutility (139)
[2014.11.07-08.32.11:555][327]LogModuleManager: Shutting down and abandoning module IOSPlatformEditor (138)
[2014.11.07-08.32.11:555][327]LogModuleManager: Shutting down and abandoning module IOSRuntimeSettings (137)
[2014.11.07-08.32.11:555][327]LogModuleManager: Shutting down and abandoning module AndroidPlatformEditor (136)
[2014.11.07-08.32.11:555][327]LogModuleManager: Shutting down and abandoning module AndroidRuntimeSettings (135)
[2014.11.07-08.32.11:555][327]LogModuleManager: Shutting down and abandoning module ProjectTargetPlatformEditor (134)
[2014.11.07-08.32.11:555][327]LogModuleManager: Shutting down and abandoning module ProjectSettingsViewer (133)
[2014.11.07-08.32.11:555][327]LogModuleManager: Shutting down and abandoning module InputBindingEditor (132)
[2014.11.07-08.32.11:555][327]LogModuleManager: Shutting down and abandoning module EditorSettingsViewer (131)
[2014.11.07-08.32.11:555][327]LogModuleManager: Shutting down and abandoning module SettingsEditor (130)
[2014.11.07-08.32.11:555][327]LogModuleManager: Shutting down and abandoning module ProjectLauncher (129)
[2014.11.07-08.32.11:555][327]LogModuleManager: Shutting down and abandoning module SessionFrontend (128)
[2014.11.07-08.32.11:555][327]LogModuleManager: Shutting down and abandoning module ProfilerClient (127)
[2014.11.07-08.32.11:555][327]LogModuleManager: Shutting down and abandoning module TargetDeviceServices (126)
[2014.11.07-08.32.11:555][327]LogModuleManager: Shutting down and abandoning module DeviceManager (125)
[2014.11.07-08.32.11:555][327]LogModuleManager: Shutting down and abandoning module AutomationController (124)
[2014.11.07-08.32.11:555][327]LogModuleManager: Shutting down and abandoning module AutomationWindow (123)
[2014.11.07-08.32.11:555][327]LogModuleManager: Shutting down and abandoning module Layers (122)
[2014.11.07-08.32.11:555][327]LogModuleManager: Shutting down and abandoning module ComponentVisualizers (121)
[2014.11.07-08.32.11:555][327]LogModuleManager: Shutting down and abandoning module DetailCustomizations (120)
[2014.11.07-08.32.11:555][327]LogModuleManager: Shutting down and abandoning module PackagesDialog (119)
[2014.11.07-08.32.11:556][327]LogModuleManager: Shutting down and abandoning module AssetRegistry (118)
[2014.11.07-08.32.11:648][327]LogModuleManager: Shutting down and abandoning module Persona (117)
[2014.11.07-08.32.11:648][327]LogModuleManager: Shutting down and abandoning module Kismet (116)
[2014.11.07-08.32.11:648][327]LogModuleManager: Shutting down and abandoning module GraphEditor (115)
[2014.11.07-08.32.11:648][327]LogModuleManager: Shutting down and abandoning module ClassViewer (114)
[2014.11.07-08.32.11:648][327]LogModuleManager: Shutting down and abandoning module Toolbox (113)
[2014.11.07-08.32.11:648][327]LogModuleManager: Shutting down and abandoning module ModuleUI (112)
[2014.11.07-08.32.11:648][327]LogModuleManager: Shutting down and abandoning module MovieSceneTools (111)
[2014.11.07-08.32.11:648][327]LogModuleManager: Shutting down and abandoning module OutputLog (110)
[2014.11.07-08.32.11:649][327]LogModuleManager: Shutting down and abandoning module GammaUI (109)
[2014.11.07-08.32.11:649][327]LogModuleManager: Shutting down and abandoning module Documentation (108)
[2014.11.07-08.32.11:649][327]LogModuleManager: Shutting down and abandoning module GameLiveStreaming (107)
[2014.11.07-08.32.11:649][327]LogModuleManager: Shutting down and abandoning module StreamingPauseRendering (106)
[2014.11.07-08.32.11:649][327]LogModuleManager: Shutting down and abandoning module HTTP (105)
[2014.11.07-08.32.11:649][327]LogModuleManager: Shutting down and abandoning module AnalyticsET (104)
[2014.11.07-08.32.11:649][327]LogModuleManager: Shutting down and abandoning module Analytics (103)
[2014.11.07-08.32.11:649][327]LogModuleManager: Shutting down and abandoning module GameplayDebugger (102)
[2014.11.07-08.32.11:649][327]LogModuleManager: Shutting down and abandoning module AIModule (101)
[2014.11.07-08.32.11:649][327]LogModuleManager: Shutting down and abandoning module ProfilerService (100)
[2014.11.07-08.32.11:748][327]LogModuleManager: Shutting down and abandoning module TaskGraph (99)
[2014.11.07-08.32.11:748][327]LogModuleManager: Shutting down and abandoning module SlateRemote (98)
[2014.11.07-08.32.11:748][327]LogModuleManager: Shutting down and abandoning module ScriptEditorPlugin (97)
[2014.11.07-08.32.11:748][327]LogModuleManager: Shutting down and abandoning module CustomMeshComponent (96)
[2014.11.07-08.32.11:748][327]LogModuleManager: Shutting down and abandoning module CableComponent (95)
[2014.11.07-08.32.11:748][327]LogModuleManager: Shutting down and abandoning module MessagingDebugger (94)
[2014.11.07-08.32.11:748][327]LogModuleManager: Shutting down and abandoning module MediaPlayerEditor (93)
[2014.11.07-08.32.11:748][327]LogModuleManager: Shutting down and abandoning module SpeedTreeImporter (92)
[2014.11.07-08.32.11:748][327]LogModuleManager: Shutting down and abandoning module PluginsEditor (91)
[2014.11.07-08.32.11:748][327]LogModuleManager: Shutting down and abandoning module EpicSurvey (90)
[2014.11.07-08.32.11:748][327]LogModuleManager: Shutting down and abandoning module DesktopPlatform (89)
[2014.11.07-08.32.11:748][327]LogModuleManager: Shutting down and abandoning module VisualStudioSourceCodeAccess (88)
[2014.11.07-08.32.11:748][327]LogModuleManager: Shutting down and abandoning module UObjectPlugin (87)
[2014.11.07-08.32.11:748][327]LogModuleManager: Shutting down and abandoning module SubversionSourceControl (86)
[2014.11.07-08.32.11:748][327]LogModuleManager: Shutting down and abandoning module SourceControl (85)
[2014.11.07-08.32.11:748][327]LogModuleManager: Shutting down and abandoning module PerforceSourceControl (84)
[2014.11.07-08.32.11:748][327]LogModuleManager: Shutting down and abandoning module BlankPlugin (83)
[2014.11.07-08.32.11:748][327]LogModuleManager: Shutting down and abandoning module SlateReflector (82)
[2014.11.07-08.32.11:748][327]LogModuleManager: Shutting down and abandoning module DirectoryWatcher (81)
[2014.11.07-08.32.11:748][327]LogModuleManager: Shutting down and abandoning module HotReload (80)
[2014.11.07-08.32.11:748][327]LogModuleManager: Shutting down and abandoning module MainFrame (79)
[2014.11.07-08.32.11:748][327]LogModuleManager: Shutting down and abandoning module LevelEditor (78)
[2014.11.07-08.32.11:749][327]LogModuleManager: Shutting down and abandoning module ViewportSnapping (77)
[2014.11.07-08.32.11:749][327]LogModuleManager: Shutting down and abandoning module SmartSnapping (76)
[2014.11.07-08.32.11:749][327]LogModuleManager: Shutting down and abandoning module PaperTiledImporter (75)
[2014.11.07-08.32.11:749][327]LogModuleManager: Shutting down and abandoning module PaperJsonImporter (74)
[2014.11.07-08.32.11:749][327]LogModuleManager: Shutting down and abandoning module ContentBrowser (73)
[2014.11.07-08.32.11:749][327]LogModuleManager: Shutting down and abandoning module PropertyEditor (72)
[2014.11.07-08.32.11:749][327]LogModuleManager: Shutting down and abandoning module Paper2DEditor (71)
[2014.11.07-08.32.11:749][327]LogModuleManager: Shutting down and abandoning module ScriptPlugin (70)
[2014.11.07-08.32.11:749][327]LogModuleManager: Shutting down and abandoning module UdpMessaging (69)
[2014.11.07-08.32.11:849][327]LogModuleManager: Shutting down and abandoning module Paper2D (68)
[2014.11.07-08.32.11:849][327]LogModuleManager: Shutting down and abandoning module WindowsMoviePlayer (67)
[2014.11.07-08.32.11:856][327]LogModuleManager: Shutting down and abandoning module Media (66)
[2014.11.07-08.32.11:857][327]LogModuleManager: Shutting down and abandoning module WmfMedia (65)
[2014.11.07-08.32.11:857][327]LogModuleManager: Shutting down and abandoning module OnlineBlueprintSupport (64)
[2014.11.07-08.32.11:857][327]LogModuleManager: Shutting down and abandoning module FunctionalTesting (63)
[2014.11.07-08.32.11:857][327]LogModuleManager: Shutting down and abandoning module CollisionAnalyzer (62)
[2014.11.07-08.32.11:857][327]LogModuleManager: Shutting down and abandoning module WorkspaceMenuStructure (61)
[2014.11.07-08.32.11:857][327]LogModuleManager: Shutting down and abandoning module MessageLog (60)
[2014.11.07-08.32.11:858][327]LogModuleManager: Shutting down and abandoning module Sequencer (59)
[2014.11.07-08.32.11:858][327]LogModuleManager: Shutting down and abandoning module AssetTools (58)
[2014.11.07-08.32.11:858][327]LogModuleManager: Shutting down and abandoning module UMGEditor (57)
[2014.11.07-08.32.11:858][327]LogModuleManager: Shutting down and abandoning module UMG (56)
[2014.11.07-08.32.11:858][327]LogModuleManager: Shutting down and abandoning module Slate (55)
[2014.11.07-08.32.11:858][327]LogModuleManager: Shutting down and abandoning module EditorStyle (54)
[2014.11.07-08.32.11:862][327]LogModuleManager: Shutting down and abandoning module SessionServices (53)
[2014.11.07-08.32.11:862][327]LogModuleManager: Shutting down and abandoning module SourceCodeAccess (52)
[2014.11.07-08.32.11:862][327]LogModuleManager: Shutting down and abandoning module HeadMountedDisplay (51)
[2014.11.07-08.32.11:862][327]LogModuleManager: Shutting down and abandoning module XAudio2 (50)
[2014.11.07-08.32.11:863][327]LogModuleManager: Shutting down and abandoning module Networking (48)
[2014.11.07-08.32.11:863][327]LogModuleManager: Shutting down and abandoning module Core (47)
[2014.11.07-08.32.11:863][327]LogModuleManager: Shutting down and abandoning module KismetCompiler (46)
[2014.11.07-08.32.11:863][327]LogModuleManager: Shutting down and abandoning module PhysXFormats (45)
[2014.11.07-08.32.11:863][327]LogModuleManager: Shutting down and abandoning module MeshUtilities (44)
[2014.11.07-08.32.11:863][327]LogModuleManager: Shutting down and abandoning module DerivedDataCache (43)
[2014.11.07-08.32.11:960][327]LogDerivedDataCache: Shutdown
[2014.11.07-08.32.11:960][327]LogModuleManager: Shutting down and abandoning module ShaderFormatOpenGL (42)
[2014.11.07-08.32.11:960][327]LogModuleManager: Shutting down and abandoning module ShaderFormatD3D (41)
[2014.11.07-08.32.11:960][327]LogModuleManager: Shutting down and abandoning module MetalShaderFormat (40)
[2014.11.07-08.32.11:960][327]LogModuleManager: Shutting down and abandoning module TextureFormatUncompressed (39)
[2014.11.07-08.32.11:960][327]LogModuleManager: Shutting down and abandoning module TextureFormatPVR (38)
[2014.11.07-08.32.11:960][327]LogModuleManager: Shutting down and abandoning module TextureFormatDXT (37)
[2014.11.07-08.32.11:960][327]LogModuleManager: Shutting down and abandoning module TextureFormatAndroid (36)
[2014.11.07-08.32.11:960][327]LogModuleManager: Shutting down and abandoning module AudioFormatOpus (35)
[2014.11.07-08.32.11:960][327]LogModuleManager: Shutting down and abandoning module AudioFormatOgg (34)
[2014.11.07-08.32.11:960][327]LogModuleManager: Shutting down and abandoning module AudioFormatADPCM (33)
[2014.11.07-08.32.11:960][327]LogModuleManager: Shutting down and abandoning module Messaging (32)
[2014.11.07-08.32.11:960][327]LogModuleManager: Shutting down and abandoning module IOSTargetPlatform (31)
[2014.11.07-08.32.11:960][327]LogModuleManager: Shutting down and abandoning module Android_PVRTCTargetPlatform (30)
[2014.11.07-08.32.11:960][327]LogModuleManager: Shutting down and abandoning module Android_ETC2TargetPlatform (29)
[2014.11.07-08.32.11:960][327]LogModuleManager: Shutting down and abandoning module Android_ETC1TargetPlatform (28)
[2014.11.07-08.32.11:960][327]LogModuleManager: Shutting down and abandoning module Android_DXTTargetPlatform (27)
[2014.11.07-08.32.11:960][327]LogModuleManager: Shutting down and abandoning module Android_ATCTargetPlatform (26)
[2014.11.07-08.32.11:960][327]LogModuleManager: Shutting down and abandoning module AndroidTargetPlatform (25)
[2014.11.07-08.32.11:961][327]LogModuleManager: Shutting down and abandoning module WindowsTargetPlatform (24)
[2014.11.07-08.32.11:961][327]LogModuleManager: Shutting down and abandoning module WindowsServerTargetPlatform (23)
[2014.11.07-08.32.11:961][327]LogModuleManager: Shutting down and abandoning module WindowsNoEditorTargetPlatform (22)
[2014.11.07-08.32.11:961][327]LogModuleManager: Shutting down and abandoning module WindowsClientTargetPlatform (21)
[2014.11.07-08.32.11:961][327]LogModuleManager: Shutting down and abandoning module TargetPlatform (20)
[2014.11.07-08.32.11:961][327]LogModuleManager: Shutting down and abandoning module InputCore (19)
[2014.11.07-08.32.11:961][327]LogModuleManager: Shutting down and abandoning module Settings (18)
[2014.11.07-08.32.11:961][327]LogModuleManager: Shutting down and abandoning module ImageWrapper (17)
[2014.11.07-08.32.11:961][327]LogModuleManager: Shutting down and abandoning module OculusRift (14)
[2014.11.07-08.32.11:961][327]LogModuleManager: Shutting down and abandoning module ExampleDeviceProfileSelector (13)
[2014.11.07-08.32.11:961][327]LogModuleManager: Shutting down and abandoning module TextureCompressor (12)
[2014.11.07-08.32.11:961][327]LogModuleManager: Shutting down and abandoning module ShaderCore (11)
[2014.11.07-08.32.11:961][327]LogModuleManager: Shutting down and abandoning module SlateRHIRenderer (10)
[2014.11.07-08.32.11:963][327]LogModuleManager: Shutting down and abandoning module OpenGLDrv (9)
[2014.11.07-08.32.11:963][327]LogModuleManager: Shutting down and abandoning module D3D11RHI (8)
[2014.11.07-08.32.11:963][327]LogModuleManager: Shutting down and abandoning module Renderer (7)
[2014.11.07-08.32.11:963][327]LogModuleManager: Shutting down and abandoning module Engine (6)
[2014.11.07-08.32.11:963][327]LogModuleManager: Shutting down and abandoning module CoreUObject (5)
[2014.11.07-08.32.11:963][327]LogModuleManager: Shutting down and abandoning module NetworkFile (4)
[2014.11.07-08.32.11:963][327]LogModuleManager: Shutting down and abandoning module StreamingFile (3)
[2014.11.07-08.32.11:963][327]LogModuleManager: Shutting down and abandoning module SandboxFile (2)
[2014.11.07-08.32.11:963][327]LogModuleManager: Shutting down and abandoning module PakFile (1)
[2014.11.07-08.32.11:964][327]LogExit: Exiting.
[2014.11.07-08.32.11:978][327]Log file closed, 11/07/14 00:32:11
