Log file open, 11/06/14 18:50:06
LogInit:Display: Running engine for game: EpicManBP
LogInit: Version: 4.5.1-2336687+++depot+UE4-Releases+4.5
LogInit: API Version: 2326478
LogInit: Compiled (64-bit): Oct 21 2014 22:32:40
LogInit: Compiled with Visual C++: 18.00.21005.01
LogInit: Build Configuration: Development
LogInit: Branch Name: ++depot+UE4-Releases+4.5
LogInit: Command line:  
LogInit: Base directory: C:/Program Files/Unreal Engine/4.5/Engine/Binaries/Win64/
LogInit: Rocket: 1
[2014.11.07-02.50.06:161][  0]LogTaskGraph: Started task graph with 3 named threads and 4 total threads.
[2014.11.07-02.50.06:186][  0]LogOnline:Warning: No default platform service specified for OnlineSubsystem
[2014.11.07-02.50.06:199][  0]LogInit: Presizing for 0 objects not considered by GC, pre-allocating 0 bytes.
[2014.11.07-02.50.06:207][  0]LogInit: Object subsystem initialized
[2014.11.07-02.50.06:209][  0]LogConsoleResponse:Warning: Skipping Unknown console variable: 'UIScaleRule = ShortestSide'
[2014.11.07-02.50.06:209][  0]LogConsoleResponse:Warning:   Found in ini file 'C:/Users/Maurice/Documents/Unreal Projects/EpicManBP/Saved/Config/Windows/Engine.ini', in section '[/Script/Engine.RendererSettings]'
[2014.11.07-02.50.06:209][  0]LogConsoleResponse:Warning: Skipping Unknown console variable: 'UIScaleCurve = (EditorCurveData=(Keys=((Time=480.000000,Value=0.444000),(Time=720.000000,Value=0.666000),(Time=1080.000000,Value=1.000000),(Time=8640.000000,Value=8.000000))),ExternalCurve=None)'
[2014.11.07-02.50.06:209][  0]LogConsoleResponse:Warning:   Found in ini file 'C:/Users/Maurice/Documents/Unreal Projects/EpicManBP/Saved/Config/Windows/Engine.ini', in section '[/Script/Engine.RendererSettings]'
[2014.11.07-02.50.06:209][  0]LogInit: Selected Device Profile: [Windows]
[2014.11.07-02.50.06:209][  0]LogInit: Applying CVar settings loaded from the selected device profile: [Windows]
[2014.11.07-02.50.06:213][  0]LogInit: Computer: XPS3
[2014.11.07-02.50.06:213][  0]LogInit: User: Maurice
[2014.11.07-02.50.06:214][  0]LogInit: CPU Page size=4096, Cores=4
[2014.11.07-02.50.06:214][  0]LogInit: High frequency timer resolution =3.312685 MHz
[2014.11.07-02.50.06:214][  0]LogMemory: Memory total: Physical=24.0GB (24GB approx) Virtual=8192.0GB
[2014.11.07-02.50.06:214][  0]LogMemory: Platform Memory Stats for Windows
[2014.11.07-02.50.06:214][  0]LogMemory: Process Physical Memory: 63.08 MB used, 63.08 MB peak
[2014.11.07-02.50.06:214][  0]LogMemory: Process Virtual Memory: 38.39 MB used, 38.39 MB peak
[2014.11.07-02.50.06:214][  0]LogMemory: Physical Memory: 4091.75 MB used, 24527.21 MB total
[2014.11.07-02.50.06:214][  0]LogMemory: Virtual Memory: 270.46 MB used, 8388608.00 MB total
[2014.11.07-02.50.06:234][  0]LogD3D11RHI: Found D3D11 adapter 0: NVIDIA GeForce GTX 660 (Feature Level 11_0)
[2014.11.07-02.50.06:234][  0]LogD3D11RHI: Adapter has 1484MB of dedicated video memory, 0MB of dedicated system memory, and 2560MB of shared system memory, 2 output[s]
[2014.11.07-02.50.06:234][  0]LogD3D11RHI: Chosen D3D11 Adapter Id = 0
[2014.11.07-02.50.06:237][  0]LogRHI: Texture pool is 1039 MB (70% of 1484 MB)
[2014.11.07-02.50.06:243][  0]LogD3D11RHI: Async texture creation enabled
[2014.11.07-02.50.06:275][  0]LogTextLocalizationManager: The requested culture ('en_US') has no localization data; parent culture's ('en') localization data will be used.
[2014.11.07-02.50.06:378][  0]LogContentStreaming: Texture pool size is 0.000000MB
[2014.11.07-02.50.10:039][  0]LogTargetPlatformManager:Display: Building Assets For Windows
[2014.11.07-02.50.10:320][  0]LogTargetPlatformManager:Display: Building Assets For Windows
[2014.11.07-02.50.10:357][  0]LogDerivedDataCache:Display: Max Cache Size: 512 MB
[2014.11.07-02.50.10:390][  0]LogDerivedDataCache: Loaded boot cache 0.03s 39MB C:/Users/Maurice/AppData/Local/UnrealEngine/4.5/DerivedDataCache/Boot.ddc.
[2014.11.07-02.50.10:390][  0]LogDerivedDataCache:Display: Loaded Boot cache: C:/Users/Maurice/AppData/Local/UnrealEngine/4.5/DerivedDataCache/Boot.ddc
[2014.11.07-02.50.10:390][  0]LogDerivedDataCache: FDerivedDataBackendGraph:  Pak pak cache file ../../../../../../Users/Maurice/Documents/Unreal Projects/EpicManBP/DerivedDataCache/DDC.ddp not found, will not use a pak cache.
[2014.11.07-02.50.10:390][  0]LogDerivedDataCache: Unable to find inner node Pak for hierarchical cache Hierarchy.
[2014.11.07-02.50.10:442][  0]LogDerivedDataCache:Display: Pak cache opened for reading ../../../Engine/DerivedDataCache/DDC.ddp.
[2014.11.07-02.50.10:453][  0]LogDerivedDataCache: Using Local data cache path C:/Users/Maurice/AppData/Local/UnrealEngine/Common/DerivedDataCache: Writable
[2014.11.07-02.50.10:572][  0]LogMeshUtilities: No automatic mesh reduction module available
[2014.11.07-02.50.10:572][  0]LogMeshUtilities: No automatic mesh merging module available
[2014.11.07-02.50.10:745][  0]LogLinker:Warning: Asset '../../../Engine/Content/Functions/Engine_MaterialFunctions02/Texturing/FlipBook.uasset' has been saved with empty engine version. The asset will be loaded but may be incompatible.
[2014.11.07-02.50.10:747][  0]LogLinker:Warning: Asset '../../../Engine/Content/Functions/Engine_MaterialFunctions02/ExampleContent/Textures/flipbook.uasset' has been saved with empty engine version. The asset will be loaded but may be incompatible.
[2014.11.07-02.50.10:868][  0]LogInit: WinSock: version 1.1 (2.2), MaxSocks=32767, MaxUdp=65467
[2014.11.07-02.50.11:404][  0]UdpMessaging: Initializing bridge on interface 0.0.0.0:0 to multicast group 230.0.0.1:6666.
[2014.11.07-02.50.11:529][  0]LogDirectoryWatcher:Warning: Failed to begin reading directory changes for C:/Users/Maurice/Documents/Unreal Projects/EpicManBP/Binaries/Win64. Error: 0
[2014.11.07-02.50.11:615][  0]SourceControl: Info Source control is disabled
[2014.11.07-02.50.11:615][  0]SourceControl: Info Source control is disabled
[2014.11.07-02.50.11:619][  0]SourceControl: Info Source control is disabled
[2014.11.07-02.50.11:694][  0]LogObj: 22915 objects as part of root set at end of initial load.
[2014.11.07-02.50.11:694][  0]LogUObjectAllocator: 4803536 out of 0 bytes used by permanent object pool.
[2014.11.07-02.50.11:736][  0]LogEngine: Initializing Engine...
[2014.11.07-02.50.11:832][  0]LogInit: XAudio2 using 'Speakers (High Definition Audio Device)' : 2 channels at 44.1 kHz using 16 bits per sample (channel mask 0x3)
[2014.11.07-02.50.11:850][  0]LogInit: FAudioDevice initialized.
[2014.11.07-02.50.11:864][  0]LogAIModule: Creating AISystem for world NewWorld
[2014.11.07-02.50.11:882][  0]LogDerivedDataCache: Saved boot cache 0.02s 39MB C:/Users/Maurice/AppData/Local/UnrealEngine/4.5/DerivedDataCache/Boot.ddc.
[2014.11.07-02.50.11:885][  0]LogInit: Texture streaming: Enabled
[2014.11.07-02.50.11:913][  0]LogInit: Transaction tracking system initialized
[2014.11.07-02.50.11:970][  0]BlueprintLog: New page: Editor Load
[2014.11.07-02.50.11:995][  0]LogAssetRegistry: FAssetRegistry took 0.0121 seconds to start up
[2014.11.07-02.50.11:995][  0]LogDirectoryWatcher:Warning: Failed to begin reading directory changes for ../../../Engine/Plugins/Experimental/CharacterAI/Content/. Error: 0
[2014.11.07-02.50.12:307][  0]LogTargetPlatformManager:Display: Building Assets For Windows
[2014.11.07-02.50.12:532][  0]LogTargetPlatformManager:Display: Building Assets For Windows
[2014.11.07-02.50.12:663][  0]LogConsoleResponse:Display: 
[2014.11.07-02.50.12:791][  0]SourceControl: Info Source control is disabled
[2014.11.07-02.50.12:791][  0]Cmd: MAP LOAD FILE="../../../../../../Users/Maurice/Documents/Unreal Projects/EpicManBP/Content/Maps/EpicManLevel.umap" TEMPLATE=0 SHOWPROGRESS=1
[2014.11.07-02.50.12:791][  0]LightingResults: New page: Lighting Build
[2014.11.07-02.50.12:797][  0]MapCheck: New page: Map Check
[2014.11.07-02.50.12:797][  0]LightingResults: New page: Lighting Build
[2014.11.07-02.50.12:808][  0]LogParticles: Destroying 0 GPU particle simulations for FXSystem 0x0000000017655A80
[2014.11.07-02.50.13:162][  0]LogEditorServer: Finished looking for orphan Actors (0.000 secs)
[2014.11.07-02.50.13:162][  0]LogAIModule: Creating AISystem for world EpicManLevel
[2014.11.07-02.50.13:163][  0]Cmd: MAP CHECKDEP
[2014.11.07-02.50.13:163][  0]MapCheck: New page: EpicManLevel - Nov 6, 2014, 10:50:13 AM
[2014.11.07-02.50.13:229][  0]MapCheck: Info Map check complete: 0 Error(s), 0 Warning(s), took 66.401ms to complete.
[2014.11.07-02.50.13:229][  0]LogFileHelpers: Loading map 'EpicManLevel' took 0.438
[2014.11.07-02.50.13:302][  0]LogCollectionManager: Loaded 0 collections in 0.000649 seconds
[2014.11.07-02.50.13:435][  0]LogCrashTracker: Crashtracker disabled due to settings.
[2014.11.07-02.50.13:463][  0]LogUObjectGlobals:Warning: Failed to find object 'Class None.'
[2014.11.07-02.50.13:486][  0]LogLoad: Full Startup: 9.16 seconds (BP compile: 0.14 seconds)
[2014.11.07-02.50.13:830][  0]LogContentBrowser:Verbose: The content browser source was changed by the sources view to '/Game/HUD'
[2014.11.07-02.50.13:955][  0]LogRenderer:Warning: Reallocating scene render targets to support 736x856.
[2014.11.07-02.50.15:568][  5]LogAssetRegistry: Asset discovery search completed in 3.5856 seconds
[2014.11.07-02.50.18:365][214]BlueprintLog: New page: Pre-PIE auto-recompile
[2014.11.07-02.50.18:365][214]LogPlayLevel: [PIE] Compiling EpicManLevel before PIE...
[2014.11.07-02.50.18:527][214]LogActorComponent: UnregisterComponent: (/Engine/Transient.CharacterMovementComponent_0) Not registered. Aborting.
[2014.11.07-02.50.18:553][214]LogPlayLevel: PIE:  Blueprint regeneration took 188 ms (1 blueprints)
[2014.11.07-02.50.18:553][214]PIE: New page: PIE session: EpicManLevel (Nov 6, 2014, 10:50:18 AM)
[2014.11.07-02.50.18:562][214]LogPlayLevel: PIE: StaticDuplicateObject took: (0.008832s)
[2014.11.07-02.50.18:563][214]LogPlayLevel: PIE: World Init took: (0.000423s)
[2014.11.07-02.50.18:563][214]LogPlayLevel: PIE: Created PIE world by copying editor world from /Game/Maps/EpicManLevel.EpicManLevel to /Game/Maps/UEDPIE_0_EpicManLevel.EpicManLevel (0.009467s)
[2014.11.07-02.50.18:600][214]LogWorld: Game class is 'MyGame_C'
[2014.11.07-02.50.18:601][214]LogAIModule: Creating AISystem for world EpicManLevel
[2014.11.07-02.50.18:605][214]LogWorld: Bringing World /Game/Maps/UEDPIE_0_EpicManLevel.EpicManLevel up for play (max tick rate 0) at 2014.11.06-18.50.18
[2014.11.07-02.50.18:606][214]LogWorld: Bringing up level for play took: 0.005325
[2014.11.07-02.50.18:766][214]PIE: Info Play in editor start time for /Game/Maps/UEDPIE_0_EpicManLevel 0.094
[2014.11.07-02.50.19:663][313]LogBlueprintUserMessages: Hello
[2014.11.07-02.50.19:701][313]LogPackageName: SearchForPackageOnDisk took   0.038s to resolve EpicManLevel.umap
[2014.11.07-02.50.19:738][313]LogPackageName: SearchForPackageOnDisk took   0.036s to resolve EpicManLevel.umap
[2014.11.07-02.50.19:738][313]LogNet: Browse: /Game/Maps/EpicManLevel
[2014.11.07-02.50.19:738][313]LogLoad: LoadMap: /Game/Maps/EpicManLevel
[2014.11.07-02.50.19:768][313]LogParticles: Destroying 0 GPU particle simulations for FXSystem 0x00000000208D1800
[2014.11.07-02.50.19:768][313]Cmd: MEM
[2014.11.07-02.50.19:782][313]LogMemory: Platform Memory Stats for Windows
[2014.11.07-02.50.19:782][313]LogMemory: Process Physical Memory: 612.49 MB used, 638.73 MB peak
[2014.11.07-02.50.19:782][313]LogMemory: Process Virtual Memory: 529.21 MB used, 556.76 MB peak
[2014.11.07-02.50.19:782][313]LogMemory: Physical Memory: 4673.40 MB used, 24527.21 MB total
[2014.11.07-02.50.19:782][313]LogMemory: Virtual Memory: 1035.72 MB used, 8388608.00 MB total
[2014.11.07-02.50.19:782][313]LogMemory: 
[2014.11.07-02.50.19:782][313]Allocator Stats for TBB: (not implemented)
[2014.11.07-02.50.19:791][313]LogPlayLevel: PIE: StaticDuplicateObject took: (0.008784s)
[2014.11.07-02.50.19:791][313]LogPlayLevel: PIE: World Init took: (0.000357s)
[2014.11.07-02.50.19:791][313]LogPlayLevel: PIE: Created PIE world by copying editor world from /Game/Maps/EpicManLevel.EpicManLevel to /Game/Maps/UEDPIE_0_EpicManLevel.EpicManLevel (0.009290s)
[2014.11.07-02.50.19:791][313]LogWorld: Game class is 'MyGame_C'
[2014.11.07-02.50.19:793][313]LogAIModule: Creating AISystem for world EpicManLevel
[2014.11.07-02.50.19:795][313]LogWorld: Bringing World /Game/Maps/UEDPIE_0_EpicManLevel.EpicManLevel up for play (max tick rate 0) at 2014.11.06-18.50.19
[2014.11.07-02.50.19:796][313]LogWorld: Bringing up level for play took: 0.003016
[2014.11.07-02.50.20:729][406]LogBlueprintUserMessages: Hello
[2014.11.07-02.50.20:817][407]LogParticles: Destroying 0 GPU particle simulations for FXSystem 0x000000001D363880
[2014.11.07-02.50.22:746][635]BlueprintLog: New page: Pre-PIE auto-recompile
[2014.11.07-02.50.22:746][635]LogPlayLevel: [PIE] Compiling EpicManLevel before PIE...
[2014.11.07-02.50.22:793][635]LogPlayLevel: PIE:  Blueprint regeneration took 47 ms (1 blueprints)
[2014.11.07-02.50.22:793][635]PIE: New page: PIE session: EpicManLevel (Nov 6, 2014, 10:50:22 AM)
[2014.11.07-02.50.22:802][635]LogPlayLevel: PIE: StaticDuplicateObject took: (0.009039s)
[2014.11.07-02.50.22:803][635]LogPlayLevel: PIE: World Init took: (0.000552s)
[2014.11.07-02.50.22:803][635]LogPlayLevel: PIE: Created PIE world by copying editor world from /Game/Maps/EpicManLevel.EpicManLevel to /Game/Maps/UEDPIE_0_EpicManLevel.EpicManLevel (0.009749s)
[2014.11.07-02.50.22:826][635]LogWorld: Game class is 'MyGame_C'
[2014.11.07-02.50.22:828][635]LogAIModule: Creating AISystem for world EpicManLevel
[2014.11.07-02.50.22:830][635]LogWorld: Bringing World /Game/Maps/UEDPIE_0_EpicManLevel.EpicManLevel up for play (max tick rate 0) at 2014.11.06-18.50.22
[2014.11.07-02.50.22:831][635]LogWorld: Bringing up level for play took: 0.003028
[2014.11.07-02.50.22:978][635]PIE: Info Play in editor start time for /Game/Maps/UEDPIE_0_EpicManLevel 0.306
[2014.11.07-02.50.23:591][705]LogBlueprintUserMessages: Hello
[2014.11.07-02.50.23:627][705]LogPackageName: SearchForPackageOnDisk took   0.036s to resolve EpicManLevel.umap
[2014.11.07-02.50.23:662][705]LogPackageName: SearchForPackageOnDisk took   0.035s to resolve EpicManLevel.umap
[2014.11.07-02.50.23:662][705]LogNet: Browse: /Game/Maps/EpicManLevel
[2014.11.07-02.50.23:663][705]LogLoad: LoadMap: /Game/Maps/EpicManLevel
[2014.11.07-02.50.23:693][705]LogParticles: Destroying 0 GPU particle simulations for FXSystem 0x000000000EAA0EA0
[2014.11.07-02.50.23:693][705]Cmd: MEM
[2014.11.07-02.50.23:707][705]LogMemory: Platform Memory Stats for Windows
[2014.11.07-02.50.23:707][705]LogMemory: Process Physical Memory: 595.55 MB used, 638.73 MB peak
[2014.11.07-02.50.23:707][705]LogMemory: Process Virtual Memory: 509.53 MB used, 556.76 MB peak
[2014.11.07-02.50.23:707][705]LogMemory: Physical Memory: 4631.20 MB used, 24527.21 MB total
[2014.11.07-02.50.23:707][705]LogMemory: Virtual Memory: 1009.66 MB used, 8388608.00 MB total
[2014.11.07-02.50.23:707][705]LogMemory: 
[2014.11.07-02.50.23:708][705]Allocator Stats for TBB: (not implemented)
[2014.11.07-02.50.23:716][705]LogPlayLevel: PIE: StaticDuplicateObject took: (0.008830s)
[2014.11.07-02.50.23:717][705]LogPlayLevel: PIE: World Init took: (0.000394s)
[2014.11.07-02.50.23:717][705]LogPlayLevel: PIE: Created PIE world by copying editor world from /Game/Maps/EpicManLevel.EpicManLevel to /Game/Maps/UEDPIE_0_EpicManLevel.EpicManLevel (0.009374s)
[2014.11.07-02.50.23:717][705]LogWorld: Game class is 'MyGame_C'
[2014.11.07-02.50.23:718][705]LogAIModule: Creating AISystem for world EpicManLevel
[2014.11.07-02.50.23:721][705]LogWorld: Bringing World /Game/Maps/UEDPIE_0_EpicManLevel.EpicManLevel up for play (max tick rate 0) at 2014.11.06-18.50.23
[2014.11.07-02.50.23:721][705]LogWorld: Bringing up level for play took: 0.002985
[2014.11.07-02.50.25:044][845]LogBlueprintUserMessages: Hello
[2014.11.07-02.50.25:079][845]LogPackageName: SearchForPackageOnDisk took   0.035s to resolve EpicManLevel.umap
[2014.11.07-02.50.25:114][845]LogPackageName: SearchForPackageOnDisk took   0.035s to resolve EpicManLevel.umap
[2014.11.07-02.50.25:114][845]LogNet: Browse: /Game/Maps/EpicManLevel
[2014.11.07-02.50.25:115][845]LogLoad: LoadMap: /Game/Maps/EpicManLevel
[2014.11.07-02.50.25:144][845]LogParticles: Destroying 0 GPU particle simulations for FXSystem 0x000000000EAA13A0
[2014.11.07-02.50.25:144][845]Cmd: MEM
[2014.11.07-02.50.25:158][845]LogMemory: Platform Memory Stats for Windows
[2014.11.07-02.50.25:158][845]LogMemory: Process Physical Memory: 594.01 MB used, 638.73 MB peak
[2014.11.07-02.50.25:158][845]LogMemory: Process Virtual Memory: 508.32 MB used, 556.76 MB peak
[2014.11.07-02.50.25:158][845]LogMemory: Physical Memory: 4632.71 MB used, 24527.21 MB total
[2014.11.07-02.50.25:158][845]LogMemory: Virtual Memory: 1009.66 MB used, 8388608.00 MB total
[2014.11.07-02.50.25:158][845]LogMemory: 
[2014.11.07-02.50.25:158][845]Allocator Stats for TBB: (not implemented)
[2014.11.07-02.50.25:167][845]LogPlayLevel: PIE: StaticDuplicateObject took: (0.008952s)
[2014.11.07-02.50.25:168][845]LogPlayLevel: PIE: World Init took: (0.000384s)
[2014.11.07-02.50.25:168][845]LogPlayLevel: PIE: Created PIE world by copying editor world from /Game/Maps/EpicManLevel.EpicManLevel to /Game/Maps/UEDPIE_0_EpicManLevel.EpicManLevel (0.009486s)
[2014.11.07-02.50.25:168][845]LogWorld: Game class is 'MyGame_C'
[2014.11.07-02.50.25:169][845]LogAIModule: Creating AISystem for world EpicManLevel
[2014.11.07-02.50.25:172][845]LogWorld: Bringing World /Game/Maps/UEDPIE_0_EpicManLevel.EpicManLevel up for play (max tick rate 0) at 2014.11.06-18.50.25
[2014.11.07-02.50.25:172][845]LogWorld: Bringing up level for play took: 0.003039
[2014.11.07-02.50.25:851][907]LogBlueprintUserMessages: Hello
[2014.11.07-02.50.25:951][908]LogParticles: Destroying 0 GPU particle simulations for FXSystem 0x000000000EAEC9A0
[2014.11.07-02.50.35:022][933]Cmd: MAP LOAD FILE="../../../../../../Users/Maurice/Documents/Unreal Projects/EpicManBP/Content/Maps/MainMenu.umap" TEMPLATE=0 SHOWPROGRESS=1
[2014.11.07-02.50.35:023][933]LightingResults: New page: Lighting Build
[2014.11.07-02.50.35:051][933]LoadErrors: New page: Loading map: MainMenu.umap
[2014.11.07-02.50.35:052][933]MapCheck: New page: Map Check
[2014.11.07-02.50.35:052][933]LightingResults: New page: Lighting Build
[2014.11.07-02.50.35:066][933]LogParticles: Destroying 0 GPU particle simulations for FXSystem 0x00000000143B96C0
[2014.11.07-02.50.35:116][933]LogEditorServer: Finished looking for orphan Actors (0.000 secs)
[2014.11.07-02.50.35:116][933]LogAIModule: Creating AISystem for world MainMenu
[2014.11.07-02.50.35:158][933]Cmd: MAP CHECKDEP
[2014.11.07-02.50.35:158][933]MapCheck: New page: MainMenu - Nov 6, 2014, 10:50:35 AM
[2014.11.07-02.50.35:236][933]MapCheck: Info Map check complete: 0 Error(s), 0 Warning(s), took 77.559ms to complete.
[2014.11.07-02.50.35:236][933]LogFileHelpers: Loading map 'MainMenu' took 0.215
[2014.11.07-02.50.36:974][129]BlueprintLog: New page: Pre-PIE auto-recompile
[2014.11.07-02.50.36:974][129]LogPlayLevel: [PIE] Compiling Tutorial_BP_MacroLib before PIE...
[2014.11.07-02.50.37:004][129]LogPlayLevel: [PIE] Compiling MainMenu before PIE...
[2014.11.07-02.50.37:038][129]LogActorComponent: UnregisterComponent: (/Engine/Transient.CharacterMovementComponent_1) Not registered. Aborting.
[2014.11.07-02.50.37:053][129]LogPlayLevel: PIE:  Blueprint regeneration took 78 ms (2 blueprints)
[2014.11.07-02.50.37:053][129]PIE: New page: PIE session: MainMenu (Nov 6, 2014, 10:50:37 AM)
[2014.11.07-02.50.37:054][129]LogPlayLevel: PIE: StaticDuplicateObject took: (0.000758s)
[2014.11.07-02.50.37:054][129]LogPlayLevel: PIE: World Init took: (0.000379s)
[2014.11.07-02.50.37:054][129]LogPlayLevel: PIE: Created PIE world by copying editor world from /Game/Maps/MainMenu.MainMenu to /Game/Maps/UEDPIE_0_MainMenu.MainMenu (0.001238s)
[2014.11.07-02.50.37:080][129]LogWorld: Game class is 'MyGame_C'
[2014.11.07-02.50.37:082][129]LogAIModule: Creating AISystem for world MainMenu
[2014.11.07-02.50.37:082][129]LogWorld: Bringing World /Game/Maps/UEDPIE_0_MainMenu.MainMenu up for play (max tick rate 0) at 2014.11.06-18.50.37
[2014.11.07-02.50.37:082][129]LogWorld: Bringing up level for play took: 0.000276
[2014.11.07-02.50.37:083][129]LogBlueprintUserMessages: Hello
[2014.11.07-02.50.37:083][129]LogBlueprintUserMessages: Goodbye
[2014.11.07-02.50.37:084][129]PIE: Info Play in editor start time for /Game/Maps/UEDPIE_0_MainMenu 0.412
[2014.11.07-02.50.37:611][191]LogBlueprintUserMessages: Hello
[2014.11.07-02.50.37:646][191]LogPackageName: SearchForPackageOnDisk took   0.035s to resolve EpicManLevel.umap
[2014.11.07-02.50.37:681][191]LogPackageName: SearchForPackageOnDisk took   0.034s to resolve EpicManLevel.umap
[2014.11.07-02.50.37:681][191]LogNet: Browse: /Game/Maps/EpicManLevel
[2014.11.07-02.50.37:681][191]LogLoad: LoadMap: /Game/Maps/EpicManLevel
[2014.11.07-02.50.37:695][191]LogParticles: Destroying 0 GPU particle simulations for FXSystem 0x000000001CD2F060
[2014.11.07-02.50.37:695][191]Cmd: MEM
[2014.11.07-02.50.37:708][191]LogMemory: Platform Memory Stats for Windows
[2014.11.07-02.50.37:708][191]LogMemory: Process Physical Memory: 574.09 MB used, 638.73 MB peak
[2014.11.07-02.50.37:708][191]LogMemory: Process Virtual Memory: 487.78 MB used, 556.76 MB peak
[2014.11.07-02.50.37:708][191]LogMemory: Physical Memory: 4600.76 MB used, 24527.21 MB total
[2014.11.07-02.50.37:708][191]LogMemory: Virtual Memory: 988.00 MB used, 8388608.00 MB total
[2014.11.07-02.50.37:708][191]LogMemory: 
[2014.11.07-02.50.37:708][191]Allocator Stats for TBB: (not implemented)
[2014.11.07-02.50.37:890][191]LogWorld: Game class is 'MyGame_C'
[2014.11.07-02.50.37:892][191]LogAIModule: Creating AISystem for world EpicManLevel
[2014.11.07-02.50.37:897][191]LogWorld: Bringing World /Game/Maps/UEDPIE_0_EpicManLevel.EpicManLevel up for play (max tick rate 0) at 2014.11.06-18.50.37
[2014.11.07-02.50.37:897][191]LogWorld: Bringing up level for play took: 0.005360
[2014.11.07-02.50.38:843][282]LogBlueprintUserMessages: Hello
[2014.11.07-02.50.38:950][283]LogParticles: Destroying 0 GPU particle simulations for FXSystem 0x000000000BB53BA0
[2014.11.07-02.50.40:115][420]BlueprintLog: New page: Pre-PIE auto-recompile
[2014.11.07-02.50.40:115][420]LogPlayLevel: [PIE] Compiling MainMenu before PIE...
[2014.11.07-02.50.40:160][420]LogPlayLevel: PIE:  Blueprint regeneration took 45 ms (1 blueprints)
[2014.11.07-02.50.40:160][420]PIE: New page: PIE session: MainMenu (Nov 6, 2014, 10:50:40 AM)
[2014.11.07-02.50.40:161][420]LogPlayLevel: PIE: StaticDuplicateObject took: (0.000731s)
[2014.11.07-02.50.40:161][420]LogPlayLevel: PIE: World Init took: (0.000382s)
[2014.11.07-02.50.40:161][420]LogPlayLevel: PIE: Created PIE world by copying editor world from /Game/Maps/MainMenu.MainMenu to /Game/Maps/UEDPIE_0_MainMenu.MainMenu (0.001222s)
[2014.11.07-02.50.40:199][420]LogWorld: Game class is 'MyGame_C'
[2014.11.07-02.50.40:201][420]LogAIModule: Creating AISystem for world MainMenu
[2014.11.07-02.50.40:201][420]LogWorld: Bringing World /Game/Maps/UEDPIE_0_MainMenu.MainMenu up for play (max tick rate 0) at 2014.11.06-18.50.40
[2014.11.07-02.50.40:201][420]LogWorld: Bringing up level for play took: 0.000294
[2014.11.07-02.50.40:202][420]LogBlueprintUserMessages: Hello
[2014.11.07-02.50.40:202][420]LogBlueprintUserMessages: Goodbye
[2014.11.07-02.50.40:203][420]PIE: Info Play in editor start time for /Game/Maps/UEDPIE_0_MainMenu -0.47
[2014.11.07-02.50.40:878][500]LogBlueprintUserMessages: Hello
[2014.11.07-02.50.40:927][501]LogParticles: Destroying 0 GPU particle simulations for FXSystem 0x000000000BB53240
[2014.11.07-02.50.41:609][580]BlueprintLog: New page: Pre-PIE auto-recompile
[2014.11.07-02.50.41:609][580]LogPlayLevel: [PIE] Compiling MainMenu before PIE...
[2014.11.07-02.50.41:656][580]LogPlayLevel: PIE:  Blueprint regeneration took 46 ms (1 blueprints)
[2014.11.07-02.50.41:656][580]PIE: New page: PIE session: MainMenu (Nov 6, 2014, 10:50:41 AM)
[2014.11.07-02.50.41:657][580]LogPlayLevel: PIE: StaticDuplicateObject took: (0.000785s)
[2014.11.07-02.50.41:657][580]LogPlayLevel: PIE: World Init took: (0.000454s)
[2014.11.07-02.50.41:657][580]LogPlayLevel: PIE: Created PIE world by copying editor world from /Game/Maps/MainMenu.MainMenu to /Game/Maps/UEDPIE_0_MainMenu.MainMenu (0.001376s)
[2014.11.07-02.50.41:684][580]LogWorld: Game class is 'MyGame_C'
[2014.11.07-02.50.41:685][580]LogAIModule: Creating AISystem for world MainMenu
[2014.11.07-02.50.41:685][580]LogWorld: Bringing World /Game/Maps/UEDPIE_0_MainMenu.MainMenu up for play (max tick rate 0) at 2014.11.06-18.50.41
[2014.11.07-02.50.41:685][580]LogWorld: Bringing up level for play took: 0.000278
[2014.11.07-02.50.41:686][580]LogBlueprintUserMessages: Hello
[2014.11.07-02.50.41:686][580]LogBlueprintUserMessages: Goodbye
[2014.11.07-02.50.41:687][580]PIE: Info Play in editor start time for /Game/Maps/UEDPIE_0_MainMenu 1.014
[2014.11.07-02.50.42:111][630]LogBlueprintUserMessages: Hello
[2014.11.07-02.50.42:147][630]LogPackageName: SearchForPackageOnDisk took   0.035s to resolve EpicManLevel.umap
[2014.11.07-02.50.42:182][630]LogPackageName: SearchForPackageOnDisk took   0.035s to resolve EpicManLevel.umap
[2014.11.07-02.50.42:182][630]LogNet: Browse: /Game/Maps/EpicManLevel
[2014.11.07-02.50.42:182][630]LogLoad: LoadMap: /Game/Maps/EpicManLevel
[2014.11.07-02.50.42:195][630]LogParticles: Destroying 0 GPU particle simulations for FXSystem 0x00000000118C8AE0
[2014.11.07-02.50.42:196][630]Cmd: MEM
[2014.11.07-02.50.42:209][630]LogMemory: Platform Memory Stats for Windows
[2014.11.07-02.50.42:209][630]LogMemory: Process Physical Memory: 659.51 MB used, 699.64 MB peak
[2014.11.07-02.50.42:209][630]LogMemory: Process Virtual Memory: 574.76 MB used, 613.76 MB peak
[2014.11.07-02.50.42:209][630]LogMemory: Physical Memory: 4676.11 MB used, 24527.21 MB total
[2014.11.07-02.50.42:209][630]LogMemory: Virtual Memory: 1073.46 MB used, 8388608.00 MB total
[2014.11.07-02.50.42:209][630]LogMemory: 
[2014.11.07-02.50.42:209][630]Allocator Stats for TBB: (not implemented)
[2014.11.07-02.50.42:383][630]LogWorld: Game class is 'MyGame_C'
[2014.11.07-02.50.42:384][630]LogAIModule: Creating AISystem for world EpicManLevel
[2014.11.07-02.50.42:389][630]LogWorld: Bringing World /Game/Maps/UEDPIE_0_EpicManLevel.EpicManLevel up for play (max tick rate 0) at 2014.11.06-18.50.42
[2014.11.07-02.50.42:390][630]LogWorld: Bringing up level for play took: 0.005422
[2014.11.07-02.50.43:584][752]LogBlueprintUserMessages: Hello
[2014.11.07-02.50.43:663][753]LogParticles: Destroying 0 GPU particle simulations for FXSystem 0x0000000025BED580
[2014.11.07-02.50.44:849][892]BlueprintLog: New page: Pre-PIE auto-recompile
[2014.11.07-02.50.44:849][892]LogPlayLevel: [PIE] Compiling MainMenu before PIE...
[2014.11.07-02.50.44:895][892]LogPlayLevel: PIE:  Blueprint regeneration took 46 ms (1 blueprints)
[2014.11.07-02.50.44:895][892]PIE: New page: PIE session: MainMenu (Nov 6, 2014, 10:50:44 AM)
[2014.11.07-02.50.44:896][892]LogPlayLevel: PIE: StaticDuplicateObject took: (0.000708s)
[2014.11.07-02.50.44:896][892]LogPlayLevel: PIE: World Init took: (0.000347s)
[2014.11.07-02.50.44:896][892]LogPlayLevel: PIE: Created PIE world by copying editor world from /Game/Maps/MainMenu.MainMenu to /Game/Maps/UEDPIE_0_MainMenu.MainMenu (0.001162s)
[2014.11.07-02.50.44:935][892]LogWorld: Game class is 'MyGame_C'
[2014.11.07-02.50.44:937][892]LogAIModule: Creating AISystem for world MainMenu
[2014.11.07-02.50.44:937][892]LogWorld: Bringing World /Game/Maps/UEDPIE_0_MainMenu.MainMenu up for play (max tick rate 0) at 2014.11.06-18.50.44
[2014.11.07-02.50.44:937][892]LogWorld: Bringing up level for play took: 0.000290
[2014.11.07-02.50.44:938][892]LogBlueprintUserMessages: Hello
[2014.11.07-02.50.44:938][892]LogBlueprintUserMessages: Goodbye
[2014.11.07-02.50.44:939][892]PIE: Info Play in editor start time for /Game/Maps/UEDPIE_0_MainMenu 0.266
[2014.11.07-02.50.45:529][962]LogBlueprintUserMessages: Hello
[2014.11.07-02.50.45:565][962]LogPackageName: SearchForPackageOnDisk took   0.035s to resolve EpicManLevel.umap
[2014.11.07-02.50.45:599][962]LogPackageName: SearchForPackageOnDisk took   0.034s to resolve EpicManLevel.umap
[2014.11.07-02.50.45:599][962]LogNet: Browse: /Game/Maps/EpicManLevel
[2014.11.07-02.50.45:599][962]LogLoad: LoadMap: /Game/Maps/EpicManLevel
[2014.11.07-02.50.45:613][962]LogParticles: Destroying 0 GPU particle simulations for FXSystem 0x0000000025BEC720
[2014.11.07-02.50.45:613][962]Cmd: MEM
[2014.11.07-02.50.45:626][962]LogMemory: Platform Memory Stats for Windows
[2014.11.07-02.50.45:626][962]LogMemory: Process Physical Memory: 659.70 MB used, 699.64 MB peak
[2014.11.07-02.50.45:626][962]LogMemory: Process Virtual Memory: 574.79 MB used, 614.74 MB peak
[2014.11.07-02.50.45:626][962]LogMemory: Physical Memory: 4677.79 MB used, 24527.21 MB total
[2014.11.07-02.50.45:626][962]LogMemory: Virtual Memory: 1073.46 MB used, 8388608.00 MB total
[2014.11.07-02.50.45:626][962]LogMemory: 
[2014.11.07-02.50.45:626][962]Allocator Stats for TBB: (not implemented)
[2014.11.07-02.50.45:802][962]LogWorld: Game class is 'MyGame_C'
[2014.11.07-02.50.45:804][962]LogAIModule: Creating AISystem for world EpicManLevel
[2014.11.07-02.50.45:809][962]LogWorld: Bringing World /Game/Maps/UEDPIE_0_EpicManLevel.EpicManLevel up for play (max tick rate 0) at 2014.11.06-18.50.45
[2014.11.07-02.50.45:809][962]LogWorld: Bringing up level for play took: 0.005679
[2014.11.07-02.50.46:934][ 62]LogParticles: Destroying 0 GPU particle simulations for FXSystem 0x000000000BB52CA0
[2014.11.07-02.50.48:591][258]BlueprintLog: New page: Pre-PIE auto-recompile
[2014.11.07-02.50.48:591][258]LogPlayLevel: [PIE] Compiling MainMenu before PIE...
[2014.11.07-02.50.48:639][258]LogPlayLevel: PIE:  Blueprint regeneration took 48 ms (1 blueprints)
[2014.11.07-02.50.48:640][258]PIE: New page: PIE session: MainMenu (Nov 6, 2014, 10:50:48 AM)
[2014.11.07-02.50.48:640][258]LogPlayLevel: PIE: StaticDuplicateObject took: (0.000802s)
[2014.11.07-02.50.48:641][258]LogPlayLevel: PIE: World Init took: (0.000417s)
[2014.11.07-02.50.48:641][258]LogPlayLevel: PIE: Created PIE world by copying editor world from /Game/Maps/MainMenu.MainMenu to /Game/Maps/UEDPIE_0_MainMenu.MainMenu (0.001351s)
[2014.11.07-02.50.48:682][258]LogWorld: Game class is 'MyGame_C'
[2014.11.07-02.50.48:683][258]LogAIModule: Creating AISystem for world MainMenu
[2014.11.07-02.50.48:684][258]LogWorld: Bringing World /Game/Maps/UEDPIE_0_MainMenu.MainMenu up for play (max tick rate 0) at 2014.11.06-18.50.48
[2014.11.07-02.50.48:684][258]LogWorld: Bringing up level for play took: 0.000369
[2014.11.07-02.50.48:685][258]LogBlueprintUserMessages: Hello
[2014.11.07-02.50.48:685][258]LogBlueprintUserMessages: Goodbye
[2014.11.07-02.50.48:685][258]PIE: Info Play in editor start time for /Game/Maps/UEDPIE_0_MainMenu 0.013
[2014.11.07-02.50.49:343][335]LogBlueprintUserMessages: Hello
[2014.11.07-02.50.49:394][336]LogParticles: Destroying 0 GPU particle simulations for FXSystem 0x000000000BB52700
[2014.11.07-02.50.50:292][441]BlueprintLog: New page: Pre-PIE auto-recompile
[2014.11.07-02.50.50:292][441]LogPlayLevel: [PIE] Compiling MainMenu before PIE...
[2014.11.07-02.50.50:339][441]LogPlayLevel: PIE:  Blueprint regeneration took 47 ms (1 blueprints)
[2014.11.07-02.50.50:340][441]PIE: New page: PIE session: MainMenu (Nov 6, 2014, 10:50:50 AM)
[2014.11.07-02.50.50:340][441]LogPlayLevel: PIE: StaticDuplicateObject took: (0.000722s)
[2014.11.07-02.50.50:341][441]LogPlayLevel: PIE: World Init took: (0.000399s)
[2014.11.07-02.50.50:341][441]LogPlayLevel: PIE: Created PIE world by copying editor world from /Game/Maps/MainMenu.MainMenu to /Game/Maps/UEDPIE_0_MainMenu.MainMenu (0.001242s)
[2014.11.07-02.50.50:367][441]LogWorld: Game class is 'MyGame_C'
[2014.11.07-02.50.50:369][441]LogAIModule: Creating AISystem for world MainMenu
[2014.11.07-02.50.50:369][441]LogWorld: Bringing World /Game/Maps/UEDPIE_0_MainMenu.MainMenu up for play (max tick rate 0) at 2014.11.06-18.50.50
[2014.11.07-02.50.50:369][441]LogWorld: Bringing up level for play took: 0.000278
[2014.11.07-02.50.50:370][441]LogBlueprintUserMessages: Hello
[2014.11.07-02.50.50:370][441]LogBlueprintUserMessages: Goodbye
[2014.11.07-02.50.50:371][441]PIE: Info Play in editor start time for /Game/Maps/UEDPIE_0_MainMenu -0.302
[2014.11.07-02.50.50:969][512]LogBlueprintUserMessages: Hello
[2014.11.07-02.50.51:004][512]LogPackageName: SearchForPackageOnDisk took   0.035s to resolve EpicManLevel.umap
[2014.11.07-02.50.51:039][512]LogPackageName: SearchForPackageOnDisk took   0.034s to resolve EpicManLevel.umap
[2014.11.07-02.50.51:039][512]LogNet: Browse: /Game/Maps/EpicManLevel
[2014.11.07-02.50.51:039][512]LogLoad: LoadMap: /Game/Maps/EpicManLevel
[2014.11.07-02.50.51:053][512]LogParticles: Destroying 0 GPU particle simulations for FXSystem 0x0000000025BEFE20
[2014.11.07-02.50.51:053][512]Cmd: MEM
[2014.11.07-02.50.51:066][512]LogMemory: Platform Memory Stats for Windows
[2014.11.07-02.50.51:066][512]LogMemory: Process Physical Memory: 660.06 MB used, 705.65 MB peak
[2014.11.07-02.50.51:066][512]LogMemory: Process Virtual Memory: 574.96 MB used, 620.98 MB peak
[2014.11.07-02.50.51:066][512]LogMemory: Physical Memory: 4677.58 MB used, 24527.21 MB total
[2014.11.07-02.50.51:066][512]LogMemory: Virtual Memory: 1073.46 MB used, 8388608.00 MB total
[2014.11.07-02.50.51:066][512]LogMemory: 
[2014.11.07-02.50.51:066][512]Allocator Stats for TBB: (not implemented)
[2014.11.07-02.50.51:240][512]LogWorld: Game class is 'MyGame_C'
[2014.11.07-02.50.51:242][512]LogAIModule: Creating AISystem for world EpicManLevel
[2014.11.07-02.50.51:246][512]LogWorld: Bringing World /Game/Maps/UEDPIE_0_EpicManLevel.EpicManLevel up for play (max tick rate 0) at 2014.11.06-18.50.51
[2014.11.07-02.50.51:247][512]LogWorld: Bringing up level for play took: 0.005339
[2014.11.07-02.50.51:923][572]LogBlueprintUserMessages: Hello
[2014.11.07-02.50.51:958][572]LogPackageName: SearchForPackageOnDisk took   0.035s to resolve EpicManLevel.umap
[2014.11.07-02.50.51:994][572]LogPackageName: SearchForPackageOnDisk took   0.035s to resolve EpicManLevel.umap
[2014.11.07-02.50.51:994][572]LogNet: Browse: /Game/Maps/EpicManLevel
[2014.11.07-02.50.51:994][572]LogLoad: LoadMap: /Game/Maps/EpicManLevel
[2014.11.07-02.50.52:030][572]LogParticles: Destroying 0 GPU particle simulations for FXSystem 0x0000000025BED580
[2014.11.07-02.50.52:030][572]Cmd: MEM
[2014.11.07-02.50.52:043][572]LogMemory: Platform Memory Stats for Windows
[2014.11.07-02.50.52:043][572]LogMemory: Process Physical Memory: 660.21 MB used, 709.98 MB peak
[2014.11.07-02.50.52:043][572]LogMemory: Process Virtual Memory: 575.11 MB used, 625.13 MB peak
[2014.11.07-02.50.52:043][572]LogMemory: Physical Memory: 4692.61 MB used, 24527.21 MB total
[2014.11.07-02.50.52:043][572]LogMemory: Virtual Memory: 1081.46 MB used, 8388608.00 MB total
[2014.11.07-02.50.52:043][572]LogMemory: 
[2014.11.07-02.50.52:043][572]Allocator Stats for TBB: (not implemented)
[2014.11.07-02.50.52:232][572]LogWorld: Game class is 'MyGame_C'
[2014.11.07-02.50.52:233][572]LogAIModule: Creating AISystem for world EpicManLevel
[2014.11.07-02.50.52:238][572]LogWorld: Bringing World /Game/Maps/UEDPIE_0_EpicManLevel.EpicManLevel up for play (max tick rate 0) at 2014.11.06-18.50.52
[2014.11.07-02.50.52:238][572]LogWorld: Bringing up level for play took: 0.005499
[2014.11.07-02.50.52:408][573]LogBlueprintUserMessages: Hello
[2014.11.07-02.50.52:444][573]LogPackageName: SearchForPackageOnDisk took   0.036s to resolve EpicManLevel.umap
[2014.11.07-02.50.52:444][573]LogBlueprintUserMessages: Hello
[2014.11.07-02.50.52:480][573]LogPackageName: SearchForPackageOnDisk took   0.035s to resolve EpicManLevel.umap
[2014.11.07-02.50.52:480][573]LogBlueprintUserMessages: Hello
[2014.11.07-02.50.52:515][573]LogPackageName: SearchForPackageOnDisk took   0.035s to resolve EpicManLevel.umap
[2014.11.07-02.50.52:551][573]LogPackageName: SearchForPackageOnDisk took   0.035s to resolve EpicManLevel.umap
[2014.11.07-02.50.52:551][573]LogNet: Browse: /Game/Maps/EpicManLevel
[2014.11.07-02.50.52:551][573]LogLoad: LoadMap: /Game/Maps/EpicManLevel
[2014.11.07-02.50.52:586][573]LogParticles: Destroying 0 GPU particle simulations for FXSystem 0x0000000025BED8A0
[2014.11.07-02.50.52:587][573]Cmd: MEM
[2014.11.07-02.50.52:600][573]LogMemory: Platform Memory Stats for Windows
[2014.11.07-02.50.52:600][573]LogMemory: Process Physical Memory: 658.84 MB used, 709.98 MB peak
[2014.11.07-02.50.52:600][573]LogMemory: Process Virtual Memory: 573.73 MB used, 625.13 MB peak
[2014.11.07-02.50.52:600][573]LogMemory: Physical Memory: 4682.63 MB used, 24527.21 MB total
[2014.11.07-02.50.52:600][573]LogMemory: Virtual Memory: 1079.46 MB used, 8388608.00 MB total
[2014.11.07-02.50.52:600][573]LogMemory: 
[2014.11.07-02.50.52:600][573]Allocator Stats for TBB: (not implemented)
[2014.11.07-02.50.52:789][573]LogWorld: Game class is 'MyGame_C'
[2014.11.07-02.50.52:790][573]LogAIModule: Creating AISystem for world EpicManLevel
[2014.11.07-02.50.52:795][573]LogWorld: Bringing World /Game/Maps/UEDPIE_0_EpicManLevel.EpicManLevel up for play (max tick rate 0) at 2014.11.06-18.50.52
[2014.11.07-02.50.52:795][573]LogWorld: Bringing up level for play took: 0.005403
[2014.11.07-02.50.52:955][574]LogBlueprintUserMessages: Hello
[2014.11.07-02.50.52:991][574]LogPackageName: SearchForPackageOnDisk took   0.036s to resolve EpicManLevel.umap
[2014.11.07-02.50.52:991][574]LogBlueprintUserMessages: Hello
[2014.11.07-02.50.53:026][574]LogPackageName: SearchForPackageOnDisk took   0.035s to resolve EpicManLevel.umap
[2014.11.07-02.50.53:027][574]LogBlueprintUserMessages: Hello
[2014.11.07-02.50.53:061][574]LogPackageName: SearchForPackageOnDisk took   0.034s to resolve EpicManLevel.umap
[2014.11.07-02.50.53:096][574]LogPackageName: SearchForPackageOnDisk took   0.034s to resolve EpicManLevel.umap
[2014.11.07-02.50.53:096][574]LogNet: Browse: /Game/Maps/EpicManLevel
[2014.11.07-02.50.53:096][574]LogLoad: LoadMap: /Game/Maps/EpicManLevel
[2014.11.07-02.50.53:132][574]LogParticles: Destroying 0 GPU particle simulations for FXSystem 0x000000000E7534C0
[2014.11.07-02.50.53:132][574]Cmd: MEM
[2014.11.07-02.50.53:145][574]LogMemory: Platform Memory Stats for Windows
[2014.11.07-02.50.53:145][574]LogMemory: Process Physical Memory: 664.05 MB used, 709.98 MB peak
[2014.11.07-02.50.53:145][574]LogMemory: Process Virtual Memory: 577.86 MB used, 625.13 MB peak
[2014.11.07-02.50.53:145][574]LogMemory: Physical Memory: 4688.73 MB used, 24527.21 MB total
[2014.11.07-02.50.53:145][574]LogMemory: Virtual Memory: 1095.27 MB used, 8388608.00 MB total
[2014.11.07-02.50.53:145][574]LogMemory: 
[2014.11.07-02.50.53:145][574]Allocator Stats for TBB: (not implemented)
[2014.11.07-02.50.53:332][574]LogWorld: Game class is 'MyGame_C'
[2014.11.07-02.50.53:333][574]LogAIModule: Creating AISystem for world EpicManLevel
[2014.11.07-02.50.53:338][574]LogWorld: Bringing World /Game/Maps/UEDPIE_0_EpicManLevel.EpicManLevel up for play (max tick rate 0) at 2014.11.06-18.50.53
[2014.11.07-02.50.53:339][574]LogWorld: Bringing up level for play took: 0.005480
[2014.11.07-02.50.53:501][575]LogBlueprintUserMessages: Hello
[2014.11.07-02.50.53:536][575]LogPackageName: SearchForPackageOnDisk took   0.035s to resolve EpicManLevel.umap
[2014.11.07-02.50.53:537][575]LogBlueprintUserMessages: Hello
[2014.11.07-02.50.53:571][575]LogPackageName: SearchForPackageOnDisk took   0.034s to resolve EpicManLevel.umap
[2014.11.07-02.50.53:571][575]LogBlueprintUserMessages: Hello
[2014.11.07-02.50.53:606][575]LogPackageName: SearchForPackageOnDisk took   0.034s to resolve EpicManLevel.umap
[2014.11.07-02.50.53:641][575]LogPackageName: SearchForPackageOnDisk took   0.035s to resolve EpicManLevel.umap
[2014.11.07-02.50.53:641][575]LogNet: Browse: /Game/Maps/EpicManLevel
[2014.11.07-02.50.53:641][575]LogLoad: LoadMap: /Game/Maps/EpicManLevel
[2014.11.07-02.50.53:678][575]LogParticles: Destroying 0 GPU particle simulations for FXSystem 0x00000000118C8F40
[2014.11.07-02.50.53:678][575]Cmd: MEM
[2014.11.07-02.50.53:691][575]LogMemory: Platform Memory Stats for Windows
[2014.11.07-02.50.53:691][575]LogMemory: Process Physical Memory: 665.22 MB used, 709.98 MB peak
[2014.11.07-02.50.53:691][575]LogMemory: Process Virtual Memory: 577.89 MB used, 625.13 MB peak
[2014.11.07-02.50.53:691][575]LogMemory: Physical Memory: 4689.89 MB used, 24527.21 MB total
[2014.11.07-02.50.53:691][575]LogMemory: Virtual Memory: 1095.27 MB used, 8388608.00 MB total
[2014.11.07-02.50.53:691][575]LogMemory: 
[2014.11.07-02.50.53:691][575]Allocator Stats for TBB: (not implemented)
[2014.11.07-02.50.53:879][575]LogWorld: Game class is 'MyGame_C'
[2014.11.07-02.50.53:880][575]LogAIModule: Creating AISystem for world EpicManLevel
[2014.11.07-02.50.53:885][575]LogWorld: Bringing World /Game/Maps/UEDPIE_0_EpicManLevel.EpicManLevel up for play (max tick rate 0) at 2014.11.06-18.50.53
[2014.11.07-02.50.53:885][575]LogWorld: Bringing up level for play took: 0.005569
[2014.11.07-02.50.54:274][599]LogBlueprintUserMessages: Hello
[2014.11.07-02.50.54:356][600]LogParticles: Destroying 0 GPU particle simulations for FXSystem 0x000000000E952F20
[2014.11.07-02.50.55:805][771]BlueprintLog: New page: Pre-PIE auto-recompile
[2014.11.07-02.50.55:805][771]LogPlayLevel: [PIE] Compiling MainMenu before PIE...
[2014.11.07-02.50.55:851][771]LogPlayLevel: PIE:  Blueprint regeneration took 45 ms (1 blueprints)
[2014.11.07-02.50.55:851][771]PIE: New page: PIE session: MainMenu (Nov 6, 2014, 10:50:55 AM)
[2014.11.07-02.50.55:852][771]LogPlayLevel: PIE: StaticDuplicateObject took: (0.000706s)
[2014.11.07-02.50.55:853][771]LogPlayLevel: PIE: World Init took: (0.000386s)
[2014.11.07-02.50.55:853][771]LogPlayLevel: PIE: Created PIE world by copying editor world from /Game/Maps/MainMenu.MainMenu to /Game/Maps/UEDPIE_0_MainMenu.MainMenu (0.001203s)
[2014.11.07-02.50.55:892][771]LogWorld: Game class is 'MyGame_C'
[2014.11.07-02.50.55:894][771]LogAIModule: Creating AISystem for world MainMenu
[2014.11.07-02.50.55:894][771]LogWorld: Bringing World /Game/Maps/UEDPIE_0_MainMenu.MainMenu up for play (max tick rate 0) at 2014.11.06-18.50.55
[2014.11.07-02.50.55:894][771]LogWorld: Bringing up level for play took: 0.000291
[2014.11.07-02.50.55:895][771]LogBlueprintUserMessages: Hello
[2014.11.07-02.50.55:895][771]LogBlueprintUserMessages: Goodbye
[2014.11.07-02.50.55:896][771]PIE: Info Play in editor start time for /Game/Maps/UEDPIE_0_MainMenu -0.777
[2014.11.07-02.50.56:789][877]LogBlueprintUserMessages: Hello
[2014.11.07-02.50.56:841][878]LogParticles: Destroying 0 GPU particle simulations for FXSystem 0x000000001CD2F240
[2014.11.07-02.53.12:084][818]BlueprintLog: New page: Pre-PIE auto-recompile
[2014.11.07-02.53.12:084][818]LogPlayLevel: [PIE] Compiling MainMenu before PIE...
[2014.11.07-02.53.12:131][818]LogPlayLevel: PIE:  Blueprint regeneration took 46 ms (1 blueprints)
[2014.11.07-02.53.12:131][818]PIE: New page: PIE session: MainMenu (Nov 6, 2014, 10:53:12 AM)
[2014.11.07-02.53.12:131][818]LogPlayLevel: PIE: StaticDuplicateObject took: (0.000721s)
[2014.11.07-02.53.12:132][818]LogPlayLevel: PIE: World Init took: (0.000414s)
[2014.11.07-02.53.12:132][818]LogPlayLevel: PIE: Created PIE world by copying editor world from /Game/Maps/MainMenu.MainMenu to /Game/Maps/UEDPIE_0_MainMenu.MainMenu (0.001237s)
[2014.11.07-02.53.12:160][818]LogWorld: Game class is 'MyGame_C'
[2014.11.07-02.53.12:162][818]LogAIModule: Creating AISystem for world MainMenu
[2014.11.07-02.53.12:162][818]LogWorld: Bringing World /Game/Maps/UEDPIE_0_MainMenu.MainMenu up for play (max tick rate 0) at 2014.11.06-18.53.12
[2014.11.07-02.53.12:162][818]LogWorld: Bringing up level for play took: 0.000296
[2014.11.07-02.53.12:163][818]LogBlueprintUserMessages: Hello
[2014.11.07-02.53.12:163][818]LogBlueprintUserMessages: Goodbye
[2014.11.07-02.53.12:164][818]PIE: Info Play in editor start time for /Game/Maps/UEDPIE_0_MainMenu -0.511
[2014.11.07-02.53.13:263][949]LogBlueprintUserMessages: Hello
[2014.11.07-02.53.13:299][949]LogPackageName: SearchForPackageOnDisk took   0.036s to resolve EpicManLevel.umap
[2014.11.07-02.53.13:334][949]LogPackageName: SearchForPackageOnDisk took   0.035s to resolve EpicManLevel.umap
[2014.11.07-02.53.13:334][949]LogNet: Browse: /Game/Maps/EpicManLevel
[2014.11.07-02.53.13:335][949]LogLoad: LoadMap: /Game/Maps/EpicManLevel
[2014.11.07-02.53.13:348][949]LogParticles: Destroying 0 GPU particle simulations for FXSystem 0x000000001CD2DDA0
[2014.11.07-02.53.13:349][949]Cmd: MEM
[2014.11.07-02.53.13:362][949]LogMemory: Platform Memory Stats for Windows
[2014.11.07-02.53.13:362][949]LogMemory: Process Physical Memory: 629.89 MB used, 725.68 MB peak
[2014.11.07-02.53.13:362][949]LogMemory: Process Virtual Memory: 542.30 MB used, 642.56 MB peak
[2014.11.07-02.53.13:362][949]LogMemory: Physical Memory: 4644.52 MB used, 24527.21 MB total
[2014.11.07-02.53.13:362][949]LogMemory: Virtual Memory: 1033.46 MB used, 8388608.00 MB total
[2014.11.07-02.53.13:362][949]LogMemory: 
[2014.11.07-02.53.13:362][949]Allocator Stats for TBB: (not implemented)
[2014.11.07-02.53.13:536][949]LogWorld: Game class is 'MyGame_C'
[2014.11.07-02.53.13:537][949]LogAIModule: Creating AISystem for world EpicManLevel
[2014.11.07-02.53.13:542][949]LogWorld: Bringing World /Game/Maps/UEDPIE_0_EpicManLevel.EpicManLevel up for play (max tick rate 0) at 2014.11.06-18.53.13
[2014.11.07-02.53.13:542][949]LogWorld: Bringing up level for play took: 0.005505
[2014.11.07-04.58.14:030][671]LogHttp:Warning: InternetStatusCallbackWinInet: on invalid request 000000002CF44800. 
[2014.11.07-04.58.14:030][671]LogHttp:Warning: InternetStatusCallbackWinInet: on invalid request 000000002CF44800. 
[2014.11.07-05.48.28:085][  7]LogBlueprintUserMessages: Hello
[2014.11.07-05.48.28:144][  7]LogParticles: Destroying 0 GPU particle simulations for FXSystem 0x000000000E4E8F40
[2014.11.07-05.48.29:558][171]BlueprintLog: New page: Pre-PIE auto-recompile
[2014.11.07-05.48.29:558][171]LogPlayLevel: [PIE] Compiling MainMenu before PIE...
[2014.11.07-05.48.29:607][171]LogPlayLevel: PIE:  Blueprint regeneration took 49 ms (1 blueprints)
[2014.11.07-05.48.29:607][171]PIE: New page: PIE session: MainMenu (Nov 6, 2014, 1:48:29 PM)
[2014.11.07-05.48.29:608][171]LogPlayLevel: PIE: StaticDuplicateObject took: (0.000745s)
[2014.11.07-05.48.29:609][171]LogPlayLevel: PIE: World Init took: (0.000396s)
[2014.11.07-05.48.29:609][171]LogPlayLevel: PIE: Created PIE world by copying editor world from /Game/Maps/MainMenu.MainMenu to /Game/Maps/UEDPIE_0_MainMenu.MainMenu (0.001249s)
[2014.11.07-05.48.29:639][171]LogWorld: Game class is 'MyGame_C'
[2014.11.07-05.48.29:640][171]LogAIModule: Creating AISystem for world MainMenu
[2014.11.07-05.48.29:640][171]LogWorld: Bringing World /Game/Maps/UEDPIE_0_MainMenu.MainMenu up for play (max tick rate 0) at 2014.11.06-21.48.29
[2014.11.07-05.48.29:641][171]LogWorld: Bringing up level for play took: 0.000277
[2014.11.07-05.48.29:641][171]LogBlueprintUserMessages: Hello
[2014.11.07-05.48.29:642][171]LogBlueprintUserMessages: Goodbye
[2014.11.07-05.48.29:642][171]PIE: Info Play in editor start time for /Game/Maps/UEDPIE_0_MainMenu 0.83
[2014.11.07-05.48.30:883][316]LogBlueprintUserMessages: Hello
[2014.11.07-05.48.30:922][316]LogPackageName: SearchForPackageOnDisk took   0.039s to resolve EpicManLevel.umap
[2014.11.07-05.48.30:960][316]LogPackageName: SearchForPackageOnDisk took   0.036s to resolve EpicManLevel.umap
[2014.11.07-05.48.30:960][316]LogNet: Browse: /Game/Maps/EpicManLevel
[2014.11.07-05.48.30:960][316]LogLoad: LoadMap: /Game/Maps/EpicManLevel
[2014.11.07-05.48.30:976][316]LogParticles: Destroying 0 GPU particle simulations for FXSystem 0x000000001CD2D300
[2014.11.07-05.48.30:976][316]Cmd: MEM
[2014.11.07-05.48.30:990][316]LogMemory: Platform Memory Stats for Windows
[2014.11.07-05.48.30:990][316]LogMemory: Process Physical Memory: 690.79 MB used, 725.68 MB peak
[2014.11.07-05.48.30:990][316]LogMemory: Process Virtual Memory: 599.51 MB used, 642.56 MB peak
[2014.11.07-05.48.30:990][316]LogMemory: Physical Memory: 4658.73 MB used, 24527.21 MB total
[2014.11.07-05.48.30:990][316]LogMemory: Virtual Memory: 1077.91 MB used, 8388608.00 MB total
[2014.11.07-05.48.30:990][316]LogMemory: 
[2014.11.07-05.48.30:990][316]Allocator Stats for TBB: (not implemented)
[2014.11.07-05.48.31:168][316]LogWorld: Game class is 'MyGame_C'
[2014.11.07-05.48.31:169][316]LogAIModule: Creating AISystem for world EpicManLevel
[2014.11.07-05.48.31:175][316]LogWorld: Bringing World /Game/Maps/UEDPIE_0_EpicManLevel.EpicManLevel up for play (max tick rate 0) at 2014.11.06-21.48.31
[2014.11.07-05.48.31:175][316]LogWorld: Bringing up level for play took: 0.005648
[2014.11.07-05.48.31:917][379]LogBlueprintUserMessages: Hello
[2014.11.07-05.48.31:987][379]LogParticles: Destroying 0 GPU particle simulations for FXSystem 0x000000002B4BC540
[2014.11.07-05.48.48:404][251]BlueprintLog: New page: Compile EpicManHUD
[2014.11.07-05.48.48:461][251]BlueprintEditorCompileResults: Info [0723.95] Compile of EpicManHUD successful! [in 2 ms]
[2014.11.07-05.48.49:277][340]Cmd: OBJ SAVEPACKAGE PACKAGE="/Game/HUD/EpicManHUD" FILE="../../../../../../Users/Maurice/Documents/Unreal Projects/EpicManBP/Content/HUD/EpicManHUD.uasset" SILENT=true
[2014.11.07-05.48.49:338][340]LogSavePackage: Save=14.082836ms
[2014.11.07-05.48.49:338][340]LogSavePackage: Moving '../../../../../../Users/Maurice/Documents/Unreal Projects/EpicManBP/Saved/EpicManHUD63A874FC4EFE3EF0D6E0C3B13D3EFA13.tmp' to '../../../../../../Users/Maurice/Documents/Unreal Projects/EpicManBP/Content/HUD/EpicManHUD.uasset'
[2014.11.07-05.48.52:866][753]BlueprintLog: New page: Pre-PIE auto-recompile
[2014.11.07-05.48.52:866][753]LogPlayLevel: [PIE] Compiling MainMenu before PIE...
[2014.11.07-05.48.52:915][753]LogPlayLevel: PIE:  Blueprint regeneration took 48 ms (1 blueprints)
[2014.11.07-05.48.52:915][753]PIE: New page: PIE session: MainMenu (Nov 6, 2014, 1:48:52 PM)
[2014.11.07-05.48.52:916][753]LogPlayLevel: PIE: StaticDuplicateObject took: (0.000747s)
[2014.11.07-05.48.52:916][753]LogPlayLevel: PIE: World Init took: (0.000387s)
[2014.11.07-05.48.52:916][753]LogPlayLevel: PIE: Created PIE world by copying editor world from /Game/Maps/MainMenu.MainMenu to /Game/Maps/UEDPIE_0_MainMenu.MainMenu (0.001234s)
[2014.11.07-05.48.52:959][753]LogWorld: Game class is 'MyGame_C'
[2014.11.07-05.48.52:960][753]LogAIModule: Creating AISystem for world MainMenu
[2014.11.07-05.48.52:961][753]LogWorld: Bringing World /Game/Maps/UEDPIE_0_MainMenu.MainMenu up for play (max tick rate 0) at 2014.11.06-21.48.52
[2014.11.07-05.48.52:961][753]LogWorld: Bringing up level for play took: 0.000384
[2014.11.07-05.48.52:962][753]LogBlueprintUserMessages: Hello
[2014.11.07-05.48.52:962][753]LogBlueprintUserMessages: Goodbye
[2014.11.07-05.48.52:963][753]PIE: Info Play in editor start time for /Game/Maps/UEDPIE_0_MainMenu 0.15
[2014.11.07-05.48.53:701][827]LogPackageName: SearchForPackageOnDisk took   0.038s to resolve EpicManLevel.umap
[2014.11.07-05.48.53:739][827]LogPackageName: SearchForPackageOnDisk took   0.037s to resolve EpicManLevel.umap
[2014.11.07-05.48.53:739][827]LogNet: Browse: /Game/Maps/EpicManLevel
[2014.11.07-05.48.53:739][827]LogLoad: LoadMap: /Game/Maps/EpicManLevel
[2014.11.07-05.48.53:754][827]LogParticles: Destroying 0 GPU particle simulations for FXSystem 0x000000002E000860
[2014.11.07-05.48.53:754][827]Cmd: MEM
[2014.11.07-05.48.53:769][827]LogMemory: Platform Memory Stats for Windows
[2014.11.07-05.48.53:769][827]LogMemory: Process Physical Memory: 708.57 MB used, 753.21 MB peak
[2014.11.07-05.48.53:769][827]LogMemory: Process Virtual Memory: 615.88 MB used, 662.97 MB peak
[2014.11.07-05.48.53:769][827]LogMemory: Physical Memory: 4674.96 MB used, 24527.21 MB total
[2014.11.07-05.48.53:769][827]LogMemory: Virtual Memory: 1097.60 MB used, 8388608.00 MB total
[2014.11.07-05.48.53:769][827]LogMemory: 
[2014.11.07-05.48.53:769][827]Allocator Stats for TBB: (not implemented)
[2014.11.07-05.48.53:951][827]LogWorld: Game class is 'MyGame_C'
[2014.11.07-05.48.53:952][827]LogAIModule: Creating AISystem for world EpicManLevel
[2014.11.07-05.48.53:957][827]LogWorld: Bringing World /Game/Maps/UEDPIE_0_EpicManLevel.EpicManLevel up for play (max tick rate 0) at 2014.11.06-21.48.53
[2014.11.07-05.48.53:957][827]LogWorld: Bringing up level for play took: 0.005541
[2014.11.07-05.48.55:070][925]LogParticles: Destroying 0 GPU particle simulations for FXSystem 0x000000000E4EB060
[2014.11.07-05.48.56:191][ 55]BlueprintLog: New page: Pre-PIE auto-recompile
[2014.11.07-05.48.56:191][ 55]LogPlayLevel: [PIE] Compiling MainMenu before PIE...
[2014.11.07-05.48.56:248][ 55]LogPlayLevel: PIE:  Blueprint regeneration took 56 ms (1 blueprints)
[2014.11.07-05.48.56:248][ 55]PIE: New page: PIE session: MainMenu (Nov 6, 2014, 1:48:56 PM)
[2014.11.07-05.48.56:249][ 55]LogPlayLevel: PIE: StaticDuplicateObject took: (0.000867s)
[2014.11.07-05.48.56:249][ 55]LogPlayLevel: PIE: World Init took: (0.000443s)
[2014.11.07-05.48.56:249][ 55]LogPlayLevel: PIE: Created PIE world by copying editor world from /Game/Maps/MainMenu.MainMenu to /Game/Maps/UEDPIE_0_MainMenu.MainMenu (0.001428s)
[2014.11.07-05.48.56:290][ 55]LogWorld: Game class is 'MyGame_C'
[2014.11.07-05.48.56:292][ 55]LogAIModule: Creating AISystem for world MainMenu
[2014.11.07-05.48.56:292][ 55]LogWorld: Bringing World /Game/Maps/UEDPIE_0_MainMenu.MainMenu up for play (max tick rate 0) at 2014.11.06-21.48.56
[2014.11.07-05.48.56:292][ 55]LogWorld: Bringing up level for play took: 0.000364
[2014.11.07-05.48.56:293][ 55]LogBlueprintUserMessages: Hello
[2014.11.07-05.48.56:293][ 55]LogBlueprintUserMessages: Goodbye
[2014.11.07-05.48.56:294][ 55]PIE: Info Play in editor start time for /Game/Maps/UEDPIE_0_MainMenu -0.518
[2014.11.07-05.48.57:083][137]LogPackageName: SearchForPackageOnDisk took   0.037s to resolve EpicManLevel.umap
[2014.11.07-05.48.57:120][137]LogPackageName: SearchForPackageOnDisk took   0.036s to resolve EpicManLevel.umap
[2014.11.07-05.48.57:120][137]LogNet: Browse: /Game/Maps/EpicManLevel
[2014.11.07-05.48.57:120][137]LogLoad: LoadMap: /Game/Maps/EpicManLevel
[2014.11.07-05.48.57:137][137]LogParticles: Destroying 0 GPU particle simulations for FXSystem 0x000000002E08F600
[2014.11.07-05.48.57:137][137]Cmd: MEM
[2014.11.07-05.48.57:151][137]LogMemory: Platform Memory Stats for Windows
[2014.11.07-05.48.57:151][137]LogMemory: Process Physical Memory: 722.97 MB used, 770.30 MB peak
[2014.11.07-05.48.57:151][137]LogMemory: Process Virtual Memory: 630.45 MB used, 680.26 MB peak
[2014.11.07-05.48.57:151][137]LogMemory: Physical Memory: 4691.11 MB used, 24527.21 MB total
[2014.11.07-05.48.57:151][137]LogMemory: Virtual Memory: 1111.85 MB used, 8388608.00 MB total
[2014.11.07-05.48.57:151][137]LogMemory: 
[2014.11.07-05.48.57:151][137]Allocator Stats for TBB: (not implemented)
[2014.11.07-05.48.57:329][137]LogWorld: Game class is 'MyGame_C'
[2014.11.07-05.48.57:331][137]LogAIModule: Creating AISystem for world EpicManLevel
[2014.11.07-05.48.57:336][137]LogWorld: Bringing World /Game/Maps/UEDPIE_0_EpicManLevel.EpicManLevel up for play (max tick rate 0) at 2014.11.06-21.48.57
[2014.11.07-05.48.57:337][137]LogWorld: Bringing up level for play took: 0.006073
[2014.11.07-05.48.59:258][335]LogPackageName: SearchForPackageOnDisk took   0.036s to resolve EpicManLevel.umap
[2014.11.07-05.48.59:295][335]LogPackageName: SearchForPackageOnDisk took   0.037s to resolve EpicManLevel.umap
[2014.11.07-05.48.59:295][335]LogNet: Browse: /Game/Maps/EpicManLevel
[2014.11.07-05.48.59:296][335]LogLoad: LoadMap: /Game/Maps/EpicManLevel
[2014.11.07-05.48.59:333][335]LogParticles: Destroying 0 GPU particle simulations for FXSystem 0x000000002E183060
[2014.11.07-05.48.59:333][335]Cmd: MEM
[2014.11.07-05.48.59:349][335]LogMemory: Platform Memory Stats for Windows
[2014.11.07-05.48.59:349][335]LogMemory: Process Physical Memory: 723.07 MB used, 774.68 MB peak
[2014.11.07-05.48.59:349][335]LogMemory: Process Virtual Memory: 630.45 MB used, 682.59 MB peak
[2014.11.07-05.48.59:349][335]LogMemory: Physical Memory: 4697.03 MB used, 24527.21 MB total
[2014.11.07-05.48.59:349][335]LogMemory: Virtual Memory: 1111.85 MB used, 8388608.00 MB total
[2014.11.07-05.48.59:349][335]LogMemory: 
[2014.11.07-05.48.59:349][335]Allocator Stats for TBB: (not implemented)
[2014.11.07-05.48.59:543][335]LogWorld: Game class is 'MyGame_C'
[2014.11.07-05.48.59:544][335]LogAIModule: Creating AISystem for world EpicManLevel
[2014.11.07-05.48.59:549][335]LogWorld: Bringing World /Game/Maps/UEDPIE_0_EpicManLevel.EpicManLevel up for play (max tick rate 0) at 2014.11.06-21.48.59
[2014.11.07-05.48.59:550][335]LogWorld: Bringing up level for play took: 0.005726
[2014.11.07-05.49.00:525][417]LogParticles: Destroying 0 GPU particle simulations for FXSystem 0x000000001CD2C400
[2014.11.07-05.49.28:369][482]BlueprintLog: New page: Compile MainMenu
[2014.11.07-05.49.28:427][482]BlueprintEditorCompileResults: Info [0763.91] Compile of MainMenu successful! [in 1 ms]
[2014.11.07-05.49.29:697][613]BlueprintLog: New page: Pre-PIE auto-recompile
[2014.11.07-05.49.29:700][613]LogPlayLevel: [PIE] Compiling MainMenu before PIE...
[2014.11.07-05.49.29:754][613]LogPlayLevel: PIE:  Blueprint regeneration took 56 ms (1 blueprints)
[2014.11.07-05.49.29:754][613]PIE: New page: PIE session: MainMenu (Nov 6, 2014, 1:49:29 PM)
[2014.11.07-05.49.29:755][613]LogPlayLevel: PIE: StaticDuplicateObject took: (0.000633s)
[2014.11.07-05.49.29:755][613]LogPlayLevel: PIE: World Init took: (0.000356s)
[2014.11.07-05.49.29:755][613]LogPlayLevel: PIE: Created PIE world by copying editor world from /Game/Maps/MainMenu.MainMenu to /Game/Maps/UEDPIE_0_MainMenu.MainMenu (0.001090s)
[2014.11.07-05.49.29:791][613]LogWorld: Game class is 'MyGame_C'
[2014.11.07-05.49.29:793][613]LogAIModule: Creating AISystem for world MainMenu
[2014.11.07-05.49.29:794][613]LogWorld: Bringing World /Game/Maps/UEDPIE_0_MainMenu.MainMenu up for play (max tick rate 0) at 2014.11.06-21.49.29
[2014.11.07-05.49.29:794][613]LogWorld: Bringing up level for play took: 0.000745
[2014.11.07-05.49.29:795][613]LogGameMode: Warning - PATHS NOT DEFINED or NO PLAYERSTART with positive rating
[2014.11.07-05.49.29:800][613]PIE: Info Play in editor start time for /Game/Maps/UEDPIE_0_MainMenu 0.988
[2014.11.07-05.49.29:828][613]LogRenderer:Warning: Reallocating scene render targets to support 1128x856.
[2014.11.07-05.49.30:837][686]LogPackageName: SearchForPackageOnDisk took   0.036s to resolve EpicManLevel.umap
[2014.11.07-05.49.30:874][686]LogPackageName: SearchForPackageOnDisk took   0.036s to resolve EpicManLevel.umap
[2014.11.07-05.49.30:874][686]LogNet: Browse: /Game/Maps/EpicManLevel
[2014.11.07-05.49.30:874][686]LogLoad: LoadMap: /Game/Maps/EpicManLevel
[2014.11.07-05.49.30:893][686]LogParticles: Destroying 0 GPU particle simulations for FXSystem 0x000000000BC6CAE0
[2014.11.07-05.49.30:893][686]Cmd: MEM
[2014.11.07-05.49.30:908][686]LogMemory: Platform Memory Stats for Windows
[2014.11.07-05.49.30:908][686]LogMemory: Process Physical Memory: 734.85 MB used, 781.48 MB peak
[2014.11.07-05.49.30:908][686]LogMemory: Process Virtual Memory: 642.92 MB used, 689.54 MB peak
[2014.11.07-05.49.30:908][686]LogMemory: Physical Memory: 4710.46 MB used, 24527.21 MB total
[2014.11.07-05.49.30:908][686]LogMemory: Virtual Memory: 1121.24 MB used, 8388608.00 MB total
[2014.11.07-05.49.30:908][686]LogMemory: 
[2014.11.07-05.49.30:908][686]Allocator Stats for TBB: (not implemented)
[2014.11.07-05.49.31:083][686]LogWorld: Game class is 'MyGame_C'
[2014.11.07-05.49.31:084][686]LogAIModule: Creating AISystem for world EpicManLevel
[2014.11.07-05.49.31:089][686]LogWorld: Bringing World /Game/Maps/UEDPIE_0_EpicManLevel.EpicManLevel up for play (max tick rate 0) at 2014.11.06-21.49.31
[2014.11.07-05.49.31:090][686]LogWorld: Bringing up level for play took: 0.005492
[2014.11.07-05.49.32:102][761]LogParticles: Destroying 0 GPU particle simulations for FXSystem 0x0000000018CA1F80
[2014.11.07-05.49.43:928][175]LogSlate:Warning: GetFontFace failed to load or process 'Roboto-Regular'
[2014.11.07-05.49.43:928][175]LogSlate:Warning: GetFontFace failed to load or process 'Roboto-Regular'
[2014.11.07-05.49.43:930][175]LogSlate:Warning: GetFontFace failed to load or process 'Roboto-Regular'
[2014.11.07-05.49.43:930][175]LogSlate:Warning: GetFontFace failed to load or process 'Roboto-Regular'
[2014.11.07-05.49.43:930][175]LogSlate:Warning: GetFontFace failed to load or process 'Roboto-Regular'
[2014.11.07-05.49.43:930][175]LogSlate:Warning: GetFontFace failed to load or process 'Roboto-Regular'
[2014.11.07-05.49.43:930][175]LogSlate:Warning: GetFontFace failed to load or process 'Roboto-Regular'
[2014.11.07-05.49.43:930][175]LogSlate:Warning: GetFontFace failed to load or process 'Roboto-Regular'
[2014.11.07-05.49.43:930][175]LogSlate:Warning: GetFontFace failed to load or process 'Roboto-Regular'
[2014.11.07-05.49.43:930][175]LogSlate:Warning: GetFontFace failed to load or process 'Roboto-Regular'
[2014.11.07-05.49.43:930][175]LogSlate:Warning: GetFontFace failed to load or process 'Roboto-Regular'
[2014.11.07-05.49.43:930][175]LogSlate:Warning: GetFontFace failed to load or process 'Roboto-Regular'
[2014.11.07-05.49.43:930][175]LogSlate:Warning: GetFontFace failed to load or process 'Roboto-Regular'
[2014.11.07-05.49.43:930][175]LogSlate:Warning: GetFontFace failed to load or process 'Roboto-Regular'
[2014.11.07-05.49.43:930][175]LogSlate:Warning: GetFontFace failed to load or process 'Roboto-Regular'
[2014.11.07-05.49.43:931][175]LogSlate:Warning: GetFontFace failed to load or process 'Roboto-Regular'
[2014.11.07-05.49.43:931][175]LogSlate:Warning: GetFontFace failed to load or process 'Roboto-Regular'
[2014.11.07-05.49.56:988][727]BlueprintLog: New page: Pre-PIE auto-recompile
[2014.11.07-05.49.56:992][727]LogPlayLevel: [PIE] Compiling MainMenu before PIE...
[2014.11.07-05.49.57:031][727]LogPlayLevel: [PIE] Compiling EpicManHUD before PIE...
[2014.11.07-05.49.57:094][727]LogPlayLevel: PIE:  Blueprint regeneration took 105 ms (2 blueprints)
[2014.11.07-05.49.57:094][727]PIE: New page: PIE session: MainMenu (Nov 6, 2014, 1:49:57 PM)
[2014.11.07-05.49.57:095][727]LogPlayLevel: PIE: StaticDuplicateObject took: (0.000703s)
[2014.11.07-05.49.57:095][727]LogPlayLevel: PIE: World Init took: (0.000439s)
[2014.11.07-05.49.57:095][727]LogPlayLevel: PIE: Created PIE world by copying editor world from /Game/Maps/MainMenu.MainMenu to /Game/Maps/UEDPIE_0_MainMenu.MainMenu (0.001258s)
[2014.11.07-05.49.57:148][727]LogWorld: Game class is 'MyGame_C'
[2014.11.07-05.49.57:150][727]LogAIModule: Creating AISystem for world MainMenu
[2014.11.07-05.49.57:150][727]LogWorld: Bringing World /Game/Maps/UEDPIE_0_MainMenu.MainMenu up for play (max tick rate 0) at 2014.11.06-21.49.57
[2014.11.07-05.49.57:150][727]LogWorld: Bringing up level for play took: 0.000371
[2014.11.07-05.49.57:151][727]LogGameMode: Warning - PATHS NOT DEFINED or NO PLAYERSTART with positive rating
[2014.11.07-05.49.57:153][727]PIE: Info Play in editor start time for /Game/Maps/UEDPIE_0_MainMenu 0.34
[2014.11.07-05.49.58:333][853]LogPackageName: SearchForPackageOnDisk took   0.035s to resolve EpicManLevel.umap
[2014.11.07-05.49.58:369][853]LogPackageName: SearchForPackageOnDisk took   0.035s to resolve EpicManLevel.umap
[2014.11.07-05.49.58:369][853]LogNet: Browse: /Game/Maps/EpicManLevel
[2014.11.07-05.49.58:369][853]LogLoad: LoadMap: /Game/Maps/EpicManLevel
[2014.11.07-05.49.58:385][853]LogParticles: Destroying 0 GPU particle simulations for FXSystem 0x000000000BC6F740
[2014.11.07-05.49.58:385][853]Cmd: MEM
[2014.11.07-05.49.58:399][853]LogMemory: Platform Memory Stats for Windows
[2014.11.07-05.49.58:399][853]LogMemory: Process Physical Memory: 751.60 MB used, 805.45 MB peak
[2014.11.07-05.49.58:399][853]LogMemory: Process Virtual Memory: 658.93 MB used, 714.04 MB peak
[2014.11.07-05.49.58:399][853]LogMemory: Physical Memory: 4715.85 MB used, 24527.21 MB total
[2014.11.07-05.49.58:399][853]LogMemory: Virtual Memory: 1136.55 MB used, 8388608.00 MB total
[2014.11.07-05.49.58:399][853]LogMemory: 
[2014.11.07-05.49.58:400][853]Allocator Stats for TBB: (not implemented)
[2014.11.07-05.49.58:574][853]LogWorld: Game class is 'MyGame_C'
[2014.11.07-05.49.58:575][853]LogAIModule: Creating AISystem for world EpicManLevel
[2014.11.07-05.49.58:580][853]LogWorld: Bringing World /Game/Maps/UEDPIE_0_EpicManLevel.EpicManLevel up for play (max tick rate 0) at 2014.11.06-21.49.58
[2014.11.07-05.49.58:581][853]LogWorld: Bringing up level for play took: 0.005414
[2014.11.07-05.49.59:731][961]LogParticles: Destroying 0 GPU particle simulations for FXSystem 0x0000000030F9D9E0
[2014.11.07-05.50.00:807][ 90]BlueprintLog: New page: Compile EpicManHUD
[2014.11.07-05.50.00:868][ 90]BlueprintEditorCompileResults: Info [0796.35] Compile of EpicManHUD successful! [in 1 ms]
[2014.11.07-05.50.01:894][208]Cmd: OBJ SAVEPACKAGE PACKAGE="/Game/HUD/EpicManHUD" FILE="../../../../../../Users/Maurice/Documents/Unreal Projects/EpicManBP/Content/HUD/EpicManHUD.uasset" SILENT=true
[2014.11.07-05.50.01:928][208]LogSavePackage: Save=12.425570ms
[2014.11.07-05.50.01:928][208]LogSavePackage: Moving '../../../../../../Users/Maurice/Documents/Unreal Projects/EpicManBP/Saved/EpicManHUD1450ADBC489F0A957D76458D9D02EF97.tmp' to '../../../../../../Users/Maurice/Documents/Unreal Projects/EpicManBP/Content/HUD/EpicManHUD.uasset'
[2014.11.07-05.50.03:137][350]BlueprintLog: New page: Pre-PIE auto-recompile
[2014.11.07-05.50.03:139][350]LogPlayLevel: [PIE] Compiling MainMenu before PIE...
[2014.11.07-05.50.03:188][350]LogPlayLevel: PIE:  Blueprint regeneration took 51 ms (1 blueprints)
[2014.11.07-05.50.03:188][350]PIE: New page: PIE session: MainMenu (Nov 6, 2014, 1:50:03 PM)
[2014.11.07-05.50.03:189][350]LogPlayLevel: PIE: StaticDuplicateObject took: (0.000569s)
[2014.11.07-05.50.03:189][350]LogPlayLevel: PIE: World Init took: (0.000362s)
[2014.11.07-05.50.03:189][350]LogPlayLevel: PIE: Created PIE world by copying editor world from /Game/Maps/MainMenu.MainMenu to /Game/Maps/UEDPIE_0_MainMenu.MainMenu (0.001030s)
[2014.11.07-05.50.03:235][350]LogWorld: Game class is 'MyGame_C'
[2014.11.07-05.50.03:237][350]LogAIModule: Creating AISystem for world MainMenu
[2014.11.07-05.50.03:237][350]LogWorld: Bringing World /Game/Maps/UEDPIE_0_MainMenu.MainMenu up for play (max tick rate 0) at 2014.11.06-21.50.03
[2014.11.07-05.50.03:237][350]LogWorld: Bringing up level for play took: 0.000312
[2014.11.07-05.50.03:237][350]LogGameMode: Warning - PATHS NOT DEFINED or NO PLAYERSTART with positive rating
[2014.11.07-05.50.03:240][350]PIE: Info Play in editor start time for /Game/Maps/UEDPIE_0_MainMenu 0.427
[2014.11.07-05.50.03:955][423]LogPackageName: SearchForPackageOnDisk took   0.038s to resolve EpicManLevel.umap
[2014.11.07-05.50.03:992][423]LogPackageName: SearchForPackageOnDisk took   0.036s to resolve EpicManLevel.umap
[2014.11.07-05.50.03:992][423]LogNet: Browse: /Game/Maps/EpicManLevel
[2014.11.07-05.50.03:992][423]LogLoad: LoadMap: /Game/Maps/EpicManLevel
[2014.11.07-05.50.04:008][423]LogParticles: Destroying 0 GPU particle simulations for FXSystem 0x00000000267DA700
[2014.11.07-05.50.04:008][423]Cmd: MEM
[2014.11.07-05.50.04:022][423]LogMemory: Platform Memory Stats for Windows
[2014.11.07-05.50.04:022][423]LogMemory: Process Physical Memory: 751.65 MB used, 809.55 MB peak
[2014.11.07-05.50.04:022][423]LogMemory: Process Virtual Memory: 658.96 MB used, 718.09 MB peak
[2014.11.07-05.50.04:022][423]LogMemory: Physical Memory: 4716.21 MB used, 24527.21 MB total
[2014.11.07-05.50.04:022][423]LogMemory: Virtual Memory: 1141.36 MB used, 8388608.00 MB total
[2014.11.07-05.50.04:022][423]LogMemory: 
[2014.11.07-05.50.04:022][423]Allocator Stats for TBB: (not implemented)
[2014.11.07-05.50.04:198][423]LogWorld: Game class is 'MyGame_C'
[2014.11.07-05.50.04:199][423]LogAIModule: Creating AISystem for world EpicManLevel
[2014.11.07-05.50.04:204][423]LogWorld: Bringing World /Game/Maps/UEDPIE_0_EpicManLevel.EpicManLevel up for play (max tick rate 0) at 2014.11.06-21.50.04
[2014.11.07-05.50.04:205][423]LogWorld: Bringing up level for play took: 0.005638
[2014.11.07-05.50.05:316][526]LogParticles: Destroying 0 GPU particle simulations for FXSystem 0x000000002B4D4A40
[2014.11.07-05.50.20:778][245]LogSlate:Warning: GetFontFace failed to load or process 'Roboto-Regular'
[2014.11.07-05.50.20:778][245]LogSlate:Warning: GetFontFace failed to load or process 'Roboto-Regular'
[2014.11.07-05.50.20:778][245]LogSlate:Warning: GetFontFace failed to load or process 'Roboto-Regular'
[2014.11.07-05.50.20:778][245]LogSlate:Warning: GetFontFace failed to load or process 'Roboto-Regular'
[2014.11.07-05.50.20:778][245]LogSlate:Warning: GetFontFace failed to load or process 'Roboto-Regular'
[2014.11.07-05.50.20:778][245]LogSlate:Warning: GetFontFace failed to load or process 'Roboto-Regular'
[2014.11.07-05.50.42:085][430]LogSlate:Warning: GetFontFace failed to load or process 'Roboto-Regular'
[2014.11.07-05.50.42:085][430]LogSlate:Warning: GetFontFace failed to load or process 'Roboto-Regular'
[2014.11.07-05.50.42:085][430]LogSlate:Warning: GetFontFace failed to load or process 'Roboto-Regular'
[2014.11.07-05.50.42:085][430]LogSlate:Warning: GetFontFace failed to load or process 'Roboto-Regular'
[2014.11.07-05.50.42:085][430]LogSlate:Warning: GetFontFace failed to load or process 'Roboto-Regular'
[2014.11.07-05.50.42:085][430]LogSlate:Warning: GetFontFace failed to load or process 'Roboto-Regular'
[2014.11.07-05.50.42:085][430]LogSlate:Warning: GetFontFace failed to load or process 'Roboto-Regular'
[2014.11.07-05.50.42:085][430]LogSlate:Warning: GetFontFace failed to load or process 'Roboto-Regular'
[2014.11.07-05.50.53:092][710]BlueprintLog: New page: Compile EpicManHUD
[2014.11.07-05.50.53:179][710]BlueprintEditorCompileResults: Info [0848.63] Compile of EpicManHUD successful! [in 1 ms]
[2014.11.07-05.50.53:829][777]Cmd: OBJ SAVEPACKAGE PACKAGE="/Game/HUD/EpicManHUD" FILE="../../../../../../Users/Maurice/Documents/Unreal Projects/EpicManBP/Content/HUD/EpicManHUD.uasset" SILENT=true
[2014.11.07-05.50.53:882][777]LogSavePackage: Save=12.363083ms
[2014.11.07-05.50.53:883][777]LogSavePackage: Moving '../../../../../../Users/Maurice/Documents/Unreal Projects/EpicManBP/Saved/EpicManHUD792442E44D46E640D2D5DC95441B8297.tmp' to '../../../../../../Users/Maurice/Documents/Unreal Projects/EpicManBP/Content/HUD/EpicManHUD.uasset'
[2014.11.07-05.50.54:527][851]BlueprintLog: New page: Pre-PIE auto-recompile
[2014.11.07-05.50.54:529][851]LogPlayLevel: [PIE] Compiling MainMenu before PIE...
[2014.11.07-05.50.54:581][851]LogPlayLevel: PIE:  Blueprint regeneration took 54 ms (1 blueprints)
[2014.11.07-05.50.54:581][851]PIE: New page: PIE session: MainMenu (Nov 6, 2014, 1:50:54 PM)
[2014.11.07-05.50.54:582][851]LogPlayLevel: PIE: StaticDuplicateObject took: (0.000632s)
[2014.11.07-05.50.54:582][851]LogPlayLevel: PIE: World Init took: (0.000352s)
[2014.11.07-05.50.54:582][851]LogPlayLevel: PIE: Created PIE world by copying editor world from /Game/Maps/MainMenu.MainMenu to /Game/Maps/UEDPIE_0_MainMenu.MainMenu (0.001089s)
[2014.11.07-05.50.54:632][851]LogWorld: Game class is 'MyGame_C'
[2014.11.07-05.50.54:633][851]LogAIModule: Creating AISystem for world MainMenu
[2014.11.07-05.50.54:634][851]LogWorld: Bringing World /Game/Maps/UEDPIE_0_MainMenu.MainMenu up for play (max tick rate 0) at 2014.11.06-21.50.54
[2014.11.07-05.50.54:634][851]LogWorld: Bringing up level for play took: 0.000315
[2014.11.07-05.50.54:634][851]LogGameMode: Warning - PATHS NOT DEFINED or NO PLAYERSTART with positive rating
[2014.11.07-05.50.54:637][851]PIE: Info Play in editor start time for /Game/Maps/UEDPIE_0_MainMenu -0.177
[2014.11.07-05.50.55:674][956]LogPackageName: SearchForPackageOnDisk took   0.038s to resolve EpicManLevel.umap
[2014.11.07-05.50.55:712][956]LogPackageName: SearchForPackageOnDisk took   0.037s to resolve EpicManLevel.umap
[2014.11.07-05.50.55:712][956]LogNet: Browse: /Game/Maps/EpicManLevel
[2014.11.07-05.50.55:712][956]LogLoad: LoadMap: /Game/Maps/EpicManLevel
[2014.11.07-05.50.55:728][956]LogParticles: Destroying 0 GPU particle simulations for FXSystem 0x00000000343A5D00
[2014.11.07-05.50.55:728][956]Cmd: MEM
[2014.11.07-05.50.55:744][956]LogMemory: Platform Memory Stats for Windows
[2014.11.07-05.50.55:744][956]LogMemory: Process Physical Memory: 754.15 MB used, 817.07 MB peak
[2014.11.07-05.50.55:744][956]LogMemory: Process Virtual Memory: 660.99 MB used, 725.20 MB peak
[2014.11.07-05.50.55:744][956]LogMemory: Physical Memory: 4733.06 MB used, 24527.21 MB total
[2014.11.07-05.50.55:744][956]LogMemory: Virtual Memory: 1138.61 MB used, 8388608.00 MB total
[2014.11.07-05.50.55:744][956]LogMemory: 
[2014.11.07-05.50.55:744][956]Allocator Stats for TBB: (not implemented)
[2014.11.07-05.50.55:927][956]LogWorld: Game class is 'MyGame_C'
[2014.11.07-05.50.55:929][956]LogAIModule: Creating AISystem for world EpicManLevel
[2014.11.07-05.50.55:934][956]LogWorld: Bringing World /Game/Maps/UEDPIE_0_EpicManLevel.EpicManLevel up for play (max tick rate 0) at 2014.11.06-21.50.55
[2014.11.07-05.50.55:934][956]LogWorld: Bringing up level for play took: 0.005491
[2014.11.07-05.50.56:960][ 45]LogParticles: Destroying 0 GPU particle simulations for FXSystem 0x000000001FCC7C40
[2014.11.07-05.51.17:115][963]Cmd: OBJ SAVEPACKAGE PACKAGE="/Game/Maps/MainMenu" FILE="../../../../../../Users/Maurice/Documents/Unreal Projects/EpicManBP/Content/Maps/MainMenu.umap" SILENT=true AUTOSAVING=false KEEPDIRTY=false
[2014.11.07-05.51.17:201][963]LogSavePackage: Save=19.962658ms
[2014.11.07-05.51.17:201][963]LogSavePackage: Moving '../../../../../../Users/Maurice/Documents/Unreal Projects/EpicManBP/Saved/MainMenu9A75878C4D7C576E96842D879C15DCC6.tmp' to '../../../../../../Users/Maurice/Documents/Unreal Projects/EpicManBP/Content/Maps/MainMenu.umap'
[2014.11.07-05.51.19:558][240]BlueprintLog: New page: Compile EpicManHUD
[2014.11.07-05.51.19:640][240]BlueprintEditorCompileResults: Info [0875.10] Compile of EpicManHUD successful! [in 4 ms]
[2014.11.07-05.51.22:507][563]BlueprintLog: New page: Compile MainMenu
[2014.11.07-05.51.22:564][563]BlueprintEditorCompileResults: Info [0878.05] Compile of MainMenu successful! [in 1 ms]
[2014.11.07-05.51.24:540][779]BlueprintLog: New page: Pre-PIE auto-recompile
[2014.11.07-05.51.24:544][779]LogPlayLevel: [PIE] Compiling MainMenu before PIE...
[2014.11.07-05.51.24:602][779]LogPlayLevel: PIE:  Blueprint regeneration took 62 ms (1 blueprints)
[2014.11.07-05.51.24:602][779]PIE: New page: PIE session: MainMenu (Nov 6, 2014, 1:51:24 PM)
[2014.11.07-05.51.24:603][779]LogPlayLevel: PIE: StaticDuplicateObject took: (0.000642s)
[2014.11.07-05.51.24:604][779]LogPlayLevel: PIE: World Init took: (0.000415s)
[2014.11.07-05.51.24:604][779]LogPlayLevel: PIE: Created PIE world by copying editor world from /Game/Maps/MainMenu.MainMenu to /Game/Maps/UEDPIE_0_MainMenu.MainMenu (0.001165s)
[2014.11.07-05.51.24:669][779]LogWorld: Game class is 'MyGame_C'
[2014.11.07-05.51.24:671][779]LogAIModule: Creating AISystem for world MainMenu
[2014.11.07-05.51.24:671][779]LogWorld: Bringing World /Game/Maps/UEDPIE_0_MainMenu.MainMenu up for play (max tick rate 0) at 2014.11.06-21.51.24
[2014.11.07-05.51.24:671][779]LogWorld: Bringing up level for play took: 0.000310
[2014.11.07-05.51.24:672][779]LogGameMode: Warning - PATHS NOT DEFINED or NO PLAYERSTART with positive rating
[2014.11.07-05.51.24:674][779]PIE: Info Play in editor start time for /Game/Maps/UEDPIE_0_MainMenu -0.141
[2014.11.07-05.51.25:727][872]LogPackageName: SearchForPackageOnDisk took   0.035s to resolve EpicManLevel.umap
[2014.11.07-05.51.25:763][872]LogPackageName: SearchForPackageOnDisk took   0.035s to resolve EpicManLevel.umap
[2014.11.07-05.51.25:763][872]LogNet: Browse: /Game/Maps/EpicManLevel
[2014.11.07-05.51.25:763][872]LogLoad: LoadMap: /Game/Maps/EpicManLevel
[2014.11.07-05.51.25:782][872]LogParticles: Destroying 0 GPU particle simulations for FXSystem 0x0000000030F9F6A0
[2014.11.07-05.51.25:782][872]Cmd: MEM
[2014.11.07-05.51.25:797][872]LogMemory: Platform Memory Stats for Windows
[2014.11.07-05.51.25:797][872]LogMemory: Process Physical Memory: 755.80 MB used, 840.79 MB peak
[2014.11.07-05.51.25:797][872]LogMemory: Process Virtual Memory: 663.38 MB used, 748.84 MB peak
[2014.11.07-05.51.25:797][872]LogMemory: Physical Memory: 4734.77 MB used, 24527.21 MB total
[2014.11.07-05.51.25:797][872]LogMemory: Virtual Memory: 1135.88 MB used, 8388608.00 MB total
[2014.11.07-05.51.25:797][872]LogMemory: 
[2014.11.07-05.51.25:797][872]Allocator Stats for TBB: (not implemented)
[2014.11.07-05.51.25:973][872]LogWorld: Game class is 'MyGame_C'
[2014.11.07-05.51.25:974][872]LogAIModule: Creating AISystem for world EpicManLevel
[2014.11.07-05.51.25:979][872]LogWorld: Bringing World /Game/Maps/UEDPIE_0_EpicManLevel.EpicManLevel up for play (max tick rate 0) at 2014.11.06-21.51.25
[2014.11.07-05.51.25:980][872]LogWorld: Bringing up level for play took: 0.005537
[2014.11.07-05.51.27:202][970]LogParticles: Destroying 0 GPU particle simulations for FXSystem 0x000000002E6713A0
[2014.11.07-05.51.30:261][337]BlueprintLog: New page: Compile EpicManHUD
[2014.11.07-05.51.30:343][337]BlueprintEditorCompileResults: Info [0885.80] Compile of EpicManHUD successful! [in 4 ms]
[2014.11.07-05.51.31:513][473]Cmd: OBJ SAVEPACKAGE PACKAGE="/Game/HUD/EpicManHUD" FILE="../../../../../../Users/Maurice/Documents/Unreal Projects/EpicManBP/Content/HUD/EpicManHUD.uasset" SILENT=true
[2014.11.07-05.51.31:544][473]LogSavePackage: Save=12.524584ms
[2014.11.07-05.51.31:544][473]LogSavePackage: Moving '../../../../../../Users/Maurice/Documents/Unreal Projects/EpicManBP/Saved/EpicManHUD616666194232C7CF8986FFA39D23A286.tmp' to '../../../../../../Users/Maurice/Documents/Unreal Projects/EpicManBP/Content/HUD/EpicManHUD.uasset'
[2014.11.07-05.51.34:186][787]BlueprintLog: New page: Pre-PIE auto-recompile
[2014.11.07-05.51.34:188][787]LogPlayLevel: [PIE] Compiling MainMenu before PIE...
[2014.11.07-05.51.34:240][787]LogPlayLevel: PIE:  Blueprint regeneration took 53 ms (1 blueprints)
[2014.11.07-05.51.34:240][787]PIE: New page: PIE session: MainMenu (Nov 6, 2014, 1:51:34 PM)
[2014.11.07-05.51.34:241][787]LogPlayLevel: PIE: StaticDuplicateObject took: (0.000588s)
[2014.11.07-05.51.34:241][787]LogPlayLevel: PIE: World Init took: (0.000359s)
[2014.11.07-05.51.34:241][787]LogPlayLevel: PIE: Created PIE world by copying editor world from /Game/Maps/MainMenu.MainMenu to /Game/Maps/UEDPIE_0_MainMenu.MainMenu (0.001077s)
[2014.11.07-05.51.34:283][787]LogWorld: Game class is 'MyGame_C'
[2014.11.07-05.51.34:285][787]LogAIModule: Creating AISystem for world MainMenu
[2014.11.07-05.51.34:285][787]LogWorld: Bringing World /Game/Maps/UEDPIE_0_MainMenu.MainMenu up for play (max tick rate 0) at 2014.11.06-21.51.34
[2014.11.07-05.51.34:285][787]LogWorld: Bringing up level for play took: 0.000303
[2014.11.07-05.51.34:287][787]PIE: Info Play in editor start time for /Game/Maps/UEDPIE_0_MainMenu -0.528
[2014.11.07-05.51.34:942][860]LogPackageName: SearchForPackageOnDisk took   0.037s to resolve EpicManLevel.umap
[2014.11.07-05.51.34:978][860]LogPackageName: SearchForPackageOnDisk took   0.035s to resolve EpicManLevel.umap
[2014.11.07-05.51.34:978][860]LogNet: Browse: /Game/Maps/EpicManLevel
[2014.11.07-05.51.34:978][860]LogLoad: LoadMap: /Game/Maps/EpicManLevel
[2014.11.07-05.51.34:994][860]LogParticles: Destroying 0 GPU particle simulations for FXSystem 0x00000000346505E0
[2014.11.07-05.51.34:994][860]Cmd: MEM
[2014.11.07-05.51.35:009][860]LogMemory: Platform Memory Stats for Windows
[2014.11.07-05.51.35:009][860]LogMemory: Process Physical Memory: 756.21 MB used, 850.21 MB peak
[2014.11.07-05.51.35:009][860]LogMemory: Process Virtual Memory: 663.49 MB used, 758.86 MB peak
[2014.11.07-05.51.35:009][860]LogMemory: Physical Memory: 4731.99 MB used, 24527.21 MB total
[2014.11.07-05.51.35:009][860]LogMemory: Virtual Memory: 1136.82 MB used, 8388608.00 MB total
[2014.11.07-05.51.35:009][860]LogMemory: 
[2014.11.07-05.51.35:009][860]Allocator Stats for TBB: (not implemented)
[2014.11.07-05.51.35:184][860]LogWorld: Game class is 'MyGame_C'
[2014.11.07-05.51.35:185][860]LogAIModule: Creating AISystem for world EpicManLevel
[2014.11.07-05.51.35:190][860]LogWorld: Bringing World /Game/Maps/UEDPIE_0_EpicManLevel.EpicManLevel up for play (max tick rate 0) at 2014.11.06-21.51.35
[2014.11.07-05.51.35:191][860]LogWorld: Bringing up level for play took: 0.005374
[2014.11.07-05.51.36:377][963]LogParticles: Destroying 0 GPU particle simulations for FXSystem 0x0000000030AFE980
[2014.11.07-05.51.40:828][427]Cmd: QUIT_EDITOR
[2014.11.07-05.51.41:101][427]LogExit: Preparing to exit.
[2014.11.07-05.51.42:145][427]LogExit: Editor shut down
[2014.11.07-05.51.42:145][427]LogExit: Transaction tracking system shut down
[2014.11.07-05.51.42:147][427]LogParticles: Destroying 0 GPU particle simulations for FXSystem 0x000000000BC6D760
[2014.11.07-05.51.42:147][427]LogParticles: Destroying 0 GPU particle simulations for FXSystem 0x000000001697D080
[2014.11.07-05.51.42:147][427]LogParticles: Destroying 0 GPU particle simulations for FXSystem 0x000000000BC7AA20
[2014.11.07-05.51.42:169][427]LogParticles: Destroying 0 GPU particle simulations for FXSystem 0x0000000025BEEF20
[2014.11.07-05.51.42:169][427]LogParticles: Destroying 0 GPU particle simulations for FXSystem 0x0000000025BEEFC0
[2014.11.07-05.51.42:169][427]LogExit: Object subsystem successfully closed.
[2014.11.07-05.51.42:206][427]LogModuleManager: Shutting down and abandoning module SequencerWidgets (167)
[2014.11.07-05.51.42:206][427]LogModuleManager: Shutting down and abandoning module AndroidDeviceDetection (166)
[2014.11.07-05.51.42:206][427]LogModuleManager: Shutting down and abandoning module CrashTracker (165)
[2014.11.07-05.51.42:206][427]LogModuleManager: Shutting down and abandoning module SuperSearch (164)
[2014.11.07-05.51.42:206][427]LogModuleManager: Shutting down and abandoning module SceneOutliner (163)
[2014.11.07-05.51.42:206][427]LogModuleManager: Shutting down and abandoning module EditorWidgets (162)
[2014.11.07-05.51.42:206][427]LogModuleManager: Shutting down and abandoning module CollectionManager (161)
[2014.11.07-05.51.42:206][427]LogModuleManager: Shutting down and abandoning module StatsViewer (160)
[2014.11.07-05.51.42:206][427]LogModuleManager: Shutting down and abandoning module FoliageEdit (159)
[2014.11.07-05.51.42:206][427]LogModuleManager: Shutting down and abandoning module LandscapeEditor (158)
[2014.11.07-05.51.42:206][427]LogModuleManager: Shutting down and abandoning module MeshPaint (157)
[2014.11.07-05.51.42:206][427]LogModuleManager: Shutting down and abandoning module ActorPickerMode (156)
[2014.11.07-05.51.42:206][427]LogModuleManager: Shutting down and abandoning module GeometryMode (155)
[2014.11.07-05.51.42:206][427]LogModuleManager: Shutting down and abandoning module TextureAlignMode (154)
[2014.11.07-05.51.42:206][427]LogModuleManager: Shutting down and abandoning module BspMode (153)
[2014.11.07-05.51.42:206][427]LogModuleManager: Shutting down and abandoning module PlacementMode (152)
[2014.11.07-05.51.42:206][427]LogModuleManager: Shutting down and abandoning module AutomationWorker (151)
[2014.11.07-05.51.42:206][427]LogModuleManager: Shutting down and abandoning module CharacterAI (150)
[2014.11.07-05.51.42:206][427]LogModuleManager: Shutting down and abandoning module GameProjectGeneration (149)
[2014.11.07-05.51.42:206][427]LogModuleManager: Shutting down and abandoning module IntroTutorials (148)
[2014.11.07-05.51.42:206][427]LogModuleManager: Shutting down and abandoning module EditorLiveStreaming (147)
[2014.11.07-05.51.42:206][427]LogModuleManager: Shutting down and abandoning module HardwareTargeting (146)
[2014.11.07-05.51.42:206][427]LogModuleManager: Shutting down and abandoning module BehaviorTreeEditor (145)
[2014.11.07-05.51.42:206][427]LogModuleManager: Shutting down and abandoning module DeviceProfileEditor (144)
[2014.11.07-05.51.42:206][427]LogModuleManager: Shutting down and abandoning module UndoHistory (143)
[2014.11.07-05.51.42:206][427]LogModuleManager: Shutting down and abandoning module GameplayTagsEditor (142)
[2014.11.07-05.51.42:206][427]LogModuleManager: Shutting down and abandoning module UserFeedback (141)
[2014.11.07-05.51.42:206][427]LogModuleManager: Shutting down and abandoning module XmlParser (140)
[2014.11.07-05.51.42:206][427]LogModuleManager: Shutting down and abandoning module Blutility (139)
[2014.11.07-05.51.42:206][427]LogModuleManager: Shutting down and abandoning module IOSPlatformEditor (138)
[2014.11.07-05.51.42:206][427]LogModuleManager: Shutting down and abandoning module IOSRuntimeSettings (137)
[2014.11.07-05.51.42:207][427]LogModuleManager: Shutting down and abandoning module AndroidPlatformEditor (136)
[2014.11.07-05.51.42:207][427]LogModuleManager: Shutting down and abandoning module AndroidRuntimeSettings (135)
[2014.11.07-05.51.42:207][427]LogModuleManager: Shutting down and abandoning module ProjectTargetPlatformEditor (134)
[2014.11.07-05.51.42:207][427]LogModuleManager: Shutting down and abandoning module ProjectSettingsViewer (133)
[2014.11.07-05.51.42:207][427]LogModuleManager: Shutting down and abandoning module InputBindingEditor (132)
[2014.11.07-05.51.42:207][427]LogModuleManager: Shutting down and abandoning module EditorSettingsViewer (131)
[2014.11.07-05.51.42:207][427]LogModuleManager: Shutting down and abandoning module SettingsEditor (130)
[2014.11.07-05.51.42:207][427]LogModuleManager: Shutting down and abandoning module ProjectLauncher (129)
[2014.11.07-05.51.42:207][427]LogModuleManager: Shutting down and abandoning module SessionFrontend (128)
[2014.11.07-05.51.42:207][427]LogModuleManager: Shutting down and abandoning module ProfilerClient (127)
[2014.11.07-05.51.42:207][427]LogModuleManager: Shutting down and abandoning module TargetDeviceServices (126)
[2014.11.07-05.51.42:207][427]LogModuleManager: Shutting down and abandoning module DeviceManager (125)
[2014.11.07-05.51.42:207][427]LogModuleManager: Shutting down and abandoning module AutomationController (124)
[2014.11.07-05.51.42:207][427]LogModuleManager: Shutting down and abandoning module AutomationWindow (123)
[2014.11.07-05.51.42:207][427]LogModuleManager: Shutting down and abandoning module Layers (122)
[2014.11.07-05.51.42:207][427]LogModuleManager: Shutting down and abandoning module ComponentVisualizers (121)
[2014.11.07-05.51.42:207][427]LogModuleManager: Shutting down and abandoning module DetailCustomizations (120)
[2014.11.07-05.51.42:207][427]LogModuleManager: Shutting down and abandoning module PackagesDialog (119)
[2014.11.07-05.51.42:207][427]LogModuleManager: Shutting down and abandoning module AssetRegistry (118)
[2014.11.07-05.51.42:312][427]LogModuleManager: Shutting down and abandoning module Persona (117)
[2014.11.07-05.51.42:312][427]LogModuleManager: Shutting down and abandoning module Kismet (116)
[2014.11.07-05.51.42:312][427]LogModuleManager: Shutting down and abandoning module GraphEditor (115)
[2014.11.07-05.51.42:312][427]LogModuleManager: Shutting down and abandoning module ClassViewer (114)
[2014.11.07-05.51.42:312][427]LogModuleManager: Shutting down and abandoning module Toolbox (113)
[2014.11.07-05.51.42:312][427]LogModuleManager: Shutting down and abandoning module ModuleUI (112)
[2014.11.07-05.51.42:312][427]LogModuleManager: Shutting down and abandoning module MovieSceneTools (111)
[2014.11.07-05.51.42:312][427]LogModuleManager: Shutting down and abandoning module OutputLog (110)
[2014.11.07-05.51.42:312][427]LogModuleManager: Shutting down and abandoning module GammaUI (109)
[2014.11.07-05.51.42:312][427]LogModuleManager: Shutting down and abandoning module Documentation (108)
[2014.11.07-05.51.42:312][427]LogModuleManager: Shutting down and abandoning module GameLiveStreaming (107)
[2014.11.07-05.51.42:312][427]LogModuleManager: Shutting down and abandoning module StreamingPauseRendering (106)
[2014.11.07-05.51.42:312][427]LogModuleManager: Shutting down and abandoning module HTTP (105)
[2014.11.07-05.51.42:312][427]LogModuleManager: Shutting down and abandoning module AnalyticsET (104)
[2014.11.07-05.51.42:312][427]LogModuleManager: Shutting down and abandoning module Analytics (103)
[2014.11.07-05.51.42:312][427]LogModuleManager: Shutting down and abandoning module GameplayDebugger (102)
[2014.11.07-05.51.42:312][427]LogModuleManager: Shutting down and abandoning module AIModule (101)
[2014.11.07-05.51.42:312][427]LogModuleManager: Shutting down and abandoning module ProfilerService (100)
[2014.11.07-05.51.42:434][427]LogModuleManager: Shutting down and abandoning module TaskGraph (99)
[2014.11.07-05.51.42:434][427]LogModuleManager: Shutting down and abandoning module SlateRemote (98)
[2014.11.07-05.51.42:434][427]LogModuleManager: Shutting down and abandoning module ScriptEditorPlugin (97)
[2014.11.07-05.51.42:434][427]LogModuleManager: Shutting down and abandoning module CustomMeshComponent (96)
[2014.11.07-05.51.42:434][427]LogModuleManager: Shutting down and abandoning module CableComponent (95)
[2014.11.07-05.51.42:434][427]LogModuleManager: Shutting down and abandoning module MessagingDebugger (94)
[2014.11.07-05.51.42:434][427]LogModuleManager: Shutting down and abandoning module MediaPlayerEditor (93)
[2014.11.07-05.51.42:435][427]LogModuleManager: Shutting down and abandoning module SpeedTreeImporter (92)
[2014.11.07-05.51.42:435][427]LogModuleManager: Shutting down and abandoning module PluginsEditor (91)
[2014.11.07-05.51.42:435][427]LogModuleManager: Shutting down and abandoning module EpicSurvey (90)
[2014.11.07-05.51.42:435][427]LogModuleManager: Shutting down and abandoning module DesktopPlatform (89)
[2014.11.07-05.51.42:435][427]LogModuleManager: Shutting down and abandoning module VisualStudioSourceCodeAccess (88)
[2014.11.07-05.51.42:435][427]LogModuleManager: Shutting down and abandoning module UObjectPlugin (87)
[2014.11.07-05.51.42:435][427]LogModuleManager: Shutting down and abandoning module SubversionSourceControl (86)
[2014.11.07-05.51.42:435][427]LogModuleManager: Shutting down and abandoning module SourceControl (85)
[2014.11.07-05.51.42:435][427]LogModuleManager: Shutting down and abandoning module PerforceSourceControl (84)
[2014.11.07-05.51.42:435][427]LogModuleManager: Shutting down and abandoning module BlankPlugin (83)
[2014.11.07-05.51.42:435][427]LogModuleManager: Shutting down and abandoning module SlateReflector (82)
[2014.11.07-05.51.42:435][427]LogModuleManager: Shutting down and abandoning module DirectoryWatcher (81)
[2014.11.07-05.51.42:435][427]LogModuleManager: Shutting down and abandoning module HotReload (80)
[2014.11.07-05.51.42:435][427]LogModuleManager: Shutting down and abandoning module MainFrame (79)
[2014.11.07-05.51.42:436][427]LogModuleManager: Shutting down and abandoning module LevelEditor (78)
[2014.11.07-05.51.42:439][427]LogModuleManager: Shutting down and abandoning module ViewportSnapping (77)
[2014.11.07-05.51.42:439][427]LogModuleManager: Shutting down and abandoning module SmartSnapping (76)
[2014.11.07-05.51.42:439][427]LogModuleManager: Shutting down and abandoning module PaperTiledImporter (75)
[2014.11.07-05.51.42:439][427]LogModuleManager: Shutting down and abandoning module PaperJsonImporter (74)
[2014.11.07-05.51.42:439][427]LogModuleManager: Shutting down and abandoning module ContentBrowser (73)
[2014.11.07-05.51.42:439][427]LogModuleManager: Shutting down and abandoning module PropertyEditor (72)
[2014.11.07-05.51.42:439][427]LogModuleManager: Shutting down and abandoning module Paper2DEditor (71)
[2014.11.07-05.51.42:439][427]LogModuleManager: Shutting down and abandoning module ScriptPlugin (70)
[2014.11.07-05.51.42:439][427]LogModuleManager: Shutting down and abandoning module UdpMessaging (69)
[2014.11.07-05.51.42:539][427]LogModuleManager: Shutting down and abandoning module Paper2D (68)
[2014.11.07-05.51.42:539][427]LogModuleManager: Shutting down and abandoning module WindowsMoviePlayer (67)
[2014.11.07-05.51.42:547][427]LogModuleManager: Shutting down and abandoning module Media (66)
[2014.11.07-05.51.42:547][427]LogModuleManager: Shutting down and abandoning module WmfMedia (65)
[2014.11.07-05.51.42:548][427]LogModuleManager: Shutting down and abandoning module OnlineBlueprintSupport (64)
[2014.11.07-05.51.42:548][427]LogModuleManager: Shutting down and abandoning module FunctionalTesting (63)
[2014.11.07-05.51.42:548][427]LogModuleManager: Shutting down and abandoning module CollisionAnalyzer (62)
[2014.11.07-05.51.42:548][427]LogModuleManager: Shutting down and abandoning module WorkspaceMenuStructure (61)
[2014.11.07-05.51.42:548][427]LogModuleManager: Shutting down and abandoning module MessageLog (60)
[2014.11.07-05.51.42:548][427]LogModuleManager: Shutting down and abandoning module Sequencer (59)
[2014.11.07-05.51.42:548][427]LogModuleManager: Shutting down and abandoning module AssetTools (58)
[2014.11.07-05.51.42:548][427]LogModuleManager: Shutting down and abandoning module UMGEditor (57)
[2014.11.07-05.51.42:548][427]LogModuleManager: Shutting down and abandoning module UMG (56)
[2014.11.07-05.51.42:548][427]LogModuleManager: Shutting down and abandoning module Slate (55)
[2014.11.07-05.51.42:548][427]LogModuleManager: Shutting down and abandoning module EditorStyle (54)
[2014.11.07-05.51.42:553][427]LogModuleManager: Shutting down and abandoning module SessionServices (53)
[2014.11.07-05.51.42:553][427]LogModuleManager: Shutting down and abandoning module SourceCodeAccess (52)
[2014.11.07-05.51.42:553][427]LogModuleManager: Shutting down and abandoning module HeadMountedDisplay (51)
[2014.11.07-05.51.42:553][427]LogModuleManager: Shutting down and abandoning module XAudio2 (50)
[2014.11.07-05.51.42:553][427]LogModuleManager: Shutting down and abandoning module Networking (48)
[2014.11.07-05.51.42:553][427]LogModuleManager: Shutting down and abandoning module Core (47)
[2014.11.07-05.51.42:553][427]LogModuleManager: Shutting down and abandoning module KismetCompiler (46)
[2014.11.07-05.51.42:553][427]LogModuleManager: Shutting down and abandoning module PhysXFormats (45)
[2014.11.07-05.51.42:553][427]LogModuleManager: Shutting down and abandoning module MeshUtilities (44)
[2014.11.07-05.51.42:553][427]LogModuleManager: Shutting down and abandoning module DerivedDataCache (43)
[2014.11.07-05.51.42:642][427]LogDerivedDataCache: Shutdown
[2014.11.07-05.51.42:642][427]LogModuleManager: Shutting down and abandoning module ShaderFormatOpenGL (42)
[2014.11.07-05.51.42:642][427]LogModuleManager: Shutting down and abandoning module ShaderFormatD3D (41)
[2014.11.07-05.51.42:642][427]LogModuleManager: Shutting down and abandoning module MetalShaderFormat (40)
[2014.11.07-05.51.42:642][427]LogModuleManager: Shutting down and abandoning module TextureFormatUncompressed (39)
[2014.11.07-05.51.42:642][427]LogModuleManager: Shutting down and abandoning module TextureFormatPVR (38)
[2014.11.07-05.51.42:642][427]LogModuleManager: Shutting down and abandoning module TextureFormatDXT (37)
[2014.11.07-05.51.42:642][427]LogModuleManager: Shutting down and abandoning module TextureFormatAndroid (36)
[2014.11.07-05.51.42:642][427]LogModuleManager: Shutting down and abandoning module AudioFormatOpus (35)
[2014.11.07-05.51.42:642][427]LogModuleManager: Shutting down and abandoning module AudioFormatOgg (34)
[2014.11.07-05.51.42:642][427]LogModuleManager: Shutting down and abandoning module AudioFormatADPCM (33)
[2014.11.07-05.51.42:642][427]LogModuleManager: Shutting down and abandoning module Messaging (32)
[2014.11.07-05.51.42:642][427]LogModuleManager: Shutting down and abandoning module IOSTargetPlatform (31)
[2014.11.07-05.51.42:642][427]LogModuleManager: Shutting down and abandoning module Android_PVRTCTargetPlatform (30)
[2014.11.07-05.51.42:642][427]LogModuleManager: Shutting down and abandoning module Android_ETC2TargetPlatform (29)
[2014.11.07-05.51.42:642][427]LogModuleManager: Shutting down and abandoning module Android_ETC1TargetPlatform (28)
[2014.11.07-05.51.42:642][427]LogModuleManager: Shutting down and abandoning module Android_DXTTargetPlatform (27)
[2014.11.07-05.51.42:642][427]LogModuleManager: Shutting down and abandoning module Android_ATCTargetPlatform (26)
[2014.11.07-05.51.42:643][427]LogModuleManager: Shutting down and abandoning module AndroidTargetPlatform (25)
[2014.11.07-05.51.42:643][427]LogModuleManager: Shutting down and abandoning module WindowsTargetPlatform (24)
[2014.11.07-05.51.42:643][427]LogModuleManager: Shutting down and abandoning module WindowsServerTargetPlatform (23)
[2014.11.07-05.51.42:643][427]LogModuleManager: Shutting down and abandoning module WindowsNoEditorTargetPlatform (22)
[2014.11.07-05.51.42:643][427]LogModuleManager: Shutting down and abandoning module WindowsClientTargetPlatform (21)
[2014.11.07-05.51.42:643][427]LogModuleManager: Shutting down and abandoning module TargetPlatform (20)
[2014.11.07-05.51.42:643][427]LogModuleManager: Shutting down and abandoning module InputCore (19)
[2014.11.07-05.51.42:643][427]LogModuleManager: Shutting down and abandoning module Settings (18)
[2014.11.07-05.51.42:643][427]LogModuleManager: Shutting down and abandoning module ImageWrapper (17)
[2014.11.07-05.51.42:643][427]LogModuleManager: Shutting down and abandoning module OculusRift (14)
[2014.11.07-05.51.42:643][427]LogModuleManager: Shutting down and abandoning module ExampleDeviceProfileSelector (13)
[2014.11.07-05.51.42:643][427]LogModuleManager: Shutting down and abandoning module TextureCompressor (12)
[2014.11.07-05.51.42:643][427]LogModuleManager: Shutting down and abandoning module ShaderCore (11)
[2014.11.07-05.51.42:643][427]LogModuleManager: Shutting down and abandoning module SlateRHIRenderer (10)
[2014.11.07-05.51.42:646][427]LogModuleManager: Shutting down and abandoning module OpenGLDrv (9)
[2014.11.07-05.51.42:646][427]LogModuleManager: Shutting down and abandoning module D3D11RHI (8)
[2014.11.07-05.51.42:646][427]LogModuleManager: Shutting down and abandoning module Renderer (7)
[2014.11.07-05.51.42:646][427]LogModuleManager: Shutting down and abandoning module Engine (6)
[2014.11.07-05.51.42:646][427]LogModuleManager: Shutting down and abandoning module CoreUObject (5)
[2014.11.07-05.51.42:646][427]LogModuleManager: Shutting down and abandoning module NetworkFile (4)
[2014.11.07-05.51.42:646][427]LogModuleManager: Shutting down and abandoning module StreamingFile (3)
[2014.11.07-05.51.42:646][427]LogModuleManager: Shutting down and abandoning module SandboxFile (2)
[2014.11.07-05.51.42:646][427]LogModuleManager: Shutting down and abandoning module PakFile (1)
[2014.11.07-05.51.42:647][427]LogExit: Exiting.
[2014.11.07-05.51.42:661][427]Log file closed, 11/06/14 21:51:42
