Log file open, 12/06/14 20:45:27
LogInit:Display: Running engine for game: EpicManBP
LogInit: Version: 4.5.1-2336687+++depot+UE4-Releases+4.5
LogInit: API Version: 2326478
LogInit: Compiled (64-bit): Oct 21 2014 22:32:40
LogInit: Compiled with Visual C++: 18.00.21005.01
LogInit: Build Configuration: Development
LogInit: Branch Name: ++depot+UE4-Releases+4.5
LogInit: Command line:  
LogInit: Base directory: C:/Program Files/Unreal Engine/4.5/Engine/Binaries/Win64/
LogInit: Rocket: 1
[2014.12.07-04.45.27:866][  0]LogTaskGraph: Started task graph with 3 named threads and 4 total threads.
[2014.12.07-04.45.27:896][  0]LogOnline:Warning: No default platform service specified for OnlineSubsystem
[2014.12.07-04.45.27:915][  0]LogInit: Presizing for 0 objects not considered by GC, pre-allocating 0 bytes.
[2014.12.07-04.45.27:922][  0]LogInit: Object subsystem initialized
[2014.12.07-04.45.27:924][  0]LogConsoleResponse:Warning: Skipping Unknown console variable: 'UIScaleRule = ShortestSide'
[2014.12.07-04.45.27:924][  0]LogConsoleResponse:Warning:   Found in ini file 'C:/Users/Maurice/Documents/Unreal Projects/EpicManBP/Saved/Config/Windows/Engine.ini', in section '[/Script/Engine.RendererSettings]'
[2014.12.07-04.45.27:924][  0]LogConsoleResponse:Warning: Skipping Unknown console variable: 'UIScaleCurve = (EditorCurveData=(Keys=((Time=480.000000,Value=0.444000),(Time=720.000000,Value=0.666000),(Time=1080.000000,Value=1.000000),(Time=8640.000000,Value=8.000000))),ExternalCurve=None)'
[2014.12.07-04.45.27:924][  0]LogConsoleResponse:Warning:   Found in ini file 'C:/Users/Maurice/Documents/Unreal Projects/EpicManBP/Saved/Config/Windows/Engine.ini', in section '[/Script/Engine.RendererSettings]'
[2014.12.07-04.45.27:925][  0]LogInit: Selected Device Profile: [Windows]
[2014.12.07-04.45.27:925][  0]LogInit: Applying CVar settings loaded from the selected device profile: [Windows]
[2014.12.07-04.45.27:930][  0]LogInit: Computer: XPS3
[2014.12.07-04.45.27:930][  0]LogInit: User: Maurice
[2014.12.07-04.45.27:931][  0]LogInit: CPU Page size=4096, Cores=4
[2014.12.07-04.45.27:931][  0]LogInit: High frequency timer resolution =3.312714 MHz
[2014.12.07-04.45.27:931][  0]LogMemory: Memory total: Physical=24.0GB (24GB approx) Virtual=8192.0GB
[2014.12.07-04.45.27:931][  0]LogMemory: Platform Memory Stats for Windows
[2014.12.07-04.45.27:931][  0]LogMemory: Process Physical Memory: 76.04 MB used, 76.04 MB peak
[2014.12.07-04.45.27:931][  0]LogMemory: Process Virtual Memory: 51.38 MB used, 51.38 MB peak
[2014.12.07-04.45.27:931][  0]LogMemory: Physical Memory: 5660.39 MB used, 24527.21 MB total
[2014.12.07-04.45.27:931][  0]LogMemory: Virtual Memory: 285.34 MB used, 8388608.00 MB total
[2014.12.07-04.45.27:951][  0]LogD3D11RHI: Found D3D11 adapter 0: NVIDIA GeForce GTX 660 (Feature Level 11_0)
[2014.12.07-04.45.27:951][  0]LogD3D11RHI: Adapter has 1484MB of dedicated video memory, 0MB of dedicated system memory, and 2560MB of shared system memory, 2 output[s]
[2014.12.07-04.45.27:951][  0]LogD3D11RHI: Chosen D3D11 Adapter Id = 0
[2014.12.07-04.45.27:953][  0]LogRHI: Texture pool is 1039 MB (70% of 1484 MB)
[2014.12.07-04.45.27:958][  0]LogD3D11RHI: Async texture creation enabled
[2014.12.07-04.45.27:991][  0]LogTextLocalizationManager: The requested culture ('en_US') has no localization data; parent culture's ('en') localization data will be used.
[2014.12.07-04.45.28:099][  0]LogContentStreaming: Texture pool size is 0.000000MB
[2014.12.07-04.45.31:899][  0]LogTargetPlatformManager:Display: Building Assets For Windows
[2014.12.07-04.45.32:184][  0]LogTargetPlatformManager:Display: Building Assets For Windows
[2014.12.07-04.45.32:221][  0]LogDerivedDataCache:Display: Max Cache Size: 512 MB
[2014.12.07-04.45.32:253][  0]LogDerivedDataCache: Loaded boot cache 0.03s 39MB C:/Users/Maurice/AppData/Local/UnrealEngine/4.5/DerivedDataCache/Boot.ddc.
[2014.12.07-04.45.32:253][  0]LogDerivedDataCache:Display: Loaded Boot cache: C:/Users/Maurice/AppData/Local/UnrealEngine/4.5/DerivedDataCache/Boot.ddc
[2014.12.07-04.45.32:253][  0]LogDerivedDataCache: FDerivedDataBackendGraph:  Pak pak cache file ../../../../../../Users/Maurice/Documents/Unreal Projects/EpicManBP/DerivedDataCache/DDC.ddp not found, will not use a pak cache.
[2014.12.07-04.45.32:253][  0]LogDerivedDataCache: Unable to find inner node Pak for hierarchical cache Hierarchy.
[2014.12.07-04.45.32:305][  0]LogDerivedDataCache:Display: Pak cache opened for reading ../../../Engine/DerivedDataCache/DDC.ddp.
[2014.12.07-04.45.32:316][  0]LogDerivedDataCache: Using Local data cache path C:/Users/Maurice/AppData/Local/UnrealEngine/Common/DerivedDataCache: Writable
[2014.12.07-04.45.32:441][  0]LogMeshUtilities: No automatic mesh reduction module available
[2014.12.07-04.45.32:441][  0]LogMeshUtilities: No automatic mesh merging module available
[2014.12.07-04.45.32:620][  0]LogLinker:Warning: Asset '../../../Engine/Content/Functions/Engine_MaterialFunctions02/Texturing/FlipBook.uasset' has been saved with empty engine version. The asset will be loaded but may be incompatible.
[2014.12.07-04.45.32:622][  0]LogLinker:Warning: Asset '../../../Engine/Content/Functions/Engine_MaterialFunctions02/ExampleContent/Textures/flipbook.uasset' has been saved with empty engine version. The asset will be loaded but may be incompatible.
[2014.12.07-04.45.32:748][  0]LogInit: WinSock: version 1.1 (2.2), MaxSocks=32767, MaxUdp=65467
[2014.12.07-04.45.33:334][  0]UdpMessaging: Initializing bridge on interface 0.0.0.0:0 to multicast group 230.0.0.1:6666.
[2014.12.07-04.45.33:458][  0]LogDirectoryWatcher:Warning: Failed to begin reading directory changes for C:/Users/Maurice/Documents/Unreal Projects/EpicManBP/Binaries/Win64. Error: 0
[2014.12.07-04.45.33:548][  0]SourceControl: Info Source control is disabled
[2014.12.07-04.45.33:548][  0]SourceControl: Info Source control is disabled
[2014.12.07-04.45.33:552][  0]SourceControl: Info Source control is disabled
[2014.12.07-04.45.33:627][  0]LogObj: 22915 objects as part of root set at end of initial load.
[2014.12.07-04.45.33:627][  0]LogUObjectAllocator: 4803536 out of 0 bytes used by permanent object pool.
[2014.12.07-04.45.33:671][  0]LogEngine: Initializing Engine...
[2014.12.07-04.45.33:768][  0]LogInit: XAudio2 using 'Speakers (High Definition Audio Device)' : 2 channels at 44.1 kHz using 16 bits per sample (channel mask 0x3)
[2014.12.07-04.45.33:774][  0]LogInit: FAudioDevice initialized.
[2014.12.07-04.45.33:788][  0]LogAIModule: Creating AISystem for world NewWorld
[2014.12.07-04.45.33:806][  0]LogDerivedDataCache: Saved boot cache 0.02s 39MB C:/Users/Maurice/AppData/Local/UnrealEngine/4.5/DerivedDataCache/Boot.ddc.
[2014.12.07-04.45.33:809][  0]LogInit: Texture streaming: Enabled
[2014.12.07-04.45.33:838][  0]LogInit: Transaction tracking system initialized
[2014.12.07-04.45.33:896][  0]BlueprintLog: New page: Editor Load
[2014.12.07-04.45.33:919][  0]LogAssetRegistry: FAssetRegistry took 0.0101 seconds to start up
[2014.12.07-04.45.33:919][  0]LogDirectoryWatcher:Warning: Failed to begin reading directory changes for ../../../Engine/Plugins/Experimental/CharacterAI/Content/. Error: 0
[2014.12.07-04.45.34:242][  0]LogTargetPlatformManager:Display: Building Assets For Windows
[2014.12.07-04.45.34:478][  0]LogTargetPlatformManager:Display: Building Assets For Windows
[2014.12.07-04.45.34:616][  0]LogConsoleResponse:Display: 
[2014.12.07-04.45.34:744][  0]SourceControl: Info Source control is disabled
[2014.12.07-04.45.34:744][  0]Cmd: MAP LOAD FILE="../../../../../../Users/Maurice/Documents/Unreal Projects/EpicManBP/Content/Maps/EpicManLevel.umap" TEMPLATE=0 SHOWPROGRESS=1
[2014.12.07-04.45.34:745][  0]LightingResults: New page: Lighting Build
[2014.12.07-04.45.34:751][  0]MapCheck: New page: Map Check
[2014.12.07-04.45.34:751][  0]LightingResults: New page: Lighting Build
[2014.12.07-04.45.34:763][  0]LogParticles: Destroying 0 GPU particle simulations for FXSystem 0x000000001725DA80
[2014.12.07-04.45.35:870][  0]LogEditorServer: Finished looking for orphan Actors (0.000 secs)
[2014.12.07-04.45.35:870][  0]LogAIModule: Creating AISystem for world EpicManLevel
[2014.12.07-04.45.35:871][  0]Cmd: MAP CHECKDEP
[2014.12.07-04.45.35:871][  0]MapCheck: New page: EpicManLevel - Dec 6, 2014, 12:45:35 PM
[2014.12.07-04.45.35:949][  0]MapCheck: Info Map check complete: 0 Error(s), 0 Warning(s), took 78.232ms to complete.
[2014.12.07-04.45.35:949][  0]LogFileHelpers: Loading map 'EpicManLevel' took 1.205
[2014.12.07-04.45.36:094][  0]LogCrashTracker: Crashtracker disabled due to settings.
[2014.12.07-04.45.36:109][  0]LogCollectionManager: Loaded 0 collections in 0.000654 seconds
[2014.12.07-04.45.36:308][  0]LogUObjectGlobals:Warning: Failed to find object 'Class None.'
[2014.12.07-04.45.36:332][  0]LogLoad: Full Startup: 10.52 seconds (BP compile: 0.54 seconds)
[2014.12.07-04.45.36:675][  0]LogContentBrowser:Verbose: The content browser source was changed by the sources view to '/Game/Blueprints/Pickups'
[2014.12.07-04.45.36:824][  0]LogRenderer:Warning: Reallocating scene render targets to support 1224x912.
[2014.12.07-04.45.37:460][  2]LogAssetRegistry: Asset discovery search completed in 3.5515 seconds
[2014.12.07-04.45.47:009][534]LogContentBrowser:Verbose: The content browser source was changed by the sources view to '/Game/Blueprints/AI'
[2014.12.07-04.53.11:518][111]LogContentBrowser:Verbose: The content browser source was changed by the sources view to '/Game/Blueprints/Pickups'
[2014.12.07-04.53.19:866][683]LogSlate:Warning: GetFontFace failed to load or process 'Roboto-Regular'
[2014.12.07-04.53.19:866][683]LogSlate:Warning: GetFontFace failed to load or process 'Roboto-Regular'
[2014.12.07-04.53.19:870][683]LogSlate:Warning: GetFontFace failed to load or process 'Roboto-Regular'
[2014.12.07-04.53.19:870][683]LogSlate:Warning: GetFontFace failed to load or process 'Roboto-Regular'
[2014.12.07-04.53.19:871][683]LogSlate:Warning: GetFontFace failed to load or process 'Roboto-Regular'
[2014.12.07-04.53.19:871][683]LogSlate:Warning: GetFontFace failed to load or process 'Roboto-Regular'
[2014.12.07-04.53.19:871][683]LogSlate:Warning: GetFontFace failed to load or process 'Roboto-Regular'
[2014.12.07-04.53.19:871][683]LogSlate:Warning: GetFontFace failed to load or process 'Roboto-Regular'
[2014.12.07-04.53.19:871][683]LogSlate:Warning: GetFontFace failed to load or process 'Roboto-Regular'
[2014.12.07-04.53.19:871][683]LogSlate:Warning: GetFontFace failed to load or process 'Roboto-Regular'
[2014.12.07-04.53.19:871][683]LogSlate:Warning: GetFontFace failed to load or process 'Roboto-Regular'
[2014.12.07-04.53.19:871][683]LogSlate:Warning: GetFontFace failed to load or process 'Roboto-Regular'
[2014.12.07-04.53.19:871][683]LogSlate:Warning: GetFontFace failed to load or process 'Roboto-Regular'
[2014.12.07-04.53.19:871][683]LogSlate:Warning: GetFontFace failed to load or process 'Roboto-Regular'
[2014.12.07-04.53.19:871][683]LogSlate:Warning: GetFontFace failed to load or process 'Roboto-Regular'
[2014.12.07-04.53.19:871][683]LogSlate:Warning: GetFontFace failed to load or process 'Roboto-Regular'
[2014.12.07-04.53.19:871][683]LogSlate:Warning: GetFontFace failed to load or process 'Roboto-Regular'
[2014.12.07-04.53.19:871][683]LogSlate:Warning: GetFontFace failed to load or process 'Roboto-Regular'
[2014.12.07-04.53.19:871][683]LogSlate:Warning: GetFontFace failed to load or process 'Roboto-Regular'
[2014.12.07-04.57.39:666][312]LogContentBrowser:Verbose: The content browser source was changed by the sources view to '/Game/Blueprints/Pickups'
[2014.12.07-04.58.26:154][428]LogWindowsTextInputMethodSystem:Error: Deactivating a context failed while setting focus to the disabled TSF document manager.
[2014.12.07-04.58.34:127][428]LogWindowsTextInputMethodSystem:Error: Deactivating a context failed while setting focus to the disabled TSF document manager.
[2014.12.07-05.11.34:651][428]LogWindowsTextInputMethodSystem:Error: Deactivating a context failed while setting focus to the disabled TSF document manager.
[2014.12.07-05.12.03:250][420]LogWindowsTextInputMethodSystem:Error: Deactivating a context failed while setting focus to the disabled TSF document manager.
[2014.12.07-05.12.03:375][420]LogContentBrowser:Verbose: The content browser source was changed by the sources view to '/Game/Blueprints/Pickups'
[2014.12.07-05.13.41:721][  5]LogActorComponent: UnregisterComponent: (/Engine/Transient.CharacterMovementComponent_0) Not registered. Aborting.
[2014.12.07-05.13.41:721][  5]LogActorComponent: UnregisterComponent: (/Engine/Transient.CharacterMovementComponent_1) Not registered. Aborting.
[2014.12.07-05.13.41:721][  5]LogActorComponent: UnregisterComponent: (/Engine/Transient.CharacterMovementComponent_2) Not registered. Aborting.
[2014.12.07-05.13.41:721][  5]LogActorComponent: UnregisterComponent: (/Engine/Transient.CharacterMovementComponent_3) Not registered. Aborting.
[2014.12.07-05.13.41:721][  5]LogActorComponent: UnregisterComponent: (/Engine/Transient.CharacterMovementComponent_4) Not registered. Aborting.
[2014.12.07-05.13.41:771][  5]LogParticles: Destroying 0 GPU particle simulations for FXSystem 0x000000001954C900
[2014.12.07-05.13.41:771][  5]LogParticles: Destroying 0 GPU particle simulations for FXSystem 0x000000002327BD80
[2014.12.07-05.17.20:750][262]LogWindowsTextInputMethodSystem:Error: Deactivating a context failed while setting focus to the disabled TSF document manager.
[2014.12.07-05.17.53:613][835]LogWindowsTextInputMethodSystem:Error: Deactivating a context failed while setting focus to the disabled TSF document manager.
[2014.12.07-05.18.07:628][ 18]LogWindowsTextInputMethodSystem:Error: Deactivating a context failed while setting focus to the disabled TSF document manager.
[2014.12.07-05.18.16:324][963]LogParticles: Destroying 0 GPU particle simulations for FXSystem 0x00000000233ACF40
[2014.12.07-05.20.43:574][609]Cmd: QUIT_EDITOR
[2014.12.07-05.20.43:828][609]LogExit: Preparing to exit.
[2014.12.07-05.20.44:568][609]LogExit: Editor shut down
[2014.12.07-05.20.44:568][609]LogExit: Transaction tracking system shut down
[2014.12.07-05.20.44:570][609]LogParticles: Destroying 0 GPU particle simulations for FXSystem 0x000000000D652E80
[2014.12.07-05.20.44:570][609]LogParticles: Destroying 0 GPU particle simulations for FXSystem 0x0000000016B2E340
[2014.12.07-05.20.44:570][609]LogParticles: Destroying 0 GPU particle simulations for FXSystem 0x0000000021FA9E40
[2014.12.07-05.20.44:571][609]LogParticles: Destroying 0 GPU particle simulations for FXSystem 0x0000000022B21260
[2014.12.07-05.20.44:571][609]LogParticles: Destroying 0 GPU particle simulations for FXSystem 0x000000000EA15E40
[2014.12.07-05.20.44:593][609]LogExit: Object subsystem successfully closed.
[2014.12.07-05.20.44:628][609]LogModuleManager: Shutting down and abandoning module AndroidDeviceDetection (166)
[2014.12.07-05.20.44:628][609]LogModuleManager: Shutting down and abandoning module EditorWidgets (165)
[2014.12.07-05.20.44:628][609]LogModuleManager: Shutting down and abandoning module CollectionManager (164)
[2014.12.07-05.20.44:628][609]LogModuleManager: Shutting down and abandoning module CrashTracker (163)
[2014.12.07-05.20.44:628][609]LogModuleManager: Shutting down and abandoning module SuperSearch (162)
[2014.12.07-05.20.44:628][609]LogModuleManager: Shutting down and abandoning module SceneOutliner (161)
[2014.12.07-05.20.44:628][609]LogModuleManager: Shutting down and abandoning module StatsViewer (160)
[2014.12.07-05.20.44:628][609]LogModuleManager: Shutting down and abandoning module FoliageEdit (159)
[2014.12.07-05.20.44:628][609]LogModuleManager: Shutting down and abandoning module LandscapeEditor (158)
[2014.12.07-05.20.44:628][609]LogModuleManager: Shutting down and abandoning module MeshPaint (157)
[2014.12.07-05.20.44:628][609]LogModuleManager: Shutting down and abandoning module ActorPickerMode (156)
[2014.12.07-05.20.44:628][609]LogModuleManager: Shutting down and abandoning module GeometryMode (155)
[2014.12.07-05.20.44:628][609]LogModuleManager: Shutting down and abandoning module TextureAlignMode (154)
[2014.12.07-05.20.44:628][609]LogModuleManager: Shutting down and abandoning module BspMode (153)
[2014.12.07-05.20.44:628][609]LogModuleManager: Shutting down and abandoning module PlacementMode (152)
[2014.12.07-05.20.44:628][609]LogModuleManager: Shutting down and abandoning module AutomationWorker (151)
[2014.12.07-05.20.44:628][609]LogModuleManager: Shutting down and abandoning module CharacterAI (150)
[2014.12.07-05.20.44:628][609]LogModuleManager: Shutting down and abandoning module GameProjectGeneration (149)
[2014.12.07-05.20.44:628][609]LogModuleManager: Shutting down and abandoning module IntroTutorials (148)
[2014.12.07-05.20.44:628][609]LogModuleManager: Shutting down and abandoning module EditorLiveStreaming (147)
[2014.12.07-05.20.44:628][609]LogModuleManager: Shutting down and abandoning module HardwareTargeting (146)
[2014.12.07-05.20.44:628][609]LogModuleManager: Shutting down and abandoning module BehaviorTreeEditor (145)
[2014.12.07-05.20.44:628][609]LogModuleManager: Shutting down and abandoning module DeviceProfileEditor (144)
[2014.12.07-05.20.44:628][609]LogModuleManager: Shutting down and abandoning module UndoHistory (143)
[2014.12.07-05.20.44:628][609]LogModuleManager: Shutting down and abandoning module GameplayTagsEditor (142)
[2014.12.07-05.20.44:628][609]LogModuleManager: Shutting down and abandoning module UserFeedback (141)
[2014.12.07-05.20.44:628][609]LogModuleManager: Shutting down and abandoning module XmlParser (140)
[2014.12.07-05.20.44:628][609]LogModuleManager: Shutting down and abandoning module Blutility (139)
[2014.12.07-05.20.44:628][609]LogModuleManager: Shutting down and abandoning module IOSPlatformEditor (138)
[2014.12.07-05.20.44:628][609]LogModuleManager: Shutting down and abandoning module IOSRuntimeSettings (137)
[2014.12.07-05.20.44:628][609]LogModuleManager: Shutting down and abandoning module AndroidPlatformEditor (136)
[2014.12.07-05.20.44:628][609]LogModuleManager: Shutting down and abandoning module AndroidRuntimeSettings (135)
[2014.12.07-05.20.44:628][609]LogModuleManager: Shutting down and abandoning module ProjectTargetPlatformEditor (134)
[2014.12.07-05.20.44:628][609]LogModuleManager: Shutting down and abandoning module ProjectSettingsViewer (133)
[2014.12.07-05.20.44:628][609]LogModuleManager: Shutting down and abandoning module InputBindingEditor (132)
[2014.12.07-05.20.44:628][609]LogModuleManager: Shutting down and abandoning module EditorSettingsViewer (131)
[2014.12.07-05.20.44:628][609]LogModuleManager: Shutting down and abandoning module SettingsEditor (130)
[2014.12.07-05.20.44:628][609]LogModuleManager: Shutting down and abandoning module ProjectLauncher (129)
[2014.12.07-05.20.44:628][609]LogModuleManager: Shutting down and abandoning module SessionFrontend (128)
[2014.12.07-05.20.44:628][609]LogModuleManager: Shutting down and abandoning module ProfilerClient (127)
[2014.12.07-05.20.44:628][609]LogModuleManager: Shutting down and abandoning module TargetDeviceServices (126)
[2014.12.07-05.20.44:628][609]LogModuleManager: Shutting down and abandoning module DeviceManager (125)
[2014.12.07-05.20.44:628][609]LogModuleManager: Shutting down and abandoning module AutomationController (124)
[2014.12.07-05.20.44:628][609]LogModuleManager: Shutting down and abandoning module AutomationWindow (123)
[2014.12.07-05.20.44:628][609]LogModuleManager: Shutting down and abandoning module Layers (122)
[2014.12.07-05.20.44:628][609]LogModuleManager: Shutting down and abandoning module ComponentVisualizers (121)
[2014.12.07-05.20.44:628][609]LogModuleManager: Shutting down and abandoning module DetailCustomizations (120)
[2014.12.07-05.20.44:628][609]LogModuleManager: Shutting down and abandoning module PackagesDialog (119)
[2014.12.07-05.20.44:629][609]LogModuleManager: Shutting down and abandoning module AssetRegistry (118)
[2014.12.07-05.20.44:724][609]LogModuleManager: Shutting down and abandoning module Persona (117)
[2014.12.07-05.20.44:724][609]LogModuleManager: Shutting down and abandoning module Kismet (116)
[2014.12.07-05.20.44:724][609]LogModuleManager: Shutting down and abandoning module GraphEditor (115)
[2014.12.07-05.20.44:724][609]LogModuleManager: Shutting down and abandoning module ClassViewer (114)
[2014.12.07-05.20.44:724][609]LogModuleManager: Shutting down and abandoning module Toolbox (113)
[2014.12.07-05.20.44:724][609]LogModuleManager: Shutting down and abandoning module ModuleUI (112)
[2014.12.07-05.20.44:724][609]LogModuleManager: Shutting down and abandoning module MovieSceneTools (111)
[2014.12.07-05.20.44:724][609]LogModuleManager: Shutting down and abandoning module OutputLog (110)
[2014.12.07-05.20.44:724][609]LogModuleManager: Shutting down and abandoning module GammaUI (109)
[2014.12.07-05.20.44:724][609]LogModuleManager: Shutting down and abandoning module Documentation (108)
[2014.12.07-05.20.44:724][609]LogModuleManager: Shutting down and abandoning module GameLiveStreaming (107)
[2014.12.07-05.20.44:724][609]LogModuleManager: Shutting down and abandoning module StreamingPauseRendering (106)
[2014.12.07-05.20.44:724][609]LogModuleManager: Shutting down and abandoning module HTTP (105)
[2014.12.07-05.20.44:724][609]LogModuleManager: Shutting down and abandoning module AnalyticsET (104)
[2014.12.07-05.20.44:724][609]LogModuleManager: Shutting down and abandoning module Analytics (103)
[2014.12.07-05.20.44:724][609]LogModuleManager: Shutting down and abandoning module GameplayDebugger (102)
[2014.12.07-05.20.44:725][609]LogModuleManager: Shutting down and abandoning module AIModule (101)
[2014.12.07-05.20.44:725][609]LogModuleManager: Shutting down and abandoning module ProfilerService (100)
[2014.12.07-05.20.44:786][609]LogModuleManager: Shutting down and abandoning module TaskGraph (99)
[2014.12.07-05.20.44:786][609]LogModuleManager: Shutting down and abandoning module SlateRemote (98)
[2014.12.07-05.20.44:786][609]LogModuleManager: Shutting down and abandoning module ScriptEditorPlugin (97)
[2014.12.07-05.20.44:786][609]LogModuleManager: Shutting down and abandoning module CustomMeshComponent (96)
[2014.12.07-05.20.44:786][609]LogModuleManager: Shutting down and abandoning module CableComponent (95)
[2014.12.07-05.20.44:786][609]LogModuleManager: Shutting down and abandoning module MessagingDebugger (94)
[2014.12.07-05.20.44:786][609]LogModuleManager: Shutting down and abandoning module MediaPlayerEditor (93)
[2014.12.07-05.20.44:786][609]LogModuleManager: Shutting down and abandoning module SpeedTreeImporter (92)
[2014.12.07-05.20.44:786][609]LogModuleManager: Shutting down and abandoning module PluginsEditor (91)
[2014.12.07-05.20.44:786][609]LogModuleManager: Shutting down and abandoning module EpicSurvey (90)
[2014.12.07-05.20.44:787][609]LogModuleManager: Shutting down and abandoning module DesktopPlatform (89)
[2014.12.07-05.20.44:787][609]LogModuleManager: Shutting down and abandoning module VisualStudioSourceCodeAccess (88)
[2014.12.07-05.20.44:787][609]LogModuleManager: Shutting down and abandoning module UObjectPlugin (87)
[2014.12.07-05.20.44:787][609]LogModuleManager: Shutting down and abandoning module SubversionSourceControl (86)
[2014.12.07-05.20.44:787][609]LogModuleManager: Shutting down and abandoning module SourceControl (85)
[2014.12.07-05.20.44:787][609]LogModuleManager: Shutting down and abandoning module PerforceSourceControl (84)
[2014.12.07-05.20.44:787][609]LogModuleManager: Shutting down and abandoning module BlankPlugin (83)
[2014.12.07-05.20.44:787][609]LogModuleManager: Shutting down and abandoning module SlateReflector (82)
[2014.12.07-05.20.44:787][609]LogModuleManager: Shutting down and abandoning module DirectoryWatcher (81)
[2014.12.07-05.20.44:787][609]LogModuleManager: Shutting down and abandoning module HotReload (80)
[2014.12.07-05.20.44:787][609]LogModuleManager: Shutting down and abandoning module MainFrame (79)
[2014.12.07-05.20.44:787][609]LogModuleManager: Shutting down and abandoning module LevelEditor (78)
[2014.12.07-05.20.44:790][609]LogModuleManager: Shutting down and abandoning module ViewportSnapping (77)
[2014.12.07-05.20.44:790][609]LogModuleManager: Shutting down and abandoning module SmartSnapping (76)
[2014.12.07-05.20.44:790][609]LogModuleManager: Shutting down and abandoning module PaperTiledImporter (75)
[2014.12.07-05.20.44:790][609]LogModuleManager: Shutting down and abandoning module PaperJsonImporter (74)
[2014.12.07-05.20.44:790][609]LogModuleManager: Shutting down and abandoning module ContentBrowser (73)
[2014.12.07-05.20.44:790][609]LogModuleManager: Shutting down and abandoning module PropertyEditor (72)
[2014.12.07-05.20.44:791][609]LogModuleManager: Shutting down and abandoning module Paper2DEditor (71)
[2014.12.07-05.20.44:791][609]LogModuleManager: Shutting down and abandoning module ScriptPlugin (70)
[2014.12.07-05.20.44:791][609]LogModuleManager: Shutting down and abandoning module UdpMessaging (69)
[2014.12.07-05.20.44:891][609]LogModuleManager: Shutting down and abandoning module Paper2D (68)
[2014.12.07-05.20.44:891][609]LogModuleManager: Shutting down and abandoning module WindowsMoviePlayer (67)
[2014.12.07-05.20.44:899][609]LogModuleManager: Shutting down and abandoning module Media (66)
[2014.12.07-05.20.44:899][609]LogModuleManager: Shutting down and abandoning module WmfMedia (65)
[2014.12.07-05.20.44:900][609]LogModuleManager: Shutting down and abandoning module OnlineBlueprintSupport (64)
[2014.12.07-05.20.44:900][609]LogModuleManager: Shutting down and abandoning module FunctionalTesting (63)
[2014.12.07-05.20.44:900][609]LogModuleManager: Shutting down and abandoning module CollisionAnalyzer (62)
[2014.12.07-05.20.44:900][609]LogModuleManager: Shutting down and abandoning module WorkspaceMenuStructure (61)
[2014.12.07-05.20.44:900][609]LogModuleManager: Shutting down and abandoning module MessageLog (60)
[2014.12.07-05.20.44:900][609]LogModuleManager: Shutting down and abandoning module Sequencer (59)
[2014.12.07-05.20.44:900][609]LogModuleManager: Shutting down and abandoning module AssetTools (58)
[2014.12.07-05.20.44:901][609]LogModuleManager: Shutting down and abandoning module UMGEditor (57)
[2014.12.07-05.20.44:901][609]LogModuleManager: Shutting down and abandoning module UMG (56)
[2014.12.07-05.20.44:901][609]LogModuleManager: Shutting down and abandoning module Slate (55)
[2014.12.07-05.20.44:901][609]LogModuleManager: Shutting down and abandoning module EditorStyle (54)
[2014.12.07-05.20.44:905][609]LogModuleManager: Shutting down and abandoning module SessionServices (53)
[2014.12.07-05.20.44:905][609]LogModuleManager: Shutting down and abandoning module SourceCodeAccess (52)
[2014.12.07-05.20.44:905][609]LogModuleManager: Shutting down and abandoning module HeadMountedDisplay (51)
[2014.12.07-05.20.44:905][609]LogModuleManager: Shutting down and abandoning module XAudio2 (50)
[2014.12.07-05.20.44:905][609]LogModuleManager: Shutting down and abandoning module Networking (48)
[2014.12.07-05.20.44:905][609]LogModuleManager: Shutting down and abandoning module Core (47)
[2014.12.07-05.20.44:905][609]LogModuleManager: Shutting down and abandoning module KismetCompiler (46)
[2014.12.07-05.20.44:905][609]LogModuleManager: Shutting down and abandoning module PhysXFormats (45)
[2014.12.07-05.20.44:905][609]LogModuleManager: Shutting down and abandoning module MeshUtilities (44)
[2014.12.07-05.20.44:906][609]LogModuleManager: Shutting down and abandoning module DerivedDataCache (43)
[2014.12.07-05.20.44:996][609]LogDerivedDataCache: Shutdown
[2014.12.07-05.20.44:996][609]LogModuleManager: Shutting down and abandoning module ShaderFormatOpenGL (42)
[2014.12.07-05.20.44:996][609]LogModuleManager: Shutting down and abandoning module ShaderFormatD3D (41)
[2014.12.07-05.20.44:996][609]LogModuleManager: Shutting down and abandoning module MetalShaderFormat (40)
[2014.12.07-05.20.44:996][609]LogModuleManager: Shutting down and abandoning module TextureFormatUncompressed (39)
[2014.12.07-05.20.44:996][609]LogModuleManager: Shutting down and abandoning module TextureFormatPVR (38)
[2014.12.07-05.20.44:996][609]LogModuleManager: Shutting down and abandoning module TextureFormatDXT (37)
[2014.12.07-05.20.44:996][609]LogModuleManager: Shutting down and abandoning module TextureFormatAndroid (36)
[2014.12.07-05.20.44:996][609]LogModuleManager: Shutting down and abandoning module AudioFormatOpus (35)
[2014.12.07-05.20.44:996][609]LogModuleManager: Shutting down and abandoning module AudioFormatOgg (34)
[2014.12.07-05.20.44:996][609]LogModuleManager: Shutting down and abandoning module AudioFormatADPCM (33)
[2014.12.07-05.20.44:996][609]LogModuleManager: Shutting down and abandoning module Messaging (32)
[2014.12.07-05.20.44:996][609]LogModuleManager: Shutting down and abandoning module IOSTargetPlatform (31)
[2014.12.07-05.20.44:996][609]LogModuleManager: Shutting down and abandoning module Android_PVRTCTargetPlatform (30)
[2014.12.07-05.20.44:997][609]LogModuleManager: Shutting down and abandoning module Android_ETC2TargetPlatform (29)
[2014.12.07-05.20.44:997][609]LogModuleManager: Shutting down and abandoning module Android_ETC1TargetPlatform (28)
[2014.12.07-05.20.44:997][609]LogModuleManager: Shutting down and abandoning module Android_DXTTargetPlatform (27)
[2014.12.07-05.20.44:997][609]LogModuleManager: Shutting down and abandoning module Android_ATCTargetPlatform (26)
[2014.12.07-05.20.44:997][609]LogModuleManager: Shutting down and abandoning module AndroidTargetPlatform (25)
[2014.12.07-05.20.44:997][609]LogModuleManager: Shutting down and abandoning module WindowsTargetPlatform (24)
[2014.12.07-05.20.44:997][609]LogModuleManager: Shutting down and abandoning module WindowsServerTargetPlatform (23)
[2014.12.07-05.20.44:997][609]LogModuleManager: Shutting down and abandoning module WindowsNoEditorTargetPlatform (22)
[2014.12.07-05.20.44:997][609]LogModuleManager: Shutting down and abandoning module WindowsClientTargetPlatform (21)
[2014.12.07-05.20.44:997][609]LogModuleManager: Shutting down and abandoning module TargetPlatform (20)
[2014.12.07-05.20.44:997][609]LogModuleManager: Shutting down and abandoning module InputCore (19)
[2014.12.07-05.20.44:997][609]LogModuleManager: Shutting down and abandoning module Settings (18)
[2014.12.07-05.20.44:997][609]LogModuleManager: Shutting down and abandoning module ImageWrapper (17)
[2014.12.07-05.20.44:997][609]LogModuleManager: Shutting down and abandoning module OculusRift (14)
[2014.12.07-05.20.44:997][609]LogModuleManager: Shutting down and abandoning module ExampleDeviceProfileSelector (13)
[2014.12.07-05.20.44:997][609]LogModuleManager: Shutting down and abandoning module TextureCompressor (12)
[2014.12.07-05.20.44:997][609]LogModuleManager: Shutting down and abandoning module ShaderCore (11)
[2014.12.07-05.20.44:997][609]LogModuleManager: Shutting down and abandoning module SlateRHIRenderer (10)
[2014.12.07-05.20.45:001][609]LogModuleManager: Shutting down and abandoning module OpenGLDrv (9)
[2014.12.07-05.20.45:001][609]LogModuleManager: Shutting down and abandoning module D3D11RHI (8)
[2014.12.07-05.20.45:001][609]LogModuleManager: Shutting down and abandoning module Renderer (7)
[2014.12.07-05.20.45:001][609]LogModuleManager: Shutting down and abandoning module Engine (6)
[2014.12.07-05.20.45:001][609]LogModuleManager: Shutting down and abandoning module CoreUObject (5)
[2014.12.07-05.20.45:001][609]LogModuleManager: Shutting down and abandoning module NetworkFile (4)
[2014.12.07-05.20.45:001][609]LogModuleManager: Shutting down and abandoning module StreamingFile (3)
[2014.12.07-05.20.45:001][609]LogModuleManager: Shutting down and abandoning module SandboxFile (2)
[2014.12.07-05.20.45:001][609]LogModuleManager: Shutting down and abandoning module PakFile (1)
[2014.12.07-05.20.45:002][609]LogExit: Exiting.
[2014.12.07-05.20.45:015][609]Log file closed, 12/06/14 21:20:45
