Log file open, 12/08/14 17:50:28
LogInit:Display: Running engine for game: EpicManBP
LogInit: Version: 4.5.1-2336687+++depot+UE4-Releases+4.5
LogInit: API Version: 2326478
LogInit: Compiled (64-bit): Oct 21 2014 22:32:40
LogInit: Compiled with Visual C++: 18.00.21005.01
LogInit: Build Configuration: Development
LogInit: Branch Name: ++depot+UE4-Releases+4.5
LogInit: Command line:  
LogInit: Base directory: C:/Program Files/Unreal Engine/4.5/Engine/Binaries/Win64/
LogInit: Rocket: 1
[2014.12.09-01.50.28:644][  0]LogTaskGraph: Started task graph with 3 named threads and 4 total threads.
[2014.12.09-01.50.28:688][  0]LogOnline:Warning: No default platform service specified for OnlineSubsystem
[2014.12.09-01.50.28:771][  0]LogInit: Presizing for 0 objects not considered by GC, pre-allocating 0 bytes.
[2014.12.09-01.50.28:785][  0]LogInit: Object subsystem initialized
[2014.12.09-01.50.28:796][  0]LogConsoleResponse:Warning: Skipping Unknown console variable: 'UIScaleRule = ShortestSide'
[2014.12.09-01.50.28:796][  0]LogConsoleResponse:Warning:   Found in ini file 'C:/Users/Maurice/Documents/Unreal Projects/EpicManBP/Saved/Config/Windows/Engine.ini', in section '[/Script/Engine.RendererSettings]'
[2014.12.09-01.50.28:796][  0]LogConsoleResponse:Warning: Skipping Unknown console variable: 'UIScaleCurve = (EditorCurveData=(Keys=((Time=480.000000,Value=0.444000),(Time=720.000000,Value=0.666000),(Time=1080.000000,Value=1.000000),(Time=8640.000000,Value=8.000000))),ExternalCurve=None)'
[2014.12.09-01.50.28:796][  0]LogConsoleResponse:Warning:   Found in ini file 'C:/Users/Maurice/Documents/Unreal Projects/EpicManBP/Saved/Config/Windows/Engine.ini', in section '[/Script/Engine.RendererSettings]'
[2014.12.09-01.50.28:801][  0]LogInit: Selected Device Profile: [Windows]
[2014.12.09-01.50.28:801][  0]LogInit: Applying CVar settings loaded from the selected device profile: [Windows]
[2014.12.09-01.50.28:813][  0]LogInit: Computer: XPS3
[2014.12.09-01.50.28:813][  0]LogInit: User: Maurice
[2014.12.09-01.50.28:814][  0]LogInit: CPU Page size=4096, Cores=4
[2014.12.09-01.50.28:814][  0]LogInit: High frequency timer resolution =3.312724 MHz
[2014.12.09-01.50.28:814][  0]LogMemory: Memory total: Physical=24.0GB (24GB approx) Virtual=8192.0GB
[2014.12.09-01.50.28:814][  0]LogMemory: Platform Memory Stats for Windows
[2014.12.09-01.50.28:814][  0]LogMemory: Process Physical Memory: 76.00 MB used, 76.00 MB peak
[2014.12.09-01.50.28:814][  0]LogMemory: Process Virtual Memory: 51.35 MB used, 51.35 MB peak
[2014.12.09-01.50.28:814][  0]LogMemory: Physical Memory: 3871.48 MB used, 24527.21 MB total
[2014.12.09-01.50.28:814][  0]LogMemory: Virtual Memory: 284.34 MB used, 8388608.00 MB total
[2014.12.09-01.50.28:905][  0]LogD3D11RHI: Found D3D11 adapter 0: NVIDIA GeForce GTX 660 (Feature Level 11_0)
[2014.12.09-01.50.28:905][  0]LogD3D11RHI: Adapter has 1484MB of dedicated video memory, 0MB of dedicated system memory, and 2560MB of shared system memory, 2 output[s]
[2014.12.09-01.50.28:905][  0]LogD3D11RHI: Chosen D3D11 Adapter Id = 0
[2014.12.09-01.50.28:910][  0]LogRHI: Texture pool is 1039 MB (70% of 1484 MB)
[2014.12.09-01.50.28:919][  0]LogD3D11RHI: Async texture creation enabled
[2014.12.09-01.50.29:152][  0]LogTextLocalizationManager: The requested culture ('en_US') has no localization data; parent culture's ('en') localization data will be used.
[2014.12.09-01.50.29:269][  0]LogContentStreaming: Texture pool size is 0.000000MB
[2014.12.09-01.50.33:327][  0]LogTargetPlatformManager:Display: Building Assets For Windows
[2014.12.09-01.50.33:726][  0]LogTargetPlatformManager:Display: Building Assets For Windows
[2014.12.09-01.50.33:772][  0]LogDerivedDataCache:Display: Max Cache Size: 512 MB
[2014.12.09-01.50.33:887][  0]LogDerivedDataCache: Loaded boot cache 0.11s 39MB C:/Users/Maurice/AppData/Local/UnrealEngine/4.5/DerivedDataCache/Boot.ddc.
[2014.12.09-01.50.33:887][  0]LogDerivedDataCache:Display: Loaded Boot cache: C:/Users/Maurice/AppData/Local/UnrealEngine/4.5/DerivedDataCache/Boot.ddc
[2014.12.09-01.50.33:887][  0]LogDerivedDataCache: FDerivedDataBackendGraph:  Pak pak cache file ../../../../../../Users/Maurice/Documents/Unreal Projects/EpicManBP/DerivedDataCache/DDC.ddp not found, will not use a pak cache.
[2014.12.09-01.50.33:887][  0]LogDerivedDataCache: Unable to find inner node Pak for hierarchical cache Hierarchy.
[2014.12.09-01.50.33:954][  0]LogDerivedDataCache:Display: Pak cache opened for reading ../../../Engine/DerivedDataCache/DDC.ddp.
[2014.12.09-01.50.33:965][  0]LogDerivedDataCache: Using Local data cache path C:/Users/Maurice/AppData/Local/UnrealEngine/Common/DerivedDataCache: Writable
[2014.12.09-01.50.35:658][  0]LogMeshUtilities: No automatic mesh reduction module available
[2014.12.09-01.50.35:658][  0]LogMeshUtilities: No automatic mesh merging module available
[2014.12.09-01.50.35:973][  0]LogLinker:Warning: Asset '../../../Engine/Content/Functions/Engine_MaterialFunctions02/Texturing/FlipBook.uasset' has been saved with empty engine version. The asset will be loaded but may be incompatible.
[2014.12.09-01.50.35:983][  0]LogLinker:Warning: Asset '../../../Engine/Content/Functions/Engine_MaterialFunctions02/ExampleContent/Textures/flipbook.uasset' has been saved with empty engine version. The asset will be loaded but may be incompatible.
[2014.12.09-01.50.36:284][  0]LogInit: WinSock: version 1.1 (2.2), MaxSocks=32767, MaxUdp=65467
[2014.12.09-01.50.37:910][  0]UdpMessaging: Initializing bridge on interface 0.0.0.0:0 to multicast group 230.0.0.1:6666.
[2014.12.09-01.50.38:167][  0]LogDirectoryWatcher:Warning: Failed to begin reading directory changes for C:/Users/Maurice/Documents/Unreal Projects/EpicManBP/Binaries/Win64. Error: 0
[2014.12.09-01.50.38:364][  0]SourceControl: Info Source control is disabled
[2014.12.09-01.50.38:364][  0]SourceControl: Info Source control is disabled
[2014.12.09-01.50.38:368][  0]SourceControl: Info Source control is disabled
[2014.12.09-01.50.38:484][  0]LogObj: 22915 objects as part of root set at end of initial load.
[2014.12.09-01.50.38:484][  0]LogUObjectAllocator: 4803536 out of 0 bytes used by permanent object pool.
[2014.12.09-01.50.38:554][  0]LogEngine: Initializing Engine...
[2014.12.09-01.50.38:714][  0]LogInit: XAudio2 using 'Speakers (High Definition Audio Device)' : 2 channels at 44.1 kHz using 16 bits per sample (channel mask 0x3)
[2014.12.09-01.50.38:720][  0]LogInit: FAudioDevice initialized.
[2014.12.09-01.50.38:761][  0]LogAIModule: Creating AISystem for world NewWorld
[2014.12.09-01.50.38:782][  0]LogDerivedDataCache: Saved boot cache 0.02s 39MB C:/Users/Maurice/AppData/Local/UnrealEngine/4.5/DerivedDataCache/Boot.ddc.
[2014.12.09-01.50.38:785][  0]LogInit: Texture streaming: Enabled
[2014.12.09-01.50.38:816][  0]LogInit: Transaction tracking system initialized
[2014.12.09-01.50.38:888][  0]BlueprintLog: New page: Editor Load
[2014.12.09-01.50.38:921][  0]LogAssetRegistry: FAssetRegistry took 0.0113 seconds to start up
[2014.12.09-01.50.38:921][  0]LogDirectoryWatcher:Warning: Failed to begin reading directory changes for ../../../Engine/Plugins/Experimental/CharacterAI/Content/. Error: 0
[2014.12.09-01.50.39:271][  0]LogTargetPlatformManager:Display: Building Assets For Windows
[2014.12.09-01.50.39:496][  0]LogTargetPlatformManager:Display: Building Assets For Windows
[2014.12.09-01.50.39:691][  0]LogConsoleResponse:Display: 
[2014.12.09-01.50.39:958][  0]SourceControl: Info Source control is disabled
[2014.12.09-01.50.39:959][  0]Cmd: MAP LOAD FILE="../../../../../../Users/Maurice/Documents/Unreal Projects/EpicManBP/Content/Maps/EpicManLevel.umap" TEMPLATE=0 SHOWPROGRESS=1
[2014.12.09-01.50.39:962][  0]LightingResults: New page: Lighting Build
[2014.12.09-01.50.39:974][  0]MapCheck: New page: Map Check
[2014.12.09-01.50.39:974][  0]LightingResults: New page: Lighting Build
[2014.12.09-01.50.39:991][  0]LogParticles: Destroying 0 GPU particle simulations for FXSystem 0x000000001787DA80
[2014.12.09-01.50.41:262][  0]LogEditorServer: Finished looking for orphan Actors (0.000 secs)
[2014.12.09-01.50.41:263][  0]LogAIModule: Creating AISystem for world EpicManLevel
[2014.12.09-01.50.41:264][  0]Cmd: MAP CHECKDEP
[2014.12.09-01.50.41:264][  0]MapCheck: New page: EpicManLevel - Dec 8, 2014, 9:50:41 AM
[2014.12.09-01.50.41:339][  0]MapCheck: Info Map check complete: 0 Error(s), 0 Warning(s), took 75.347ms to complete.
[2014.12.09-01.50.41:339][  0]LogFileHelpers: Loading map 'EpicManLevel' took 1.380
[2014.12.09-01.50.41:577][  0]LogCrashTracker: Crashtracker disabled due to settings.
[2014.12.09-01.50.41:602][  0]LogCollectionManager: Loaded 0 collections in 0.000941 seconds
[2014.12.09-01.50.41:815][  0]LogUObjectGlobals:Warning: Failed to find object 'Class None.'
[2014.12.09-01.50.41:840][  0]LogLoad: Full Startup: 16.80 seconds (BP compile: 0.52 seconds)
[2014.12.09-01.50.42:185][  0]LogContentBrowser:Verbose: The content browser source was changed by the sources view to '/Game/Blueprints/Pickups'
[2014.12.09-01.50.42:321][  0]LogRenderer:Warning: Reallocating scene render targets to support 1224x912.
[2014.12.09-01.50.43:261][  3]LogAssetRegistry: Asset discovery search completed in 4.3502 seconds
[2014.12.09-01.55.51:480][  8]BlueprintLog: New page: Pre-PIE auto-recompile
[2014.12.09-01.55.51:480][  8]LogPlayLevel: [PIE] Compiling EpicManLevel before PIE...
[2014.12.09-01.55.51:688][  8]LogActorComponent: UnregisterComponent: (/Engine/Transient.CharacterMovementComponent_0) Not registered. Aborting.
[2014.12.09-01.55.51:688][  8]LogActorComponent: UnregisterComponent: (/Engine/Transient.CharacterMovementComponent_1) Not registered. Aborting.
[2014.12.09-01.55.51:688][  8]LogActorComponent: UnregisterComponent: (/Engine/Transient.CharacterMovementComponent_2) Not registered. Aborting.
[2014.12.09-01.55.51:688][  8]LogActorComponent: UnregisterComponent: (/Engine/Transient.CharacterMovementComponent_3) Not registered. Aborting.
[2014.12.09-01.55.51:688][  8]LogActorComponent: UnregisterComponent: (/Engine/Transient.CharacterMovementComponent_4) Not registered. Aborting.
[2014.12.09-01.55.51:746][  8]LogPlayLevel: PIE:  Blueprint regeneration took 266 ms (1 blueprints)
[2014.12.09-01.55.51:747][  8]PIE: New page: PIE session: EpicManLevel (Dec 8, 2014, 9:55:51 AM)
[2014.12.09-01.55.51:757][  8]LogPlayLevel: PIE: StaticDuplicateObject took: (0.010055s)
[2014.12.09-01.55.51:758][  8]LogPlayLevel: PIE: World Init took: (0.000382s)
[2014.12.09-01.55.51:758][  8]LogPlayLevel: PIE: Created PIE world by copying editor world from /Game/Maps/EpicManLevel.EpicManLevel to /Game/Maps/UEDPIE_0_EpicManLevel.EpicManLevel (0.010637s)
[2014.12.09-01.55.51:807][  8]LogWorld: Game class is 'MyGame_C'
[2014.12.09-01.55.51:815][  8]LogAIModule: Creating AISystem for world EpicManLevel
[2014.12.09-01.55.51:821][  8]LogWorld: Bringing World /Game/Maps/UEDPIE_0_EpicManLevel.EpicManLevel up for play (max tick rate 0) at 2014.12.08-17.55.51
[2014.12.09-01.55.51:824][  8]LogWorld: Bringing up level for play took: 0.008952
[2014.12.09-01.55.52:348][  8]PIE: Info Play in editor start time for /Game/Maps/UEDPIE_0_EpicManLevel 0.556
[2014.12.09-01.57.42:496][158]LogPackageName: SearchForPackageOnDisk took   0.041s to resolve EpicManLevel.umap
[2014.12.09-01.57.42:541][159]LogPackageName: SearchForPackageOnDisk took   0.035s to resolve EpicManLevel.umap
[2014.12.09-01.57.42:542][159]LogNet: Browse: /Game/Maps/EpicManLevel
[2014.12.09-01.57.42:542][159]LogLoad: LoadMap: /Game/Maps/EpicManLevel
[2014.12.09-01.57.42:570][159]LogParticles: Destroying 0 GPU particle simulations for FXSystem 0x00000000177CA480
[2014.12.09-01.57.42:570][159]Cmd: MEM
[2014.12.09-01.57.42:589][159]LogMemory: Platform Memory Stats for Windows
[2014.12.09-01.57.42:589][159]LogMemory: Process Physical Memory: 672.49 MB used, 692.93 MB peak
[2014.12.09-01.57.42:589][159]LogMemory: Process Virtual Memory: 590.84 MB used, 613.73 MB peak
[2014.12.09-01.57.42:589][159]LogMemory: Physical Memory: 4515.48 MB used, 24527.21 MB total
[2014.12.09-01.57.42:589][159]LogMemory: Virtual Memory: 1080.99 MB used, 8388608.00 MB total
[2014.12.09-01.57.42:589][159]LogMemory: 
[2014.12.09-01.57.42:589][159]Allocator Stats for TBB: (not implemented)
[2014.12.09-01.57.42:600][159]LogPlayLevel: PIE: StaticDuplicateObject took: (0.009871s)
[2014.12.09-01.57.42:600][159]LogPlayLevel: PIE: World Init took: (0.000365s)
[2014.12.09-01.57.42:600][159]LogPlayLevel: PIE: Created PIE world by copying editor world from /Game/Maps/EpicManLevel.EpicManLevel to /Game/Maps/UEDPIE_0_EpicManLevel.EpicManLevel (0.010444s)
[2014.12.09-01.57.42:600][159]LogWorld: Game class is 'MyGame_C'
[2014.12.09-01.57.42:601][159]LogAIModule: Creating AISystem for world EpicManLevel
[2014.12.09-01.57.42:605][159]LogWorld: Bringing World /Game/Maps/UEDPIE_0_EpicManLevel.EpicManLevel up for play (max tick rate 0) at 2014.12.08-17.57.42
[2014.12.09-01.57.42:605][159]LogWorld: Bringing up level for play took: 0.003753
[2014.12.09-01.58.06:059][880]LogParticles: Destroying 0 GPU particle simulations for FXSystem 0x00000000177CB600
[2014.12.09-02.04.34:406][195]Cmd: QUIT_EDITOR
[2014.12.09-02.04.34:678][195]LogExit: Preparing to exit.
[2014.12.09-02.04.35:118][195]LogExit: Editor shut down
[2014.12.09-02.04.35:118][195]LogExit: Transaction tracking system shut down
[2014.12.09-02.04.35:119][195]LogParticles: Destroying 0 GPU particle simulations for FXSystem 0x000000000DADAE80
[2014.12.09-02.04.35:153][195]LogParticles: Destroying 0 GPU particle simulations for FXSystem 0x000000001F77F7E0
[2014.12.09-02.04.35:153][195]LogParticles: Destroying 0 GPU particle simulations for FXSystem 0x0000000011F49440
[2014.12.09-02.04.35:153][195]LogExit: Object subsystem successfully closed.
[2014.12.09-02.04.35:195][195]LogModuleManager: Shutting down and abandoning module AndroidDeviceDetection (166)
[2014.12.09-02.04.35:195][195]LogModuleManager: Shutting down and abandoning module EditorWidgets (165)
[2014.12.09-02.04.35:195][195]LogModuleManager: Shutting down and abandoning module CollectionManager (164)
[2014.12.09-02.04.35:196][195]LogModuleManager: Shutting down and abandoning module CrashTracker (163)
[2014.12.09-02.04.35:196][195]LogModuleManager: Shutting down and abandoning module SuperSearch (162)
[2014.12.09-02.04.35:196][195]LogModuleManager: Shutting down and abandoning module SceneOutliner (161)
[2014.12.09-02.04.35:196][195]LogModuleManager: Shutting down and abandoning module StatsViewer (160)
[2014.12.09-02.04.35:196][195]LogModuleManager: Shutting down and abandoning module FoliageEdit (159)
[2014.12.09-02.04.35:196][195]LogModuleManager: Shutting down and abandoning module LandscapeEditor (158)
[2014.12.09-02.04.35:197][195]LogModuleManager: Shutting down and abandoning module MeshPaint (157)
[2014.12.09-02.04.35:197][195]LogModuleManager: Shutting down and abandoning module ActorPickerMode (156)
[2014.12.09-02.04.35:197][195]LogModuleManager: Shutting down and abandoning module GeometryMode (155)
[2014.12.09-02.04.35:197][195]LogModuleManager: Shutting down and abandoning module TextureAlignMode (154)
[2014.12.09-02.04.35:197][195]LogModuleManager: Shutting down and abandoning module BspMode (153)
[2014.12.09-02.04.35:197][195]LogModuleManager: Shutting down and abandoning module PlacementMode (152)
[2014.12.09-02.04.35:197][195]LogModuleManager: Shutting down and abandoning module AutomationWorker (151)
[2014.12.09-02.04.35:197][195]LogModuleManager: Shutting down and abandoning module CharacterAI (150)
[2014.12.09-02.04.35:197][195]LogModuleManager: Shutting down and abandoning module GameProjectGeneration (149)
[2014.12.09-02.04.35:198][195]LogModuleManager: Shutting down and abandoning module IntroTutorials (148)
[2014.12.09-02.04.35:198][195]LogModuleManager: Shutting down and abandoning module EditorLiveStreaming (147)
[2014.12.09-02.04.35:198][195]LogModuleManager: Shutting down and abandoning module HardwareTargeting (146)
[2014.12.09-02.04.35:198][195]LogModuleManager: Shutting down and abandoning module BehaviorTreeEditor (145)
[2014.12.09-02.04.35:199][195]LogModuleManager: Shutting down and abandoning module DeviceProfileEditor (144)
[2014.12.09-02.04.35:199][195]LogModuleManager: Shutting down and abandoning module UndoHistory (143)
[2014.12.09-02.04.35:199][195]LogModuleManager: Shutting down and abandoning module GameplayTagsEditor (142)
[2014.12.09-02.04.35:199][195]LogModuleManager: Shutting down and abandoning module UserFeedback (141)
[2014.12.09-02.04.35:199][195]LogModuleManager: Shutting down and abandoning module XmlParser (140)
[2014.12.09-02.04.35:199][195]LogModuleManager: Shutting down and abandoning module Blutility (139)
[2014.12.09-02.04.35:199][195]LogModuleManager: Shutting down and abandoning module IOSPlatformEditor (138)
[2014.12.09-02.04.35:199][195]LogModuleManager: Shutting down and abandoning module IOSRuntimeSettings (137)
[2014.12.09-02.04.35:199][195]LogModuleManager: Shutting down and abandoning module AndroidPlatformEditor (136)
[2014.12.09-02.04.35:199][195]LogModuleManager: Shutting down and abandoning module AndroidRuntimeSettings (135)
[2014.12.09-02.04.35:199][195]LogModuleManager: Shutting down and abandoning module ProjectTargetPlatformEditor (134)
[2014.12.09-02.04.35:199][195]LogModuleManager: Shutting down and abandoning module ProjectSettingsViewer (133)
[2014.12.09-02.04.35:200][195]LogModuleManager: Shutting down and abandoning module InputBindingEditor (132)
[2014.12.09-02.04.35:200][195]LogModuleManager: Shutting down and abandoning module EditorSettingsViewer (131)
[2014.12.09-02.04.35:200][195]LogModuleManager: Shutting down and abandoning module SettingsEditor (130)
[2014.12.09-02.04.35:200][195]LogModuleManager: Shutting down and abandoning module ProjectLauncher (129)
[2014.12.09-02.04.35:200][195]LogModuleManager: Shutting down and abandoning module SessionFrontend (128)
[2014.12.09-02.04.35:200][195]LogModuleManager: Shutting down and abandoning module ProfilerClient (127)
[2014.12.09-02.04.35:201][195]LogModuleManager: Shutting down and abandoning module TargetDeviceServices (126)
[2014.12.09-02.04.35:201][195]LogModuleManager: Shutting down and abandoning module DeviceManager (125)
[2014.12.09-02.04.35:201][195]LogModuleManager: Shutting down and abandoning module AutomationController (124)
[2014.12.09-02.04.35:201][195]LogModuleManager: Shutting down and abandoning module AutomationWindow (123)
[2014.12.09-02.04.35:201][195]LogModuleManager: Shutting down and abandoning module Layers (122)
[2014.12.09-02.04.35:203][195]LogModuleManager: Shutting down and abandoning module ComponentVisualizers (121)
[2014.12.09-02.04.35:203][195]LogModuleManager: Shutting down and abandoning module DetailCustomizations (120)
[2014.12.09-02.04.35:204][195]LogModuleManager: Shutting down and abandoning module PackagesDialog (119)
[2014.12.09-02.04.35:204][195]LogModuleManager: Shutting down and abandoning module AssetRegistry (118)
[2014.12.09-02.04.35:325][195]LogModuleManager: Shutting down and abandoning module Persona (117)
[2014.12.09-02.04.35:326][195]LogModuleManager: Shutting down and abandoning module Kismet (116)
[2014.12.09-02.04.35:327][195]LogModuleManager: Shutting down and abandoning module GraphEditor (115)
[2014.12.09-02.04.35:327][195]LogModuleManager: Shutting down and abandoning module ClassViewer (114)
[2014.12.09-02.04.35:327][195]LogModuleManager: Shutting down and abandoning module Toolbox (113)
[2014.12.09-02.04.35:327][195]LogModuleManager: Shutting down and abandoning module ModuleUI (112)
[2014.12.09-02.04.35:327][195]LogModuleManager: Shutting down and abandoning module MovieSceneTools (111)
[2014.12.09-02.04.35:328][195]LogModuleManager: Shutting down and abandoning module OutputLog (110)
[2014.12.09-02.04.35:328][195]LogModuleManager: Shutting down and abandoning module GammaUI (109)
[2014.12.09-02.04.35:328][195]LogModuleManager: Shutting down and abandoning module Documentation (108)
[2014.12.09-02.04.35:328][195]LogModuleManager: Shutting down and abandoning module GameLiveStreaming (107)
[2014.12.09-02.04.35:328][195]LogModuleManager: Shutting down and abandoning module StreamingPauseRendering (106)
[2014.12.09-02.04.35:328][195]LogModuleManager: Shutting down and abandoning module HTTP (105)
[2014.12.09-02.04.35:329][195]LogModuleManager: Shutting down and abandoning module AnalyticsET (104)
[2014.12.09-02.04.35:329][195]LogModuleManager: Shutting down and abandoning module Analytics (103)
[2014.12.09-02.04.35:329][195]LogModuleManager: Shutting down and abandoning module GameplayDebugger (102)
[2014.12.09-02.04.35:329][195]LogModuleManager: Shutting down and abandoning module AIModule (101)
[2014.12.09-02.04.35:329][195]LogModuleManager: Shutting down and abandoning module ProfilerService (100)
[2014.12.09-02.04.35:550][195]LogModuleManager: Shutting down and abandoning module TaskGraph (99)
[2014.12.09-02.04.35:551][195]LogModuleManager: Shutting down and abandoning module SlateRemote (98)
[2014.12.09-02.04.35:551][195]LogModuleManager: Shutting down and abandoning module ScriptEditorPlugin (97)
[2014.12.09-02.04.35:551][195]LogModuleManager: Shutting down and abandoning module CustomMeshComponent (96)
[2014.12.09-02.04.35:551][195]LogModuleManager: Shutting down and abandoning module CableComponent (95)
[2014.12.09-02.04.35:551][195]LogModuleManager: Shutting down and abandoning module MessagingDebugger (94)
[2014.12.09-02.04.35:552][195]LogModuleManager: Shutting down and abandoning module MediaPlayerEditor (93)
[2014.12.09-02.04.35:553][195]LogModuleManager: Shutting down and abandoning module SpeedTreeImporter (92)
[2014.12.09-02.04.35:553][195]LogModuleManager: Shutting down and abandoning module PluginsEditor (91)
[2014.12.09-02.04.35:553][195]LogModuleManager: Shutting down and abandoning module EpicSurvey (90)
[2014.12.09-02.04.35:553][195]LogModuleManager: Shutting down and abandoning module DesktopPlatform (89)
[2014.12.09-02.04.35:553][195]LogModuleManager: Shutting down and abandoning module VisualStudioSourceCodeAccess (88)
[2014.12.09-02.04.35:553][195]LogModuleManager: Shutting down and abandoning module UObjectPlugin (87)
[2014.12.09-02.04.35:553][195]LogModuleManager: Shutting down and abandoning module SubversionSourceControl (86)
[2014.12.09-02.04.35:554][195]LogModuleManager: Shutting down and abandoning module SourceControl (85)
[2014.12.09-02.04.35:554][195]LogModuleManager: Shutting down and abandoning module PerforceSourceControl (84)
[2014.12.09-02.04.35:554][195]LogModuleManager: Shutting down and abandoning module BlankPlugin (83)
[2014.12.09-02.04.35:554][195]LogModuleManager: Shutting down and abandoning module SlateReflector (82)
[2014.12.09-02.04.35:554][195]LogModuleManager: Shutting down and abandoning module DirectoryWatcher (81)
[2014.12.09-02.04.35:555][195]LogModuleManager: Shutting down and abandoning module HotReload (80)
[2014.12.09-02.04.35:555][195]LogModuleManager: Shutting down and abandoning module MainFrame (79)
[2014.12.09-02.04.35:555][195]LogModuleManager: Shutting down and abandoning module LevelEditor (78)
[2014.12.09-02.04.35:558][195]LogModuleManager: Shutting down and abandoning module ViewportSnapping (77)
[2014.12.09-02.04.35:558][195]LogModuleManager: Shutting down and abandoning module SmartSnapping (76)
[2014.12.09-02.04.35:558][195]LogModuleManager: Shutting down and abandoning module PaperTiledImporter (75)
[2014.12.09-02.04.35:558][195]LogModuleManager: Shutting down and abandoning module PaperJsonImporter (74)
[2014.12.09-02.04.35:558][195]LogModuleManager: Shutting down and abandoning module ContentBrowser (73)
[2014.12.09-02.04.35:558][195]LogModuleManager: Shutting down and abandoning module PropertyEditor (72)
[2014.12.09-02.04.35:559][195]LogModuleManager: Shutting down and abandoning module Paper2DEditor (71)
[2014.12.09-02.04.35:559][195]LogModuleManager: Shutting down and abandoning module ScriptPlugin (70)
[2014.12.09-02.04.35:560][195]LogModuleManager: Shutting down and abandoning module UdpMessaging (69)
[2014.12.09-02.04.35:660][195]LogModuleManager: Shutting down and abandoning module Paper2D (68)
[2014.12.09-02.04.35:660][195]LogModuleManager: Shutting down and abandoning module WindowsMoviePlayer (67)
[2014.12.09-02.04.35:667][195]LogModuleManager: Shutting down and abandoning module Media (66)
[2014.12.09-02.04.35:668][195]LogModuleManager: Shutting down and abandoning module WmfMedia (65)
[2014.12.09-02.04.35:668][195]LogModuleManager: Shutting down and abandoning module OnlineBlueprintSupport (64)
[2014.12.09-02.04.35:668][195]LogModuleManager: Shutting down and abandoning module FunctionalTesting (63)
[2014.12.09-02.04.35:668][195]LogModuleManager: Shutting down and abandoning module CollisionAnalyzer (62)
[2014.12.09-02.04.35:670][195]LogModuleManager: Shutting down and abandoning module WorkspaceMenuStructure (61)
[2014.12.09-02.04.35:670][195]LogModuleManager: Shutting down and abandoning module MessageLog (60)
[2014.12.09-02.04.35:670][195]LogModuleManager: Shutting down and abandoning module Sequencer (59)
[2014.12.09-02.04.35:671][195]LogModuleManager: Shutting down and abandoning module AssetTools (58)
[2014.12.09-02.04.35:673][195]LogModuleManager: Shutting down and abandoning module UMGEditor (57)
[2014.12.09-02.04.35:673][195]LogModuleManager: Shutting down and abandoning module UMG (56)
[2014.12.09-02.04.35:673][195]LogModuleManager: Shutting down and abandoning module Slate (55)
[2014.12.09-02.04.35:673][195]LogModuleManager: Shutting down and abandoning module EditorStyle (54)
[2014.12.09-02.04.35:678][195]LogModuleManager: Shutting down and abandoning module SessionServices (53)
[2014.12.09-02.04.35:678][195]LogModuleManager: Shutting down and abandoning module SourceCodeAccess (52)
[2014.12.09-02.04.35:678][195]LogModuleManager: Shutting down and abandoning module HeadMountedDisplay (51)
[2014.12.09-02.04.35:678][195]LogModuleManager: Shutting down and abandoning module XAudio2 (50)
[2014.12.09-02.04.35:678][195]LogModuleManager: Shutting down and abandoning module Networking (48)
[2014.12.09-02.04.35:678][195]LogModuleManager: Shutting down and abandoning module Core (47)
[2014.12.09-02.04.35:678][195]LogModuleManager: Shutting down and abandoning module KismetCompiler (46)
[2014.12.09-02.04.35:678][195]LogModuleManager: Shutting down and abandoning module PhysXFormats (45)
[2014.12.09-02.04.35:678][195]LogModuleManager: Shutting down and abandoning module MeshUtilities (44)
[2014.12.09-02.04.35:678][195]LogModuleManager: Shutting down and abandoning module DerivedDataCache (43)
[2014.12.09-02.04.35:770][195]LogDerivedDataCache: Shutdown
[2014.12.09-02.04.35:770][195]LogModuleManager: Shutting down and abandoning module ShaderFormatOpenGL (42)
[2014.12.09-02.04.35:771][195]LogModuleManager: Shutting down and abandoning module ShaderFormatD3D (41)
[2014.12.09-02.04.35:771][195]LogModuleManager: Shutting down and abandoning module MetalShaderFormat (40)
[2014.12.09-02.04.35:772][195]LogModuleManager: Shutting down and abandoning module TextureFormatUncompressed (39)
[2014.12.09-02.04.35:772][195]LogModuleManager: Shutting down and abandoning module TextureFormatPVR (38)
[2014.12.09-02.04.35:772][195]LogModuleManager: Shutting down and abandoning module TextureFormatDXT (37)
[2014.12.09-02.04.35:772][195]LogModuleManager: Shutting down and abandoning module TextureFormatAndroid (36)
[2014.12.09-02.04.35:772][195]LogModuleManager: Shutting down and abandoning module AudioFormatOpus (35)
[2014.12.09-02.04.35:772][195]LogModuleManager: Shutting down and abandoning module AudioFormatOgg (34)
[2014.12.09-02.04.35:772][195]LogModuleManager: Shutting down and abandoning module AudioFormatADPCM (33)
[2014.12.09-02.04.35:772][195]LogModuleManager: Shutting down and abandoning module Messaging (32)
[2014.12.09-02.04.35:772][195]LogModuleManager: Shutting down and abandoning module IOSTargetPlatform (31)
[2014.12.09-02.04.35:772][195]LogModuleManager: Shutting down and abandoning module Android_PVRTCTargetPlatform (30)
[2014.12.09-02.04.35:772][195]LogModuleManager: Shutting down and abandoning module Android_ETC2TargetPlatform (29)
[2014.12.09-02.04.35:772][195]LogModuleManager: Shutting down and abandoning module Android_ETC1TargetPlatform (28)
[2014.12.09-02.04.35:772][195]LogModuleManager: Shutting down and abandoning module Android_DXTTargetPlatform (27)
[2014.12.09-02.04.35:772][195]LogModuleManager: Shutting down and abandoning module Android_ATCTargetPlatform (26)
[2014.12.09-02.04.35:772][195]LogModuleManager: Shutting down and abandoning module AndroidTargetPlatform (25)
[2014.12.09-02.04.35:772][195]LogModuleManager: Shutting down and abandoning module WindowsTargetPlatform (24)
[2014.12.09-02.04.35:773][195]LogModuleManager: Shutting down and abandoning module WindowsServerTargetPlatform (23)
[2014.12.09-02.04.35:773][195]LogModuleManager: Shutting down and abandoning module WindowsNoEditorTargetPlatform (22)
[2014.12.09-02.04.35:773][195]LogModuleManager: Shutting down and abandoning module WindowsClientTargetPlatform (21)
[2014.12.09-02.04.35:773][195]LogModuleManager: Shutting down and abandoning module TargetPlatform (20)
[2014.12.09-02.04.35:773][195]LogModuleManager: Shutting down and abandoning module InputCore (19)
[2014.12.09-02.04.35:773][195]LogModuleManager: Shutting down and abandoning module Settings (18)
[2014.12.09-02.04.35:773][195]LogModuleManager: Shutting down and abandoning module ImageWrapper (17)
[2014.12.09-02.04.35:773][195]LogModuleManager: Shutting down and abandoning module OculusRift (14)
[2014.12.09-02.04.35:773][195]LogModuleManager: Shutting down and abandoning module ExampleDeviceProfileSelector (13)
[2014.12.09-02.04.35:773][195]LogModuleManager: Shutting down and abandoning module TextureCompressor (12)
[2014.12.09-02.04.35:773][195]LogModuleManager: Shutting down and abandoning module ShaderCore (11)
[2014.12.09-02.04.35:773][195]LogModuleManager: Shutting down and abandoning module SlateRHIRenderer (10)
[2014.12.09-02.04.35:775][195]LogModuleManager: Shutting down and abandoning module OpenGLDrv (9)
[2014.12.09-02.04.35:775][195]LogModuleManager: Shutting down and abandoning module D3D11RHI (8)
[2014.12.09-02.04.35:775][195]LogModuleManager: Shutting down and abandoning module Renderer (7)
[2014.12.09-02.04.35:775][195]LogModuleManager: Shutting down and abandoning module Engine (6)
[2014.12.09-02.04.35:775][195]LogModuleManager: Shutting down and abandoning module CoreUObject (5)
[2014.12.09-02.04.35:775][195]LogModuleManager: Shutting down and abandoning module NetworkFile (4)
[2014.12.09-02.04.35:775][195]LogModuleManager: Shutting down and abandoning module StreamingFile (3)
[2014.12.09-02.04.35:775][195]LogModuleManager: Shutting down and abandoning module SandboxFile (2)
[2014.12.09-02.04.35:775][195]LogModuleManager: Shutting down and abandoning module PakFile (1)
[2014.12.09-02.04.35:776][195]LogExit: Exiting.
[2014.12.09-02.04.35:794][195]Log file closed, 12/08/14 18:04:35
