Log file open, 11/08/14 16:17:14
LogInit:Display: Running engine for game: EpicManBP
LogInit: Version: 4.5.1-2336687+++depot+UE4-Releases+4.5
LogInit: API Version: 2326478
LogInit: Compiled (64-bit): Oct 21 2014 22:32:40
LogInit: Compiled with Visual C++: 18.00.21005.01
LogInit: Build Configuration: Development
LogInit: Branch Name: ++depot+UE4-Releases+4.5
LogInit: Command line:  
LogInit: Base directory: C:/Program Files/Unreal Engine/4.5/Engine/Binaries/Win64/
LogInit: Rocket: 1
[2014.11.09-00.17.14:992][  0]LogTaskGraph: Started task graph with 3 named threads and 4 total threads.
[2014.11.09-00.17.15:020][  0]LogOnline:Warning: No default platform service specified for OnlineSubsystem
[2014.11.09-00.17.15:035][  0]LogInit: Presizing for 0 objects not considered by GC, pre-allocating 0 bytes.
[2014.11.09-00.17.15:042][  0]LogInit: Object subsystem initialized
[2014.11.09-00.17.15:044][  0]LogConsoleResponse:Warning: Skipping Unknown console variable: 'UIScaleRule = ShortestSide'
[2014.11.09-00.17.15:044][  0]LogConsoleResponse:Warning:   Found in ini file 'C:/Users/Maurice/Documents/Unreal Projects/EpicManBP/Saved/Config/Windows/Engine.ini', in section '[/Script/Engine.RendererSettings]'
[2014.11.09-00.17.15:044][  0]LogConsoleResponse:Warning: Skipping Unknown console variable: 'UIScaleCurve = (EditorCurveData=(Keys=((Time=480.000000,Value=0.444000),(Time=720.000000,Value=0.666000),(Time=1080.000000,Value=1.000000),(Time=8640.000000,Value=8.000000))),ExternalCurve=None)'
[2014.11.09-00.17.15:044][  0]LogConsoleResponse:Warning:   Found in ini file 'C:/Users/Maurice/Documents/Unreal Projects/EpicManBP/Saved/Config/Windows/Engine.ini', in section '[/Script/Engine.RendererSettings]'
[2014.11.09-00.17.15:045][  0]LogInit: Selected Device Profile: [Windows]
[2014.11.09-00.17.15:045][  0]LogInit: Applying CVar settings loaded from the selected device profile: [Windows]
[2014.11.09-00.17.15:048][  0]LogInit: Computer: XPS3
[2014.11.09-00.17.15:048][  0]LogInit: User: Maurice
[2014.11.09-00.17.15:049][  0]LogInit: CPU Page size=4096, Cores=4
[2014.11.09-00.17.15:049][  0]LogInit: High frequency timer resolution =3.312734 MHz
[2014.11.09-00.17.15:049][  0]LogMemory: Memory total: Physical=24.0GB (24GB approx) Virtual=8192.0GB
[2014.11.09-00.17.15:049][  0]LogMemory: Platform Memory Stats for Windows
[2014.11.09-00.17.15:049][  0]LogMemory: Process Physical Memory: 63.04 MB used, 63.04 MB peak
[2014.11.09-00.17.15:049][  0]LogMemory: Process Virtual Memory: 38.39 MB used, 39.14 MB peak
[2014.11.09-00.17.15:049][  0]LogMemory: Physical Memory: 3908.39 MB used, 24527.21 MB total
[2014.11.09-00.17.15:049][  0]LogMemory: Virtual Memory: 270.46 MB used, 8388608.00 MB total
[2014.11.09-00.17.15:070][  0]LogD3D11RHI: Found D3D11 adapter 0: NVIDIA GeForce GTX 660 (Feature Level 11_0)
[2014.11.09-00.17.15:070][  0]LogD3D11RHI: Adapter has 1484MB of dedicated video memory, 0MB of dedicated system memory, and 2560MB of shared system memory, 2 output[s]
[2014.11.09-00.17.15:070][  0]LogD3D11RHI: Chosen D3D11 Adapter Id = 0
[2014.11.09-00.17.15:073][  0]LogRHI: Texture pool is 1039 MB (70% of 1484 MB)
[2014.11.09-00.17.15:078][  0]LogD3D11RHI: Async texture creation enabled
[2014.11.09-00.17.15:110][  0]LogTextLocalizationManager: The requested culture ('en_US') has no localization data; parent culture's ('en') localization data will be used.
[2014.11.09-00.17.15:212][  0]LogContentStreaming: Texture pool size is 0.000000MB
[2014.11.09-00.17.18:821][  0]LogTargetPlatformManager:Display: Building Assets For Windows
[2014.11.09-00.17.19:090][  0]LogTargetPlatformManager:Display: Building Assets For Windows
[2014.11.09-00.17.19:125][  0]LogDerivedDataCache:Display: Max Cache Size: 512 MB
[2014.11.09-00.17.19:154][  0]LogDerivedDataCache: Loaded boot cache 0.03s 39MB C:/Users/Maurice/AppData/Local/UnrealEngine/4.5/DerivedDataCache/Boot.ddc.
[2014.11.09-00.17.19:154][  0]LogDerivedDataCache:Display: Loaded Boot cache: C:/Users/Maurice/AppData/Local/UnrealEngine/4.5/DerivedDataCache/Boot.ddc
[2014.11.09-00.17.19:154][  0]LogDerivedDataCache: FDerivedDataBackendGraph:  Pak pak cache file ../../../../../../Users/Maurice/Documents/Unreal Projects/EpicManBP/DerivedDataCache/DDC.ddp not found, will not use a pak cache.
[2014.11.09-00.17.19:154][  0]LogDerivedDataCache: Unable to find inner node Pak for hierarchical cache Hierarchy.
[2014.11.09-00.17.19:204][  0]LogDerivedDataCache:Display: Pak cache opened for reading ../../../Engine/DerivedDataCache/DDC.ddp.
[2014.11.09-00.17.19:215][  0]LogDerivedDataCache: Using Local data cache path C:/Users/Maurice/AppData/Local/UnrealEngine/Common/DerivedDataCache: Writable
[2014.11.09-00.17.19:329][  0]LogMeshUtilities: No automatic mesh reduction module available
[2014.11.09-00.17.19:329][  0]LogMeshUtilities: No automatic mesh merging module available
[2014.11.09-00.17.19:495][  0]LogLinker:Warning: Asset '../../../Engine/Content/Functions/Engine_MaterialFunctions02/Texturing/FlipBook.uasset' has been saved with empty engine version. The asset will be loaded but may be incompatible.
[2014.11.09-00.17.19:498][  0]LogLinker:Warning: Asset '../../../Engine/Content/Functions/Engine_MaterialFunctions02/ExampleContent/Textures/flipbook.uasset' has been saved with empty engine version. The asset will be loaded but may be incompatible.
[2014.11.09-00.17.19:615][  0]LogInit: WinSock: version 1.1 (2.2), MaxSocks=32767, MaxUdp=65467
[2014.11.09-00.17.20:145][  0]UdpMessaging: Initializing bridge on interface 0.0.0.0:0 to multicast group 230.0.0.1:6666.
[2014.11.09-00.17.20:298][  0]LogDirectoryWatcher:Warning: Failed to begin reading directory changes for C:/Users/Maurice/Documents/Unreal Projects/EpicManBP/Binaries/Win64. Error: 0
[2014.11.09-00.17.20:379][  0]SourceControl: Info Source control is disabled
[2014.11.09-00.17.20:379][  0]SourceControl: Info Source control is disabled
[2014.11.09-00.17.20:383][  0]SourceControl: Info Source control is disabled
[2014.11.09-00.17.20:450][  0]LogObj: 22915 objects as part of root set at end of initial load.
[2014.11.09-00.17.20:450][  0]LogUObjectAllocator: 4803536 out of 0 bytes used by permanent object pool.
[2014.11.09-00.17.20:490][  0]LogEngine: Initializing Engine...
[2014.11.09-00.17.20:581][  0]LogInit: XAudio2 using 'Speakers (High Definition Audio Device)' : 2 channels at 44.1 kHz using 16 bits per sample (channel mask 0x3)
[2014.11.09-00.17.20:597][  0]LogInit: FAudioDevice initialized.
[2014.11.09-00.17.20:610][  0]LogAIModule: Creating AISystem for world NewWorld
[2014.11.09-00.17.20:627][  0]LogDerivedDataCache: Saved boot cache 0.02s 39MB C:/Users/Maurice/AppData/Local/UnrealEngine/4.5/DerivedDataCache/Boot.ddc.
[2014.11.09-00.17.20:630][  0]LogInit: Texture streaming: Enabled
[2014.11.09-00.17.20:656][  0]LogInit: Transaction tracking system initialized
[2014.11.09-00.17.20:710][  0]BlueprintLog: New page: Editor Load
[2014.11.09-00.17.20:732][  0]LogAssetRegistry: FAssetRegistry took 0.0102 seconds to start up
[2014.11.09-00.17.20:732][  0]LogDirectoryWatcher:Warning: Failed to begin reading directory changes for ../../../Engine/Plugins/Experimental/CharacterAI/Content/. Error: 0
[2014.11.09-00.17.21:038][  0]LogTargetPlatformManager:Display: Building Assets For Windows
[2014.11.09-00.17.21:263][  0]LogTargetPlatformManager:Display: Building Assets For Windows
[2014.11.09-00.17.21:390][  0]LogConsoleResponse:Display: 
[2014.11.09-00.17.21:509][  0]SourceControl: Info Source control is disabled
[2014.11.09-00.17.21:510][  0]Cmd: MAP LOAD FILE="../../../../../../Users/Maurice/Documents/Unreal Projects/EpicManBP/Content/Maps/EpicManLevel.umap" TEMPLATE=0 SHOWPROGRESS=1
[2014.11.09-00.17.21:510][  0]LightingResults: New page: Lighting Build
[2014.11.09-00.17.21:515][  0]MapCheck: New page: Map Check
[2014.11.09-00.17.21:515][  0]LightingResults: New page: Lighting Build
[2014.11.09-00.17.21:526][  0]LogParticles: Destroying 0 GPU particle simulations for FXSystem 0x0000000016FA9A80
[2014.11.09-00.17.21:877][  0]LogEditorServer: Finished looking for orphan Actors (0.000 secs)
[2014.11.09-00.17.21:877][  0]LogAIModule: Creating AISystem for world EpicManLevel
[2014.11.09-00.17.21:878][  0]Cmd: MAP CHECKDEP
[2014.11.09-00.17.21:878][  0]MapCheck: New page: EpicManLevel - Nov 8, 2014, 8:17:21 AM
[2014.11.09-00.17.21:942][  0]MapCheck: Info Map check complete: 0 Error(s), 0 Warning(s), took 64.417ms to complete.
[2014.11.09-00.17.21:942][  0]LogFileHelpers: Loading map 'EpicManLevel' took 0.433
[2014.11.09-00.17.22:045][  0]LogCollectionManager: Loaded 0 collections in 0.000692 seconds
[2014.11.09-00.17.22:139][  0]LogCrashTracker: Crashtracker disabled due to settings.
[2014.11.09-00.17.22:168][  0]LogUObjectGlobals:Warning: Failed to find object 'Class None.'
[2014.11.09-00.17.22:191][  0]LogLoad: Full Startup: 9.06 seconds (BP compile: 0.14 seconds)
[2014.11.09-00.17.22:701][  0]LogRenderer:Warning: Reallocating scene render targets to support 736x544.
[2014.11.09-00.17.22:946][  1]LogContentBrowser:Verbose: The content browser source was changed by the sources view to '/Game/Blueprints'
[2014.11.09-00.17.23:610][  3]LogAssetRegistry: Asset discovery search completed in 2.8891 seconds
[2014.11.09-00.17.25:984][ 10]BlueprintLog: New page: Pre-PIE auto-recompile
[2014.11.09-00.17.25:984][ 10]LogPlayLevel: [PIE] Compiling EpicManLevel before PIE...
[2014.11.09-00.17.26:157][ 10]LogActorComponent: UnregisterComponent: (/Engine/Transient.CharacterMovementComponent_0) Not registered. Aborting.
[2014.11.09-00.17.26:183][ 10]LogPlayLevel: PIE:  Blueprint regeneration took 199 ms (1 blueprints)
[2014.11.09-00.17.26:183][ 10]PIE: New page: PIE session: EpicManLevel (Nov 8, 2014, 8:17:26 AM)
[2014.11.09-00.17.26:193][ 10]LogPlayLevel: PIE: StaticDuplicateObject took: (0.009222s)
[2014.11.09-00.17.26:193][ 10]LogPlayLevel: PIE: World Init took: (0.000388s)
[2014.11.09-00.17.26:193][ 10]LogPlayLevel: PIE: Created PIE world by copying editor world from /Game/Maps/EpicManLevel.EpicManLevel to /Game/Maps/UEDPIE_0_EpicManLevel.EpicManLevel (0.009809s)
[2014.11.09-00.17.26:263][ 10]LogWorld: Game class is 'MyGame_C'
[2014.11.09-00.17.26:269][ 10]LogAIModule: Creating AISystem for world EpicManLevel
[2014.11.09-00.17.26:280][ 10]LogWorld: Bringing World /Game/Maps/UEDPIE_0_EpicManLevel.EpicManLevel up for play (max tick rate 0) at 2014.11.08-16.17.26
[2014.11.09-00.17.26:282][ 10]LogWorld: Bringing up level for play took: 0.012379
[2014.11.09-00.17.26:285][ 10]LogLevel:Warning: EnableInput on a LevelScript actor can not be specified for only one PlayerController.  Enabling for all PlayerControllers.
[2014.11.09-00.17.26:456][ 10]PIE: Info Play in editor start time for /Game/Maps/UEDPIE_0_EpicManLevel -0.258
[2014.11.09-00.17.36:937][177]LogActorComponent: UnregisterComponent: (/Engine/Transient.CharacterMovementComponent_1) Not registered. Aborting.
[2014.11.09-00.17.36:983][178]LogParticles: Destroying 0 GPU particle simulations for FXSystem 0x0000000016594540
[2014.11.09-00.17.48:722][185]BlueprintLog: New page: Pre-PIE auto-recompile
[2014.11.09-00.17.48:722][185]LogPlayLevel: [PIE] Compiling Tutorial_BP_MacroLib before PIE...
[2014.11.09-00.17.48:766][185]LogPlayLevel: [PIE] Compiling EpicManLevel before PIE...
[2014.11.09-00.17.48:836][185]LogPlayLevel: PIE:  Blueprint regeneration took 113 ms (2 blueprints)
[2014.11.09-00.17.48:836][185]PIE: New page: PIE session: EpicManLevel (Nov 8, 2014, 8:17:48 AM)
[2014.11.09-00.17.48:845][185]LogPlayLevel: PIE: StaticDuplicateObject took: (0.009070s)
[2014.11.09-00.17.48:845][185]LogPlayLevel: PIE: World Init took: (0.000403s)
[2014.11.09-00.17.48:846][185]LogPlayLevel: PIE: Created PIE world by copying editor world from /Game/Maps/EpicManLevel.EpicManLevel to /Game/Maps/UEDPIE_0_EpicManLevel.EpicManLevel (0.009650s)
[2014.11.09-00.17.48:877][185]LogWorld: Game class is 'MyGame_C'
[2014.11.09-00.17.48:882][185]LogAIModule: Creating AISystem for world EpicManLevel
[2014.11.09-00.17.48:891][185]LogWorld: Bringing World /Game/Maps/UEDPIE_0_EpicManLevel.EpicManLevel up for play (max tick rate 0) at 2014.11.08-16.17.48
[2014.11.09-00.17.48:892][185]LogWorld: Bringing up level for play took: 0.009903
[2014.11.09-00.17.48:895][185]LogLevel:Warning: EnableInput on a LevelScript actor can not be specified for only one PlayerController.  Enabling for all PlayerControllers.
[2014.11.09-00.17.49:055][185]PIE: Info Play in editor start time for /Game/Maps/UEDPIE_0_EpicManLevel 0.341
[2014.11.09-00.17.58:694][873]LogParticles: Destroying 0 GPU particle simulations for FXSystem 0x0000000023A63A60
[2014.11.09-00.18.32:078][455]LogEditorViewport: Clicking on Actor (LMB): WallCluster_C (WallCluster_15)
[2014.11.09-00.18.34:414][620]BlueprintLog: New page: Pre-PIE auto-recompile
[2014.11.09-00.18.34:420][620]LogPlayLevel: [PIE] Compiling EpicManLevel before PIE...
[2014.11.09-00.18.34:477][620]LogPlayLevel: PIE:  Blueprint regeneration took 63 ms (1 blueprints)
[2014.11.09-00.18.34:478][620]PIE: New page: PIE session: EpicManLevel (Nov 8, 2014, 8:18:34 AM)
[2014.11.09-00.18.34:487][620]LogPlayLevel: PIE: StaticDuplicateObject took: (0.009491s)
[2014.11.09-00.18.34:488][620]LogPlayLevel: PIE: World Init took: (0.000383s)
[2014.11.09-00.18.34:488][620]LogPlayLevel: PIE: Created PIE world by copying editor world from /Game/Maps/EpicManLevel.EpicManLevel to /Game/Maps/UEDPIE_0_EpicManLevel.EpicManLevel (0.010036s)
[2014.11.09-00.18.34:516][620]LogWorld: Game class is 'MyGame_C'
[2014.11.09-00.18.34:517][620]LogAIModule: Creating AISystem for world EpicManLevel
[2014.11.09-00.18.34:520][620]LogWorld: Bringing World /Game/Maps/UEDPIE_0_EpicManLevel.EpicManLevel up for play (max tick rate 0) at 2014.11.08-16.18.34
[2014.11.09-00.18.34:520][620]LogWorld: Bringing up level for play took: 0.003047
[2014.11.09-00.18.34:521][620]LogLevel:Warning: EnableInput on a LevelScript actor can not be specified for only one PlayerController.  Enabling for all PlayerControllers.
[2014.11.09-00.18.34:666][620]PIE: Info Play in editor start time for /Game/Maps/UEDPIE_0_EpicManLevel -0.051
[2014.11.09-00.18.37:206][790]LogParticles: Destroying 0 GPU particle simulations for FXSystem 0x0000000025436200
[2014.11.09-00.19.13:028][664]LogSlate:Warning: GetFontFace failed to load or process 'Roboto-Regular'
[2014.11.09-00.19.13:028][664]LogSlate:Warning: GetFontFace failed to load or process 'Roboto-Regular'
[2014.11.09-00.19.13:031][664]LogSlate:Warning: GetFontFace failed to load or process 'Roboto-Regular'
[2014.11.09-00.19.13:031][664]LogSlate:Warning: GetFontFace failed to load or process 'Roboto-Regular'
[2014.11.09-00.19.13:031][664]LogSlate:Warning: GetFontFace failed to load or process 'Roboto-Regular'
[2014.11.09-00.19.13:031][664]LogSlate:Warning: GetFontFace failed to load or process 'Roboto-Regular'
[2014.11.09-00.19.13:031][664]LogSlate:Warning: GetFontFace failed to load or process 'Roboto-Regular'
[2014.11.09-00.19.13:031][664]LogSlate:Warning: GetFontFace failed to load or process 'Roboto-Regular'
[2014.11.09-00.19.13:031][664]LogSlate:Warning: GetFontFace failed to load or process 'Roboto-Regular'
[2014.11.09-00.19.13:031][664]LogSlate:Warning: GetFontFace failed to load or process 'Roboto-Regular'
[2014.11.09-00.19.13:031][664]LogSlate:Warning: GetFontFace failed to load or process 'Roboto-Regular'
[2014.11.09-00.19.13:031][664]LogSlate:Warning: GetFontFace failed to load or process 'Roboto-Regular'
[2014.11.09-00.19.13:031][664]LogSlate:Warning: GetFontFace failed to load or process 'Roboto-Regular'
[2014.11.09-00.19.13:031][664]LogSlate:Warning: GetFontFace failed to load or process 'Roboto-Regular'
[2014.11.09-00.19.13:031][664]LogSlate:Warning: GetFontFace failed to load or process 'Roboto-Regular'
[2014.11.09-00.19.13:031][664]LogSlate:Warning: GetFontFace failed to load or process 'Roboto-Regular'
[2014.11.09-00.19.13:031][664]LogSlate:Warning: GetFontFace failed to load or process 'Roboto-Regular'
[2014.11.09-00.19.13:031][664]LogSlate:Warning: GetFontFace failed to load or process 'Roboto-Regular'
[2014.11.09-00.19.13:031][664]LogSlate:Warning: GetFontFace failed to load or process 'Roboto-Regular'
[2014.11.09-00.19.33:917][155]LogSlate:Warning: Prevented a slow task dialog from being summoned while a context menu was open
[2014.11.09-00.20.13:736][493]BlueprintLog: New page: Pre-PIE auto-recompile
[2014.11.09-00.20.13:743][493]LogPlayLevel: [PIE] Compiling EpicManLevel before PIE...
[2014.11.09-00.20.13:786][493]LogActorComponent: UnregisterComponent: (/Engine/Transient.CharacterMovementComponent_2) Not registered. Aborting.
[2014.11.09-00.20.13:804][493]LogPlayLevel: PIE:  Blueprint regeneration took 67 ms (1 blueprints)
[2014.11.09-00.20.13:804][493]PIE: New page: PIE session: EpicManLevel (Nov 8, 2014, 8:20:13 AM)
[2014.11.09-00.20.13:814][493]LogPlayLevel: PIE: StaticDuplicateObject took: (0.009690s)
[2014.11.09-00.20.13:814][493]LogPlayLevel: PIE: World Init took: (0.000409s)
[2014.11.09-00.20.13:814][493]LogPlayLevel: PIE: Created PIE world by copying editor world from /Game/Maps/EpicManLevel.EpicManLevel to /Game/Maps/UEDPIE_0_EpicManLevel.EpicManLevel (0.010265s)
[2014.11.09-00.20.13:840][493]LogWorld: Game class is 'MyGame_C'
[2014.11.09-00.20.13:841][493]LogAIModule: Creating AISystem for world EpicManLevel
[2014.11.09-00.20.13:844][493]LogWorld: Bringing World /Game/Maps/UEDPIE_0_EpicManLevel.EpicManLevel up for play (max tick rate 0) at 2014.11.08-16.20.13
[2014.11.09-00.20.13:845][493]LogWorld: Bringing up level for play took: 0.003040
[2014.11.09-00.20.13:845][493]LogLevel:Warning: EnableInput on a LevelScript actor can not be specified for only one PlayerController.  Enabling for all PlayerControllers.
[2014.11.09-00.20.13:994][493]PIE: Info Play in editor start time for /Game/Maps/UEDPIE_0_EpicManLevel -0.725
[2014.11.09-00.20.20:526][975]LogParticles: Destroying 0 GPU particle simulations for FXSystem 0x00000000255282C0
[2014.11.09-00.20.30:107][746]BlueprintLog: New page: Pre-PIE auto-recompile
[2014.11.09-00.20.30:113][746]LogPlayLevel: [PIE] Compiling EpicManLevel before PIE...
[2014.11.09-00.20.30:169][746]LogPlayLevel: PIE:  Blueprint regeneration took 62 ms (1 blueprints)
[2014.11.09-00.20.30:169][746]PIE: New page: PIE session: EpicManLevel (Nov 8, 2014, 8:20:30 AM)
[2014.11.09-00.20.30:180][746]LogPlayLevel: PIE: StaticDuplicateObject took: (0.010660s)
[2014.11.09-00.20.30:180][746]LogPlayLevel: PIE: World Init took: (0.000407s)
[2014.11.09-00.20.30:180][746]LogPlayLevel: PIE: Created PIE world by copying editor world from /Game/Maps/EpicManLevel.EpicManLevel to /Game/Maps/UEDPIE_0_EpicManLevel.EpicManLevel (0.011235s)
[2014.11.09-00.20.30:206][746]LogWorld: Game class is 'MyGame_C'
[2014.11.09-00.20.30:207][746]LogAIModule: Creating AISystem for world EpicManLevel
[2014.11.09-00.20.30:210][746]LogWorld: Bringing World /Game/Maps/UEDPIE_0_EpicManLevel.EpicManLevel up for play (max tick rate 0) at 2014.11.08-16.20.30
[2014.11.09-00.20.30:211][746]LogWorld: Bringing up level for play took: 0.003027
[2014.11.09-00.20.30:211][746]LogLevel:Warning: EnableInput on a LevelScript actor can not be specified for only one PlayerController.  Enabling for all PlayerControllers.
[2014.11.09-00.20.30:360][746]PIE: Info Play in editor start time for /Game/Maps/UEDPIE_0_EpicManLevel -0.359
[2014.11.09-00.20.34:202][ 20]LogParticles: Destroying 0 GPU particle simulations for FXSystem 0x000000001B571D00
[2014.11.09-00.21.03:810][244]BlueprintLog: New page: Pre-PIE auto-recompile
[2014.11.09-00.21.03:817][244]LogPlayLevel: [PIE] Compiling EpicManLevel before PIE...
[2014.11.09-00.21.03:872][244]LogPlayLevel: PIE:  Blueprint regeneration took 61 ms (1 blueprints)
[2014.11.09-00.21.03:872][244]PIE: New page: PIE session: EpicManLevel (Nov 8, 2014, 8:21:03 AM)
[2014.11.09-00.21.03:881][244]LogPlayLevel: PIE: StaticDuplicateObject took: (0.009260s)
[2014.11.09-00.21.03:882][244]LogPlayLevel: PIE: World Init took: (0.000411s)
[2014.11.09-00.21.03:882][244]LogPlayLevel: PIE: Created PIE world by copying editor world from /Game/Maps/EpicManLevel.EpicManLevel to /Game/Maps/UEDPIE_0_EpicManLevel.EpicManLevel (0.009825s)
[2014.11.09-00.21.03:907][244]LogWorld: Game class is 'MyGame_C'
[2014.11.09-00.21.03:909][244]LogAIModule: Creating AISystem for world EpicManLevel
[2014.11.09-00.21.03:912][244]LogWorld: Bringing World /Game/Maps/UEDPIE_0_EpicManLevel.EpicManLevel up for play (max tick rate 0) at 2014.11.08-16.21.03
[2014.11.09-00.21.03:912][244]LogWorld: Bringing up level for play took: 0.003093
[2014.11.09-00.21.03:913][244]LogLevel:Warning: EnableInput on a LevelScript actor can not be specified for only one PlayerController.  Enabling for all PlayerControllers.
[2014.11.09-00.21.04:062][244]PIE: Info Play in editor start time for /Game/Maps/UEDPIE_0_EpicManLevel -0.657
[2014.11.09-00.21.08:806][566]LogParticles: Destroying 0 GPU particle simulations for FXSystem 0x000000001B814400
[2014.11.09-00.21.10:183][669]Cmd: TRANSACTION UNDO
[2014.11.09-00.21.10:183][669]LogEditorTransaction: Undo Edit Execute when Paused
[2014.11.09-00.21.15:692][ 44]BlueprintLog: New page: Compile EpicManLevel
[2014.11.09-00.21.15:749][ 44]BlueprintEditorCompileResults: Info [0242.56] Compile of EpicManLevel successful! [in 2 ms]
[2014.11.09-00.21.47:348][313]BlueprintLog: New page: Compile EpicManLevel
[2014.11.09-00.21.47:412][313]BlueprintEditorCompileResults: Info [0274.21] Compile of EpicManLevel successful! [in 2 ms]
[2014.11.09-00.21.48:045][341]BlueprintLog: New page: Pre-PIE auto-recompile
[2014.11.09-00.21.48:052][341]LogPlayLevel: [PIE] Compiling EpicManLevel before PIE...
[2014.11.09-00.21.48:115][341]LogPlayLevel: PIE:  Blueprint regeneration took 69 ms (1 blueprints)
[2014.11.09-00.21.48:115][341]PIE: New page: PIE session: EpicManLevel (Nov 8, 2014, 8:21:48 AM)
[2014.11.09-00.21.48:124][341]LogPlayLevel: PIE: StaticDuplicateObject took: (0.009178s)
[2014.11.09-00.21.48:125][341]LogPlayLevel: PIE: World Init took: (0.000424s)
[2014.11.09-00.21.48:125][341]LogPlayLevel: PIE: Created PIE world by copying editor world from /Game/Maps/EpicManLevel.EpicManLevel to /Game/Maps/UEDPIE_0_EpicManLevel.EpicManLevel (0.009764s)
[2014.11.09-00.21.48:156][341]LogWorld: Game class is 'MyGame_C'
[2014.11.09-00.21.48:162][341]LogAIModule: Creating AISystem for world EpicManLevel
[2014.11.09-00.21.48:173][341]LogWorld: Bringing World /Game/Maps/UEDPIE_0_EpicManLevel.EpicManLevel up for play (max tick rate 0) at 2014.11.08-16.21.48
[2014.11.09-00.21.48:175][341]LogWorld: Bringing up level for play took: 0.012595
[2014.11.09-00.21.48:178][341]LogLevel:Warning: EnableInput on a LevelScript actor can not be specified for only one PlayerController.  Enabling for all PlayerControllers.
[2014.11.09-00.21.48:346][341]PIE: Info Play in editor start time for /Game/Maps/UEDPIE_0_EpicManLevel -0.376
[2014.11.09-00.21.55:825][867]Set new viewmode: Wireframe
[2014.11.09-00.21.55:937][867]LogParticles: Destroying 0 GPU particle simulations for FXSystem 0x000000001B847A60
[2014.11.09-00.22.05:815][592]BlueprintLog: New page: Pre-PIE auto-recompile
[2014.11.09-00.22.05:820][592]LogPlayLevel: [PIE] Compiling EpicManLevel before PIE...
[2014.11.09-00.22.05:873][592]LogPlayLevel: PIE:  Blueprint regeneration took 57 ms (1 blueprints)
[2014.11.09-00.22.05:873][592]PIE: New page: PIE session: EpicManLevel (Nov 8, 2014, 8:22:05 AM)
[2014.11.09-00.22.05:882][592]LogPlayLevel: PIE: StaticDuplicateObject took: (0.009088s)
[2014.11.09-00.22.05:882][592]LogPlayLevel: PIE: World Init took: (0.000428s)
[2014.11.09-00.22.05:882][592]LogPlayLevel: PIE: Created PIE world by copying editor world from /Game/Maps/EpicManLevel.EpicManLevel to /Game/Maps/UEDPIE_0_EpicManLevel.EpicManLevel (0.009673s)
[2014.11.09-00.22.05:911][592]LogWorld: Game class is 'MyGame_C'
[2014.11.09-00.22.05:912][592]LogAIModule: Creating AISystem for world EpicManLevel
[2014.11.09-00.22.05:918][592]LogWorld: Bringing World /Game/Maps/UEDPIE_0_EpicManLevel.EpicManLevel up for play (max tick rate 0) at 2014.11.08-16.22.05
[2014.11.09-00.22.05:920][592]LogWorld: Bringing up level for play took: 0.007373
[2014.11.09-00.22.06:088][592]PIE: Info Play in editor start time for /Game/Maps/UEDPIE_0_EpicManLevel -0.634
[2014.11.09-00.22.13:706][159]LogParticles: Destroying 0 GPU particle simulations for FXSystem 0x000000001EADD9E0
[2014.11.09-00.22.17:578][451]LogSlate:Warning: GetFontFace failed to load or process 'Roboto-Regular'
[2014.11.09-00.22.17:578][451]LogSlate:Warning: GetFontFace failed to load or process 'Roboto-Regular'
[2014.11.09-00.22.17:578][451]LogSlate:Warning: GetFontFace failed to load or process 'Roboto-Regular'
[2014.11.09-00.22.17:578][451]LogSlate:Warning: GetFontFace failed to load or process 'Roboto-Regular'
[2014.11.09-00.22.35:883][787]LogSlate:Warning: GetFontFace failed to load or process 'Roboto-Regular'
[2014.11.09-00.22.35:883][787]LogSlate:Warning: GetFontFace failed to load or process 'Roboto-Regular'
[2014.11.09-00.22.35:883][787]LogSlate:Warning: GetFontFace failed to load or process 'Roboto-Regular'
[2014.11.09-00.22.35:883][787]LogSlate:Warning: GetFontFace failed to load or process 'Roboto-Regular'
[2014.11.09-00.22.35:883][787]LogSlate:Warning: GetFontFace failed to load or process 'Roboto-Regular'
[2014.11.09-00.22.35:883][787]LogSlate:Warning: GetFontFace failed to load or process 'Roboto-Regular'
[2014.11.09-00.22.35:883][787]LogSlate:Warning: GetFontFace failed to load or process 'Roboto-Regular'
[2014.11.09-00.22.35:883][787]LogSlate:Warning: GetFontFace failed to load or process 'Roboto-Regular'
[2014.11.09-00.22.35:883][787]LogSlate:Warning: GetFontFace failed to load or process 'Roboto-Regular'
[2014.11.09-00.26.59:290][680]LogSlate:Warning: Prevented a slow task dialog from being summoned while a context menu was open
[2014.11.09-00.27.00:501][772]LogSlate:Warning: Prevented a slow task dialog from being summoned while a context menu was open
[2014.11.09-00.27.02:013][872]BlueprintLog: New page: Pre-PIE auto-recompile
[2014.11.09-00.27.02:018][872]LogPlayLevel: [PIE] Compiling EpicManLevel before PIE...
[2014.11.09-00.27.02:061][872]LogActorComponent: UnregisterComponent: (/Engine/Transient.CharacterMovementComponent_3) Not registered. Aborting.
[2014.11.09-00.27.02:083][872]LogPlayLevel: PIE:  Blueprint regeneration took 69 ms (1 blueprints)
[2014.11.09-00.27.02:083][872]PIE: New page: PIE session: EpicManLevel (Nov 8, 2014, 8:27:02 AM)
[2014.11.09-00.27.02:093][872]LogPlayLevel: PIE: StaticDuplicateObject took: (0.009514s)
[2014.11.09-00.27.02:093][872]LogPlayLevel: PIE: World Init took: (0.000386s)
[2014.11.09-00.27.02:093][872]LogPlayLevel: PIE: Created PIE world by copying editor world from /Game/Maps/EpicManLevel.EpicManLevel to /Game/Maps/UEDPIE_0_EpicManLevel.EpicManLevel (0.010055s)
[2014.11.09-00.27.02:117][872]LogWorld: Game class is 'MyGame_C'
[2014.11.09-00.27.02:118][872]LogAIModule: Creating AISystem for world EpicManLevel
[2014.11.09-00.27.02:121][872]LogWorld: Bringing World /Game/Maps/UEDPIE_0_EpicManLevel.EpicManLevel up for play (max tick rate 0) at 2014.11.08-16.27.02
[2014.11.09-00.27.02:122][872]LogWorld: Bringing up level for play took: 0.003068
[2014.11.09-00.27.02:272][872]PIE: Info Play in editor start time for /Game/Maps/UEDPIE_0_EpicManLevel -0.458
[2014.11.09-00.27.02:736][890]LogBlueprintUserMessages: X=2854.233 Y=2096.271 Z=220.000
[2014.11.09-00.27.02:749][891]LogBlueprintUserMessages: X=2854.233 Y=2096.271 Z=220.000
[2014.11.09-00.27.02:762][892]LogBlueprintUserMessages: X=2854.233 Y=2096.271 Z=220.000
[2014.11.09-00.27.02:774][893]LogBlueprintUserMessages: X=2854.233 Y=2096.271 Z=220.000
[2014.11.09-00.27.02:787][894]LogBlueprintUserMessages: X=2854.233 Y=2096.271 Z=220.000
[2014.11.09-00.27.02:800][895]LogBlueprintUserMessages: X=2854.233 Y=2096.271 Z=220.000
[2014.11.09-00.27.02:814][896]LogBlueprintUserMessages: X=2854.233 Y=2096.271 Z=220.000
[2014.11.09-00.27.02:829][897]LogBlueprintUserMessages: X=2854.233 Y=2096.271 Z=220.000
[2014.11.09-00.27.02:843][898]LogBlueprintUserMessages: X=2854.233 Y=2096.271 Z=220.000
[2014.11.09-00.27.02:855][899]LogBlueprintUserMessages: X=2854.233 Y=2096.271 Z=220.000
[2014.11.09-00.27.02:868][900]LogBlueprintUserMessages: X=2854.233 Y=2096.271 Z=220.000
[2014.11.09-00.27.02:882][901]LogBlueprintUserMessages: X=2854.233 Y=2096.271 Z=220.000
[2014.11.09-00.27.03:771][970]LogBlueprintUserMessages: X=2534.520 Y=2550.854 Z=20.000
[2014.11.09-00.27.03:784][971]LogBlueprintUserMessages: X=2534.520 Y=2550.854 Z=20.000
[2014.11.09-00.27.03:797][972]LogBlueprintUserMessages: X=2534.520 Y=2550.854 Z=20.000
[2014.11.09-00.27.03:810][973]LogBlueprintUserMessages: X=2534.520 Y=2550.854 Z=20.000
[2014.11.09-00.27.03:824][974]LogBlueprintUserMessages: X=2534.520 Y=2550.854 Z=20.000
[2014.11.09-00.27.03:837][975]LogBlueprintUserMessages: X=2534.520 Y=2550.854 Z=20.000
[2014.11.09-00.27.03:850][976]LogBlueprintUserMessages: X=2534.520 Y=2550.854 Z=20.000
[2014.11.09-00.27.03:864][977]LogBlueprintUserMessages: X=2534.520 Y=2550.854 Z=20.000
[2014.11.09-00.27.03:877][978]LogBlueprintUserMessages: X=2534.520 Y=2550.854 Z=20.000
[2014.11.09-00.27.03:891][979]LogBlueprintUserMessages: X=2534.520 Y=2550.854 Z=20.000
[2014.11.09-00.27.03:904][980]LogBlueprintUserMessages: X=2534.520 Y=2550.854 Z=20.000
[2014.11.09-00.27.03:917][981]LogBlueprintUserMessages: X=2534.520 Y=2550.854 Z=20.000
[2014.11.09-00.27.04:387][ 17]LogBlueprintUserMessages: X=2500.264 Y=2550.855 Z=20.000
[2014.11.09-00.27.04:400][ 18]LogBlueprintUserMessages: X=2500.264 Y=2550.855 Z=20.000
[2014.11.09-00.27.04:414][ 19]LogBlueprintUserMessages: X=2500.264 Y=2550.855 Z=20.000
[2014.11.09-00.27.04:427][ 20]LogBlueprintUserMessages: X=2500.264 Y=2550.855 Z=20.000
[2014.11.09-00.27.04:440][ 21]LogBlueprintUserMessages: X=2500.264 Y=2550.855 Z=20.000
[2014.11.09-00.27.04:454][ 22]LogBlueprintUserMessages: X=2500.264 Y=2550.855 Z=20.000
[2014.11.09-00.27.04:467][ 23]LogBlueprintUserMessages: X=2500.264 Y=2550.855 Z=20.000
[2014.11.09-00.27.04:481][ 24]LogBlueprintUserMessages: X=2500.264 Y=2550.855 Z=20.000
[2014.11.09-00.27.04:494][ 25]LogBlueprintUserMessages: X=2500.264 Y=2550.855 Z=20.000
[2014.11.09-00.27.04:508][ 26]LogBlueprintUserMessages: X=2466.009 Y=2556.564 Z=20.000
[2014.11.09-00.27.04:521][ 27]LogBlueprintUserMessages: X=2466.009 Y=2556.564 Z=20.000
[2014.11.09-00.27.04:534][ 28]LogBlueprintUserMessages: X=2334.696 Y=2579.401 Z=20.000
[2014.11.09-00.27.04:548][ 29]LogBlueprintUserMessages: X=2289.022 Y=2590.819 Z=20.000
[2014.11.09-00.27.04:561][ 30]LogBlueprintUserMessages: X=2180.546 Y=2596.529 Z=20.000
[2014.11.09-00.27.04:574][ 31]LogBlueprintUserMessages: X=2134.872 Y=2596.529 Z=20.000
[2014.11.09-00.27.04:588][ 32]LogBlueprintUserMessages: X=2024.400 Y=2600.000 Z=60.150
[2014.11.09-00.27.04:602][ 33]LogBlueprintUserMessages: X=1963.595 Y=2613.656 Z=20.000
[2014.11.09-00.27.04:615][ 34]LogBlueprintUserMessages: X=1820.863 Y=2619.366 Z=20.000
[2014.11.09-00.27.04:628][ 35]LogBlueprintUserMessages: X=1780.556 Y=2600.000 Z=76.483
[2014.11.09-00.27.04:642][ 36]LogBlueprintUserMessages: X=1719.444 Y=2600.000 Z=76.483
[2014.11.09-00.27.04:656][ 37]LogBlueprintUserMessages: X=1689.370 Y=2600.000 Z=92.559
[2014.11.09-00.27.04:669][ 38]LogBlueprintUserMessages: X=1606.693 Y=2600.000 Z=92.559
[2014.11.09-00.27.04:683][ 39]LogBlueprintUserMessages: X=1529.527 Y=2600.000 Z=92.559
[2014.11.09-00.27.04:696][ 40]LogBlueprintUserMessages: X=1490.945 Y=2600.000 Z=92.559
[2014.11.09-00.27.04:710][ 41]LogBlueprintUserMessages: X=1435.826 Y=2600.000 Z=92.559
[2014.11.09-00.27.04:723][ 42]LogBlueprintUserMessages: X=1341.286 Y=2625.075 Z=20.000
[2014.11.09-00.27.04:737][ 43]LogBlueprintUserMessages: X=1324.159 Y=2625.075 Z=20.000
[2014.11.09-00.27.04:751][ 44]LogBlueprintUserMessages: X=1284.194 Y=2625.075 Z=20.000
[2014.11.09-00.27.04:764][ 45]LogBlueprintUserMessages: X=1255.647 Y=2625.075 Z=20.000
[2014.11.09-00.27.04:778][ 46]LogBlueprintUserMessages: X=1244.229 Y=2625.075 Z=20.000
[2014.11.09-00.27.04:791][ 47]LogBlueprintUserMessages: X=1227.101 Y=2625.075 Z=20.000
[2014.11.09-00.27.04:804][ 48]LogBlueprintUserMessages: X=1215.683 Y=2625.075 Z=20.000
[2014.11.09-00.27.04:818][ 49]LogBlueprintUserMessages: X=1204.264 Y=2619.365 Z=20.000
[2014.11.09-00.27.04:832][ 50]LogBlueprintUserMessages: X=1200.000 Y=2607.308 Z=21.893
[2014.11.09-00.27.04:845][ 51]LogBlueprintUserMessages: X=1192.846 Y=2596.529 Z=20.000
[2014.11.09-00.27.04:858][ 52]LogBlueprintUserMessages: X=1181.427 Y=2573.692 Z=20.000
[2014.11.09-00.27.04:871][ 53]LogBlueprintUserMessages: X=1181.427 Y=2562.273 Z=20.000
[2014.11.09-00.27.04:885][ 54]LogBlueprintUserMessages: X=1175.718 Y=2510.890 Z=20.000
[2014.11.09-00.27.04:899][ 55]LogBlueprintUserMessages: X=1175.718 Y=2442.379 Z=20.000
[2014.11.09-00.27.04:913][ 56]LogBlueprintUserMessages: X=1175.718 Y=2408.123 Z=20.000
[2014.11.09-00.27.04:926][ 57]LogBlueprintUserMessages: X=1200.000 Y=2337.655 Z=29.340
[2014.11.09-00.27.04:939][ 58]LogBlueprintUserMessages: X=1221.392 Y=2242.555 Z=20.000
[2014.11.09-00.27.04:953][ 59]LogBlueprintUserMessages: X=1238.520 Y=2185.463 Z=20.000
[2014.11.09-00.27.04:967][ 60]LogBlueprintUserMessages: X=1433.849 Y=2054.951 Z=220.000
[2014.11.09-00.27.04:981][ 61]LogBlueprintUserMessages: X=1341.286 Y=1974.220 Z=20.000
[2014.11.09-00.27.04:994][ 62]LogBlueprintUserMessages: X=1386.960 Y=1848.617 Z=20.000
[2014.11.09-00.27.05:007][ 63]LogBlueprintUserMessages: X=1404.088 Y=1802.943 Z=20.000
[2014.11.09-00.27.05:021][ 64]LogBlueprintUserMessages: X=1552.644 Y=1745.049 Z=220.000
[2014.11.09-00.27.05:034][ 65]LogBlueprintUserMessages: X=1557.809 Y=1719.224 Z=220.000
[2014.11.09-00.27.05:048][ 66]LogBlueprintUserMessages: X=1583.634 Y=1646.913 Z=220.000
[2014.11.09-00.27.05:061][ 67]LogBlueprintUserMessages: X=1609.459 Y=1584.933 Z=220.000
[2014.11.09-00.27.05:075][ 68]LogBlueprintUserMessages: X=1635.285 Y=1543.613 Z=220.000
[2014.11.09-00.27.05:089][ 69]LogBlueprintUserMessages: X=1640.450 Y=1528.118 Z=220.000
[2014.11.09-00.27.05:102][ 70]LogBlueprintUserMessages: X=1661.110 Y=1491.962 Z=220.000
[2014.11.09-00.27.05:115][ 71]LogBlueprintUserMessages: X=1676.605 Y=1466.137 Z=220.000
[2014.11.09-00.27.05:128][ 72]LogBlueprintUserMessages: X=1681.770 Y=1455.807 Z=220.000
[2014.11.09-00.27.05:141][ 73]LogBlueprintUserMessages: X=1697.265 Y=1435.147 Z=220.000
[2014.11.09-00.27.05:155][ 74]LogBlueprintUserMessages: X=1712.760 Y=1419.652 Z=220.000
[2014.11.09-00.27.05:168][ 75]LogBlueprintUserMessages: X=1717.925 Y=1409.322 Z=220.000
[2014.11.09-00.27.05:181][ 76]LogBlueprintUserMessages: X=1728.256 Y=1398.992 Z=220.000
[2014.11.09-00.27.05:195][ 77]LogBlueprintUserMessages: X=1738.585 Y=1388.662 Z=220.000
[2014.11.09-00.27.05:208][ 78]LogBlueprintUserMessages: X=1748.916 Y=1378.332 Z=220.000
[2014.11.09-00.27.05:221][ 79]LogBlueprintUserMessages: X=1754.081 Y=1362.836 Z=220.000
[2014.11.09-00.27.05:234][ 80]LogBlueprintUserMessages: X=1759.246 Y=1357.672 Z=220.000
[2014.11.09-00.27.05:248][ 81]LogBlueprintUserMessages: X=1764.411 Y=1352.506 Z=220.000
[2014.11.09-00.27.05:261][ 82]LogBlueprintUserMessages: X=1769.576 Y=1347.341 Z=220.000
[2014.11.09-00.27.05:274][ 83]LogBlueprintUserMessages: X=1774.741 Y=1347.342 Z=220.000
[2014.11.09-00.27.05:287][ 84]LogBlueprintUserMessages: X=1774.741 Y=1347.342 Z=220.000
[2014.11.09-00.27.05:300][ 85]LogBlueprintUserMessages: X=1779.906 Y=1337.011 Z=220.000
[2014.11.09-00.27.05:313][ 86]LogBlueprintUserMessages: X=1779.906 Y=1337.011 Z=220.000
[2014.11.09-00.27.05:326][ 87]LogBlueprintUserMessages: X=1779.906 Y=1337.011 Z=220.000
[2014.11.09-00.27.05:338][ 88]LogBlueprintUserMessages: X=1785.071 Y=1331.846 Z=220.000
[2014.11.09-00.27.05:352][ 89]LogBlueprintUserMessages: X=1785.071 Y=1331.846 Z=220.000
[2014.11.09-00.27.05:365][ 90]LogBlueprintUserMessages: X=1790.236 Y=1321.516 Z=220.000
[2014.11.09-00.27.05:378][ 91]LogBlueprintUserMessages: X=1790.236 Y=1321.516 Z=220.000
[2014.11.09-00.27.05:391][ 92]LogBlueprintUserMessages: X=1795.401 Y=1316.351 Z=220.000
[2014.11.09-00.27.05:404][ 93]LogBlueprintUserMessages: X=1800.000 Y=1310.853 Z=218.925
[2014.11.09-00.27.05:417][ 94]LogBlueprintUserMessages: X=1800.000 Y=1299.478 Z=199.090
[2014.11.09-00.27.05:430][ 95]LogBlueprintUserMessages: X=1800.000 Y=1294.256 Z=199.090
[2014.11.09-00.27.05:445][ 96]LogBlueprintUserMessages: X=1800.000 Y=1294.256 Z=199.090
[2014.11.09-00.27.05:459][ 97]LogBlueprintUserMessages: X=1800.000 Y=1285.827 Z=189.016
[2014.11.09-00.27.05:472][ 98]LogBlueprintUserMessages: X=1800.000 Y=1280.577 Z=189.016
[2014.11.09-00.27.05:485][ 99]LogBlueprintUserMessages: X=1800.000 Y=1280.577 Z=189.016
[2014.11.09-00.27.05:499][100]LogBlueprintUserMessages: X=1800.000 Y=1280.577 Z=189.016
[2014.11.09-00.27.05:513][101]LogBlueprintUserMessages: X=1800.000 Y=1280.577 Z=189.016
[2014.11.09-00.27.05:526][102]LogBlueprintUserMessages: X=1800.000 Y=1280.577 Z=189.016
[2014.11.09-00.27.05:539][103]LogBlueprintUserMessages: X=1800.000 Y=1280.577 Z=189.016
[2014.11.09-00.27.05:552][104]LogBlueprintUserMessages: X=1800.000 Y=1280.577 Z=189.016
[2014.11.09-00.27.05:565][105]LogBlueprintUserMessages: X=1800.000 Y=1280.577 Z=189.016
[2014.11.09-00.27.05:579][106]LogBlueprintUserMessages: X=1800.000 Y=1280.577 Z=189.016
[2014.11.09-00.27.05:591][107]LogBlueprintUserMessages: X=1800.000 Y=1280.577 Z=189.016
[2014.11.09-00.27.05:605][108]LogBlueprintUserMessages: X=1800.000 Y=1280.577 Z=189.016
[2014.11.09-00.27.05:618][109]LogBlueprintUserMessages: X=1800.000 Y=1280.577 Z=189.016
[2014.11.09-00.27.05:631][110]LogBlueprintUserMessages: X=1800.000 Y=1280.577 Z=189.016
[2014.11.09-00.27.05:644][111]LogBlueprintUserMessages: X=1800.000 Y=1280.577 Z=189.016
[2014.11.09-00.27.05:657][112]LogBlueprintUserMessages: X=1800.000 Y=1280.577 Z=189.016
[2014.11.09-00.27.05:671][113]LogBlueprintUserMessages: X=1800.000 Y=1280.577 Z=189.016
[2014.11.09-00.27.05:684][114]LogBlueprintUserMessages: X=1800.000 Y=1280.577 Z=189.016
[2014.11.09-00.27.05:698][115]LogBlueprintUserMessages: X=1800.000 Y=1280.577 Z=189.016
[2014.11.09-00.27.05:710][116]LogBlueprintUserMessages: X=1800.000 Y=1280.577 Z=189.016
[2014.11.09-00.27.05:723][117]LogBlueprintUserMessages: X=1800.000 Y=1280.577 Z=189.016
[2014.11.09-00.27.05:736][118]LogBlueprintUserMessages: X=1800.000 Y=1280.577 Z=189.016
[2014.11.09-00.27.05:749][119]LogBlueprintUserMessages: X=1800.000 Y=1280.577 Z=189.016
[2014.11.09-00.27.05:762][120]LogBlueprintUserMessages: X=1800.000 Y=1280.577 Z=189.016
[2014.11.09-00.27.05:776][121]LogBlueprintUserMessages: X=1800.000 Y=1280.577 Z=189.016
[2014.11.09-00.27.05:788][122]LogBlueprintUserMessages: X=1800.000 Y=1280.577 Z=189.016
[2014.11.09-00.27.05:802][123]LogBlueprintUserMessages: X=1800.000 Y=1280.577 Z=189.016
[2014.11.09-00.27.05:815][124]LogBlueprintUserMessages: X=1800.000 Y=1280.577 Z=189.016
[2014.11.09-00.27.05:828][125]LogBlueprintUserMessages: X=1800.000 Y=1280.577 Z=189.016
[2014.11.09-00.27.05:841][126]LogBlueprintUserMessages: X=1800.000 Y=1280.577 Z=189.016
[2014.11.09-00.27.05:855][127]LogBlueprintUserMessages: X=1800.000 Y=1280.577 Z=189.016
[2014.11.09-00.27.05:868][128]LogBlueprintUserMessages: X=1800.000 Y=1274.005 Z=168.547
[2014.11.09-00.27.05:881][129]LogBlueprintUserMessages: X=1800.000 Y=1283.378 Z=147.641
[2014.11.09-00.27.05:894][130]LogBlueprintUserMessages: X=1800.000 Y=1295.095 Z=115.425
[2014.11.09-00.27.05:908][131]LogBlueprintUserMessages: X=1800.000 Y=1296.122 Z=82.139
[2014.11.09-00.27.05:922][132]LogBlueprintUserMessages: X=1800.000 Y=1303.900 Z=70.796
[2014.11.09-00.27.05:936][133]LogBlueprintUserMessages: X=1800.000 Y=1311.765 Z=59.327
[2014.11.09-00.27.05:949][134]LogBlueprintUserMessages: X=1800.000 Y=1313.105 Z=24.133
[2014.11.09-00.27.05:963][135]LogBlueprintUserMessages: X=1803.736 Y=1323.365 Z=20.000
[2014.11.09-00.27.05:977][136]LogBlueprintUserMessages: X=1809.445 Y=1323.365 Z=20.000
[2014.11.09-00.27.05:989][137]LogBlueprintUserMessages: X=1809.445 Y=1323.365 Z=20.000
[2014.11.09-00.27.06:003][138]LogBlueprintUserMessages: X=1809.445 Y=1323.365 Z=20.000
[2014.11.09-00.27.06:016][139]LogBlueprintUserMessages: X=1809.445 Y=1323.365 Z=20.000
[2014.11.09-00.27.06:029][140]LogBlueprintUserMessages: X=1809.445 Y=1323.365 Z=20.000
[2014.11.09-00.27.06:043][141]LogBlueprintUserMessages: X=1809.445 Y=1323.365 Z=20.000
[2014.11.09-00.27.06:055][142]LogBlueprintUserMessages: X=1809.445 Y=1323.365 Z=20.000
[2014.11.09-00.27.06:069][143]LogBlueprintUserMessages: X=1809.445 Y=1323.365 Z=20.000
[2014.11.09-00.27.06:082][144]LogBlueprintUserMessages: X=1809.445 Y=1323.365 Z=20.000
[2014.11.09-00.27.06:096][145]LogBlueprintUserMessages: X=1809.445 Y=1323.365 Z=20.000
[2014.11.09-00.27.06:109][146]LogBlueprintUserMessages: X=1809.445 Y=1323.365 Z=20.000
[2014.11.09-00.27.06:123][147]LogBlueprintUserMessages: X=1809.445 Y=1323.365 Z=20.000
[2014.11.09-00.27.06:136][148]LogBlueprintUserMessages: X=1809.445 Y=1323.365 Z=20.000
[2014.11.09-00.27.06:150][149]LogBlueprintUserMessages: X=1815.154 Y=1317.656 Z=20.000
[2014.11.09-00.27.06:163][150]LogBlueprintUserMessages: X=1820.863 Y=1317.656 Z=20.000
[2014.11.09-00.27.06:177][151]LogBlueprintUserMessages: X=1826.573 Y=1317.656 Z=20.000
[2014.11.09-00.27.06:190][152]LogBlueprintUserMessages: X=1832.282 Y=1317.656 Z=20.000
[2014.11.09-00.27.06:203][153]LogBlueprintUserMessages: X=1832.282 Y=1317.656 Z=20.000
[2014.11.09-00.27.06:216][154]LogBlueprintUserMessages: X=1843.700 Y=1311.947 Z=20.000
[2014.11.09-00.27.06:229][155]LogBlueprintUserMessages: X=1843.700 Y=1311.947 Z=20.000
[2014.11.09-00.27.06:243][156]LogBlueprintUserMessages: X=1843.700 Y=1306.238 Z=20.000
[2014.11.09-00.27.06:256][157]LogBlueprintUserMessages: X=1843.700 Y=1300.529 Z=20.000
[2014.11.09-00.27.07:789][259]LogParticles: Destroying 0 GPU particle simulations for FXSystem 0x0000000018171BC0
[2014.11.09-00.27.09:494][377]LogSlate:Warning: Prevented a slow task dialog from being summoned while a context menu was open
[2014.11.09-00.27.14:267][723]BlueprintLog: New page: Pre-PIE auto-recompile
[2014.11.09-00.27.14:273][723]LogPlayLevel: [PIE] Compiling EpicManLevel before PIE...
[2014.11.09-00.27.14:314][723]LogActorComponent: UnregisterComponent: (/Engine/Transient.CharacterMovementComponent_4) Not registered. Aborting.
[2014.11.09-00.27.14:331][723]LogPlayLevel: PIE:  Blueprint regeneration took 63 ms (1 blueprints)
[2014.11.09-00.27.14:331][723]PIE: New page: PIE session: EpicManLevel (Nov 8, 2014, 8:27:14 AM)
[2014.11.09-00.27.14:342][723]LogPlayLevel: PIE: StaticDuplicateObject took: (0.010934s)
[2014.11.09-00.27.14:342][723]LogPlayLevel: PIE: World Init took: (0.000431s)
[2014.11.09-00.27.14:342][723]LogPlayLevel: PIE: Created PIE world by copying editor world from /Game/Maps/EpicManLevel.EpicManLevel to /Game/Maps/UEDPIE_0_EpicManLevel.EpicManLevel (0.011525s)
[2014.11.09-00.27.14:367][723]LogWorld: Game class is 'MyGame_C'
[2014.11.09-00.27.14:369][723]LogAIModule: Creating AISystem for world EpicManLevel
[2014.11.09-00.27.14:372][723]LogWorld: Bringing World /Game/Maps/UEDPIE_0_EpicManLevel.EpicManLevel up for play (max tick rate 0) at 2014.11.08-16.27.14
[2014.11.09-00.27.14:372][723]LogWorld: Bringing up level for play took: 0.003186
[2014.11.09-00.27.14:521][723]PIE: Info Play in editor start time for /Game/Maps/UEDPIE_0_EpicManLevel -0.209
[2014.11.09-00.27.16:598][856]LogParticles: Destroying 0 GPU particle simulations for FXSystem 0x000000001B807C40
[2014.11.09-00.27.29:564][706]BlueprintLog: New page: Compile GameController
[2014.11.09-00.27.29:610][706]LogActorComponent: UnregisterComponent: (/Engine/Transient.CharacterMovementComponent_5) Not registered. Aborting.
[2014.11.09-00.27.29:635][706]BlueprintEditorCompileResults: Info [0616.43] Compile of GameController successful! [in 4 ms]
[2014.11.09-00.27.30:052][722]Cmd: OBJ SAVEPACKAGE PACKAGE="/Game/Blueprints/GameController" FILE="../../../../../../Users/Maurice/Documents/Unreal Projects/EpicManBP/Content/Blueprints/GameController.uasset" SILENT=true
[2014.11.09-00.27.30:102][722]LogSavePackage: Save=19.828335ms
[2014.11.09-00.27.30:102][722]LogSavePackage: Moving '../../../../../../Users/Maurice/Documents/Unreal Projects/EpicManBP/Saved/GameController3F5F50F547C5EDA52CBC218C816B1B57.tmp' to '../../../../../../Users/Maurice/Documents/Unreal Projects/EpicManBP/Content/Blueprints/GameController.uasset'
[2014.11.09-00.27.35:299][999]BlueprintLog: New page: Pre-PIE auto-recompile
[2014.11.09-00.27.35:305][999]LogPlayLevel: [PIE] Compiling EpicManLevel before PIE...
[2014.11.09-00.27.35:353][999]LogActorComponent: UnregisterComponent: (/Engine/Transient.CharacterMovementComponent_6) Not registered. Aborting.
[2014.11.09-00.27.35:378][999]LogPlayLevel: PIE:  Blueprint regeneration took 79 ms (1 blueprints)
[2014.11.09-00.27.35:378][999]PIE: New page: PIE session: EpicManLevel (Nov 8, 2014, 8:27:35 AM)
[2014.11.09-00.27.35:388][999]LogPlayLevel: PIE: StaticDuplicateObject took: (0.009716s)
[2014.11.09-00.27.35:389][999]LogPlayLevel: PIE: World Init took: (0.000529s)
[2014.11.09-00.27.35:389][999]LogPlayLevel: PIE: Created PIE world by copying editor world from /Game/Maps/EpicManLevel.EpicManLevel to /Game/Maps/UEDPIE_0_EpicManLevel.EpicManLevel (0.010415s)
[2014.11.09-00.27.35:418][999]LogWorld: Game class is 'MyGame_C'
[2014.11.09-00.27.35:419][999]LogAIModule: Creating AISystem for world EpicManLevel
[2014.11.09-00.27.35:422][999]LogWorld: Bringing World /Game/Maps/UEDPIE_0_EpicManLevel.EpicManLevel up for play (max tick rate 0) at 2014.11.08-16.27.35
[2014.11.09-00.27.35:422][999]LogWorld: Bringing up level for play took: 0.003089
[2014.11.09-00.27.35:571][999]PIE: Info Play in editor start time for /Game/Maps/UEDPIE_0_EpicManLevel 0.84
[2014.11.09-00.27.36:457][ 40]Cmd: ToggleSpeaking true 
[2014.11.09-00.27.36:457][ 40]Cmd: OnRelease ToggleSpeaking false
[2014.11.09-00.27.36:622][ 50]Cmd: ToggleSpeaking false
[2014.11.09-00.27.36:718][ 56]Cmd: ToggleSpeaking true 
[2014.11.09-00.27.36:719][ 56]Cmd: OnRelease ToggleSpeaking false
[2014.11.09-00.27.36:815][ 62]Cmd: ToggleSpeaking false
[2014.11.09-00.27.38:524][170]LogBlueprintUserMessages: Fuck You
[2014.11.09-00.27.38:741][184]LogBlueprintUserMessages: Fuck You
[2014.11.09-00.27.39:051][204]LogBlueprintUserMessages: Fuck You
[2014.11.09-00.27.39:499][233]LogBlueprintUserMessages: Fuck You
[2014.11.09-00.27.39:654][243]LogBlueprintUserMessages: Fuck You
[2014.11.09-00.27.39:919][260]LogBlueprintUserMessages: Fuck You
[2014.11.09-00.27.40:534][299]LogBlueprintUserMessages: Fuck You
[2014.11.09-00.27.40:785][315]LogBlueprintUserMessages: Fuck You
[2014.11.09-00.27.40:876][321]LogBlueprintUserMessages: Fuck You
[2014.11.09-00.27.41:001][329]LogBlueprintUserMessages: Fuck You
[2014.11.09-00.27.41:108][336]LogBlueprintUserMessages: Fuck You
[2014.11.09-00.27.41:371][353]LogBlueprintUserMessages: Fuck You
[2014.11.09-00.27.41:466][359]LogBlueprintUserMessages: Fuck You
[2014.11.09-00.27.41:857][384]LogBlueprintUserMessages: Fuck You
[2014.11.09-00.27.42:234][408]LogBlueprintUserMessages: Fuck You
[2014.11.09-00.27.42:466][423]LogBlueprintUserMessages: Fuck You
[2014.11.09-00.27.42:669][436]LogBlueprintUserMessages: Fuck You
[2014.11.09-00.27.42:855][448]LogBlueprintUserMessages: Fuck You
[2014.11.09-00.27.43:062][461]LogBlueprintUserMessages: Fuck You
[2014.11.09-00.27.43:252][473]LogBlueprintUserMessages: Fuck You
[2014.11.09-00.27.43:486][488]LogBlueprintUserMessages: Fuck You
[2014.11.09-00.27.43:722][503]LogBlueprintUserMessages: Fuck You
[2014.11.09-00.27.43:937][517]LogBlueprintUserMessages: Fuck You
[2014.11.09-00.27.44:201][534]LogBlueprintUserMessages: Fuck You
[2014.11.09-00.27.44:380][545]LogBlueprintUserMessages: Fuck You
[2014.11.09-00.27.44:575][557]LogBlueprintUserMessages: Fuck You
[2014.11.09-00.27.44:737][567]LogBlueprintUserMessages: Fuck You
[2014.11.09-00.27.44:921][579]LogBlueprintUserMessages: Fuck You
[2014.11.09-00.27.45:110][591]LogBlueprintUserMessages: Fuck You
[2014.11.09-00.27.45:281][602]LogBlueprintUserMessages: Fuck You
[2014.11.09-00.27.45:484][615]LogBlueprintUserMessages: Fuck You
[2014.11.09-00.27.45:654][626]LogBlueprintUserMessages: Fuck You
[2014.11.09-00.27.45:839][638]LogBlueprintUserMessages: Fuck You
[2014.11.09-00.27.46:043][651]LogBlueprintUserMessages: Fuck You
[2014.11.09-00.27.46:341][670]LogBlueprintUserMessages: Fuck You
[2014.11.09-00.27.46:549][683]LogBlueprintUserMessages: Fuck You
[2014.11.09-00.27.46:722][694]LogBlueprintUserMessages: Fuck You
[2014.11.09-00.27.46:925][707]LogBlueprintUserMessages: Fuck You
[2014.11.09-00.27.47:080][717]LogBlueprintUserMessages: Fuck You
[2014.11.09-00.27.47:314][732]LogBlueprintUserMessages: Fuck You
[2014.11.09-00.27.47:534][746]LogBlueprintUserMessages: Fuck You
[2014.11.09-00.27.47:720][758]LogBlueprintUserMessages: Fuck You
[2014.11.09-00.27.47:874][768]LogBlueprintUserMessages: Fuck You
[2014.11.09-00.27.48:109][783]LogBlueprintUserMessages: Fuck You
[2014.11.09-00.27.48:315][796]LogBlueprintUserMessages: Fuck You
[2014.11.09-00.27.48:490][807]LogBlueprintUserMessages: Fuck You
[2014.11.09-00.27.50:642][937]LogParticles: Destroying 0 GPU particle simulations for FXSystem 0x0000000006D63880
[2014.11.09-00.28.13:146][439]BlueprintLog: New page: Pre-PIE auto-recompile
[2014.11.09-00.28.13:152][439]LogPlayLevel: [PIE] Compiling EpicManLevel before PIE...
[2014.11.09-00.28.13:213][439]LogParticles: Destroying 0 GPU particle simulations for FXSystem 0x000000001983CE00
[2014.11.09-00.28.13:213][439]LogParticles: Destroying 0 GPU particle simulations for FXSystem 0x00000000311D3D80
[2014.11.09-00.28.13:217][439]LogPlayLevel: PIE:  Blueprint regeneration took 70 ms (1 blueprints)
[2014.11.09-00.28.13:217][439]PIE: New page: PIE session: EpicManLevel (Nov 8, 2014, 8:28:13 AM)
[2014.11.09-00.28.13:226][439]LogPlayLevel: PIE: StaticDuplicateObject took: (0.009137s)
[2014.11.09-00.28.13:227][439]LogPlayLevel: PIE: World Init took: (0.000489s)
[2014.11.09-00.28.13:227][439]LogPlayLevel: PIE: Created PIE world by copying editor world from /Game/Maps/EpicManLevel.EpicManLevel to /Game/Maps/UEDPIE_0_EpicManLevel.EpicManLevel (0.009781s)
[2014.11.09-00.28.13:255][439]LogWorld: Game class is 'MyGame_C'
[2014.11.09-00.28.13:256][439]LogAIModule: Creating AISystem for world EpicManLevel
[2014.11.09-00.28.13:259][439]LogWorld: Bringing World /Game/Maps/UEDPIE_0_EpicManLevel.EpicManLevel up for play (max tick rate 0) at 2014.11.08-16.28.13
[2014.11.09-00.28.13:260][439]LogWorld: Bringing up level for play took: 0.003253
[2014.11.09-00.28.13:408][439]PIE: Info Play in editor start time for /Game/Maps/UEDPIE_0_EpicManLevel 0.675
[2014.11.09-00.28.18:297][795]LogParticles: Destroying 0 GPU particle simulations for FXSystem 0x000000002FA0A520
[2014.11.09-00.28.31:995][857]BlueprintLog: New page: Pre-PIE auto-recompile
[2014.11.09-00.28.32:001][857]LogPlayLevel: [PIE] Compiling EpicManLevel before PIE...
[2014.11.09-00.28.32:057][857]LogPlayLevel: PIE:  Blueprint regeneration took 61 ms (1 blueprints)
[2014.11.09-00.28.32:057][857]PIE: New page: PIE session: EpicManLevel (Nov 8, 2014, 8:28:32 AM)
[2014.11.09-00.28.32:067][857]LogPlayLevel: PIE: StaticDuplicateObject took: (0.009204s)
[2014.11.09-00.28.32:067][857]LogPlayLevel: PIE: World Init took: (0.000452s)
[2014.11.09-00.28.32:067][857]LogPlayLevel: PIE: Created PIE world by copying editor world from /Game/Maps/EpicManLevel.EpicManLevel to /Game/Maps/UEDPIE_0_EpicManLevel.EpicManLevel (0.009812s)
[2014.11.09-00.28.32:094][857]LogWorld: Game class is 'MyGame_C'
[2014.11.09-00.28.32:095][857]LogAIModule: Creating AISystem for world EpicManLevel
[2014.11.09-00.28.32:098][857]LogWorld: Bringing World /Game/Maps/UEDPIE_0_EpicManLevel.EpicManLevel up for play (max tick rate 0) at 2014.11.08-16.28.32
[2014.11.09-00.28.32:098][857]LogWorld: Bringing up level for play took: 0.003044
[2014.11.09-00.28.32:246][857]PIE: Info Play in editor start time for /Game/Maps/UEDPIE_0_EpicManLevel -0.487
[2014.11.09-00.28.43:228][637]LogParticles: Destroying 0 GPU particle simulations for FXSystem 0x000000002CD174C0
[2014.11.09-00.28.45:900][832]BlueprintLog: New page: Pre-PIE auto-recompile
[2014.11.09-00.28.45:906][832]LogPlayLevel: [PIE] Compiling EpicManLevel before PIE...
[2014.11.09-00.28.45:963][832]LogPlayLevel: PIE:  Blueprint regeneration took 63 ms (1 blueprints)
[2014.11.09-00.28.45:964][832]PIE: New page: PIE session: EpicManLevel (Nov 8, 2014, 8:28:45 AM)
[2014.11.09-00.28.45:974][832]LogPlayLevel: PIE: StaticDuplicateObject took: (0.010089s)
[2014.11.09-00.28.45:974][832]LogPlayLevel: PIE: World Init took: (0.000475s)
[2014.11.09-00.28.45:974][832]LogPlayLevel: PIE: Created PIE world by copying editor world from /Game/Maps/EpicManLevel.EpicManLevel to /Game/Maps/UEDPIE_0_EpicManLevel.EpicManLevel (0.010725s)
[2014.11.09-00.28.45:999][832]LogWorld: Game class is 'MyGame_C'
[2014.11.09-00.28.46:001][832]LogAIModule: Creating AISystem for world EpicManLevel
[2014.11.09-00.28.46:004][832]LogWorld: Bringing World /Game/Maps/UEDPIE_0_EpicManLevel.EpicManLevel up for play (max tick rate 0) at 2014.11.08-16.28.46
[2014.11.09-00.28.46:004][832]LogWorld: Bringing up level for play took: 0.003377
[2014.11.09-00.28.46:153][832]PIE: Info Play in editor start time for /Game/Maps/UEDPIE_0_EpicManLevel -0.58
[2014.11.09-00.28.58:622][745]LogParticles: Destroying 0 GPU particle simulations for FXSystem 0x000000002CD15620
[2014.11.09-00.29.03:000][ 20]LogSavePackage: Save=309.259064ms
[2014.11.09-00.29.03:000][ 20]LogSavePackage: Moving '../../../../../../Users/Maurice/Documents/Unreal Projects/EpicManBP/Saved/EpicManLevel9F39ADD54DC043C95E292DA55CDE2977.tmp' to '../../../../../../Users/Maurice/Documents/Unreal Projects/EpicManBP/Content/Maps/EpicManLevel.umap'
[2014.11.09-00.39.03:181][ 36]LogFileHelpers: Editor autosave (incl. sublevels) for '/Game/Maps/EpicManLevel' took 0.021
[2014.11.09-00.39.03:223][ 36]OBJ SavePackage: Generating thumbnails for [0] asset(s) in package [/Game/Blueprints/MyGame] ([1] browsable assets)...
[2014.11.09-00.39.03:232][ 36]OBJ SavePackage: Finished generating thumbnails for package [/Game/Blueprints/MyGame]
[2014.11.09-00.39.03:308][ 36]LogSavePackage: Save=26.377306ms
[2014.11.09-00.39.03:308][ 36]LogSavePackage: Moving '../../../../../../Users/Maurice/Documents/Unreal Projects/EpicManBP/Saved/MyGame_Auto1DE13FEFB442FF5FAD8C1C2AE4E6BB1A3.tmp' to '../../../../../../Users/Maurice/Documents/Unreal Projects/EpicManBP/Saved/Autosaves/Game/Blueprints/MyGame_Auto1.uasset'
[2014.11.09-00.39.03:314][ 36]LogFileHelpers: Auto-saving content packages took 0.133
[2014.11.09-00.52.54:773][ 34]LogActorComponent: UnregisterComponent: (/Engine/Transient.CharacterMovementComponent_7) Not registered. Aborting.
[2014.11.09-00.53.05:452][ 35]Cmd: QUIT_EDITOR
[2014.11.09-00.53.05:718][ 35]LogExit: Preparing to exit.
[2014.11.09-00.53.06:313][ 35]LogExit: Editor shut down
[2014.11.09-00.53.06:313][ 35]LogExit: Transaction tracking system shut down
[2014.11.09-00.53.06:313][ 35]LogParticles: Destroying 0 GPU particle simulations for FXSystem 0x000000000B6751C0
[2014.11.09-00.53.06:313][ 35]LogParticles: Destroying 0 GPU particle simulations for FXSystem 0x000000000B675260
[2014.11.09-00.53.06:314][ 35]LogParticles: Destroying 0 GPU particle simulations for FXSystem 0x000000000CD34EA0
[2014.11.09-00.53.06:341][ 35]LogParticles: Destroying 0 GPU particle simulations for FXSystem 0x000000001F2F98A0
[2014.11.09-00.53.06:341][ 35]LogExit: Object subsystem successfully closed.
[2014.11.09-00.53.06:390][ 35]LogModuleManager: Shutting down and abandoning module ExternalImagePicker (167)
[2014.11.09-00.53.06:390][ 35]LogModuleManager: Shutting down and abandoning module AndroidDeviceDetection (166)
[2014.11.09-00.53.06:390][ 35]LogModuleManager: Shutting down and abandoning module CrashTracker (165)
[2014.11.09-00.53.06:390][ 35]LogModuleManager: Shutting down and abandoning module SuperSearch (164)
[2014.11.09-00.53.06:390][ 35]LogModuleManager: Shutting down and abandoning module SceneOutliner (163)
[2014.11.09-00.53.06:390][ 35]LogModuleManager: Shutting down and abandoning module EditorWidgets (162)
[2014.11.09-00.53.06:390][ 35]LogModuleManager: Shutting down and abandoning module CollectionManager (161)
[2014.11.09-00.53.06:390][ 35]LogModuleManager: Shutting down and abandoning module StatsViewer (160)
[2014.11.09-00.53.06:390][ 35]LogModuleManager: Shutting down and abandoning module FoliageEdit (159)
[2014.11.09-00.53.06:390][ 35]LogModuleManager: Shutting down and abandoning module LandscapeEditor (158)
[2014.11.09-00.53.06:390][ 35]LogModuleManager: Shutting down and abandoning module MeshPaint (157)
[2014.11.09-00.53.06:390][ 35]LogModuleManager: Shutting down and abandoning module ActorPickerMode (156)
[2014.11.09-00.53.06:390][ 35]LogModuleManager: Shutting down and abandoning module GeometryMode (155)
[2014.11.09-00.53.06:390][ 35]LogModuleManager: Shutting down and abandoning module TextureAlignMode (154)
[2014.11.09-00.53.06:390][ 35]LogModuleManager: Shutting down and abandoning module BspMode (153)
[2014.11.09-00.53.06:390][ 35]LogModuleManager: Shutting down and abandoning module PlacementMode (152)
[2014.11.09-00.53.06:390][ 35]LogModuleManager: Shutting down and abandoning module AutomationWorker (151)
[2014.11.09-00.53.06:390][ 35]LogModuleManager: Shutting down and abandoning module CharacterAI (150)
[2014.11.09-00.53.06:390][ 35]LogModuleManager: Shutting down and abandoning module GameProjectGeneration (149)
[2014.11.09-00.53.06:390][ 35]LogModuleManager: Shutting down and abandoning module IntroTutorials (148)
[2014.11.09-00.53.06:390][ 35]LogModuleManager: Shutting down and abandoning module EditorLiveStreaming (147)
[2014.11.09-00.53.06:390][ 35]LogModuleManager: Shutting down and abandoning module HardwareTargeting (146)
[2014.11.09-00.53.06:390][ 35]LogModuleManager: Shutting down and abandoning module BehaviorTreeEditor (145)
[2014.11.09-00.53.06:390][ 35]LogModuleManager: Shutting down and abandoning module DeviceProfileEditor (144)
[2014.11.09-00.53.06:390][ 35]LogModuleManager: Shutting down and abandoning module UndoHistory (143)
[2014.11.09-00.53.06:390][ 35]LogModuleManager: Shutting down and abandoning module GameplayTagsEditor (142)
[2014.11.09-00.53.06:390][ 35]LogModuleManager: Shutting down and abandoning module UserFeedback (141)
[2014.11.09-00.53.06:390][ 35]LogModuleManager: Shutting down and abandoning module XmlParser (140)
[2014.11.09-00.53.06:390][ 35]LogModuleManager: Shutting down and abandoning module Blutility (139)
[2014.11.09-00.53.06:390][ 35]LogModuleManager: Shutting down and abandoning module IOSPlatformEditor (138)
[2014.11.09-00.53.06:390][ 35]LogModuleManager: Shutting down and abandoning module IOSRuntimeSettings (137)
[2014.11.09-00.53.06:390][ 35]LogModuleManager: Shutting down and abandoning module AndroidPlatformEditor (136)
[2014.11.09-00.53.06:390][ 35]LogModuleManager: Shutting down and abandoning module AndroidRuntimeSettings (135)
[2014.11.09-00.53.06:390][ 35]LogModuleManager: Shutting down and abandoning module ProjectTargetPlatformEditor (134)
[2014.11.09-00.53.06:391][ 35]LogModuleManager: Shutting down and abandoning module ProjectSettingsViewer (133)
[2014.11.09-00.53.06:391][ 35]LogModuleManager: Shutting down and abandoning module InputBindingEditor (132)
[2014.11.09-00.53.06:391][ 35]LogModuleManager: Shutting down and abandoning module EditorSettingsViewer (131)
[2014.11.09-00.53.06:391][ 35]LogModuleManager: Shutting down and abandoning module SettingsEditor (130)
[2014.11.09-00.53.06:391][ 35]LogModuleManager: Shutting down and abandoning module ProjectLauncher (129)
[2014.11.09-00.53.06:391][ 35]LogModuleManager: Shutting down and abandoning module SessionFrontend (128)
[2014.11.09-00.53.06:391][ 35]LogModuleManager: Shutting down and abandoning module ProfilerClient (127)
[2014.11.09-00.53.06:391][ 35]LogModuleManager: Shutting down and abandoning module TargetDeviceServices (126)
[2014.11.09-00.53.06:391][ 35]LogModuleManager: Shutting down and abandoning module DeviceManager (125)
[2014.11.09-00.53.06:391][ 35]LogModuleManager: Shutting down and abandoning module AutomationController (124)
[2014.11.09-00.53.06:391][ 35]LogModuleManager: Shutting down and abandoning module AutomationWindow (123)
[2014.11.09-00.53.06:391][ 35]LogModuleManager: Shutting down and abandoning module Layers (122)
[2014.11.09-00.53.06:391][ 35]LogModuleManager: Shutting down and abandoning module ComponentVisualizers (121)
[2014.11.09-00.53.06:391][ 35]LogModuleManager: Shutting down and abandoning module DetailCustomizations (120)
[2014.11.09-00.53.06:391][ 35]LogModuleManager: Shutting down and abandoning module PackagesDialog (119)
[2014.11.09-00.53.06:391][ 35]LogModuleManager: Shutting down and abandoning module AssetRegistry (118)
[2014.11.09-00.53.06:497][ 35]LogModuleManager: Shutting down and abandoning module Persona (117)
[2014.11.09-00.53.06:497][ 35]LogModuleManager: Shutting down and abandoning module Kismet (116)
[2014.11.09-00.53.06:497][ 35]LogModuleManager: Shutting down and abandoning module GraphEditor (115)
[2014.11.09-00.53.06:497][ 35]LogModuleManager: Shutting down and abandoning module ClassViewer (114)
[2014.11.09-00.53.06:497][ 35]LogModuleManager: Shutting down and abandoning module Toolbox (113)
[2014.11.09-00.53.06:497][ 35]LogModuleManager: Shutting down and abandoning module ModuleUI (112)
[2014.11.09-00.53.06:497][ 35]LogModuleManager: Shutting down and abandoning module MovieSceneTools (111)
[2014.11.09-00.53.06:497][ 35]LogModuleManager: Shutting down and abandoning module OutputLog (110)
[2014.11.09-00.53.06:497][ 35]LogModuleManager: Shutting down and abandoning module GammaUI (109)
[2014.11.09-00.53.06:497][ 35]LogModuleManager: Shutting down and abandoning module Documentation (108)
[2014.11.09-00.53.06:497][ 35]LogModuleManager: Shutting down and abandoning module GameLiveStreaming (107)
[2014.11.09-00.53.06:497][ 35]LogModuleManager: Shutting down and abandoning module StreamingPauseRendering (106)
[2014.11.09-00.53.06:497][ 35]LogModuleManager: Shutting down and abandoning module HTTP (105)
[2014.11.09-00.53.06:497][ 35]LogModuleManager: Shutting down and abandoning module AnalyticsET (104)
[2014.11.09-00.53.06:497][ 35]LogModuleManager: Shutting down and abandoning module Analytics (103)
[2014.11.09-00.53.06:497][ 35]LogModuleManager: Shutting down and abandoning module GameplayDebugger (102)
[2014.11.09-00.53.06:497][ 35]LogModuleManager: Shutting down and abandoning module AIModule (101)
[2014.11.09-00.53.06:497][ 35]LogModuleManager: Shutting down and abandoning module ProfilerService (100)
[2014.11.09-00.53.06:595][ 35]LogModuleManager: Shutting down and abandoning module TaskGraph (99)
[2014.11.09-00.53.06:595][ 35]LogModuleManager: Shutting down and abandoning module SlateRemote (98)
[2014.11.09-00.53.06:595][ 35]LogModuleManager: Shutting down and abandoning module ScriptEditorPlugin (97)
[2014.11.09-00.53.06:595][ 35]LogModuleManager: Shutting down and abandoning module CustomMeshComponent (96)
[2014.11.09-00.53.06:595][ 35]LogModuleManager: Shutting down and abandoning module CableComponent (95)
[2014.11.09-00.53.06:595][ 35]LogModuleManager: Shutting down and abandoning module MessagingDebugger (94)
[2014.11.09-00.53.06:595][ 35]LogModuleManager: Shutting down and abandoning module MediaPlayerEditor (93)
[2014.11.09-00.53.06:595][ 35]LogModuleManager: Shutting down and abandoning module SpeedTreeImporter (92)
[2014.11.09-00.53.06:595][ 35]LogModuleManager: Shutting down and abandoning module PluginsEditor (91)
[2014.11.09-00.53.06:595][ 35]LogModuleManager: Shutting down and abandoning module EpicSurvey (90)
[2014.11.09-00.53.06:595][ 35]LogModuleManager: Shutting down and abandoning module DesktopPlatform (89)
[2014.11.09-00.53.06:595][ 35]LogModuleManager: Shutting down and abandoning module VisualStudioSourceCodeAccess (88)
[2014.11.09-00.53.06:595][ 35]LogModuleManager: Shutting down and abandoning module UObjectPlugin (87)
[2014.11.09-00.53.06:595][ 35]LogModuleManager: Shutting down and abandoning module SubversionSourceControl (86)
[2014.11.09-00.53.06:595][ 35]LogModuleManager: Shutting down and abandoning module SourceControl (85)
[2014.11.09-00.53.06:595][ 35]LogModuleManager: Shutting down and abandoning module PerforceSourceControl (84)
[2014.11.09-00.53.06:595][ 35]LogModuleManager: Shutting down and abandoning module BlankPlugin (83)
[2014.11.09-00.53.06:595][ 35]LogModuleManager: Shutting down and abandoning module SlateReflector (82)
[2014.11.09-00.53.06:595][ 35]LogModuleManager: Shutting down and abandoning module DirectoryWatcher (81)
[2014.11.09-00.53.06:595][ 35]LogModuleManager: Shutting down and abandoning module HotReload (80)
[2014.11.09-00.53.06:595][ 35]LogModuleManager: Shutting down and abandoning module MainFrame (79)
[2014.11.09-00.53.06:595][ 35]LogModuleManager: Shutting down and abandoning module LevelEditor (78)
[2014.11.09-00.53.06:596][ 35]LogModuleManager: Shutting down and abandoning module ViewportSnapping (77)
[2014.11.09-00.53.06:596][ 35]LogModuleManager: Shutting down and abandoning module SmartSnapping (76)
[2014.11.09-00.53.06:596][ 35]LogModuleManager: Shutting down and abandoning module PaperTiledImporter (75)
[2014.11.09-00.53.06:596][ 35]LogModuleManager: Shutting down and abandoning module PaperJsonImporter (74)
[2014.11.09-00.53.06:596][ 35]LogModuleManager: Shutting down and abandoning module ContentBrowser (73)
[2014.11.09-00.53.06:596][ 35]LogModuleManager: Shutting down and abandoning module PropertyEditor (72)
[2014.11.09-00.53.06:596][ 35]LogModuleManager: Shutting down and abandoning module Paper2DEditor (71)
[2014.11.09-00.53.06:596][ 35]LogModuleManager: Shutting down and abandoning module ScriptPlugin (70)
[2014.11.09-00.53.06:596][ 35]LogModuleManager: Shutting down and abandoning module UdpMessaging (69)
[2014.11.09-00.53.06:696][ 35]LogModuleManager: Shutting down and abandoning module Paper2D (68)
[2014.11.09-00.53.06:696][ 35]LogModuleManager: Shutting down and abandoning module WindowsMoviePlayer (67)
[2014.11.09-00.53.06:698][ 35]LogModuleManager: Shutting down and abandoning module Media (66)
[2014.11.09-00.53.06:698][ 35]LogModuleManager: Shutting down and abandoning module WmfMedia (65)
[2014.11.09-00.53.06:698][ 35]LogModuleManager: Shutting down and abandoning module OnlineBlueprintSupport (64)
[2014.11.09-00.53.06:698][ 35]LogModuleManager: Shutting down and abandoning module FunctionalTesting (63)
[2014.11.09-00.53.06:698][ 35]LogModuleManager: Shutting down and abandoning module CollisionAnalyzer (62)
[2014.11.09-00.53.06:698][ 35]LogModuleManager: Shutting down and abandoning module WorkspaceMenuStructure (61)
[2014.11.09-00.53.06:699][ 35]LogModuleManager: Shutting down and abandoning module MessageLog (60)
[2014.11.09-00.53.06:699][ 35]LogModuleManager: Shutting down and abandoning module Sequencer (59)
[2014.11.09-00.53.06:699][ 35]LogModuleManager: Shutting down and abandoning module AssetTools (58)
[2014.11.09-00.53.06:699][ 35]LogModuleManager: Shutting down and abandoning module UMGEditor (57)
[2014.11.09-00.53.06:699][ 35]LogModuleManager: Shutting down and abandoning module UMG (56)
[2014.11.09-00.53.06:699][ 35]LogModuleManager: Shutting down and abandoning module Slate (55)
[2014.11.09-00.53.06:699][ 35]LogModuleManager: Shutting down and abandoning module EditorStyle (54)
[2014.11.09-00.53.06:700][ 35]LogModuleManager: Shutting down and abandoning module SessionServices (53)
[2014.11.09-00.53.06:700][ 35]LogModuleManager: Shutting down and abandoning module SourceCodeAccess (52)
[2014.11.09-00.53.06:700][ 35]LogModuleManager: Shutting down and abandoning module HeadMountedDisplay (51)
[2014.11.09-00.53.06:700][ 35]LogModuleManager: Shutting down and abandoning module XAudio2 (50)
[2014.11.09-00.53.06:700][ 35]LogModuleManager: Shutting down and abandoning module Networking (48)
[2014.11.09-00.53.06:700][ 35]LogModuleManager: Shutting down and abandoning module Core (47)
[2014.11.09-00.53.06:700][ 35]LogModuleManager: Shutting down and abandoning module KismetCompiler (46)
[2014.11.09-00.53.06:700][ 35]LogModuleManager: Shutting down and abandoning module PhysXFormats (45)
[2014.11.09-00.53.06:700][ 35]LogModuleManager: Shutting down and abandoning module MeshUtilities (44)
[2014.11.09-00.53.06:700][ 35]LogModuleManager: Shutting down and abandoning module DerivedDataCache (43)
[2014.11.09-00.53.06:730][ 35]LogDerivedDataCache: Shutdown
[2014.11.09-00.53.06:730][ 35]LogModuleManager: Shutting down and abandoning module ShaderFormatOpenGL (42)
[2014.11.09-00.53.06:730][ 35]LogModuleManager: Shutting down and abandoning module ShaderFormatD3D (41)
[2014.11.09-00.53.06:730][ 35]LogModuleManager: Shutting down and abandoning module MetalShaderFormat (40)
[2014.11.09-00.53.06:730][ 35]LogModuleManager: Shutting down and abandoning module TextureFormatUncompressed (39)
[2014.11.09-00.53.06:730][ 35]LogModuleManager: Shutting down and abandoning module TextureFormatPVR (38)
[2014.11.09-00.53.06:730][ 35]LogModuleManager: Shutting down and abandoning module TextureFormatDXT (37)
[2014.11.09-00.53.06:730][ 35]LogModuleManager: Shutting down and abandoning module TextureFormatAndroid (36)
[2014.11.09-00.53.06:730][ 35]LogModuleManager: Shutting down and abandoning module AudioFormatOpus (35)
[2014.11.09-00.53.06:730][ 35]LogModuleManager: Shutting down and abandoning module AudioFormatOgg (34)
[2014.11.09-00.53.06:730][ 35]LogModuleManager: Shutting down and abandoning module AudioFormatADPCM (33)
[2014.11.09-00.53.06:730][ 35]LogModuleManager: Shutting down and abandoning module Messaging (32)
[2014.11.09-00.53.06:730][ 35]LogModuleManager: Shutting down and abandoning module IOSTargetPlatform (31)
[2014.11.09-00.53.06:730][ 35]LogModuleManager: Shutting down and abandoning module Android_PVRTCTargetPlatform (30)
[2014.11.09-00.53.06:730][ 35]LogModuleManager: Shutting down and abandoning module Android_ETC2TargetPlatform (29)
[2014.11.09-00.53.06:730][ 35]LogModuleManager: Shutting down and abandoning module Android_ETC1TargetPlatform (28)
[2014.11.09-00.53.06:730][ 35]LogModuleManager: Shutting down and abandoning module Android_DXTTargetPlatform (27)
[2014.11.09-00.53.06:730][ 35]LogModuleManager: Shutting down and abandoning module Android_ATCTargetPlatform (26)
[2014.11.09-00.53.06:730][ 35]LogModuleManager: Shutting down and abandoning module AndroidTargetPlatform (25)
[2014.11.09-00.53.06:730][ 35]LogModuleManager: Shutting down and abandoning module WindowsTargetPlatform (24)
[2014.11.09-00.53.06:730][ 35]LogModuleManager: Shutting down and abandoning module WindowsServerTargetPlatform (23)
[2014.11.09-00.53.06:730][ 35]LogModuleManager: Shutting down and abandoning module WindowsNoEditorTargetPlatform (22)
[2014.11.09-00.53.06:730][ 35]LogModuleManager: Shutting down and abandoning module WindowsClientTargetPlatform (21)
[2014.11.09-00.53.06:730][ 35]LogModuleManager: Shutting down and abandoning module TargetPlatform (20)
[2014.11.09-00.53.06:730][ 35]LogModuleManager: Shutting down and abandoning module InputCore (19)
[2014.11.09-00.53.06:730][ 35]LogModuleManager: Shutting down and abandoning module Settings (18)
[2014.11.09-00.53.06:730][ 35]LogModuleManager: Shutting down and abandoning module ImageWrapper (17)
[2014.11.09-00.53.06:730][ 35]LogModuleManager: Shutting down and abandoning module OculusRift (14)
[2014.11.09-00.53.06:730][ 35]LogModuleManager: Shutting down and abandoning module ExampleDeviceProfileSelector (13)
[2014.11.09-00.53.06:730][ 35]LogModuleManager: Shutting down and abandoning module TextureCompressor (12)
[2014.11.09-00.53.06:730][ 35]LogModuleManager: Shutting down and abandoning module ShaderCore (11)
[2014.11.09-00.53.06:730][ 35]LogModuleManager: Shutting down and abandoning module SlateRHIRenderer (10)
[2014.11.09-00.53.06:732][ 35]LogModuleManager: Shutting down and abandoning module OpenGLDrv (9)
[2014.11.09-00.53.06:732][ 35]LogModuleManager: Shutting down and abandoning module D3D11RHI (8)
[2014.11.09-00.53.06:732][ 35]LogModuleManager: Shutting down and abandoning module Renderer (7)
[2014.11.09-00.53.06:732][ 35]LogModuleManager: Shutting down and abandoning module Engine (6)
[2014.11.09-00.53.06:732][ 35]LogModuleManager: Shutting down and abandoning module CoreUObject (5)
[2014.11.09-00.53.06:732][ 35]LogModuleManager: Shutting down and abandoning module NetworkFile (4)
[2014.11.09-00.53.06:732][ 35]LogModuleManager: Shutting down and abandoning module StreamingFile (3)
[2014.11.09-00.53.06:732][ 35]LogModuleManager: Shutting down and abandoning module SandboxFile (2)
[2014.11.09-00.53.06:732][ 35]LogModuleManager: Shutting down and abandoning module PakFile (1)
[2014.11.09-00.53.06:733][ 35]LogExit: Exiting.
[2014.11.09-00.53.06:736][ 35]Log file closed, 11/08/14 16:53:06
