Log file open, 12/01/14 15:49:53
LogInit:Display: Running engine for game: EpicManBP
LogInit: Version: 4.5.1-2336687+++depot+UE4-Releases+4.5
LogInit: API Version: 2326478
LogInit: Compiled (64-bit): Oct 21 2014 22:32:40
LogInit: Compiled with Visual C++: 18.00.21005.01
LogInit: Build Configuration: Development
LogInit: Branch Name: ++depot+UE4-Releases+4.5
LogInit: Command line:  
LogInit: Base directory: C:/Program Files/Unreal Engine/4.5/Engine/Binaries/Win64/
LogInit: Rocket: 1
[2014.12.01-23.49.53:176][  0]LogTaskGraph: Started task graph with 3 named threads and 4 total threads.
[2014.12.01-23.49.53:206][  0]LogOnline:Warning: No default platform service specified for OnlineSubsystem
[2014.12.01-23.49.53:269][  0]LogInit: Presizing for 0 objects not considered by GC, pre-allocating 0 bytes.
[2014.12.01-23.49.53:283][  0]LogInit: Object subsystem initialized
[2014.12.01-23.49.53:295][  0]LogConsoleResponse:Warning: Skipping Unknown console variable: 'UIScaleRule = ShortestSide'
[2014.12.01-23.49.53:295][  0]LogConsoleResponse:Warning:   Found in ini file 'C:/Users/Maurice/Documents/Unreal Projects/EpicManBP/Saved/Config/Windows/Engine.ini', in section '[/Script/Engine.RendererSettings]'
[2014.12.01-23.49.53:295][  0]LogConsoleResponse:Warning: Skipping Unknown console variable: 'UIScaleCurve = (EditorCurveData=(Keys=((Time=480.000000,Value=0.444000),(Time=720.000000,Value=0.666000),(Time=1080.000000,Value=1.000000),(Time=8640.000000,Value=8.000000))),ExternalCurve=None)'
[2014.12.01-23.49.53:295][  0]LogConsoleResponse:Warning:   Found in ini file 'C:/Users/Maurice/Documents/Unreal Projects/EpicManBP/Saved/Config/Windows/Engine.ini', in section '[/Script/Engine.RendererSettings]'
[2014.12.01-23.49.53:300][  0]LogInit: Selected Device Profile: [Windows]
[2014.12.01-23.49.53:300][  0]LogInit: Applying CVar settings loaded from the selected device profile: [Windows]
[2014.12.01-23.49.53:311][  0]LogInit: Computer: XPS3
[2014.12.01-23.49.53:311][  0]LogInit: User: Maurice
[2014.12.01-23.49.53:312][  0]LogInit: CPU Page size=4096, Cores=4
[2014.12.01-23.49.53:312][  0]LogInit: High frequency timer resolution =3.312724 MHz
[2014.12.01-23.49.53:312][  0]LogMemory: Memory total: Physical=24.0GB (24GB approx) Virtual=8192.0GB
[2014.12.01-23.49.53:312][  0]LogMemory: Platform Memory Stats for Windows
[2014.12.01-23.49.53:312][  0]LogMemory: Process Physical Memory: 75.34 MB used, 75.34 MB peak
[2014.12.01-23.49.53:312][  0]LogMemory: Process Virtual Memory: 50.64 MB used, 50.64 MB peak
[2014.12.01-23.49.53:312][  0]LogMemory: Physical Memory: 3397.07 MB used, 24527.21 MB total
[2014.12.01-23.49.53:312][  0]LogMemory: Virtual Memory: 284.59 MB used, 8388608.00 MB total
[2014.12.01-23.49.53:344][  0]LogD3D11RHI: Found D3D11 adapter 0: NVIDIA GeForce GTX 660 (Feature Level 11_0)
[2014.12.01-23.49.53:344][  0]LogD3D11RHI: Adapter has 1484MB of dedicated video memory, 0MB of dedicated system memory, and 2560MB of shared system memory, 2 output[s]
[2014.12.01-23.49.53:344][  0]LogD3D11RHI: Chosen D3D11 Adapter Id = 0
[2014.12.01-23.49.53:346][  0]LogRHI: Texture pool is 1039 MB (70% of 1484 MB)
[2014.12.01-23.49.53:350][  0]LogD3D11RHI: Async texture creation enabled
[2014.12.01-23.49.53:573][  0]LogTextLocalizationManager: The requested culture ('en_US') has no localization data; parent culture's ('en') localization data will be used.
[2014.12.01-23.49.53:692][  0]LogContentStreaming: Texture pool size is 0.000000MB
[2014.12.01-23.49.58:142][  0]LogTargetPlatformManager:Display: Building Assets For Windows
[2014.12.01-23.49.58:565][  0]LogTargetPlatformManager:Display: Building Assets For Windows
[2014.12.01-23.49.58:614][  0]LogDerivedDataCache:Display: Max Cache Size: 512 MB
[2014.12.01-23.49.58:756][  0]LogDerivedDataCache: Loaded boot cache 0.14s 52MB C:/Users/Maurice/AppData/Local/UnrealEngine/4.5/DerivedDataCache/Boot.ddc.
[2014.12.01-23.49.58:756][  0]LogDerivedDataCache:Display: Loaded Boot cache: C:/Users/Maurice/AppData/Local/UnrealEngine/4.5/DerivedDataCache/Boot.ddc
[2014.12.01-23.49.58:756][  0]LogDerivedDataCache: FDerivedDataBackendGraph:  Pak pak cache file ../../../../../../Users/Maurice/Documents/Unreal Projects/EpicManBP/DerivedDataCache/DDC.ddp not found, will not use a pak cache.
[2014.12.01-23.49.58:756][  0]LogDerivedDataCache: Unable to find inner node Pak for hierarchical cache Hierarchy.
[2014.12.01-23.49.58:811][  0]LogDerivedDataCache:Display: Pak cache opened for reading ../../../Engine/DerivedDataCache/DDC.ddp.
[2014.12.01-23.49.58:822][  0]LogDerivedDataCache: Using Local data cache path C:/Users/Maurice/AppData/Local/UnrealEngine/Common/DerivedDataCache: Writable
[2014.12.01-23.50.00:501][  0]LogMeshUtilities: No automatic mesh reduction module available
[2014.12.01-23.50.00:501][  0]LogMeshUtilities: No automatic mesh merging module available
[2014.12.01-23.50.00:805][  0]LogLinker:Warning: Asset '../../../Engine/Content/Functions/Engine_MaterialFunctions02/Texturing/FlipBook.uasset' has been saved with empty engine version. The asset will be loaded but may be incompatible.
[2014.12.01-23.50.00:815][  0]LogLinker:Warning: Asset '../../../Engine/Content/Functions/Engine_MaterialFunctions02/ExampleContent/Textures/flipbook.uasset' has been saved with empty engine version. The asset will be loaded but may be incompatible.
[2014.12.01-23.50.01:128][  0]LogInit: WinSock: version 1.1 (2.2), MaxSocks=32767, MaxUdp=65467
[2014.12.01-23.50.02:945][  0]UdpMessaging: Initializing bridge on interface 0.0.0.0:0 to multicast group 230.0.0.1:6666.
[2014.12.01-23.50.03:120][  0]LogDirectoryWatcher:Warning: Failed to begin reading directory changes for C:/Users/Maurice/Documents/Unreal Projects/EpicManBP/Binaries/Win64. Error: 0
[2014.12.01-23.50.03:296][  0]SourceControl: Info Source control is disabled
[2014.12.01-23.50.03:296][  0]SourceControl: Info Source control is disabled
[2014.12.01-23.50.03:300][  0]SourceControl: Info Source control is disabled
[2014.12.01-23.50.03:408][  0]LogObj: 22915 objects as part of root set at end of initial load.
[2014.12.01-23.50.03:408][  0]LogUObjectAllocator: 4803536 out of 0 bytes used by permanent object pool.
[2014.12.01-23.50.03:473][  0]LogEngine: Initializing Engine...
[2014.12.01-23.50.03:628][  0]LogInit: XAudio2 using 'Speakers (High Definition Audio Device)' : 2 channels at 44.1 kHz using 16 bits per sample (channel mask 0x3)
[2014.12.01-23.50.03:667][  0]LogInit: FAudioDevice initialized.
[2014.12.01-23.50.03:736][  0]LogAIModule: Creating AISystem for world NewWorld
[2014.12.01-23.50.03:767][  0]LogDerivedDataCache: Saved boot cache 0.03s 39MB C:/Users/Maurice/AppData/Local/UnrealEngine/4.5/DerivedDataCache/Boot.ddc.
[2014.12.01-23.50.03:771][  0]LogInit: Texture streaming: Enabled
[2014.12.01-23.50.03:804][  0]LogInit: Transaction tracking system initialized
[2014.12.01-23.50.03:875][  0]BlueprintLog: New page: Editor Load
[2014.12.01-23.50.03:906][  0]LogAssetRegistry: FAssetRegistry took 0.0111 seconds to start up
[2014.12.01-23.50.03:906][  0]LogDirectoryWatcher:Warning: Failed to begin reading directory changes for ../../../Engine/Plugins/Experimental/CharacterAI/Content/. Error: 0
[2014.12.01-23.50.04:251][  0]LogTargetPlatformManager:Display: Building Assets For Windows
[2014.12.01-23.50.04:466][  0]LogTargetPlatformManager:Display: Building Assets For Windows
[2014.12.01-23.50.04:666][  0]LogConsoleResponse:Display: 
[2014.12.01-23.50.04:959][  0]SourceControl: Info Source control is disabled
[2014.12.01-23.50.04:960][  0]Cmd: MAP LOAD FILE="../../../../../../Users/Maurice/Documents/Unreal Projects/EpicManBP/Content/Maps/EpicManLevel.umap" TEMPLATE=0 SHOWPROGRESS=1
[2014.12.01-23.50.04:963][  0]LightingResults: New page: Lighting Build
[2014.12.01-23.50.04:973][  0]MapCheck: New page: Map Check
[2014.12.01-23.50.04:973][  0]LightingResults: New page: Lighting Build
[2014.12.01-23.50.04:988][  0]LogParticles: Destroying 0 GPU particle simulations for FXSystem 0x00000000124F1A80
[2014.12.01-23.50.06:173][  0]LogEditorServer: Finished looking for orphan Actors (0.000 secs)
[2014.12.01-23.50.06:174][  0]LogAIModule: Creating AISystem for world EpicManLevel
[2014.12.01-23.50.06:175][  0]Cmd: MAP CHECKDEP
[2014.12.01-23.50.06:176][  0]MapCheck: New page: EpicManLevel - Dec 1, 2014, 7:50:06 AM
[2014.12.01-23.50.06:251][  0]MapCheck: Info Map check complete: 0 Error(s), 0 Warning(s), took 75.522ms to complete.
[2014.12.01-23.50.06:251][  0]LogFileHelpers: Loading map 'EpicManLevel' took 1.291
[2014.12.01-23.50.06:601][  0]LogCrashTracker: Crashtracker disabled due to settings.
[2014.12.01-23.50.06:631][  0]LogCollectionManager: Loaded 0 collections in 0.000715 seconds
[2014.12.01-23.50.06:835][  0]LogUObjectGlobals:Warning: Failed to find object 'Class None.'
[2014.12.01-23.50.06:859][  0]LogLoad: Full Startup: 17.12 seconds (BP compile: 0.46 seconds)
[2014.12.01-23.50.07:205][  0]LogContentBrowser:Verbose: The content browser source was changed by the sources view to '/Game/Maps'
[2014.12.01-23.50.07:383][  0]LogRenderer:Warning: Reallocating scene render targets to support 1224x912.
[2014.12.01-23.50.09:025][  5]LogAssetRegistry: Asset discovery search completed in 5.1306 seconds
[2014.12.01-23.50.19:674][ 70]BlueprintLog: New page: Pre-PIE auto-recompile
[2014.12.01-23.50.19:674][ 70]LogPlayLevel: [PIE] Compiling EpicManLevel before PIE...
[2014.12.01-23.50.19:879][ 70]LogActorComponent: UnregisterComponent: (/Engine/Transient.CharacterMovementComponent_0) Not registered. Aborting.
[2014.12.01-23.50.19:879][ 70]LogActorComponent: UnregisterComponent: (/Engine/Transient.CharacterMovementComponent_1) Not registered. Aborting.
[2014.12.01-23.50.19:879][ 70]LogActorComponent: UnregisterComponent: (/Engine/Transient.CharacterMovementComponent_2) Not registered. Aborting.
[2014.12.01-23.50.19:879][ 70]LogActorComponent: UnregisterComponent: (/Engine/Transient.CharacterMovementComponent_3) Not registered. Aborting.
[2014.12.01-23.50.19:879][ 70]LogActorComponent: UnregisterComponent: (/Engine/Transient.CharacterMovementComponent_4) Not registered. Aborting.
[2014.12.01-23.50.19:940][ 70]LogPlayLevel: PIE:  Blueprint regeneration took 266 ms (1 blueprints)
[2014.12.01-23.50.19:941][ 70]PIE: New page: PIE session: EpicManLevel (Dec 1, 2014, 7:50:19 AM)
[2014.12.01-23.50.19:951][ 70]LogPlayLevel: PIE: StaticDuplicateObject took: (0.010510s)
[2014.12.01-23.50.19:952][ 70]LogPlayLevel: PIE: World Init took: (0.000409s)
[2014.12.01-23.50.19:952][ 70]LogPlayLevel: PIE: Created PIE world by copying editor world from /Game/Maps/EpicManLevel.EpicManLevel to /Game/Maps/UEDPIE_0_EpicManLevel.EpicManLevel (0.011101s)
[2014.12.01-23.50.19:993][ 70]LogWorld: Game class is 'MyGame_C'
[2014.12.01-23.50.19:998][ 70]LogAIModule: Creating AISystem for world EpicManLevel
[2014.12.01-23.50.20:002][ 70]LogWorld: Bringing World /Game/Maps/UEDPIE_0_EpicManLevel.EpicManLevel up for play (max tick rate 0) at 2014.12.01-15.50.20
[2014.12.01-23.50.20:009][ 70]LogWorld: Bringing up level for play took: 0.010608
[2014.12.01-23.50.20:465][ 70]PIE: Info Play in editor start time for /Game/Maps/UEDPIE_0_EpicManLevel 0.69
[2014.12.01-23.50.21:498][142]LogParticles: Destroying 0 GPU particle simulations for FXSystem 0x000000001085BCE0
[2014.12.01-23.50.25:137][495]Cmd: MAP LOAD FILE="../../../../../../Users/Maurice/Documents/Unreal Projects/EpicManBP/Content/Maps/MainMenu.umap" TEMPLATE=0 SHOWPROGRESS=1
[2014.12.01-23.50.25:137][495]LightingResults: New page: Lighting Build
[2014.12.01-23.50.25:166][495]LoadErrors: New page: Loading map: MainMenu.umap
[2014.12.01-23.50.25:167][495]MapCheck: New page: Map Check
[2014.12.01-23.50.25:167][495]LightingResults: New page: Lighting Build
[2014.12.01-23.50.25:184][495]LogParticles: Destroying 0 GPU particle simulations for FXSystem 0x000000000C0065C0
[2014.12.01-23.50.25:217][495]LogEditorServer: Finished looking for orphan Actors (0.000 secs)
[2014.12.01-23.50.25:217][495]LogAIModule: Creating AISystem for world MainMenu
[2014.12.01-23.50.25:564][495]Cmd: MAP CHECKDEP
[2014.12.01-23.50.25:564][495]MapCheck: New page: MainMenu - Dec 1, 2014, 7:50:25 AM
[2014.12.01-23.50.25:637][495]MapCheck: Info Map check complete: 0 Error(s), 0 Warning(s), took 72.926ms to complete.
[2014.12.01-23.50.25:637][495]LogFileHelpers: Loading map 'MainMenu' took 0.502
[2014.12.01-23.50.27:035][631]BlueprintLog: New page: Pre-PIE auto-recompile
[2014.12.01-23.50.27:035][631]LogPlayLevel: [PIE] Compiling MainMenu before PIE...
[2014.12.01-23.50.27:072][631]LogActorComponent: UnregisterComponent: (/Engine/Transient.CharacterMovementComponent_5) Not registered. Aborting.
[2014.12.01-23.50.27:072][631]LogActorComponent: UnregisterComponent: (/Engine/Transient.CharacterMovementComponent_6) Not registered. Aborting.
[2014.12.01-23.50.27:072][631]LogActorComponent: UnregisterComponent: (/Engine/Transient.CharacterMovementComponent_7) Not registered. Aborting.
[2014.12.01-23.50.27:072][631]LogActorComponent: UnregisterComponent: (/Engine/Transient.CharacterMovementComponent_8) Not registered. Aborting.
[2014.12.01-23.50.27:072][631]LogActorComponent: UnregisterComponent: (/Engine/Transient.CharacterMovementComponent_9) Not registered. Aborting.
[2014.12.01-23.50.27:089][631]LogPlayLevel: PIE:  Blueprint regeneration took 53 ms (1 blueprints)
[2014.12.01-23.50.27:089][631]PIE: New page: PIE session: MainMenu (Dec 1, 2014, 7:50:27 AM)
[2014.12.01-23.50.27:090][631]LogPlayLevel: PIE: StaticDuplicateObject took: (0.000591s)
[2014.12.01-23.50.27:090][631]LogPlayLevel: PIE: World Init took: (0.000369s)
[2014.12.01-23.50.27:090][631]LogPlayLevel: PIE: Created PIE world by copying editor world from /Game/Maps/MainMenu.MainMenu to /Game/Maps/UEDPIE_0_MainMenu.MainMenu (0.001068s)
[2014.12.01-23.50.27:118][631]LogWorld: Game class is 'MyGame_C'
[2014.12.01-23.50.27:120][631]LogAIModule: Creating AISystem for world MainMenu
[2014.12.01-23.50.27:120][631]LogWorld: Bringing World /Game/Maps/UEDPIE_0_MainMenu.MainMenu up for play (max tick rate 0) at 2014.12.01-15.50.27
[2014.12.01-23.50.27:120][631]LogWorld: Bringing up level for play took: 0.000269
[2014.12.01-23.50.27:122][631]PIE: Info Play in editor start time for /Game/Maps/UEDPIE_0_MainMenu -0.652
[2014.12.01-23.50.29:654][927]LogPackageName: SearchForPackageOnDisk took   0.038s to resolve EpicManLevel.umap
[2014.12.01-23.50.29:690][927]LogPackageName: SearchForPackageOnDisk took   0.035s to resolve EpicManLevel.umap
[2014.12.01-23.50.29:690][927]LogNet: Browse: /Game/Maps/EpicManLevel
[2014.12.01-23.50.29:690][927]LogLoad: LoadMap: /Game/Maps/EpicManLevel
[2014.12.01-23.50.29:707][927]LogParticles: Destroying 0 GPU particle simulations for FXSystem 0x0000000021553380
[2014.12.01-23.50.29:707][927]Cmd: MEM
[2014.12.01-23.50.29:724][927]LogMemory: Platform Memory Stats for Windows
[2014.12.01-23.50.29:724][927]LogMemory: Process Physical Memory: 674.21 MB used, 709.29 MB peak
[2014.12.01-23.50.29:724][927]LogMemory: Process Virtual Memory: 589.61 MB used, 626.11 MB peak
[2014.12.01-23.50.29:724][927]LogMemory: Physical Memory: 4085.55 MB used, 24527.21 MB total
[2014.12.01-23.50.29:724][927]LogMemory: Virtual Memory: 1128.50 MB used, 8388608.00 MB total
[2014.12.01-23.50.29:724][927]LogMemory: 
[2014.12.01-23.50.29:724][927]Allocator Stats for TBB: (not implemented)
[2014.12.01-23.50.29:987][927]LogWorld: Game class is 'MyGame_C'
[2014.12.01-23.50.29:989][927]LogAIModule: Creating AISystem for world EpicManLevel
[2014.12.01-23.50.29:997][927]LogWorld: Bringing World /Game/Maps/UEDPIE_0_EpicManLevel.EpicManLevel up for play (max tick rate 0) at 2014.12.01-15.50.29
[2014.12.01-23.50.29:998][927]LogWorld: Bringing up level for play took: 0.009435
[2014.12.01-23.50.39:985][845]LogPackageName: SearchForPackageOnDisk took   0.036s to resolve RetryScreen.umap
[2014.12.01-23.50.40:027][846]LogPackageName: SearchForPackageOnDisk took   0.035s to resolve RetryScreen.umap
[2014.12.01-23.50.40:027][846]LogNet: Browse: /Game/Maps/RetryScreen
[2014.12.01-23.50.40:028][846]LogLoad: LoadMap: /Game/Maps/RetryScreen
[2014.12.01-23.50.40:087][846]LogParticles: Destroying 0 GPU particle simulations for FXSystem 0x00000000169A1300
[2014.12.01-23.50.40:088][846]Cmd: MEM
[2014.12.01-23.50.40:104][846]LogMemory: Platform Memory Stats for Windows
[2014.12.01-23.50.40:104][846]LogMemory: Process Physical Memory: 740.49 MB used, 746.86 MB peak
[2014.12.01-23.50.40:104][846]LogMemory: Process Virtual Memory: 657.07 MB used, 662.03 MB peak
[2014.12.01-23.50.40:104][846]LogMemory: Physical Memory: 4139.31 MB used, 24527.21 MB total
[2014.12.01-23.50.40:104][846]LogMemory: Virtual Memory: 1193.82 MB used, 8388608.00 MB total
[2014.12.01-23.50.40:104][846]LogMemory: 
[2014.12.01-23.50.40:104][846]Allocator Stats for TBB: (not implemented)
[2014.12.01-23.50.40:157][846]LogWorld: Game class is 'MyGame_C'
[2014.12.01-23.50.40:159][846]LogAIModule: Creating AISystem for world RetryScreen
[2014.12.01-23.50.40:159][846]LogWorld: Bringing World /Game/Maps/UEDPIE_0_RetryScreen.RetryScreen up for play (max tick rate 0) at 2014.12.01-15.50.40
[2014.12.01-23.50.40:159][846]LogWorld: Bringing up level for play took: 0.000333
[2014.12.01-23.50.40:159][846]LogGameMode: Warning - PATHS NOT DEFINED or NO PLAYERSTART with positive rating
[2014.12.01-23.51.21:015][437]LogParticles: Destroying 0 GPU particle simulations for FXSystem 0x00000000194C8360
[2014.12.01-23.51.25:447][948]BlueprintLog: New page: Pre-PIE auto-recompile
[2014.12.01-23.51.25:447][948]LogPlayLevel: [PIE] Compiling MainMenu before PIE...
[2014.12.01-23.51.25:499][948]LogPlayLevel: PIE:  Blueprint regeneration took 52 ms (1 blueprints)
[2014.12.01-23.51.25:499][948]PIE: New page: PIE session: MainMenu (Dec 1, 2014, 7:51:25 AM)
[2014.12.01-23.51.25:500][948]LogPlayLevel: PIE: StaticDuplicateObject took: (0.000605s)
[2014.12.01-23.51.25:501][948]LogPlayLevel: PIE: World Init took: (0.000373s)
[2014.12.01-23.51.25:501][948]LogPlayLevel: PIE: Created PIE world by copying editor world from /Game/Maps/MainMenu.MainMenu to /Game/Maps/UEDPIE_0_MainMenu.MainMenu (0.001099s)
[2014.12.01-23.51.25:528][948]LogWorld: Game class is 'MyGame_C'
[2014.12.01-23.51.25:530][948]LogAIModule: Creating AISystem for world MainMenu
[2014.12.01-23.51.25:530][948]LogWorld: Bringing World /Game/Maps/UEDPIE_0_MainMenu.MainMenu up for play (max tick rate 0) at 2014.12.01-15.51.25
[2014.12.01-23.51.25:530][948]LogWorld: Bringing up level for play took: 0.000275
[2014.12.01-23.51.25:532][948]PIE: Info Play in editor start time for /Game/Maps/UEDPIE_0_MainMenu -0.244
[2014.12.01-23.51.27:610][191]LogPackageName: SearchForPackageOnDisk took   0.038s to resolve EpicManLevel.umap
[2014.12.01-23.51.27:645][191]LogPackageName: SearchForPackageOnDisk took   0.034s to resolve EpicManLevel.umap
[2014.12.01-23.51.27:645][191]LogNet: Browse: /Game/Maps/EpicManLevel
[2014.12.01-23.51.27:645][191]LogLoad: LoadMap: /Game/Maps/EpicManLevel
[2014.12.01-23.51.27:661][191]LogParticles: Destroying 0 GPU particle simulations for FXSystem 0x00000000193C3380
[2014.12.01-23.51.27:661][191]Cmd: MEM
[2014.12.01-23.51.27:676][191]LogMemory: Platform Memory Stats for Windows
[2014.12.01-23.51.27:676][191]LogMemory: Process Physical Memory: 641.48 MB used, 746.86 MB peak
[2014.12.01-23.51.27:676][191]LogMemory: Process Virtual Memory: 556.48 MB used, 662.03 MB peak
[2014.12.01-23.51.27:677][191]LogMemory: Physical Memory: 4043.10 MB used, 24527.21 MB total
[2014.12.01-23.51.27:677][191]LogMemory: Virtual Memory: 1064.45 MB used, 8388608.00 MB total
[2014.12.01-23.51.27:677][191]LogMemory: 
[2014.12.01-23.51.27:677][191]Allocator Stats for TBB: (not implemented)
[2014.12.01-23.51.27:873][191]LogWorld: Game class is 'MyGame_C'
[2014.12.01-23.51.27:875][191]LogAIModule: Creating AISystem for world EpicManLevel
[2014.12.01-23.51.27:883][191]LogWorld: Bringing World /Game/Maps/UEDPIE_0_EpicManLevel.EpicManLevel up for play (max tick rate 0) at 2014.12.01-15.51.27
[2014.12.01-23.51.27:884][191]LogWorld: Bringing up level for play took: 0.009291
[2014.12.01-23.51.34:503][791]LogParticles: Destroying 0 GPU particle simulations for FXSystem 0x00000000182328E0
[2014.12.01-23.51.36:161][969]BlueprintLog: New page: Pre-PIE auto-recompile
[2014.12.01-23.51.36:161][969]LogPlayLevel: [PIE] Compiling MainMenu before PIE...
[2014.12.01-23.51.36:213][969]LogPlayLevel: PIE:  Blueprint regeneration took 51 ms (1 blueprints)
[2014.12.01-23.51.36:213][969]PIE: New page: PIE session: MainMenu (Dec 1, 2014, 7:51:36 AM)
[2014.12.01-23.51.36:214][969]LogPlayLevel: PIE: StaticDuplicateObject took: (0.000762s)
[2014.12.01-23.51.36:214][969]LogPlayLevel: PIE: World Init took: (0.000466s)
[2014.12.01-23.51.36:214][969]LogPlayLevel: PIE: Created PIE world by copying editor world from /Game/Maps/MainMenu.MainMenu to /Game/Maps/UEDPIE_0_MainMenu.MainMenu (0.001350s)
[2014.12.01-23.51.36:296][969]LogWorld: Game class is 'MyGame_C'
[2014.12.01-23.51.36:297][969]LogAIModule: Creating AISystem for world MainMenu
[2014.12.01-23.51.36:298][969]LogWorld: Bringing World /Game/Maps/UEDPIE_0_MainMenu.MainMenu up for play (max tick rate 0) at 2014.12.01-15.51.36
[2014.12.01-23.51.36:298][969]LogWorld: Bringing up level for play took: 0.000366
[2014.12.01-23.51.36:300][969]PIE: Info Play in editor start time for /Game/Maps/UEDPIE_0_MainMenu 0.524
[2014.12.01-23.51.37:162][ 66]LogPackageName: SearchForPackageOnDisk took   0.035s to resolve EpicManLevel.umap
[2014.12.01-23.51.37:198][ 66]LogPackageName: SearchForPackageOnDisk took   0.036s to resolve EpicManLevel.umap
[2014.12.01-23.51.37:198][ 66]LogNet: Browse: /Game/Maps/EpicManLevel
[2014.12.01-23.51.37:198][ 66]LogLoad: LoadMap: /Game/Maps/EpicManLevel
[2014.12.01-23.51.37:216][ 66]LogParticles: Destroying 0 GPU particle simulations for FXSystem 0x0000000019348A40
[2014.12.01-23.51.37:216][ 66]Cmd: MEM
[2014.12.01-23.51.37:232][ 66]LogMemory: Platform Memory Stats for Windows
[2014.12.01-23.51.37:232][ 66]LogMemory: Process Physical Memory: 717.84 MB used, 747.03 MB peak
[2014.12.01-23.51.37:232][ 66]LogMemory: Process Virtual Memory: 632.87 MB used, 662.03 MB peak
[2014.12.01-23.51.37:232][ 66]LogMemory: Physical Memory: 4116.30 MB used, 24527.21 MB total
[2014.12.01-23.51.37:232][ 66]LogMemory: Virtual Memory: 1144.76 MB used, 8388608.00 MB total
[2014.12.01-23.51.37:232][ 66]LogMemory: 
[2014.12.01-23.51.37:232][ 66]Allocator Stats for TBB: (not implemented)
[2014.12.01-23.51.37:425][ 66]LogWorld: Game class is 'MyGame_C'
[2014.12.01-23.51.37:426][ 66]LogAIModule: Creating AISystem for world EpicManLevel
[2014.12.01-23.51.37:434][ 66]LogWorld: Bringing World /Game/Maps/UEDPIE_0_EpicManLevel.EpicManLevel up for play (max tick rate 0) at 2014.12.01-15.51.37
[2014.12.01-23.51.37:435][ 66]LogWorld: Bringing up level for play took: 0.009360
[2014.12.01-23.52.09:990][326]LogParticles: Destroying 0 GPU particle simulations for FXSystem 0x0000000016A29EE0
[2014.12.01-23.52.11:346][488]LogContentBrowser:Verbose: The content browser source was changed by the sources view to '/Game/HUD'
[2014.12.01-23.52.11:923][556]LogContentBrowser:Verbose: The content browser source was changed by the sources view to '/Game/Character'
[2014.12.01-23.52.12:532][607]LogContentBrowser:Verbose: The content browser source was changed by the sources view to '/Game/Animations'
[2014.12.01-23.52.13:492][686]LogContentBrowser:Verbose: The content browser source was changed by the sources view to '/Game'
[2014.12.01-23.52.14:448][800]LogContentBrowser:Verbose: The content browser source was changed by the sources view to '/Game/Blueprints'
[2014.12.01-23.52.16:239][949]LogContentBrowser:Verbose: The content browser source was changed by the sources view to '/Game/Blueprints/AI'
[2014.12.01-23.53.04:033][ 52]BlueprintLog: New page: Pre-PIE auto-recompile
[2014.12.01-23.53.04:033][ 52]LogPlayLevel: [PIE] Compiling Tutorial_BP_MacroLib before PIE...
[2014.12.01-23.53.04:071][ 52]LogPlayLevel: [PIE] Compiling MainMenu before PIE...
[2014.12.01-23.53.04:111][ 52]LogActorComponent: UnregisterComponent: (/Engine/Transient.CharacterMovementComponent_10) Not registered. Aborting.
[2014.12.01-23.53.04:111][ 52]LogActorComponent: UnregisterComponent: (/Engine/Transient.CharacterMovementComponent_11) Not registered. Aborting.
[2014.12.01-23.53.04:111][ 52]LogActorComponent: UnregisterComponent: (/Engine/Transient.CharacterMovementComponent_12) Not registered. Aborting.
[2014.12.01-23.53.04:111][ 52]LogActorComponent: UnregisterComponent: (/Engine/Transient.CharacterMovementComponent_13) Not registered. Aborting.
[2014.12.01-23.53.04:111][ 52]LogActorComponent: UnregisterComponent: (/Engine/Transient.CharacterMovementComponent_14) Not registered. Aborting.
[2014.12.01-23.53.04:111][ 52]LogActorComponent: UnregisterComponent: (/Engine/Transient.CharacterMovementComponent_15) Not registered. Aborting.
[2014.12.01-23.53.04:134][ 52]LogPlayLevel: PIE:  Blueprint regeneration took 100 ms (2 blueprints)
[2014.12.01-23.53.04:134][ 52]PIE: New page: PIE session: MainMenu (Dec 1, 2014, 7:53:04 AM)
[2014.12.01-23.53.04:135][ 52]LogPlayLevel: PIE: StaticDuplicateObject took: (0.000688s)
[2014.12.01-23.53.04:135][ 52]LogPlayLevel: PIE: World Init took: (0.000384s)
[2014.12.01-23.53.04:135][ 52]LogPlayLevel: PIE: Created PIE world by copying editor world from /Game/Maps/MainMenu.MainMenu to /Game/Maps/UEDPIE_0_MainMenu.MainMenu (0.001186s)
[2014.12.01-23.53.04:208][ 52]LogWorld: Game class is 'MyGame_C'
[2014.12.01-23.53.04:210][ 52]LogAIModule: Creating AISystem for world MainMenu
[2014.12.01-23.53.04:210][ 52]LogWorld: Bringing World /Game/Maps/UEDPIE_0_MainMenu.MainMenu up for play (max tick rate 0) at 2014.12.01-15.53.04
[2014.12.01-23.53.04:210][ 52]LogWorld: Bringing up level for play took: 0.000323
[2014.12.01-23.53.04:212][ 52]PIE: Info Play in editor start time for /Game/Maps/UEDPIE_0_MainMenu 0.434
[2014.12.01-23.53.05:011][ 85]LogPackageName: SearchForPackageOnDisk took   0.038s to resolve EpicManLevel.umap
[2014.12.01-23.53.05:046][ 85]LogPackageName: SearchForPackageOnDisk took   0.035s to resolve EpicManLevel.umap
[2014.12.01-23.53.05:046][ 85]LogNet: Browse: /Game/Maps/EpicManLevel
[2014.12.01-23.53.05:046][ 85]LogLoad: LoadMap: /Game/Maps/EpicManLevel
[2014.12.01-23.53.05:066][ 85]LogParticles: Destroying 0 GPU particle simulations for FXSystem 0x0000000017C55D00
[2014.12.01-23.53.05:066][ 85]Cmd: MEM
[2014.12.01-23.53.05:084][ 85]LogMemory: Platform Memory Stats for Windows
[2014.12.01-23.53.05:084][ 85]LogMemory: Process Physical Memory: 761.02 MB used, 761.02 MB peak
[2014.12.01-23.53.05:084][ 85]LogMemory: Process Virtual Memory: 676.48 MB used, 676.48 MB peak
[2014.12.01-23.53.05:084][ 85]LogMemory: Physical Memory: 4180.22 MB used, 24527.21 MB total
[2014.12.01-23.53.05:084][ 85]LogMemory: Virtual Memory: 1182.25 MB used, 8388608.00 MB total
[2014.12.01-23.53.05:084][ 85]LogMemory: 
[2014.12.01-23.53.05:084][ 85]Allocator Stats for TBB: (not implemented)
[2014.12.01-23.53.05:285][ 85]LogWorld: Game class is 'MyGame_C'
[2014.12.01-23.53.05:286][ 85]LogAIModule: Creating AISystem for world EpicManLevel
[2014.12.01-23.53.05:295][ 85]LogWorld: Bringing World /Game/Maps/UEDPIE_0_EpicManLevel.EpicManLevel up for play (max tick rate 0) at 2014.12.01-15.53.05
[2014.12.01-23.53.05:296][ 85]LogWorld: Bringing up level for play took: 0.009240
[2014.12.01-23.53.47:109][167]LogParticles: Destroying 0 GPU particle simulations for FXSystem 0x00000000237414E0
[2014.12.01-23.54.29:349][812]BlueprintLog: New page: Pre-PIE auto-recompile
[2014.12.01-23.54.29:349][812]LogPlayLevel: [PIE] Compiling MainMenu before PIE...
[2014.12.01-23.54.29:406][812]LogPlayLevel: PIE:  Blueprint regeneration took 57 ms (1 blueprints)
[2014.12.01-23.54.29:407][812]PIE: New page: PIE session: MainMenu (Dec 1, 2014, 7:54:29 AM)
[2014.12.01-23.54.29:407][812]LogPlayLevel: PIE: StaticDuplicateObject took: (0.000700s)
[2014.12.01-23.54.29:408][812]LogPlayLevel: PIE: World Init took: (0.000447s)
[2014.12.01-23.54.29:408][812]LogPlayLevel: PIE: Created PIE world by copying editor world from /Game/Maps/MainMenu.MainMenu to /Game/Maps/UEDPIE_0_MainMenu.MainMenu (0.001267s)
[2014.12.01-23.54.29:492][812]LogWorld: Game class is 'MyGame_C'
[2014.12.01-23.54.29:493][812]LogAIModule: Creating AISystem for world MainMenu
[2014.12.01-23.54.29:493][812]LogWorld: Bringing World /Game/Maps/UEDPIE_0_MainMenu.MainMenu up for play (max tick rate 0) at 2014.12.01-15.54.29
[2014.12.01-23.54.29:493][812]LogWorld: Bringing up level for play took: 0.000330
[2014.12.01-23.54.29:495][812]PIE: Info Play in editor start time for /Game/Maps/UEDPIE_0_MainMenu -0.285
[2014.12.01-23.54.35:370][150]LogPackageName: SearchForPackageOnDisk took   0.038s to resolve EpicManLevel.umap
[2014.12.01-23.54.35:405][150]LogPackageName: SearchForPackageOnDisk took   0.035s to resolve EpicManLevel.umap
[2014.12.01-23.54.35:405][150]LogNet: Browse: /Game/Maps/EpicManLevel
[2014.12.01-23.54.35:405][150]LogLoad: LoadMap: /Game/Maps/EpicManLevel
[2014.12.01-23.54.35:426][150]LogParticles: Destroying 0 GPU particle simulations for FXSystem 0x000000000C12B4C0
[2014.12.01-23.54.35:426][150]Cmd: MEM
[2014.12.01-23.54.35:443][150]LogMemory: Platform Memory Stats for Windows
[2014.12.01-23.54.35:443][150]LogMemory: Process Physical Memory: 793.83 MB used, 842.32 MB peak
[2014.12.01-23.54.35:443][150]LogMemory: Process Virtual Memory: 708.49 MB used, 757.72 MB peak
[2014.12.01-23.54.35:443][150]LogMemory: Physical Memory: 4208.44 MB used, 24527.21 MB total
[2014.12.01-23.54.35:443][150]LogMemory: Virtual Memory: 1226.64 MB used, 8388608.00 MB total
[2014.12.01-23.54.35:443][150]LogMemory: 
[2014.12.01-23.54.35:443][150]Allocator Stats for TBB: (not implemented)
[2014.12.01-23.54.35:633][150]LogWorld: Game class is 'MyGame_C'
[2014.12.01-23.54.35:635][150]LogAIModule: Creating AISystem for world EpicManLevel
[2014.12.01-23.54.35:643][150]LogWorld: Bringing World /Game/Maps/UEDPIE_0_EpicManLevel.EpicManLevel up for play (max tick rate 0) at 2014.12.01-15.54.35
[2014.12.01-23.54.35:644][150]LogWorld: Bringing up level for play took: 0.009332
[2014.12.01-23.54.42:261][475]LogParticles: Destroying 0 GPU particle simulations for FXSystem 0x000000000C12B100
[2014.12.01-23.55.53:493][793]LogEditorViewport: Clicking Background
[2014.12.01-23.55.57:128][  3]BlueprintLog: New page: Pre-PIE auto-recompile
[2014.12.01-23.55.57:128][  3]LogPlayLevel: [PIE] Compiling MainMenu before PIE...
[2014.12.01-23.55.57:184][  3]LogPlayLevel: PIE:  Blueprint regeneration took 56 ms (1 blueprints)
[2014.12.01-23.55.57:184][  3]PIE: New page: PIE session: MainMenu (Dec 1, 2014, 7:55:57 AM)
[2014.12.01-23.55.57:185][  3]LogPlayLevel: PIE: StaticDuplicateObject took: (0.000586s)
[2014.12.01-23.55.57:186][  3]LogPlayLevel: PIE: World Init took: (0.000434s)
[2014.12.01-23.55.57:186][  3]LogPlayLevel: PIE: Created PIE world by copying editor world from /Game/Maps/MainMenu.MainMenu to /Game/Maps/UEDPIE_0_MainMenu.MainMenu (0.001146s)
[2014.12.01-23.55.57:270][  3]LogWorld: Game class is 'MyGame_C'
[2014.12.01-23.55.57:271][  3]LogAIModule: Creating AISystem for world MainMenu
[2014.12.01-23.55.57:272][  3]LogWorld: Bringing World /Game/Maps/UEDPIE_0_MainMenu.MainMenu up for play (max tick rate 0) at 2014.12.01-15.55.57
[2014.12.01-23.55.57:272][  3]LogWorld: Bringing up level for play took: 0.000388
[2014.12.01-23.55.57:274][  3]PIE: Info Play in editor start time for /Game/Maps/UEDPIE_0_MainMenu -0.508
[2014.12.01-23.55.58:460][ 61]LogPackageName: SearchForPackageOnDisk took   0.038s to resolve EpicManLevel.umap
[2014.12.01-23.55.58:495][ 61]LogPackageName: SearchForPackageOnDisk took   0.034s to resolve EpicManLevel.umap
[2014.12.01-23.55.58:495][ 61]LogNet: Browse: /Game/Maps/EpicManLevel
[2014.12.01-23.55.58:495][ 61]LogLoad: LoadMap: /Game/Maps/EpicManLevel
[2014.12.01-23.55.58:516][ 61]LogParticles: Destroying 0 GPU particle simulations for FXSystem 0x0000000030878900
[2014.12.01-23.55.58:517][ 61]Cmd: MEM
[2014.12.01-23.55.58:533][ 61]LogMemory: Platform Memory Stats for Windows
[2014.12.01-23.55.58:533][ 61]LogMemory: Process Physical Memory: 796.27 MB used, 856.12 MB peak
[2014.12.01-23.55.58:533][ 61]LogMemory: Process Virtual Memory: 709.68 MB used, 772.08 MB peak
[2014.12.01-23.55.58:533][ 61]LogMemory: Physical Memory: 4276.99 MB used, 24527.21 MB total
[2014.12.01-23.55.58:533][ 61]LogMemory: Virtual Memory: 1196.51 MB used, 8388608.00 MB total
[2014.12.01-23.55.58:533][ 61]LogMemory: 
[2014.12.01-23.55.58:533][ 61]Allocator Stats for TBB: (not implemented)
[2014.12.01-23.55.58:726][ 61]LogWorld: Game class is 'MyGame_C'
[2014.12.01-23.55.58:727][ 61]LogAIModule: Creating AISystem for world EpicManLevel
[2014.12.01-23.55.58:735][ 61]LogWorld: Bringing World /Game/Maps/UEDPIE_0_EpicManLevel.EpicManLevel up for play (max tick rate 0) at 2014.12.01-15.55.58
[2014.12.01-23.55.58:736][ 61]LogWorld: Bringing up level for play took: 0.009165
[2014.12.01-23.56.09:292][602]LogParticles: Destroying 0 GPU particle simulations for FXSystem 0x0000000028D21120
[2014.12.01-23.56.21:390][960]LogContentBrowser:Verbose: The content browser source was changed by the sources view to '/Game/Character'
[2014.12.01-23.56.22:042][ 18]LogContentBrowser:Verbose: The content browser source was changed by the sources view to '/Game/Blueprints/Pickups'
[2014.12.01-23.56.22:796][ 92]LogContentBrowser:Verbose: The content browser source was changed by the sources view to '/Game/Animations'
[2014.12.01-23.56.23:999][193]LogContentBrowser:Verbose: The content browser source was changed by the sources view to '/Game/Maps'
[2014.12.01-23.56.25:355][331]LogActorComponent: UnregisterComponent: (/Engine/Transient.CharacterMovementComponent_16) Not registered. Aborting.
[2014.12.01-23.56.25:355][331]LogActorComponent: UnregisterComponent: (/Engine/Transient.CharacterMovementComponent_17) Not registered. Aborting.
[2014.12.01-23.56.25:355][331]LogActorComponent: UnregisterComponent: (/Engine/Transient.CharacterMovementComponent_18) Not registered. Aborting.
[2014.12.01-23.56.25:355][331]LogActorComponent: UnregisterComponent: (/Engine/Transient.CharacterMovementComponent_19) Not registered. Aborting.
[2014.12.01-23.56.25:355][331]LogActorComponent: UnregisterComponent: (/Engine/Transient.CharacterMovementComponent_20) Not registered. Aborting.
[2014.12.01-23.56.25:378][331]Cmd: MAP LOAD FILE="../../../../../../Users/Maurice/Documents/Unreal Projects/EpicManBP/Content/Maps/EpicManLevel.umap" TEMPLATE=0 SHOWPROGRESS=1
[2014.12.01-23.56.25:378][331]LightingResults: New page: Lighting Build
[2014.12.01-23.56.25:406][331]LoadErrors: New page: Loading map: EpicManLevel.umap
[2014.12.01-23.56.25:406][331]MapCheck: New page: Map Check
[2014.12.01-23.56.25:406][331]LightingResults: New page: Lighting Build
[2014.12.01-23.56.25:424][331]LogParticles: Destroying 0 GPU particle simulations for FXSystem 0x000000001934A840
[2014.12.01-23.56.25:466][331]LogEditorServer: Finished looking for orphan Actors (0.000 secs)
[2014.12.01-23.56.25:466][331]LogAIModule: Creating AISystem for world EpicManLevel
[2014.12.01-23.56.25:820][331]Cmd: MAP CHECKDEP
[2014.12.01-23.56.25:820][331]MapCheck: New page: EpicManLevel - Dec 1, 2014, 7:56:25 AM
[2014.12.01-23.56.25:898][331]MapCheck: Info Map check complete: 0 Error(s), 0 Warning(s), took 77.957ms to complete.
[2014.12.01-23.56.25:898][331]LogFileHelpers: Loading map 'EpicManLevel' took 0.522
[2014.12.01-23.56.27:361][454]BlueprintLog: New page: Pre-PIE auto-recompile
[2014.12.01-23.56.27:361][454]LogPlayLevel: [PIE] Compiling EpicManLevel before PIE...
[2014.12.01-23.56.27:513][454]LogActorComponent: UnregisterComponent: (/Engine/Transient.CharacterMovementComponent_21) Not registered. Aborting.
[2014.12.01-23.56.27:513][454]LogActorComponent: UnregisterComponent: (/Engine/Transient.CharacterMovementComponent_22) Not registered. Aborting.
[2014.12.01-23.56.27:513][454]LogActorComponent: UnregisterComponent: (/Engine/Transient.CharacterMovementComponent_23) Not registered. Aborting.
[2014.12.01-23.56.27:513][454]LogActorComponent: UnregisterComponent: (/Engine/Transient.CharacterMovementComponent_24) Not registered. Aborting.
[2014.12.01-23.56.27:513][454]LogActorComponent: UnregisterComponent: (/Engine/Transient.CharacterMovementComponent_25) Not registered. Aborting.
[2014.12.01-23.56.27:531][454]LogPlayLevel: PIE:  Blueprint regeneration took 170 ms (1 blueprints)
[2014.12.01-23.56.27:531][454]PIE: New page: PIE session: EpicManLevel (Dec 1, 2014, 7:56:27 AM)
[2014.12.01-23.56.27:542][454]LogPlayLevel: PIE: StaticDuplicateObject took: (0.010025s)
[2014.12.01-23.56.27:542][454]LogPlayLevel: PIE: World Init took: (0.000359s)
[2014.12.01-23.56.27:542][454]LogPlayLevel: PIE: Created PIE world by copying editor world from /Game/Maps/EpicManLevel.EpicManLevel to /Game/Maps/UEDPIE_0_EpicManLevel.EpicManLevel (0.010577s)
[2014.12.01-23.56.27:572][454]LogWorld: Game class is 'MyGame_C'
[2014.12.01-23.56.27:573][454]LogAIModule: Creating AISystem for world EpicManLevel
[2014.12.01-23.56.27:577][454]LogWorld: Bringing World /Game/Maps/UEDPIE_0_EpicManLevel.EpicManLevel up for play (max tick rate 0) at 2014.12.01-15.56.27
[2014.12.01-23.56.27:578][454]LogWorld: Bringing up level for play took: 0.004419
[2014.12.01-23.56.28:020][454]PIE: Info Play in editor start time for /Game/Maps/UEDPIE_0_EpicManLevel 0.237
[2014.12.01-23.56.29:763][598]LogParticles: Destroying 0 GPU particle simulations for FXSystem 0x000000001EF10B80
[2014.12.01-23.56.43:369][201]BlueprintLog: New page: Pre-PIE auto-recompile
[2014.12.01-23.56.43:369][201]LogPlayLevel: [PIE] Compiling EpicManLevel before PIE...
[2014.12.01-23.56.43:437][201]LogPlayLevel: PIE:  Blueprint regeneration took 67 ms (1 blueprints)
[2014.12.01-23.56.43:437][201]PIE: New page: PIE session: EpicManLevel (Dec 1, 2014, 7:56:43 AM)
[2014.12.01-23.56.43:448][201]LogPlayLevel: PIE: StaticDuplicateObject took: (0.010461s)
[2014.12.01-23.56.43:448][201]LogPlayLevel: PIE: World Init took: (0.000397s)
[2014.12.01-23.56.43:448][201]LogPlayLevel: PIE: Created PIE world by copying editor world from /Game/Maps/EpicManLevel.EpicManLevel to /Game/Maps/UEDPIE_0_EpicManLevel.EpicManLevel (0.011031s)
[2014.12.01-23.56.43:472][201]LogWorld: Game class is 'MyGame_C'
[2014.12.01-23.56.43:473][201]LogAIModule: Creating AISystem for world EpicManLevel
[2014.12.01-23.56.43:477][201]LogWorld: Bringing World /Game/Maps/UEDPIE_0_EpicManLevel.EpicManLevel up for play (max tick rate 0) at 2014.12.01-15.56.43
[2014.12.01-23.56.43:478][201]LogWorld: Bringing up level for play took: 0.004215
[2014.12.01-23.56.43:933][201]PIE: Info Play in editor start time for /Game/Maps/UEDPIE_0_EpicManLevel 0.149
[2014.12.01-23.56.51:177][890]LogParticles: Destroying 0 GPU particle simulations for FXSystem 0x000000000E2BECA0
[2014.12.01-23.56.55:572][130]Cmd: QUIT_EDITOR
[2014.12.01-23.56.55:844][130]LogExit: Preparing to exit.
[2014.12.01-23.56.56:083][130]LogExit: Editor shut down
[2014.12.01-23.56.56:083][130]LogExit: Transaction tracking system shut down
[2014.12.01-23.56.56:085][130]LogParticles: Destroying 0 GPU particle simulations for FXSystem 0x000000001E2ED1C0
[2014.12.01-23.56.56:085][130]LogParticles: Destroying 0 GPU particle simulations for FXSystem 0x000000001EF125C0
[2014.12.01-23.56.56:085][130]LogParticles: Destroying 0 GPU particle simulations for FXSystem 0x00000000195D85E0
[2014.12.01-23.56.56:085][130]LogParticles: Destroying 0 GPU particle simulations for FXSystem 0x000000002633DEE0
[2014.12.01-23.56.56:085][130]LogParticles: Destroying 0 GPU particle simulations for FXSystem 0x000000002633DDA0
[2014.12.01-23.56.56:085][130]LogParticles: Destroying 0 GPU particle simulations for FXSystem 0x000000000D7FD580
[2014.12.01-23.56.56:121][130]LogParticles: Destroying 0 GPU particle simulations for FXSystem 0x0000000018233A60
[2014.12.01-23.56.56:121][130]LogParticles: Destroying 0 GPU particle simulations for FXSystem 0x0000000018232F20
[2014.12.01-23.56.56:121][130]LogParticles: Destroying 0 GPU particle simulations for FXSystem 0x0000000018233F60
[2014.12.01-23.56.56:121][130]LogExit: Object subsystem successfully closed.
[2014.12.01-23.56.56:165][130]LogModuleManager: Shutting down and abandoning module AndroidDeviceDetection (166)
[2014.12.01-23.56.56:165][130]LogModuleManager: Shutting down and abandoning module EditorWidgets (165)
[2014.12.01-23.56.56:165][130]LogModuleManager: Shutting down and abandoning module CollectionManager (164)
[2014.12.01-23.56.56:166][130]LogModuleManager: Shutting down and abandoning module CrashTracker (163)
[2014.12.01-23.56.56:166][130]LogModuleManager: Shutting down and abandoning module SuperSearch (162)
[2014.12.01-23.56.56:166][130]LogModuleManager: Shutting down and abandoning module SceneOutliner (161)
[2014.12.01-23.56.56:166][130]LogModuleManager: Shutting down and abandoning module StatsViewer (160)
[2014.12.01-23.56.56:166][130]LogModuleManager: Shutting down and abandoning module FoliageEdit (159)
[2014.12.01-23.56.56:166][130]LogModuleManager: Shutting down and abandoning module LandscapeEditor (158)
[2014.12.01-23.56.56:167][130]LogModuleManager: Shutting down and abandoning module MeshPaint (157)
[2014.12.01-23.56.56:167][130]LogModuleManager: Shutting down and abandoning module ActorPickerMode (156)
[2014.12.01-23.56.56:167][130]LogModuleManager: Shutting down and abandoning module GeometryMode (155)
[2014.12.01-23.56.56:167][130]LogModuleManager: Shutting down and abandoning module TextureAlignMode (154)
[2014.12.01-23.56.56:167][130]LogModuleManager: Shutting down and abandoning module BspMode (153)
[2014.12.01-23.56.56:167][130]LogModuleManager: Shutting down and abandoning module PlacementMode (152)
[2014.12.01-23.56.56:167][130]LogModuleManager: Shutting down and abandoning module AutomationWorker (151)
[2014.12.01-23.56.56:167][130]LogModuleManager: Shutting down and abandoning module CharacterAI (150)
[2014.12.01-23.56.56:167][130]LogModuleManager: Shutting down and abandoning module GameProjectGeneration (149)
[2014.12.01-23.56.56:167][130]LogModuleManager: Shutting down and abandoning module IntroTutorials (148)
[2014.12.01-23.56.56:167][130]LogModuleManager: Shutting down and abandoning module EditorLiveStreaming (147)
[2014.12.01-23.56.56:167][130]LogModuleManager: Shutting down and abandoning module HardwareTargeting (146)
[2014.12.01-23.56.56:167][130]LogModuleManager: Shutting down and abandoning module BehaviorTreeEditor (145)
[2014.12.01-23.56.56:168][130]LogModuleManager: Shutting down and abandoning module DeviceProfileEditor (144)
[2014.12.01-23.56.56:168][130]LogModuleManager: Shutting down and abandoning module UndoHistory (143)
[2014.12.01-23.56.56:168][130]LogModuleManager: Shutting down and abandoning module GameplayTagsEditor (142)
[2014.12.01-23.56.56:169][130]LogModuleManager: Shutting down and abandoning module UserFeedback (141)
[2014.12.01-23.56.56:169][130]LogModuleManager: Shutting down and abandoning module XmlParser (140)
[2014.12.01-23.56.56:169][130]LogModuleManager: Shutting down and abandoning module Blutility (139)
[2014.12.01-23.56.56:169][130]LogModuleManager: Shutting down and abandoning module IOSPlatformEditor (138)
[2014.12.01-23.56.56:169][130]LogModuleManager: Shutting down and abandoning module IOSRuntimeSettings (137)
[2014.12.01-23.56.56:169][130]LogModuleManager: Shutting down and abandoning module AndroidPlatformEditor (136)
[2014.12.01-23.56.56:169][130]LogModuleManager: Shutting down and abandoning module AndroidRuntimeSettings (135)
[2014.12.01-23.56.56:169][130]LogModuleManager: Shutting down and abandoning module ProjectTargetPlatformEditor (134)
[2014.12.01-23.56.56:169][130]LogModuleManager: Shutting down and abandoning module ProjectSettingsViewer (133)
[2014.12.01-23.56.56:169][130]LogModuleManager: Shutting down and abandoning module InputBindingEditor (132)
[2014.12.01-23.56.56:169][130]LogModuleManager: Shutting down and abandoning module EditorSettingsViewer (131)
[2014.12.01-23.56.56:169][130]LogModuleManager: Shutting down and abandoning module SettingsEditor (130)
[2014.12.01-23.56.56:170][130]LogModuleManager: Shutting down and abandoning module ProjectLauncher (129)
[2014.12.01-23.56.56:170][130]LogModuleManager: Shutting down and abandoning module SessionFrontend (128)
[2014.12.01-23.56.56:170][130]LogModuleManager: Shutting down and abandoning module ProfilerClient (127)
[2014.12.01-23.56.56:170][130]LogModuleManager: Shutting down and abandoning module TargetDeviceServices (126)
[2014.12.01-23.56.56:170][130]LogModuleManager: Shutting down and abandoning module DeviceManager (125)
[2014.12.01-23.56.56:170][130]LogModuleManager: Shutting down and abandoning module AutomationController (124)
[2014.12.01-23.56.56:170][130]LogModuleManager: Shutting down and abandoning module AutomationWindow (123)
[2014.12.01-23.56.56:170][130]LogModuleManager: Shutting down and abandoning module Layers (122)
[2014.12.01-23.56.56:171][130]LogModuleManager: Shutting down and abandoning module ComponentVisualizers (121)
[2014.12.01-23.56.56:171][130]LogModuleManager: Shutting down and abandoning module DetailCustomizations (120)
[2014.12.01-23.56.56:171][130]LogModuleManager: Shutting down and abandoning module PackagesDialog (119)
[2014.12.01-23.56.56:171][130]LogModuleManager: Shutting down and abandoning module AssetRegistry (118)
[2014.12.01-23.56.56:233][130]LogModuleManager: Shutting down and abandoning module Persona (117)
[2014.12.01-23.56.56:233][130]LogModuleManager: Shutting down and abandoning module Kismet (116)
[2014.12.01-23.56.56:233][130]LogModuleManager: Shutting down and abandoning module GraphEditor (115)
[2014.12.01-23.56.56:234][130]LogModuleManager: Shutting down and abandoning module ClassViewer (114)
[2014.12.01-23.56.56:234][130]LogModuleManager: Shutting down and abandoning module Toolbox (113)
[2014.12.01-23.56.56:234][130]LogModuleManager: Shutting down and abandoning module ModuleUI (112)
[2014.12.01-23.56.56:234][130]LogModuleManager: Shutting down and abandoning module MovieSceneTools (111)
[2014.12.01-23.56.56:235][130]LogModuleManager: Shutting down and abandoning module OutputLog (110)
[2014.12.01-23.56.56:235][130]LogModuleManager: Shutting down and abandoning module GammaUI (109)
[2014.12.01-23.56.56:235][130]LogModuleManager: Shutting down and abandoning module Documentation (108)
[2014.12.01-23.56.56:235][130]LogModuleManager: Shutting down and abandoning module GameLiveStreaming (107)
[2014.12.01-23.56.56:235][130]LogModuleManager: Shutting down and abandoning module StreamingPauseRendering (106)
[2014.12.01-23.56.56:235][130]LogModuleManager: Shutting down and abandoning module HTTP (105)
[2014.12.01-23.56.56:235][130]LogModuleManager: Shutting down and abandoning module AnalyticsET (104)
[2014.12.01-23.56.56:235][130]LogModuleManager: Shutting down and abandoning module Analytics (103)
[2014.12.01-23.56.56:235][130]LogModuleManager: Shutting down and abandoning module GameplayDebugger (102)
[2014.12.01-23.56.56:235][130]LogModuleManager: Shutting down and abandoning module AIModule (101)
[2014.12.01-23.56.56:235][130]LogModuleManager: Shutting down and abandoning module ProfilerService (100)
[2014.12.01-23.56.56:467][130]LogModuleManager: Shutting down and abandoning module TaskGraph (99)
[2014.12.01-23.56.56:467][130]LogModuleManager: Shutting down and abandoning module SlateRemote (98)
[2014.12.01-23.56.56:467][130]LogModuleManager: Shutting down and abandoning module ScriptEditorPlugin (97)
[2014.12.01-23.56.56:467][130]LogModuleManager: Shutting down and abandoning module CustomMeshComponent (96)
[2014.12.01-23.56.56:467][130]LogModuleManager: Shutting down and abandoning module CableComponent (95)
[2014.12.01-23.56.56:467][130]LogModuleManager: Shutting down and abandoning module MessagingDebugger (94)
[2014.12.01-23.56.56:468][130]LogModuleManager: Shutting down and abandoning module MediaPlayerEditor (93)
[2014.12.01-23.56.56:469][130]LogModuleManager: Shutting down and abandoning module SpeedTreeImporter (92)
[2014.12.01-23.56.56:469][130]LogModuleManager: Shutting down and abandoning module PluginsEditor (91)
[2014.12.01-23.56.56:469][130]LogModuleManager: Shutting down and abandoning module EpicSurvey (90)
[2014.12.01-23.56.56:469][130]LogModuleManager: Shutting down and abandoning module DesktopPlatform (89)
[2014.12.01-23.56.56:469][130]LogModuleManager: Shutting down and abandoning module VisualStudioSourceCodeAccess (88)
[2014.12.01-23.56.56:469][130]LogModuleManager: Shutting down and abandoning module UObjectPlugin (87)
[2014.12.01-23.56.56:469][130]LogModuleManager: Shutting down and abandoning module SubversionSourceControl (86)
[2014.12.01-23.56.56:469][130]LogModuleManager: Shutting down and abandoning module SourceControl (85)
[2014.12.01-23.56.56:469][130]LogModuleManager: Shutting down and abandoning module PerforceSourceControl (84)
[2014.12.01-23.56.56:469][130]LogModuleManager: Shutting down and abandoning module BlankPlugin (83)
[2014.12.01-23.56.56:469][130]LogModuleManager: Shutting down and abandoning module SlateReflector (82)
[2014.12.01-23.56.56:469][130]LogModuleManager: Shutting down and abandoning module DirectoryWatcher (81)
[2014.12.01-23.56.56:469][130]LogModuleManager: Shutting down and abandoning module HotReload (80)
[2014.12.01-23.56.56:470][130]LogModuleManager: Shutting down and abandoning module MainFrame (79)
[2014.12.01-23.56.56:470][130]LogModuleManager: Shutting down and abandoning module LevelEditor (78)
[2014.12.01-23.56.56:471][130]LogModuleManager: Shutting down and abandoning module ViewportSnapping (77)
[2014.12.01-23.56.56:471][130]LogModuleManager: Shutting down and abandoning module SmartSnapping (76)
[2014.12.01-23.56.56:471][130]LogModuleManager: Shutting down and abandoning module PaperTiledImporter (75)
[2014.12.01-23.56.56:471][130]LogModuleManager: Shutting down and abandoning module PaperJsonImporter (74)
[2014.12.01-23.56.56:471][130]LogModuleManager: Shutting down and abandoning module ContentBrowser (73)
[2014.12.01-23.56.56:471][130]LogModuleManager: Shutting down and abandoning module PropertyEditor (72)
[2014.12.01-23.56.56:471][130]LogModuleManager: Shutting down and abandoning module Paper2DEditor (71)
[2014.12.01-23.56.56:471][130]LogModuleManager: Shutting down and abandoning module ScriptPlugin (70)
[2014.12.01-23.56.56:471][130]LogModuleManager: Shutting down and abandoning module UdpMessaging (69)
[2014.12.01-23.56.56:571][130]LogModuleManager: Shutting down and abandoning module Paper2D (68)
[2014.12.01-23.56.56:571][130]LogModuleManager: Shutting down and abandoning module WindowsMoviePlayer (67)
[2014.12.01-23.56.56:579][130]LogModuleManager: Shutting down and abandoning module Media (66)
[2014.12.01-23.56.56:579][130]LogModuleManager: Shutting down and abandoning module WmfMedia (65)
[2014.12.01-23.56.56:579][130]LogModuleManager: Shutting down and abandoning module OnlineBlueprintSupport (64)
[2014.12.01-23.56.56:579][130]LogModuleManager: Shutting down and abandoning module FunctionalTesting (63)
[2014.12.01-23.56.56:579][130]LogModuleManager: Shutting down and abandoning module CollisionAnalyzer (62)
[2014.12.01-23.56.56:581][130]LogModuleManager: Shutting down and abandoning module WorkspaceMenuStructure (61)
[2014.12.01-23.56.56:581][130]LogModuleManager: Shutting down and abandoning module MessageLog (60)
[2014.12.01-23.56.56:581][130]LogModuleManager: Shutting down and abandoning module Sequencer (59)
[2014.12.01-23.56.56:582][130]LogModuleManager: Shutting down and abandoning module AssetTools (58)
[2014.12.01-23.56.56:584][130]LogModuleManager: Shutting down and abandoning module UMGEditor (57)
[2014.12.01-23.56.56:584][130]LogModuleManager: Shutting down and abandoning module UMG (56)
[2014.12.01-23.56.56:584][130]LogModuleManager: Shutting down and abandoning module Slate (55)
[2014.12.01-23.56.56:584][130]LogModuleManager: Shutting down and abandoning module EditorStyle (54)
[2014.12.01-23.56.56:589][130]LogModuleManager: Shutting down and abandoning module SessionServices (53)
[2014.12.01-23.56.56:589][130]LogModuleManager: Shutting down and abandoning module SourceCodeAccess (52)
[2014.12.01-23.56.56:589][130]LogModuleManager: Shutting down and abandoning module HeadMountedDisplay (51)
[2014.12.01-23.56.56:589][130]LogModuleManager: Shutting down and abandoning module XAudio2 (50)
[2014.12.01-23.56.56:589][130]LogModuleManager: Shutting down and abandoning module Networking (48)
[2014.12.01-23.56.56:589][130]LogModuleManager: Shutting down and abandoning module Core (47)
[2014.12.01-23.56.56:589][130]LogModuleManager: Shutting down and abandoning module KismetCompiler (46)
[2014.12.01-23.56.56:589][130]LogModuleManager: Shutting down and abandoning module PhysXFormats (45)
[2014.12.01-23.56.56:589][130]LogModuleManager: Shutting down and abandoning module MeshUtilities (44)
[2014.12.01-23.56.56:590][130]LogModuleManager: Shutting down and abandoning module DerivedDataCache (43)
[2014.12.01-23.56.56:671][130]LogDerivedDataCache: Shutdown
[2014.12.01-23.56.56:671][130]LogModuleManager: Shutting down and abandoning module ShaderFormatOpenGL (42)
[2014.12.01-23.56.56:672][130]LogModuleManager: Shutting down and abandoning module ShaderFormatD3D (41)
[2014.12.01-23.56.56:672][130]LogModuleManager: Shutting down and abandoning module MetalShaderFormat (40)
[2014.12.01-23.56.56:672][130]LogModuleManager: Shutting down and abandoning module TextureFormatUncompressed (39)
[2014.12.01-23.56.56:672][130]LogModuleManager: Shutting down and abandoning module TextureFormatPVR (38)
[2014.12.01-23.56.56:672][130]LogModuleManager: Shutting down and abandoning module TextureFormatDXT (37)
[2014.12.01-23.56.56:672][130]LogModuleManager: Shutting down and abandoning module TextureFormatAndroid (36)
[2014.12.01-23.56.56:672][130]LogModuleManager: Shutting down and abandoning module AudioFormatOpus (35)
[2014.12.01-23.56.56:672][130]LogModuleManager: Shutting down and abandoning module AudioFormatOgg (34)
[2014.12.01-23.56.56:672][130]LogModuleManager: Shutting down and abandoning module AudioFormatADPCM (33)
[2014.12.01-23.56.56:673][130]LogModuleManager: Shutting down and abandoning module Messaging (32)
[2014.12.01-23.56.56:673][130]LogModuleManager: Shutting down and abandoning module IOSTargetPlatform (31)
[2014.12.01-23.56.56:673][130]LogModuleManager: Shutting down and abandoning module Android_PVRTCTargetPlatform (30)
[2014.12.01-23.56.56:673][130]LogModuleManager: Shutting down and abandoning module Android_ETC2TargetPlatform (29)
[2014.12.01-23.56.56:673][130]LogModuleManager: Shutting down and abandoning module Android_ETC1TargetPlatform (28)
[2014.12.01-23.56.56:673][130]LogModuleManager: Shutting down and abandoning module Android_DXTTargetPlatform (27)
[2014.12.01-23.56.56:673][130]LogModuleManager: Shutting down and abandoning module Android_ATCTargetPlatform (26)
[2014.12.01-23.56.56:673][130]LogModuleManager: Shutting down and abandoning module AndroidTargetPlatform (25)
[2014.12.01-23.56.56:673][130]LogModuleManager: Shutting down and abandoning module WindowsTargetPlatform (24)
[2014.12.01-23.56.56:673][130]LogModuleManager: Shutting down and abandoning module WindowsServerTargetPlatform (23)
[2014.12.01-23.56.56:673][130]LogModuleManager: Shutting down and abandoning module WindowsNoEditorTargetPlatform (22)
[2014.12.01-23.56.56:673][130]LogModuleManager: Shutting down and abandoning module WindowsClientTargetPlatform (21)
[2014.12.01-23.56.56:673][130]LogModuleManager: Shutting down and abandoning module TargetPlatform (20)
[2014.12.01-23.56.56:673][130]LogModuleManager: Shutting down and abandoning module InputCore (19)
[2014.12.01-23.56.56:673][130]LogModuleManager: Shutting down and abandoning module Settings (18)
[2014.12.01-23.56.56:673][130]LogModuleManager: Shutting down and abandoning module ImageWrapper (17)
[2014.12.01-23.56.56:673][130]LogModuleManager: Shutting down and abandoning module OculusRift (14)
[2014.12.01-23.56.56:673][130]LogModuleManager: Shutting down and abandoning module ExampleDeviceProfileSelector (13)
[2014.12.01-23.56.56:673][130]LogModuleManager: Shutting down and abandoning module TextureCompressor (12)
[2014.12.01-23.56.56:673][130]LogModuleManager: Shutting down and abandoning module ShaderCore (11)
[2014.12.01-23.56.56:673][130]LogModuleManager: Shutting down and abandoning module SlateRHIRenderer (10)
[2014.12.01-23.56.56:676][130]LogModuleManager: Shutting down and abandoning module OpenGLDrv (9)
[2014.12.01-23.56.56:676][130]LogModuleManager: Shutting down and abandoning module D3D11RHI (8)
[2014.12.01-23.56.56:676][130]LogModuleManager: Shutting down and abandoning module Renderer (7)
[2014.12.01-23.56.56:676][130]LogModuleManager: Shutting down and abandoning module Engine (6)
[2014.12.01-23.56.56:676][130]LogModuleManager: Shutting down and abandoning module CoreUObject (5)
[2014.12.01-23.56.56:676][130]LogModuleManager: Shutting down and abandoning module NetworkFile (4)
[2014.12.01-23.56.56:676][130]LogModuleManager: Shutting down and abandoning module StreamingFile (3)
[2014.12.01-23.56.56:676][130]LogModuleManager: Shutting down and abandoning module SandboxFile (2)
[2014.12.01-23.56.56:676][130]LogModuleManager: Shutting down and abandoning module PakFile (1)
[2014.12.01-23.56.56:678][130]LogExit: Exiting.
[2014.12.01-23.56.56:696][130]Log file closed, 12/01/14 15:56:56
