Log file open, 11/08/14 14:45:58
LogInit:Display: Running engine for game: EpicManBP
LogInit: Version: 4.5.1-2336687+++depot+UE4-Releases+4.5
LogInit: API Version: 2326478
LogInit: Compiled (64-bit): Oct 21 2014 22:32:40
LogInit: Compiled with Visual C++: 18.00.21005.01
LogInit: Build Configuration: Development
LogInit: Branch Name: ++depot+UE4-Releases+4.5
LogInit: Command line:  
LogInit: Base directory: C:/Program Files/Unreal Engine/4.5/Engine/Binaries/Win64/
LogInit: Rocket: 1
[2014.11.08-22.45.58:266][  0]LogTaskGraph: Started task graph with 3 named threads and 4 total threads.
[2014.11.08-22.45.58:293][  0]LogOnline:Warning: No default platform service specified for OnlineSubsystem
[2014.11.08-22.45.58:350][  0]LogInit: Presizing for 0 objects not considered by GC, pre-allocating 0 bytes.
[2014.11.08-22.45.58:364][  0]LogInit: Object subsystem initialized
[2014.11.08-22.45.58:374][  0]LogConsoleResponse:Warning: Skipping Unknown console variable: 'UIScaleRule = ShortestSide'
[2014.11.08-22.45.58:374][  0]LogConsoleResponse:Warning:   Found in ini file 'C:/Users/Maurice/Documents/Unreal Projects/EpicManBP/Saved/Config/Windows/Engine.ini', in section '[/Script/Engine.RendererSettings]'
[2014.11.08-22.45.58:374][  0]LogConsoleResponse:Warning: Skipping Unknown console variable: 'UIScaleCurve = (EditorCurveData=(Keys=((Time=480.000000,Value=0.444000),(Time=720.000000,Value=0.666000),(Time=1080.000000,Value=1.000000),(Time=8640.000000,Value=8.000000))),ExternalCurve=None)'
[2014.11.08-22.45.58:374][  0]LogConsoleResponse:Warning:   Found in ini file 'C:/Users/Maurice/Documents/Unreal Projects/EpicManBP/Saved/Config/Windows/Engine.ini', in section '[/Script/Engine.RendererSettings]'
[2014.11.08-22.45.58:379][  0]LogInit: Selected Device Profile: [Windows]
[2014.11.08-22.45.58:379][  0]LogInit: Applying CVar settings loaded from the selected device profile: [Windows]
[2014.11.08-22.45.58:389][  0]LogInit: Computer: XPS3
[2014.11.08-22.45.58:390][  0]LogInit: User: Maurice
[2014.11.08-22.45.58:390][  0]LogInit: CPU Page size=4096, Cores=4
[2014.11.08-22.45.58:390][  0]LogInit: High frequency timer resolution =3.312734 MHz
[2014.11.08-22.45.58:390][  0]LogMemory: Memory total: Physical=24.0GB (24GB approx) Virtual=8192.0GB
[2014.11.08-22.45.58:390][  0]LogMemory: Platform Memory Stats for Windows
[2014.11.08-22.45.58:390][  0]LogMemory: Process Physical Memory: 63.04 MB used, 63.04 MB peak
[2014.11.08-22.45.58:390][  0]LogMemory: Process Virtual Memory: 38.38 MB used, 38.38 MB peak
[2014.11.08-22.45.58:390][  0]LogMemory: Physical Memory: 2575.63 MB used, 24527.21 MB total
[2014.11.08-22.45.58:390][  0]LogMemory: Virtual Memory: 270.46 MB used, 8388608.00 MB total
[2014.11.08-22.45.58:417][  0]LogD3D11RHI: Found D3D11 adapter 0: NVIDIA GeForce GTX 660 (Feature Level 11_0)
[2014.11.08-22.45.58:417][  0]LogD3D11RHI: Adapter has 1484MB of dedicated video memory, 0MB of dedicated system memory, and 2560MB of shared system memory, 2 output[s]
[2014.11.08-22.45.58:417][  0]LogD3D11RHI: Chosen D3D11 Adapter Id = 0
[2014.11.08-22.45.58:421][  0]LogRHI: Texture pool is 1039 MB (70% of 1484 MB)
[2014.11.08-22.45.58:428][  0]LogD3D11RHI: Async texture creation enabled
[2014.11.08-22.45.58:673][  0]LogTextLocalizationManager: The requested culture ('en_US') has no localization data; parent culture's ('en') localization data will be used.
[2014.11.08-22.45.58:794][  0]LogContentStreaming: Texture pool size is 0.000000MB
[2014.11.08-22.46.03:437][  0]LogTargetPlatformManager:Display: Building Assets For Windows
[2014.11.08-22.46.03:880][  0]LogTargetPlatformManager:Display: Building Assets For Windows
[2014.11.08-22.46.03:930][  0]LogDerivedDataCache:Display: Max Cache Size: 512 MB
[2014.11.08-22.46.04:040][  0]LogDerivedDataCache: Loaded boot cache 0.11s 39MB C:/Users/Maurice/AppData/Local/UnrealEngine/4.5/DerivedDataCache/Boot.ddc.
[2014.11.08-22.46.04:040][  0]LogDerivedDataCache:Display: Loaded Boot cache: C:/Users/Maurice/AppData/Local/UnrealEngine/4.5/DerivedDataCache/Boot.ddc
[2014.11.08-22.46.04:040][  0]LogDerivedDataCache: FDerivedDataBackendGraph:  Pak pak cache file ../../../../../../Users/Maurice/Documents/Unreal Projects/EpicManBP/DerivedDataCache/DDC.ddp not found, will not use a pak cache.
[2014.11.08-22.46.04:040][  0]LogDerivedDataCache: Unable to find inner node Pak for hierarchical cache Hierarchy.
[2014.11.08-22.46.04:095][  0]LogDerivedDataCache:Display: Pak cache opened for reading ../../../Engine/DerivedDataCache/DDC.ddp.
[2014.11.08-22.46.04:107][  0]LogDerivedDataCache: Using Local data cache path C:/Users/Maurice/AppData/Local/UnrealEngine/Common/DerivedDataCache: Writable
[2014.11.08-22.46.05:921][  0]LogMeshUtilities: No automatic mesh reduction module available
[2014.11.08-22.46.05:921][  0]LogMeshUtilities: No automatic mesh merging module available
[2014.11.08-22.46.06:229][  0]LogLinker:Warning: Asset '../../../Engine/Content/Functions/Engine_MaterialFunctions02/Texturing/FlipBook.uasset' has been saved with empty engine version. The asset will be loaded but may be incompatible.
[2014.11.08-22.46.06:239][  0]LogLinker:Warning: Asset '../../../Engine/Content/Functions/Engine_MaterialFunctions02/ExampleContent/Textures/flipbook.uasset' has been saved with empty engine version. The asset will be loaded but may be incompatible.
[2014.11.08-22.46.06:544][  0]LogInit: WinSock: version 1.1 (2.2), MaxSocks=32767, MaxUdp=65467
[2014.11.08-22.46.08:508][  0]UdpMessaging: Initializing bridge on interface 0.0.0.0:0 to multicast group 230.0.0.1:6666.
[2014.11.08-22.46.08:695][  0]LogDirectoryWatcher:Warning: Failed to begin reading directory changes for C:/Users/Maurice/Documents/Unreal Projects/EpicManBP/Binaries/Win64. Error: 0
[2014.11.08-22.46.08:894][  0]SourceControl: Info Source control is disabled
[2014.11.08-22.46.08:894][  0]SourceControl: Info Source control is disabled
[2014.11.08-22.46.08:898][  0]SourceControl: Info Source control is disabled
[2014.11.08-22.46.09:020][  0]LogObj: 22915 objects as part of root set at end of initial load.
[2014.11.08-22.46.09:020][  0]LogUObjectAllocator: 4803536 out of 0 bytes used by permanent object pool.
[2014.11.08-22.46.09:098][  0]LogEngine: Initializing Engine...
[2014.11.08-22.46.09:265][  0]LogInit: XAudio2 using 'Speakers (High Definition Audio Device)' : 2 channels at 44.1 kHz using 16 bits per sample (channel mask 0x3)
[2014.11.08-22.46.09:286][  0]LogInit: FAudioDevice initialized.
[2014.11.08-22.46.09:331][  0]LogAIModule: Creating AISystem for world NewWorld
[2014.11.08-22.46.09:352][  0]LogDerivedDataCache: Saved boot cache 0.02s 39MB C:/Users/Maurice/AppData/Local/UnrealEngine/4.5/DerivedDataCache/Boot.ddc.
[2014.11.08-22.46.09:356][  0]LogInit: Texture streaming: Enabled
[2014.11.08-22.46.09:389][  0]LogInit: Transaction tracking system initialized
[2014.11.08-22.46.09:468][  0]BlueprintLog: New page: Editor Load
[2014.11.08-22.46.09:502][  0]LogAssetRegistry: FAssetRegistry took 0.0116 seconds to start up
[2014.11.08-22.46.09:502][  0]LogDirectoryWatcher:Warning: Failed to begin reading directory changes for ../../../Engine/Plugins/Experimental/CharacterAI/Content/. Error: 0
[2014.11.08-22.46.09:905][  0]LogTargetPlatformManager:Display: Building Assets For Windows
[2014.11.08-22.46.10:142][  0]LogTargetPlatformManager:Display: Building Assets For Windows
[2014.11.08-22.46.10:356][  0]LogConsoleResponse:Display: 
[2014.11.08-22.46.10:651][  0]SourceControl: Info Source control is disabled
[2014.11.08-22.46.10:652][  0]Cmd: MAP LOAD FILE="../../../../../../Users/Maurice/Documents/Unreal Projects/EpicManBP/Content/Maps/EpicManLevel.umap" TEMPLATE=0 SHOWPROGRESS=1
[2014.11.08-22.46.10:656][  0]LightingResults: New page: Lighting Build
[2014.11.08-22.46.10:666][  0]MapCheck: New page: Map Check
[2014.11.08-22.46.10:666][  0]LightingResults: New page: Lighting Build
[2014.11.08-22.46.10:683][  0]LogParticles: Destroying 0 GPU particle simulations for FXSystem 0x00000000172C5A80
[2014.11.08-22.46.11:266][  0]LogEditorServer: Finished looking for orphan Actors (0.000 secs)
[2014.11.08-22.46.11:267][  0]LogAIModule: Creating AISystem for world EpicManLevel
[2014.11.08-22.46.11:269][  0]Cmd: MAP CHECKDEP
[2014.11.08-22.46.11:269][  0]MapCheck: New page: EpicManLevel - Nov 8, 2014, 6:46:11 AM
[2014.11.08-22.46.11:339][  0]MapCheck: Info Map check complete: 0 Error(s), 0 Warning(s), took 70.679ms to complete.
[2014.11.08-22.46.11:339][  0]LogFileHelpers: Loading map 'EpicManLevel' took 0.687
[2014.11.08-22.46.11:569][  0]LogCollectionManager: Loaded 0 collections in 0.000699 seconds
[2014.11.08-22.46.11:760][  0]LogCrashTracker: Crashtracker disabled due to settings.
[2014.11.08-22.46.11:796][  0]LogUObjectGlobals:Warning: Failed to find object 'Class None.'
[2014.11.08-22.46.11:821][  0]LogLoad: Full Startup: 16.73 seconds (BP compile: 0.18 seconds)
[2014.11.08-22.46.12:360][  0]LogRenderer:Warning: Reallocating scene render targets to support 736x544.
[2014.11.08-22.46.12:624][  1]LogContentBrowser:Verbose: The content browser source was changed by the sources view to '/Game/HUD'
[2014.11.08-22.46.15:288][  9]LogAssetRegistry: Asset discovery search completed in 5.7983 seconds
[2014.11.08-22.47.04:028][156]BlueprintLog: New page: Pre-PIE auto-recompile
[2014.11.08-22.47.04:028][156]LogPlayLevel: [PIE] Compiling EpicManLevel before PIE...
[2014.11.08-22.47.04:246][156]LogPlayLevel: PIE:  Blueprint regeneration took 217 ms (1 blueprints)
[2014.11.08-22.47.04:246][156]PIE: New page: PIE session: EpicManLevel (Nov 8, 2014, 6:47:04 AM)
[2014.11.08-22.47.04:255][156]LogPlayLevel: PIE: StaticDuplicateObject took: (0.008805s)
[2014.11.08-22.47.04:255][156]LogPlayLevel: PIE: World Init took: (0.000341s)
[2014.11.08-22.47.04:256][156]LogPlayLevel: PIE: Created PIE world by copying editor world from /Game/Maps/EpicManLevel.EpicManLevel to /Game/Maps/UEDPIE_0_EpicManLevel.EpicManLevel (0.009297s)
[2014.11.08-22.47.04:302][156]LogWorld: Game class is 'MyGame_C'
[2014.11.08-22.47.04:313][156]LogAIModule: Creating AISystem for world EpicManLevel
[2014.11.08-22.47.04:320][156]LogWorld: Bringing World /Game/Maps/UEDPIE_0_EpicManLevel.EpicManLevel up for play (max tick rate 0) at 2014.11.08-14.47.04
[2014.11.08-22.47.04:323][156]LogWorld: Bringing up level for play took: 0.009822
[2014.11.08-22.47.04:505][156]PIE: Info Play in editor start time for /Game/Maps/UEDPIE_0_EpicManLevel -0.058
[2014.11.08-22.47.06:114][306]LogBlueprintUserMessages: 100
[2014.11.08-22.47.06:419][342]LogBlueprintUserMessages: 200
[2014.11.08-22.47.06:586][362]LogBlueprintUserMessages: 300
[2014.11.08-22.47.06:736][380]LogBlueprintUserMessages: 400
[2014.11.08-22.47.06:879][397]LogBlueprintUserMessages: 500
[2014.11.08-22.47.07:021][414]LogBlueprintUserMessages: 600
[2014.11.08-22.47.07:163][431]LogBlueprintUserMessages: 700
[2014.11.08-22.47.07:338][446]LogActorComponent: UnregisterComponent: (/Engine/Transient.CharacterMovementComponent_0) Not registered. Aborting.
[2014.11.08-22.47.07:384][447]LogParticles: Destroying 0 GPU particle simulations for FXSystem 0x000000001F787D80
[2014.11.08-22.47.11:537][934]LogContentBrowser:Verbose: The content browser source was changed by the sources view to '/Game/Blueprints'
[2014.11.08-22.49.35:699][564]LogProfile: Added a client
[2014.11.08-22.49.35:957][565]FunctionalTestingLog: New page: Functional Test
[2014.11.08-22.50.55:546][715]BlueprintLog: New page: Pre-PIE auto-recompile
[2014.11.08-22.50.55:546][715]LogPlayLevel: [PIE] Compiling Tutorial_BP_MacroLib before PIE...
[2014.11.08-22.50.55:583][715]LogPlayLevel: [PIE] Compiling EpicManLevel before PIE...
[2014.11.08-22.50.55:622][715]LogActorComponent: UnregisterComponent: (/Engine/Transient.CharacterMovementComponent_1) Not registered. Aborting.
[2014.11.08-22.50.55:642][715]LogPlayLevel: PIE:  Blueprint regeneration took 96 ms (2 blueprints)
[2014.11.08-22.50.55:643][715]PIE: New page: PIE session: EpicManLevel (Nov 8, 2014, 6:50:55 AM)
[2014.11.08-22.50.55:658][715]LogPlayLevel: PIE: StaticDuplicateObject took: (0.015417s)
[2014.11.08-22.50.55:659][715]LogPlayLevel: PIE: World Init took: (0.000457s)
[2014.11.08-22.50.55:659][715]LogPlayLevel: PIE: Created PIE world by copying editor world from /Game/Maps/EpicManLevel.EpicManLevel to /Game/Maps/UEDPIE_0_EpicManLevel.EpicManLevel (0.016036s)
[2014.11.08-22.50.55:687][715]LogWorld: Game class is 'MyGame_C'
[2014.11.08-22.50.55:688][715]LogAIModule: Creating AISystem for world EpicManLevel
[2014.11.08-22.50.55:691][715]LogWorld: Bringing World /Game/Maps/UEDPIE_0_EpicManLevel.EpicManLevel up for play (max tick rate 0) at 2014.11.08-14.50.55
[2014.11.08-22.50.55:692][715]LogWorld: Bringing up level for play took: 0.003352
[2014.11.08-22.50.55:926][715]PIE: Info Play in editor start time for /Game/Maps/UEDPIE_0_EpicManLevel 1.356
[2014.11.08-22.51.04:782][720]LogParticles: Destroying 0 GPU particle simulations for FXSystem 0x000000001F7842C0
[2014.11.08-22.51.28:716][388]BlueprintLog: New page: Pre-PIE auto-recompile
[2014.11.08-22.51.28:716][388]LogPlayLevel: [PIE] Compiling EpicManLevel before PIE...
[2014.11.08-22.51.28:765][388]LogPlayLevel: PIE:  Blueprint regeneration took 49 ms (1 blueprints)
[2014.11.08-22.51.28:765][388]PIE: New page: PIE session: EpicManLevel (Nov 8, 2014, 6:51:28 AM)
[2014.11.08-22.51.28:781][388]LogPlayLevel: PIE: StaticDuplicateObject took: (0.015366s)
[2014.11.08-22.51.28:781][388]LogPlayLevel: PIE: World Init took: (0.000508s)
[2014.11.08-22.51.28:782][388]LogPlayLevel: PIE: Created PIE world by copying editor world from /Game/Maps/EpicManLevel.EpicManLevel to /Game/Maps/UEDPIE_0_EpicManLevel.EpicManLevel (0.016095s)
[2014.11.08-22.51.28:811][388]LogWorld: Game class is 'MyGame_C'
[2014.11.08-22.51.28:812][388]LogAIModule: Creating AISystem for world EpicManLevel
[2014.11.08-22.51.28:815][388]LogWorld: Bringing World /Game/Maps/UEDPIE_0_EpicManLevel.EpicManLevel up for play (max tick rate 0) at 2014.11.08-14.51.28
[2014.11.08-22.51.28:816][388]LogWorld: Bringing up level for play took: 0.003400
[2014.11.08-22.51.29:051][388]PIE: Info Play in editor start time for /Game/Maps/UEDPIE_0_EpicManLevel 0.481
[2014.11.08-22.51.32:278][686]LogParticles: Destroying 0 GPU particle simulations for FXSystem 0x000000000CF9EDE0
[2014.11.08-22.51.34:575][931]LogEditorViewport: Clicking on Actor (context menu): BP_Sky_Sphere_C (BP_Sky_Shere)
[2014.11.08-22.51.43:285][906]LogSlateStyle:Warning: Unable to find Slate Widget Style 'ViewportLayoutToolbar.Label'. Using FTextBlockStyle defaults instead.
[2014.11.08-22.51.43:285][906]LogSlateStyle:Warning: Unable to find Slate Widget Style 'ViewportLayoutToolbar.Button'. Using FButtonStyle defaults instead.
[2014.11.08-22.51.43:286][906]LogSlateStyle:Warning: Unable to find Slate Widget Style 'ViewportLayoutToolbar.Label'. Using FTextBlockStyle defaults instead.
[2014.11.08-22.51.43:286][906]LogSlateStyle:Warning: Unable to find Slate Widget Style 'ViewportLayoutToolbar.Label'. Using FTextBlockStyle defaults instead.
[2014.11.08-22.51.43:286][906]LogSlateStyle:Warning: Unable to find Slate Widget Style 'ViewportLayoutToolbar.Button'. Using FButtonStyle defaults instead.
[2014.11.08-22.51.43:287][906]LogSlateStyle:Warning: Unable to find Slate Widget Style 'ViewportLayoutToolbar.Label'. Using FTextBlockStyle defaults instead.
[2014.11.08-22.51.43:287][906]LogSlateStyle:Warning: Unable to find Slate Widget Style 'ViewportLayoutToolbar.Label'. Using FTextBlockStyle defaults instead.
[2014.11.08-22.51.43:287][906]LogSlateStyle:Warning: Unable to find Slate Widget Style 'ViewportLayoutToolbar.Label'. Using FTextBlockStyle defaults instead.
[2014.11.08-22.51.43:287][906]LogSlateStyle:Warning: Unable to find Slate Widget Style 'ViewportLayoutToolbar.Label'. Using FTextBlockStyle defaults instead.
[2014.11.08-22.51.43:288][906]LogSlateStyle:Warning: Unable to find Slate Widget Style 'ViewportLayoutToolbar.Button'. Using FButtonStyle defaults instead.
[2014.11.08-22.51.43:288][906]LogSlateStyle:Warning: Unable to find Slate Widget Style 'ViewportLayoutToolbar.Label'. Using FTextBlockStyle defaults instead.
[2014.11.08-22.51.43:288][906]LogSlateStyle:Warning: Unable to find Slate Widget Style 'ViewportLayoutToolbar.Label'. Using FTextBlockStyle defaults instead.
[2014.11.08-22.51.43:288][906]LogSlateStyle:Warning: Unable to find Slate Widget Style 'ViewportLayoutToolbar.Label'. Using FTextBlockStyle defaults instead.
[2014.11.08-22.51.43:288][906]LogSlateStyle:Warning: Unable to find Slate Widget Style 'ViewportLayoutToolbar.Label'. Using FTextBlockStyle defaults instead.
[2014.11.08-22.51.43:288][906]LogSlateStyle:Warning: Unable to find Slate Widget Style 'ViewportLayoutToolbar.Label'. Using FTextBlockStyle defaults instead.
[2014.11.08-22.51.43:289][906]LogSlateStyle:Warning: Unable to find Slate Widget Style 'ViewportLayoutToolbar.Button'. Using FButtonStyle defaults instead.
[2014.11.08-22.51.44:315][ 20]LogSlateStyle:Warning: Unable to find Slate Widget Style 'ViewportLayoutToolbar.Label'. Using FTextBlockStyle defaults instead.
[2014.11.08-22.51.44:315][ 20]LogSlateStyle:Warning: Unable to find Slate Widget Style 'ViewportLayoutToolbar.Button'. Using FButtonStyle defaults instead.
[2014.11.08-22.51.44:316][ 20]LogSlateStyle:Warning: Unable to find Slate Widget Style 'ViewportLayoutToolbar.Label'. Using FTextBlockStyle defaults instead.
[2014.11.08-22.51.44:316][ 20]LogSlateStyle:Warning: Unable to find Slate Widget Style 'ViewportLayoutToolbar.Label'. Using FTextBlockStyle defaults instead.
[2014.11.08-22.51.44:316][ 20]LogSlateStyle:Warning: Unable to find Slate Widget Style 'ViewportLayoutToolbar.Button'. Using FButtonStyle defaults instead.
[2014.11.08-22.51.44:316][ 20]LogSlateStyle:Warning: Unable to find Slate Widget Style 'ViewportLayoutToolbar.Label'. Using FTextBlockStyle defaults instead.
[2014.11.08-22.51.44:316][ 20]LogSlateStyle:Warning: Unable to find Slate Widget Style 'ViewportLayoutToolbar.Label'. Using FTextBlockStyle defaults instead.
[2014.11.08-22.51.44:316][ 20]LogSlateStyle:Warning: Unable to find Slate Widget Style 'ViewportLayoutToolbar.Label'. Using FTextBlockStyle defaults instead.
[2014.11.08-22.51.44:317][ 20]LogSlateStyle:Warning: Unable to find Slate Widget Style 'ViewportLayoutToolbar.Label'. Using FTextBlockStyle defaults instead.
[2014.11.08-22.51.44:317][ 20]LogSlateStyle:Warning: Unable to find Slate Widget Style 'ViewportLayoutToolbar.Button'. Using FButtonStyle defaults instead.
[2014.11.08-22.51.44:317][ 20]LogSlateStyle:Warning: Unable to find Slate Widget Style 'ViewportLayoutToolbar.Label'. Using FTextBlockStyle defaults instead.
[2014.11.08-22.51.44:317][ 20]LogSlateStyle:Warning: Unable to find Slate Widget Style 'ViewportLayoutToolbar.Label'. Using FTextBlockStyle defaults instead.
[2014.11.08-22.51.44:317][ 20]LogSlateStyle:Warning: Unable to find Slate Widget Style 'ViewportLayoutToolbar.Label'. Using FTextBlockStyle defaults instead.
[2014.11.08-22.51.44:318][ 20]LogSlateStyle:Warning: Unable to find Slate Widget Style 'ViewportLayoutToolbar.Label'. Using FTextBlockStyle defaults instead.
[2014.11.08-22.51.44:318][ 20]LogSlateStyle:Warning: Unable to find Slate Widget Style 'ViewportLayoutToolbar.Label'. Using FTextBlockStyle defaults instead.
[2014.11.08-22.51.44:318][ 20]LogSlateStyle:Warning: Unable to find Slate Widget Style 'ViewportLayoutToolbar.Button'. Using FButtonStyle defaults instead.
[2014.11.08-22.51.44:845][ 83]LogSlateStyle:Warning: Unable to find Slate Widget Style 'ViewportLayoutToolbar.Label'. Using FTextBlockStyle defaults instead.
[2014.11.08-22.51.44:845][ 83]LogSlateStyle:Warning: Unable to find Slate Widget Style 'ViewportLayoutToolbar.Button'. Using FButtonStyle defaults instead.
[2014.11.08-22.51.44:845][ 83]LogSlateStyle:Warning: Unable to find Slate Widget Style 'ViewportLayoutToolbar.Label'. Using FTextBlockStyle defaults instead.
[2014.11.08-22.51.44:846][ 83]LogSlateStyle:Warning: Unable to find Slate Widget Style 'ViewportLayoutToolbar.Label'. Using FTextBlockStyle defaults instead.
[2014.11.08-22.51.44:846][ 83]LogSlateStyle:Warning: Unable to find Slate Widget Style 'ViewportLayoutToolbar.Button'. Using FButtonStyle defaults instead.
[2014.11.08-22.51.44:846][ 83]LogSlateStyle:Warning: Unable to find Slate Widget Style 'ViewportLayoutToolbar.Label'. Using FTextBlockStyle defaults instead.
[2014.11.08-22.51.44:846][ 83]LogSlateStyle:Warning: Unable to find Slate Widget Style 'ViewportLayoutToolbar.Label'. Using FTextBlockStyle defaults instead.
[2014.11.08-22.51.44:846][ 83]LogSlateStyle:Warning: Unable to find Slate Widget Style 'ViewportLayoutToolbar.Label'. Using FTextBlockStyle defaults instead.
[2014.11.08-22.51.44:847][ 83]LogSlateStyle:Warning: Unable to find Slate Widget Style 'ViewportLayoutToolbar.Label'. Using FTextBlockStyle defaults instead.
[2014.11.08-22.51.44:847][ 83]LogSlateStyle:Warning: Unable to find Slate Widget Style 'ViewportLayoutToolbar.Button'. Using FButtonStyle defaults instead.
[2014.11.08-22.51.44:847][ 83]LogSlateStyle:Warning: Unable to find Slate Widget Style 'ViewportLayoutToolbar.Label'. Using FTextBlockStyle defaults instead.
[2014.11.08-22.51.44:847][ 83]LogSlateStyle:Warning: Unable to find Slate Widget Style 'ViewportLayoutToolbar.Label'. Using FTextBlockStyle defaults instead.
[2014.11.08-22.51.44:847][ 83]LogSlateStyle:Warning: Unable to find Slate Widget Style 'ViewportLayoutToolbar.Label'. Using FTextBlockStyle defaults instead.
[2014.11.08-22.51.44:848][ 83]LogSlateStyle:Warning: Unable to find Slate Widget Style 'ViewportLayoutToolbar.Label'. Using FTextBlockStyle defaults instead.
[2014.11.08-22.51.44:848][ 83]LogSlateStyle:Warning: Unable to find Slate Widget Style 'ViewportLayoutToolbar.Label'. Using FTextBlockStyle defaults instead.
[2014.11.08-22.51.44:848][ 83]LogSlateStyle:Warning: Unable to find Slate Widget Style 'ViewportLayoutToolbar.Button'. Using FButtonStyle defaults instead.
[2014.11.08-22.51.52:248][955]LogSlateStyle:Warning: Unable to find Slate Widget Style 'ViewportLayoutToolbar.Label'. Using FTextBlockStyle defaults instead.
[2014.11.08-22.51.52:248][955]LogSlateStyle:Warning: Unable to find Slate Widget Style 'ViewportLayoutToolbar.Button'. Using FButtonStyle defaults instead.
[2014.11.08-22.51.52:248][955]LogSlateStyle:Warning: Unable to find Slate Widget Style 'ViewportLayoutToolbar.Label'. Using FTextBlockStyle defaults instead.
[2014.11.08-22.51.52:248][955]LogSlateStyle:Warning: Unable to find Slate Widget Style 'ViewportLayoutToolbar.Label'. Using FTextBlockStyle defaults instead.
[2014.11.08-22.51.52:249][955]LogSlateStyle:Warning: Unable to find Slate Widget Style 'ViewportLayoutToolbar.Button'. Using FButtonStyle defaults instead.
[2014.11.08-22.51.52:249][955]LogSlateStyle:Warning: Unable to find Slate Widget Style 'ViewportLayoutToolbar.Label'. Using FTextBlockStyle defaults instead.
[2014.11.08-22.51.52:249][955]LogSlateStyle:Warning: Unable to find Slate Widget Style 'ViewportLayoutToolbar.Label'. Using FTextBlockStyle defaults instead.
[2014.11.08-22.51.52:249][955]LogSlateStyle:Warning: Unable to find Slate Widget Style 'ViewportLayoutToolbar.Label'. Using FTextBlockStyle defaults instead.
[2014.11.08-22.51.52:249][955]LogSlateStyle:Warning: Unable to find Slate Widget Style 'ViewportLayoutToolbar.Label'. Using FTextBlockStyle defaults instead.
[2014.11.08-22.51.52:250][955]LogSlateStyle:Warning: Unable to find Slate Widget Style 'ViewportLayoutToolbar.Button'. Using FButtonStyle defaults instead.
[2014.11.08-22.51.52:250][955]LogSlateStyle:Warning: Unable to find Slate Widget Style 'ViewportLayoutToolbar.Label'. Using FTextBlockStyle defaults instead.
[2014.11.08-22.51.52:250][955]LogSlateStyle:Warning: Unable to find Slate Widget Style 'ViewportLayoutToolbar.Label'. Using FTextBlockStyle defaults instead.
[2014.11.08-22.51.52:250][955]LogSlateStyle:Warning: Unable to find Slate Widget Style 'ViewportLayoutToolbar.Label'. Using FTextBlockStyle defaults instead.
[2014.11.08-22.51.52:250][955]LogSlateStyle:Warning: Unable to find Slate Widget Style 'ViewportLayoutToolbar.Label'. Using FTextBlockStyle defaults instead.
[2014.11.08-22.51.52:250][955]LogSlateStyle:Warning: Unable to find Slate Widget Style 'ViewportLayoutToolbar.Label'. Using FTextBlockStyle defaults instead.
[2014.11.08-22.51.52:251][955]LogSlateStyle:Warning: Unable to find Slate Widget Style 'ViewportLayoutToolbar.Button'. Using FButtonStyle defaults instead.
[2014.11.08-22.51.55:949][386]LogEditorViewport: Clicking on Actor (LMB): BP_Sky_Sphere_C (BP_Sky_Shere)
[2014.11.08-22.52.40:131][829]LogEditorViewport: Clicking on Actor (LMB): BP_Sky_Sphere_C (BP_Sky_Shere)
[2014.11.08-22.53.22:853][554]LogProfile: Removed a client
[2014.11.08-22.53.23:053][555]FunctionalTestingLog: New page: Functional Test
[2014.11.08-22.53.30:774][369]LogProfile: Added a client
[2014.11.08-22.53.31:013][370]FunctionalTestingLog: New page: Functional Test
[2014.11.08-22.53.34:737][518]LogEngineService: Maurice terminated this instance remotely.
[2014.11.08-22.53.34:737][518]Cmd: QUIT_EDITOR
[2014.11.08-22.53.35:174][519]LogExit: Preparing to exit.
[2014.11.08-22.53.35:645][519]LogExit: Editor shut down
[2014.11.08-22.53.35:645][519]LogExit: Transaction tracking system shut down
[2014.11.08-22.53.35:646][519]LogParticles: Destroying 0 GPU particle simulations for FXSystem 0x000000000E213880
[2014.11.08-22.53.35:646][519]LogParticles: Destroying 0 GPU particle simulations for FXSystem 0x000000000E2139C0
[2014.11.08-22.53.35:646][519]LogParticles: Destroying 0 GPU particle simulations for FXSystem 0x000000000CD90540
[2014.11.08-22.53.35:683][519]LogParticles: Destroying 0 GPU particle simulations for FXSystem 0x000000001705D620
[2014.11.08-22.53.35:683][519]LogExit: Object subsystem successfully closed.
[2014.11.08-22.53.35:722][519]LogModuleManager: Shutting down and abandoning module StaticMeshEditor (170)
[2014.11.08-22.53.35:723][519]LogModuleManager: Shutting down and abandoning module Profiler (169)
[2014.11.08-22.53.35:723][519]LogModuleManager: Shutting down and abandoning module ScreenShotComparisonTools (168)
[2014.11.08-22.53.35:723][519]LogModuleManager: Shutting down and abandoning module WorldBrowser (167)
[2014.11.08-22.53.35:723][519]LogModuleManager: Shutting down and abandoning module AndroidDeviceDetection (166)
[2014.11.08-22.53.35:723][519]LogModuleManager: Shutting down and abandoning module CrashTracker (165)
[2014.11.08-22.53.35:723][519]LogModuleManager: Shutting down and abandoning module SuperSearch (164)
[2014.11.08-22.53.35:723][519]LogModuleManager: Shutting down and abandoning module SceneOutliner (163)
[2014.11.08-22.53.35:723][519]LogModuleManager: Shutting down and abandoning module EditorWidgets (162)
[2014.11.08-22.53.35:723][519]LogModuleManager: Shutting down and abandoning module CollectionManager (161)
[2014.11.08-22.53.35:724][519]LogModuleManager: Shutting down and abandoning module StatsViewer (160)
[2014.11.08-22.53.35:724][519]LogModuleManager: Shutting down and abandoning module FoliageEdit (159)
[2014.11.08-22.53.35:724][519]LogModuleManager: Shutting down and abandoning module LandscapeEditor (158)
[2014.11.08-22.53.35:724][519]LogModuleManager: Shutting down and abandoning module MeshPaint (157)
[2014.11.08-22.53.35:724][519]LogModuleManager: Shutting down and abandoning module ActorPickerMode (156)
[2014.11.08-22.53.35:724][519]LogModuleManager: Shutting down and abandoning module GeometryMode (155)
[2014.11.08-22.53.35:724][519]LogModuleManager: Shutting down and abandoning module TextureAlignMode (154)
[2014.11.08-22.53.35:724][519]LogModuleManager: Shutting down and abandoning module BspMode (153)
[2014.11.08-22.53.35:724][519]LogModuleManager: Shutting down and abandoning module PlacementMode (152)
[2014.11.08-22.53.35:725][519]LogModuleManager: Shutting down and abandoning module AutomationWorker (151)
[2014.11.08-22.53.35:725][519]LogModuleManager: Shutting down and abandoning module CharacterAI (150)
[2014.11.08-22.53.35:725][519]LogModuleManager: Shutting down and abandoning module GameProjectGeneration (149)
[2014.11.08-22.53.35:725][519]LogModuleManager: Shutting down and abandoning module IntroTutorials (148)
[2014.11.08-22.53.35:725][519]LogModuleManager: Shutting down and abandoning module EditorLiveStreaming (147)
[2014.11.08-22.53.35:725][519]LogModuleManager: Shutting down and abandoning module HardwareTargeting (146)
[2014.11.08-22.53.35:725][519]LogModuleManager: Shutting down and abandoning module BehaviorTreeEditor (145)
[2014.11.08-22.53.35:726][519]LogModuleManager: Shutting down and abandoning module DeviceProfileEditor (144)
[2014.11.08-22.53.35:726][519]LogModuleManager: Shutting down and abandoning module UndoHistory (143)
[2014.11.08-22.53.35:726][519]LogModuleManager: Shutting down and abandoning module GameplayTagsEditor (142)
[2014.11.08-22.53.35:727][519]LogModuleManager: Shutting down and abandoning module UserFeedback (141)
[2014.11.08-22.53.35:727][519]LogModuleManager: Shutting down and abandoning module XmlParser (140)
[2014.11.08-22.53.35:727][519]LogModuleManager: Shutting down and abandoning module Blutility (139)
[2014.11.08-22.53.35:727][519]LogModuleManager: Shutting down and abandoning module IOSPlatformEditor (138)
[2014.11.08-22.53.35:727][519]LogModuleManager: Shutting down and abandoning module IOSRuntimeSettings (137)
[2014.11.08-22.53.35:727][519]LogModuleManager: Shutting down and abandoning module AndroidPlatformEditor (136)
[2014.11.08-22.53.35:727][519]LogModuleManager: Shutting down and abandoning module AndroidRuntimeSettings (135)
[2014.11.08-22.53.35:727][519]LogModuleManager: Shutting down and abandoning module ProjectTargetPlatformEditor (134)
[2014.11.08-22.53.35:727][519]LogModuleManager: Shutting down and abandoning module ProjectSettingsViewer (133)
[2014.11.08-22.53.35:727][519]LogModuleManager: Shutting down and abandoning module InputBindingEditor (132)
[2014.11.08-22.53.35:727][519]LogModuleManager: Shutting down and abandoning module EditorSettingsViewer (131)
[2014.11.08-22.53.35:727][519]LogModuleManager: Shutting down and abandoning module SettingsEditor (130)
[2014.11.08-22.53.35:728][519]LogModuleManager: Shutting down and abandoning module ProjectLauncher (129)
[2014.11.08-22.53.35:728][519]LogModuleManager: Shutting down and abandoning module SessionFrontend (128)
[2014.11.08-22.53.35:728][519]LogModuleManager: Shutting down and abandoning module ProfilerClient (127)
[2014.11.08-22.53.35:728][519]LogModuleManager: Shutting down and abandoning module TargetDeviceServices (126)
[2014.11.08-22.53.35:728][519]LogModuleManager: Shutting down and abandoning module DeviceManager (125)
[2014.11.08-22.53.35:728][519]LogModuleManager: Shutting down and abandoning module AutomationController (124)
[2014.11.08-22.53.35:728][519]LogModuleManager: Shutting down and abandoning module AutomationWindow (123)
[2014.11.08-22.53.35:728][519]LogModuleManager: Shutting down and abandoning module Layers (122)
[2014.11.08-22.53.35:728][519]LogModuleManager: Shutting down and abandoning module ComponentVisualizers (121)
[2014.11.08-22.53.35:728][519]LogModuleManager: Shutting down and abandoning module DetailCustomizations (120)
[2014.11.08-22.53.35:728][519]LogModuleManager: Shutting down and abandoning module PackagesDialog (119)
[2014.11.08-22.53.35:728][519]LogModuleManager: Shutting down and abandoning module AssetRegistry (118)
[2014.11.08-22.53.35:747][519]LogModuleManager: Shutting down and abandoning module Persona (117)
[2014.11.08-22.53.35:747][519]LogModuleManager: Shutting down and abandoning module Kismet (116)
[2014.11.08-22.53.35:747][519]LogModuleManager: Shutting down and abandoning module GraphEditor (115)
[2014.11.08-22.53.35:747][519]LogModuleManager: Shutting down and abandoning module ClassViewer (114)
[2014.11.08-22.53.35:747][519]LogModuleManager: Shutting down and abandoning module Toolbox (113)
[2014.11.08-22.53.35:747][519]LogModuleManager: Shutting down and abandoning module ModuleUI (112)
[2014.11.08-22.53.35:748][519]LogModuleManager: Shutting down and abandoning module MovieSceneTools (111)
[2014.11.08-22.53.35:748][519]LogModuleManager: Shutting down and abandoning module OutputLog (110)
[2014.11.08-22.53.35:748][519]LogModuleManager: Shutting down and abandoning module GammaUI (109)
[2014.11.08-22.53.35:749][519]LogModuleManager: Shutting down and abandoning module Documentation (108)
[2014.11.08-22.53.35:749][519]LogModuleManager: Shutting down and abandoning module GameLiveStreaming (107)
[2014.11.08-22.53.35:749][519]LogModuleManager: Shutting down and abandoning module StreamingPauseRendering (106)
[2014.11.08-22.53.35:749][519]LogModuleManager: Shutting down and abandoning module HTTP (105)
[2014.11.08-22.53.35:749][519]LogModuleManager: Shutting down and abandoning module AnalyticsET (104)
[2014.11.08-22.53.35:749][519]LogModuleManager: Shutting down and abandoning module Analytics (103)
[2014.11.08-22.53.35:749][519]LogModuleManager: Shutting down and abandoning module GameplayDebugger (102)
[2014.11.08-22.53.35:749][519]LogModuleManager: Shutting down and abandoning module AIModule (101)
[2014.11.08-22.53.35:749][519]LogModuleManager: Shutting down and abandoning module ProfilerService (100)
[2014.11.08-22.53.35:818][519]LogModuleManager: Shutting down and abandoning module TaskGraph (99)
[2014.11.08-22.53.35:819][519]LogModuleManager: Shutting down and abandoning module SlateRemote (98)
[2014.11.08-22.53.35:819][519]LogModuleManager: Shutting down and abandoning module ScriptEditorPlugin (97)
[2014.11.08-22.53.35:819][519]LogModuleManager: Shutting down and abandoning module CustomMeshComponent (96)
[2014.11.08-22.53.35:820][519]LogModuleManager: Shutting down and abandoning module CableComponent (95)
[2014.11.08-22.53.35:820][519]LogModuleManager: Shutting down and abandoning module MessagingDebugger (94)
[2014.11.08-22.53.35:821][519]LogModuleManager: Shutting down and abandoning module MediaPlayerEditor (93)
[2014.11.08-22.53.35:821][519]LogModuleManager: Shutting down and abandoning module SpeedTreeImporter (92)
[2014.11.08-22.53.35:821][519]LogModuleManager: Shutting down and abandoning module PluginsEditor (91)
[2014.11.08-22.53.35:822][519]LogModuleManager: Shutting down and abandoning module EpicSurvey (90)
[2014.11.08-22.53.35:822][519]LogModuleManager: Shutting down and abandoning module DesktopPlatform (89)
[2014.11.08-22.53.35:822][519]LogModuleManager: Shutting down and abandoning module VisualStudioSourceCodeAccess (88)
[2014.11.08-22.53.35:822][519]LogModuleManager: Shutting down and abandoning module UObjectPlugin (87)
[2014.11.08-22.53.35:822][519]LogModuleManager: Shutting down and abandoning module SubversionSourceControl (86)
[2014.11.08-22.53.35:822][519]LogModuleManager: Shutting down and abandoning module SourceControl (85)
[2014.11.08-22.53.35:822][519]LogModuleManager: Shutting down and abandoning module PerforceSourceControl (84)
[2014.11.08-22.53.35:823][519]LogModuleManager: Shutting down and abandoning module BlankPlugin (83)
[2014.11.08-22.53.35:823][519]LogModuleManager: Shutting down and abandoning module SlateReflector (82)
[2014.11.08-22.53.35:823][519]LogModuleManager: Shutting down and abandoning module DirectoryWatcher (81)
[2014.11.08-22.53.35:823][519]LogModuleManager: Shutting down and abandoning module HotReload (80)
[2014.11.08-22.53.35:824][519]LogModuleManager: Shutting down and abandoning module MainFrame (79)
[2014.11.08-22.53.35:824][519]LogModuleManager: Shutting down and abandoning module LevelEditor (78)
[2014.11.08-22.53.35:827][519]LogModuleManager: Shutting down and abandoning module ViewportSnapping (77)
[2014.11.08-22.53.35:827][519]LogModuleManager: Shutting down and abandoning module SmartSnapping (76)
[2014.11.08-22.53.35:827][519]LogModuleManager: Shutting down and abandoning module PaperTiledImporter (75)
[2014.11.08-22.53.35:827][519]LogModuleManager: Shutting down and abandoning module PaperJsonImporter (74)
[2014.11.08-22.53.35:827][519]LogModuleManager: Shutting down and abandoning module ContentBrowser (73)
[2014.11.08-22.53.35:827][519]LogModuleManager: Shutting down and abandoning module PropertyEditor (72)
[2014.11.08-22.53.35:827][519]LogModuleManager: Shutting down and abandoning module Paper2DEditor (71)
[2014.11.08-22.53.35:828][519]LogModuleManager: Shutting down and abandoning module ScriptPlugin (70)
[2014.11.08-22.53.35:828][519]LogModuleManager: Shutting down and abandoning module UdpMessaging (69)
[2014.11.08-22.53.35:929][519]LogModuleManager: Shutting down and abandoning module Paper2D (68)
[2014.11.08-22.53.35:929][519]LogModuleManager: Shutting down and abandoning module WindowsMoviePlayer (67)
[2014.11.08-22.53.35:937][519]LogModuleManager: Shutting down and abandoning module Media (66)
[2014.11.08-22.53.35:937][519]LogModuleManager: Shutting down and abandoning module WmfMedia (65)
[2014.11.08-22.53.35:938][519]LogModuleManager: Shutting down and abandoning module OnlineBlueprintSupport (64)
[2014.11.08-22.53.35:938][519]LogModuleManager: Shutting down and abandoning module FunctionalTesting (63)
[2014.11.08-22.53.35:938][519]LogModuleManager: Shutting down and abandoning module CollisionAnalyzer (62)
[2014.11.08-22.53.35:939][519]LogModuleManager: Shutting down and abandoning module WorkspaceMenuStructure (61)
[2014.11.08-22.53.35:939][519]LogModuleManager: Shutting down and abandoning module MessageLog (60)
[2014.11.08-22.53.35:939][519]LogModuleManager: Shutting down and abandoning module Sequencer (59)
[2014.11.08-22.53.35:940][519]LogModuleManager: Shutting down and abandoning module AssetTools (58)
[2014.11.08-22.53.35:942][519]LogModuleManager: Shutting down and abandoning module UMGEditor (57)
[2014.11.08-22.53.35:943][519]LogModuleManager: Shutting down and abandoning module UMG (56)
[2014.11.08-22.53.35:943][519]LogModuleManager: Shutting down and abandoning module Slate (55)
[2014.11.08-22.53.35:943][519]LogModuleManager: Shutting down and abandoning module EditorStyle (54)
[2014.11.08-22.53.35:948][519]LogModuleManager: Shutting down and abandoning module SessionServices (53)
[2014.11.08-22.53.35:948][519]LogModuleManager: Shutting down and abandoning module SourceCodeAccess (52)
[2014.11.08-22.53.35:948][519]LogModuleManager: Shutting down and abandoning module HeadMountedDisplay (51)
[2014.11.08-22.53.35:948][519]LogModuleManager: Shutting down and abandoning module XAudio2 (50)
[2014.11.08-22.53.35:948][519]LogModuleManager: Shutting down and abandoning module Networking (48)
[2014.11.08-22.53.35:948][519]LogModuleManager: Shutting down and abandoning module Core (47)
[2014.11.08-22.53.35:948][519]LogModuleManager: Shutting down and abandoning module KismetCompiler (46)
[2014.11.08-22.53.35:948][519]LogModuleManager: Shutting down and abandoning module PhysXFormats (45)
[2014.11.08-22.53.35:948][519]LogModuleManager: Shutting down and abandoning module MeshUtilities (44)
[2014.11.08-22.53.35:949][519]LogModuleManager: Shutting down and abandoning module DerivedDataCache (43)
[2014.11.08-22.53.35:991][519]LogDerivedDataCache: Shutdown
[2014.11.08-22.53.35:991][519]LogModuleManager: Shutting down and abandoning module ShaderFormatOpenGL (42)
[2014.11.08-22.53.35:992][519]LogModuleManager: Shutting down and abandoning module ShaderFormatD3D (41)
[2014.11.08-22.53.35:992][519]LogModuleManager: Shutting down and abandoning module MetalShaderFormat (40)
[2014.11.08-22.53.35:992][519]LogModuleManager: Shutting down and abandoning module TextureFormatUncompressed (39)
[2014.11.08-22.53.35:992][519]LogModuleManager: Shutting down and abandoning module TextureFormatPVR (38)
[2014.11.08-22.53.35:992][519]LogModuleManager: Shutting down and abandoning module TextureFormatDXT (37)
[2014.11.08-22.53.35:992][519]LogModuleManager: Shutting down and abandoning module TextureFormatAndroid (36)
[2014.11.08-22.53.35:992][519]LogModuleManager: Shutting down and abandoning module AudioFormatOpus (35)
[2014.11.08-22.53.35:992][519]LogModuleManager: Shutting down and abandoning module AudioFormatOgg (34)
[2014.11.08-22.53.35:993][519]LogModuleManager: Shutting down and abandoning module AudioFormatADPCM (33)
[2014.11.08-22.53.35:993][519]LogModuleManager: Shutting down and abandoning module Messaging (32)
[2014.11.08-22.53.35:993][519]LogModuleManager: Shutting down and abandoning module IOSTargetPlatform (31)
[2014.11.08-22.53.35:993][519]LogModuleManager: Shutting down and abandoning module Android_PVRTCTargetPlatform (30)
[2014.11.08-22.53.35:993][519]LogModuleManager: Shutting down and abandoning module Android_ETC2TargetPlatform (29)
[2014.11.08-22.53.35:993][519]LogModuleManager: Shutting down and abandoning module Android_ETC1TargetPlatform (28)
[2014.11.08-22.53.35:993][519]LogModuleManager: Shutting down and abandoning module Android_DXTTargetPlatform (27)
[2014.11.08-22.53.35:993][519]LogModuleManager: Shutting down and abandoning module Android_ATCTargetPlatform (26)
[2014.11.08-22.53.35:993][519]LogModuleManager: Shutting down and abandoning module AndroidTargetPlatform (25)
[2014.11.08-22.53.35:993][519]LogModuleManager: Shutting down and abandoning module WindowsTargetPlatform (24)
[2014.11.08-22.53.35:993][519]LogModuleManager: Shutting down and abandoning module WindowsServerTargetPlatform (23)
[2014.11.08-22.53.35:993][519]LogModuleManager: Shutting down and abandoning module WindowsNoEditorTargetPlatform (22)
[2014.11.08-22.53.35:993][519]LogModuleManager: Shutting down and abandoning module WindowsClientTargetPlatform (21)
[2014.11.08-22.53.35:993][519]LogModuleManager: Shutting down and abandoning module TargetPlatform (20)
[2014.11.08-22.53.35:993][519]LogModuleManager: Shutting down and abandoning module InputCore (19)
[2014.11.08-22.53.35:993][519]LogModuleManager: Shutting down and abandoning module Settings (18)
[2014.11.08-22.53.35:993][519]LogModuleManager: Shutting down and abandoning module ImageWrapper (17)
[2014.11.08-22.53.35:993][519]LogModuleManager: Shutting down and abandoning module OculusRift (14)
[2014.11.08-22.53.35:993][519]LogModuleManager: Shutting down and abandoning module ExampleDeviceProfileSelector (13)
[2014.11.08-22.53.35:993][519]LogModuleManager: Shutting down and abandoning module TextureCompressor (12)
[2014.11.08-22.53.35:994][519]LogModuleManager: Shutting down and abandoning module ShaderCore (11)
[2014.11.08-22.53.35:994][519]LogModuleManager: Shutting down and abandoning module SlateRHIRenderer (10)
[2014.11.08-22.53.35:995][519]LogModuleManager: Shutting down and abandoning module OpenGLDrv (9)
[2014.11.08-22.53.35:995][519]LogModuleManager: Shutting down and abandoning module D3D11RHI (8)
[2014.11.08-22.53.35:995][519]LogModuleManager: Shutting down and abandoning module Renderer (7)
[2014.11.08-22.53.35:996][519]LogModuleManager: Shutting down and abandoning module Engine (6)
[2014.11.08-22.53.35:996][519]LogModuleManager: Shutting down and abandoning module CoreUObject (5)
[2014.11.08-22.53.35:996][519]LogModuleManager: Shutting down and abandoning module NetworkFile (4)
[2014.11.08-22.53.35:996][519]LogModuleManager: Shutting down and abandoning module StreamingFile (3)
[2014.11.08-22.53.35:996][519]LogModuleManager: Shutting down and abandoning module SandboxFile (2)
[2014.11.08-22.53.35:996][519]LogModuleManager: Shutting down and abandoning module PakFile (1)
[2014.11.08-22.53.35:997][519]LogExit: Exiting.
[2014.11.08-22.53.36:042][519]Log file closed, 11/08/14 14:53:36
