Log file open, 12/11/14 14:14:18
LogInit:Display: Running engine for game: EpicManBP
LogInit: Version: 4.5.1-2336687+++depot+UE4-Releases+4.5
LogInit: API Version: 2326478
LogInit: Compiled (64-bit): Oct 21 2014 22:32:40
LogInit: Compiled with Visual C++: 18.00.21005.01
LogInit: Build Configuration: Development
LogInit: Branch Name: ++depot+UE4-Releases+4.5
LogInit: Command line:  
LogInit: Base directory: C:/Program Files/Unreal Engine/4.5/Engine/Binaries/Win64/
LogInit: Rocket: 1
[2014.12.11-22.14.18:947][  0]LogTaskGraph: Started task graph with 3 named threads and 4 total threads.
[2014.12.11-22.14.18:975][  0]LogOnline:Warning: No default platform service specified for OnlineSubsystem
[2014.12.11-22.14.19:027][  0]LogInit: Presizing for 0 objects not considered by GC, pre-allocating 0 bytes.
[2014.12.11-22.14.19:035][  0]LogInit: Object subsystem initialized
[2014.12.11-22.14.19:038][  0]LogConsoleResponse:Warning: Skipping Unknown console variable: 'UIScaleRule = ShortestSide'
[2014.12.11-22.14.19:038][  0]LogConsoleResponse:Warning:   Found in ini file 'C:/Users/Maurice/Documents/Unreal Projects/EpicManBP/Saved/Config/Windows/Engine.ini', in section '[/Script/Engine.RendererSettings]'
[2014.12.11-22.14.19:038][  0]LogConsoleResponse:Warning: Skipping Unknown console variable: 'UIScaleCurve = (EditorCurveData=(Keys=((Time=480.000000,Value=0.444000),(Time=720.000000,Value=0.666000),(Time=1080.000000,Value=1.000000),(Time=8640.000000,Value=8.000000))),ExternalCurve=None)'
[2014.12.11-22.14.19:038][  0]LogConsoleResponse:Warning:   Found in ini file 'C:/Users/Maurice/Documents/Unreal Projects/EpicManBP/Saved/Config/Windows/Engine.ini', in section '[/Script/Engine.RendererSettings]'
[2014.12.11-22.14.19:038][  0]LogInit: Selected Device Profile: [Windows]
[2014.12.11-22.14.19:038][  0]LogInit: Applying CVar settings loaded from the selected device profile: [Windows]
[2014.12.11-22.14.19:046][  0]LogInit: Computer: XPS3
[2014.12.11-22.14.19:046][  0]LogInit: User: Maurice
[2014.12.11-22.14.19:046][  0]LogInit: CPU Page size=4096, Cores=4
[2014.12.11-22.14.19:046][  0]LogInit: High frequency timer resolution =3.312705 MHz
[2014.12.11-22.14.19:046][  0]LogMemory: Memory total: Physical=24.0GB (24GB approx) Virtual=8192.0GB
[2014.12.11-22.14.19:046][  0]LogMemory: Platform Memory Stats for Windows
[2014.12.11-22.14.19:046][  0]LogMemory: Process Physical Memory: 76.08 MB used, 76.08 MB peak
[2014.12.11-22.14.19:046][  0]LogMemory: Process Virtual Memory: 51.38 MB used, 51.38 MB peak
[2014.12.11-22.14.19:046][  0]LogMemory: Physical Memory: 4223.23 MB used, 24527.21 MB total
[2014.12.11-22.14.19:047][  0]LogMemory: Virtual Memory: 284.41 MB used, 8388608.00 MB total
[2014.12.11-22.14.19:097][  0]LogD3D11RHI: Found D3D11 adapter 0: NVIDIA GeForce GTX 660 (Feature Level 11_0)
[2014.12.11-22.14.19:097][  0]LogD3D11RHI: Adapter has 1484MB of dedicated video memory, 0MB of dedicated system memory, and 2560MB of shared system memory, 2 output[s]
[2014.12.11-22.14.19:097][  0]LogD3D11RHI: Chosen D3D11 Adapter Id = 0
[2014.12.11-22.14.19:100][  0]LogRHI: Texture pool is 1039 MB (70% of 1484 MB)
[2014.12.11-22.14.19:107][  0]LogD3D11RHI: Async texture creation enabled
[2014.12.11-22.14.19:217][  0]LogTextLocalizationManager: The requested culture ('en_US') has no localization data; parent culture's ('en') localization data will be used.
[2014.12.11-22.14.19:330][  0]LogContentStreaming: Texture pool size is 0.000000MB
[2014.12.11-22.14.23:383][  0]LogTargetPlatformManager:Display: Building Assets For Windows
[2014.12.11-22.14.23:752][  0]LogTargetPlatformManager:Display: Building Assets For Windows
[2014.12.11-22.14.23:794][  0]LogDerivedDataCache:Display: Max Cache Size: 512 MB
[2014.12.11-22.14.23:826][  0]LogDerivedDataCache: Loaded boot cache 0.03s 39MB C:/Users/Maurice/AppData/Local/UnrealEngine/4.5/DerivedDataCache/Boot.ddc.
[2014.12.11-22.14.23:826][  0]LogDerivedDataCache:Display: Loaded Boot cache: C:/Users/Maurice/AppData/Local/UnrealEngine/4.5/DerivedDataCache/Boot.ddc
[2014.12.11-22.14.23:826][  0]LogDerivedDataCache: FDerivedDataBackendGraph:  Pak pak cache file ../../../../../../Users/Maurice/Documents/Unreal Projects/EpicManBP/DerivedDataCache/DDC.ddp not found, will not use a pak cache.
[2014.12.11-22.14.23:826][  0]LogDerivedDataCache: Unable to find inner node Pak for hierarchical cache Hierarchy.
[2014.12.11-22.14.23:877][  0]LogDerivedDataCache:Display: Pak cache opened for reading ../../../Engine/DerivedDataCache/DDC.ddp.
[2014.12.11-22.14.23:888][  0]LogDerivedDataCache: Using Local data cache path C:/Users/Maurice/AppData/Local/UnrealEngine/Common/DerivedDataCache: Writable
[2014.12.11-22.14.25:168][  0]LogMeshUtilities: No automatic mesh reduction module available
[2014.12.11-22.14.25:168][  0]LogMeshUtilities: No automatic mesh merging module available
[2014.12.11-22.14.25:396][  0]LogLinker:Warning: Asset '../../../Engine/Content/Functions/Engine_MaterialFunctions02/Texturing/FlipBook.uasset' has been saved with empty engine version. The asset will be loaded but may be incompatible.
[2014.12.11-22.14.25:402][  0]LogLinker:Warning: Asset '../../../Engine/Content/Functions/Engine_MaterialFunctions02/ExampleContent/Textures/flipbook.uasset' has been saved with empty engine version. The asset will be loaded but may be incompatible.
[2014.12.11-22.14.25:605][  0]LogInit: WinSock: version 1.1 (2.2), MaxSocks=32767, MaxUdp=65467
[2014.12.11-22.14.26:499][  0]UdpMessaging: Initializing bridge on interface 0.0.0.0:0 to multicast group 230.0.0.1:6666.
[2014.12.11-22.14.26:673][  0]LogDirectoryWatcher:Warning: Failed to begin reading directory changes for C:/Users/Maurice/Documents/Unreal Projects/EpicManBP/Binaries/Win64. Error: 0
[2014.12.11-22.14.26:789][  0]SourceControl: Info Source control is disabled
[2014.12.11-22.14.26:789][  0]SourceControl: Info Source control is disabled
[2014.12.11-22.14.26:793][  0]SourceControl: Info Source control is disabled
[2014.12.11-22.14.26:872][  0]LogObj: 22915 objects as part of root set at end of initial load.
[2014.12.11-22.14.26:872][  0]LogUObjectAllocator: 4803536 out of 0 bytes used by permanent object pool.
[2014.12.11-22.14.26:913][  0]LogEngine: Initializing Engine...
[2014.12.11-22.14.27:044][  0]LogInit: XAudio2 using 'Speakers (High Definition Audio Device)' : 2 channels at 44.1 kHz using 16 bits per sample (channel mask 0x3)
[2014.12.11-22.14.27:060][  0]LogInit: FAudioDevice initialized.
[2014.12.11-22.14.27:073][  0]LogAIModule: Creating AISystem for world NewWorld
[2014.12.11-22.14.27:091][  0]LogDerivedDataCache: Saved boot cache 0.02s 39MB C:/Users/Maurice/AppData/Local/UnrealEngine/4.5/DerivedDataCache/Boot.ddc.
[2014.12.11-22.14.27:094][  0]LogInit: Texture streaming: Enabled
[2014.12.11-22.14.27:120][  0]LogInit: Transaction tracking system initialized
[2014.12.11-22.14.27:175][  0]BlueprintLog: New page: Editor Load
[2014.12.11-22.14.27:197][  0]LogAssetRegistry: FAssetRegistry took 0.0101 seconds to start up
[2014.12.11-22.14.27:197][  0]LogDirectoryWatcher:Warning: Failed to begin reading directory changes for ../../../Engine/Plugins/Experimental/CharacterAI/Content/. Error: 0
[2014.12.11-22.14.27:497][  0]LogTargetPlatformManager:Display: Building Assets For Windows
[2014.12.11-22.14.27:711][  0]LogTargetPlatformManager:Display: Building Assets For Windows
[2014.12.11-22.14.27:850][  0]LogConsoleResponse:Display: 
[2014.12.11-22.14.28:033][  0]SourceControl: Info Source control is disabled
[2014.12.11-22.14.28:033][  0]Cmd: MAP LOAD FILE="../../../../../../Users/Maurice/Documents/Unreal Projects/EpicManBP/Content/Maps/EpicManLevel.umap" TEMPLATE=0 SHOWPROGRESS=1
[2014.12.11-22.14.28:035][  0]LightingResults: New page: Lighting Build
[2014.12.11-22.14.28:041][  0]MapCheck: New page: Map Check
[2014.12.11-22.14.28:041][  0]LightingResults: New page: Lighting Build
[2014.12.11-22.14.28:052][  0]LogParticles: Destroying 0 GPU particle simulations for FXSystem 0x0000000017461A80
[2014.12.11-22.14.29:382][  0]LogEditorServer: Finished looking for orphan Actors (0.000 secs)
[2014.12.11-22.14.29:382][  0]LogAIModule: Creating AISystem for world EpicManLevel
[2014.12.11-22.14.29:383][  0]Cmd: MAP CHECKDEP
[2014.12.11-22.14.29:383][  0]MapCheck: New page: EpicManLevel - Dec 11, 2014, 6:14:29 AM
[2014.12.11-22.14.29:461][  0]MapCheck: Info Map check complete: 0 Error(s), 0 Warning(s), took 78.203ms to complete.
[2014.12.11-22.14.29:461][  0]LogFileHelpers: Loading map 'EpicManLevel' took 1.427
[2014.12.11-22.14.29:636][  0]LogCrashTracker: Crashtracker disabled due to settings.
[2014.12.11-22.14.29:645][  0]LogCollectionManager: Loaded 0 collections in 0.000628 seconds
[2014.12.11-22.14.29:844][  0]LogUObjectGlobals:Warning: Failed to find object 'Class None.'
[2014.12.11-22.14.29:869][  0]LogLoad: Full Startup: 13.73 seconds (BP compile: 0.50 seconds)
[2014.12.11-22.14.30:212][  0]LogContentBrowser:Verbose: The content browser source was changed by the sources view to '/Game/Blueprints/Pickups'
[2014.12.11-22.14.30:327][  0]LogRenderer:Warning: Reallocating scene render targets to support 1224x912.
[2014.12.11-22.14.30:929][  2]LogAssetRegistry: Asset discovery search completed in 3.7413 seconds
[2014.12.11-23.46.17:294][636]BlueprintLog: New page: Pre-PIE auto-recompile
[2014.12.11-23.46.17:294][636]LogPlayLevel: [PIE] Compiling Tutorial_BP_MacroLib before PIE...
[2014.12.11-23.46.17:374][636]LogPlayLevel: [PIE] Compiling EpicManLevel before PIE...
[2014.12.11-23.46.17:467][636]LogActorComponent: UnregisterComponent: (/Engine/Transient.CharacterMovementComponent_0) Not registered. Aborting.
[2014.12.11-23.46.17:467][636]LogActorComponent: UnregisterComponent: (/Engine/Transient.CharacterMovementComponent_1) Not registered. Aborting.
[2014.12.11-23.46.17:467][636]LogActorComponent: UnregisterComponent: (/Engine/Transient.CharacterMovementComponent_2) Not registered. Aborting.
[2014.12.11-23.46.17:467][636]LogActorComponent: UnregisterComponent: (/Engine/Transient.CharacterMovementComponent_3) Not registered. Aborting.
[2014.12.11-23.46.17:467][636]LogActorComponent: UnregisterComponent: (/Engine/Transient.CharacterMovementComponent_4) Not registered. Aborting.
[2014.12.11-23.46.17:520][636]LogParticles: Destroying 0 GPU particle simulations for FXSystem 0x000000002299F7E0
[2014.12.11-23.46.17:543][636]LogPlayLevel: PIE:  Blueprint regeneration took 248 ms (2 blueprints)
[2014.12.11-23.46.17:543][636]PIE: New page: PIE session: EpicManLevel (Dec 11, 2014, 7:46:17 AM)
[2014.12.11-23.46.17:555][636]LogPlayLevel: PIE: StaticDuplicateObject took: (0.012423s)
[2014.12.11-23.46.17:556][636]LogPlayLevel: PIE: World Init took: (0.000482s)
[2014.12.11-23.46.17:556][636]LogPlayLevel: PIE: Created PIE world by copying editor world from /Game/Maps/EpicManLevel.EpicManLevel to /Game/Maps/UEDPIE_0_EpicManLevel.EpicManLevel (0.013101s)
[2014.12.11-23.46.17:594][636]LogWorld: Game class is 'MyGame_C'
[2014.12.11-23.46.17:595][636]LogAIModule: Creating AISystem for world EpicManLevel
[2014.12.11-23.46.17:598][636]LogWorld: Bringing World /Game/Maps/UEDPIE_0_EpicManLevel.EpicManLevel up for play (max tick rate 0) at 2014.12.11-15.46.17
[2014.12.11-23.46.17:599][636]LogWorld: Bringing up level for play took: 0.004099
[2014.12.11-23.46.18:132][636]PIE: Info Play in editor start time for /Game/Maps/UEDPIE_0_EpicManLevel 1.517
[2014.12.11-23.47.10:194][591]LogParticles: Destroying 0 GPU particle simulations for FXSystem 0x0000000026301BC0
[2014.12.11-23.47.11:894][708]BlueprintLog: New page: Pre-PIE auto-recompile
[2014.12.11-23.47.11:894][708]LogPlayLevel: [PIE] Compiling EpicManLevel before PIE...
[2014.12.11-23.47.11:964][708]LogPlayLevel: PIE:  Blueprint regeneration took 70 ms (1 blueprints)
[2014.12.11-23.47.11:964][708]PIE: New page: PIE session: EpicManLevel (Dec 11, 2014, 7:47:11 AM)
[2014.12.11-23.47.11:975][708]LogPlayLevel: PIE: StaticDuplicateObject took: (0.010548s)
[2014.12.11-23.47.11:975][708]LogPlayLevel: PIE: World Init took: (0.000375s)
[2014.12.11-23.47.11:975][708]LogPlayLevel: PIE: Created PIE world by copying editor world from /Game/Maps/EpicManLevel.EpicManLevel to /Game/Maps/UEDPIE_0_EpicManLevel.EpicManLevel (0.011088s)
[2014.12.11-23.47.12:002][708]LogWorld: Game class is 'MyGame_C'
[2014.12.11-23.47.12:003][708]LogAIModule: Creating AISystem for world EpicManLevel
[2014.12.11-23.47.12:007][708]LogWorld: Bringing World /Game/Maps/UEDPIE_0_EpicManLevel.EpicManLevel up for play (max tick rate 0) at 2014.12.11-15.47.12
[2014.12.11-23.47.12:008][708]LogWorld: Bringing up level for play took: 0.004302
[2014.12.11-23.47.12:558][708]PIE: Info Play in editor start time for /Game/Maps/UEDPIE_0_EpicManLevel -0.058
[2014.12.11-23.48.46:365][331]LogParticles: Destroying 0 GPU particle simulations for FXSystem 0x000000002C502C00
[2014.12.11-23.50.17:560][306]LogSlate:Warning: GetFontFace failed to load or process 'Roboto-Regular'
[2014.12.11-23.50.17:560][306]LogSlate:Warning: GetFontFace failed to load or process 'Roboto-Regular'
[2014.12.11-23.50.17:564][306]LogSlate:Warning: GetFontFace failed to load or process 'Roboto-Regular'
[2014.12.11-23.50.17:564][306]LogSlate:Warning: GetFontFace failed to load or process 'Roboto-Regular'
[2014.12.11-23.50.17:564][306]LogSlate:Warning: GetFontFace failed to load or process 'Roboto-Regular'
[2014.12.11-23.50.17:564][306]LogSlate:Warning: GetFontFace failed to load or process 'Roboto-Regular'
[2014.12.11-23.50.17:564][306]LogSlate:Warning: GetFontFace failed to load or process 'Roboto-Regular'
[2014.12.11-23.50.17:564][306]LogSlate:Warning: GetFontFace failed to load or process 'Roboto-Regular'
[2014.12.11-23.50.17:564][306]LogSlate:Warning: GetFontFace failed to load or process 'Roboto-Regular'
[2014.12.11-23.50.17:564][306]LogSlate:Warning: GetFontFace failed to load or process 'Roboto-Regular'
[2014.12.11-23.50.17:565][306]LogSlate:Warning: GetFontFace failed to load or process 'Roboto-Regular'
[2014.12.11-23.50.17:565][306]LogSlate:Warning: GetFontFace failed to load or process 'Roboto-Regular'
[2014.12.11-23.50.17:565][306]LogSlate:Warning: GetFontFace failed to load or process 'Roboto-Regular'
[2014.12.11-23.50.17:565][306]LogSlate:Warning: GetFontFace failed to load or process 'Roboto-Regular'
[2014.12.11-23.50.17:565][306]LogSlate:Warning: GetFontFace failed to load or process 'Roboto-Regular'
[2014.12.11-23.50.17:565][306]LogSlate:Warning: GetFontFace failed to load or process 'Roboto-Regular'
[2014.12.11-23.50.17:565][306]LogSlate:Warning: GetFontFace failed to load or process 'Roboto-Regular'
[2014.12.11-23.50.17:565][306]LogSlate:Warning: GetFontFace failed to load or process 'Roboto-Regular'
[2014.12.11-23.50.17:565][306]LogSlate:Warning: GetFontFace failed to load or process 'Roboto-Regular'
[2014.12.11-23.50.33:884][ 65]LogSlate:Warning: Prevented a slow task dialog from being summoned while a context menu was open
[2014.12.11-23.51.20:054][197]LogEnum:Warning: Enum Text EPowerUpType::NewEnumerator5 for Enum EPowerUpType failed to resolve to any value
[2014.12.11-23.51.48:658][518]LogSlate:Warning: GetFontFace failed to load or process 'Roboto-Regular'
[2014.12.11-23.51.48:658][518]LogSlate:Warning: GetFontFace failed to load or process 'Roboto-Regular'
[2014.12.11-23.51.48:658][518]LogSlate:Warning: GetFontFace failed to load or process 'Roboto-Regular'
[2014.12.11-23.51.48:658][518]LogSlate:Warning: GetFontFace failed to load or process 'Roboto-Regular'
[2014.12.11-23.51.58:065][478]LogSlate:Warning: GetFontFace failed to load or process 'Roboto-Regular'
[2014.12.11-23.51.58:065][478]LogSlate:Warning: GetFontFace failed to load or process 'Roboto-Regular'
[2014.12.11-23.51.58:065][478]LogSlate:Warning: GetFontFace failed to load or process 'Roboto-Regular'
[2014.12.11-23.51.58:065][478]LogSlate:Warning: GetFontFace failed to load or process 'Roboto-Regular'
[2014.12.11-23.51.58:065][478]LogSlate:Warning: GetFontFace failed to load or process 'Roboto-Regular'
[2014.12.11-23.51.58:066][478]LogSlate:Warning: GetFontFace failed to load or process 'Roboto-Regular'
[2014.12.11-23.51.58:066][478]LogSlate:Warning: GetFontFace failed to load or process 'Roboto-Regular'
[2014.12.11-23.51.58:066][478]LogSlate:Warning: GetFontFace failed to load or process 'Roboto-Regular'
[2014.12.11-23.51.58:066][478]LogSlate:Warning: GetFontFace failed to load or process 'Roboto-Regular'
[2014.12.11-23.52.39:935][362]BlueprintLog: New page: Compile P_Fire_Wall
[2014.12.11-23.52.40:045][362]LogParticles: Destroying 0 GPU particle simulations for FXSystem 0x000000000E5E8AE0
[2014.12.11-23.52.40:063][362]BlueprintEditorCompileResults: Info [5903.71] Compile of P_Fire_Wall successful! [in 13 ms]
[2014.12.11-23.52.40:780][422]Cmd: OBJ SAVEPACKAGE PACKAGE="/Game/Blueprints/Pickups/P_Fire_Wall" FILE="../../../../../../Users/Maurice/Documents/Unreal Projects/EpicManBP/Content/Blueprints/Pickups/P_Fire_Wall.uasset" SILENT=true
[2014.12.11-23.52.40:862][422]LogSavePackage: Save=25.905113ms
[2014.12.11-23.52.40:862][422]LogSavePackage: Moving '../../../../../../Users/Maurice/Documents/Unreal Projects/EpicManBP/Saved/P_Fire_Wall9E8DCE594C5D68FF39800CBB2D2F455F.tmp' to '../../../../../../Users/Maurice/Documents/Unreal Projects/EpicManBP/Content/Blueprints/Pickups/P_Fire_Wall.uasset'
[2014.12.11-23.52.44:344][800]BlueprintLog: New page: Compile PowerUpPickup
[2014.12.11-23.52.44:461][800]BlueprintEditorCompileResults: Info [5908.11] Compile of PowerUpPickup successful! [in 6 ms]
[2014.12.11-23.52.45:275][853]Cmd: OBJ SAVEPACKAGE PACKAGE="/Game/Blueprints/Pickups/PowerUpPickup" FILE="../../../../../../Users/Maurice/Documents/Unreal Projects/EpicManBP/Content/Blueprints/Pickups/PowerUpPickup.uasset" SILENT=true
[2014.12.11-23.52.45:632][853]LogSavePackage: Save=300.904541ms
[2014.12.11-23.52.45:632][853]LogSavePackage: Moving '../../../../../../Users/Maurice/Documents/Unreal Projects/EpicManBP/Saved/PowerUpPickup2155FD4646E92A9A93B771A80E162FC6.tmp' to '../../../../../../Users/Maurice/Documents/Unreal Projects/EpicManBP/Content/Blueprints/Pickups/PowerUpPickup.uasset'
[2014.12.11-23.53.06:179][334]LogEditorViewport: Clicking on Actor (LMB): Fire_Sphere_C (Fire_Sphere_C8)
[2014.12.11-23.53.08:033][467]Cmd: DELETE
[2014.12.11-23.53.08:033][467]Cmd: ACTOR DELETE
[2014.12.11-23.53.08:034][467]LogEditorActor: Deleted Actor: P_Fire_Wall_C
[2014.12.11-23.53.08:059][467]LogEditorActor: Deleted 1 Actors (0.026 secs)
[2014.12.11-23.53.23:124][694]LogEditorViewport: Clicking on Actor (LMB): PowerUpPickup_C (PowerUpPickup_3)
[2014.12.11-23.53.37:754][734]BlueprintLog: New page: Pre-PIE auto-recompile
[2014.12.11-23.53.37:754][734]LogPlayLevel: [PIE] Compiling PowerUp before PIE...
[2014.12.11-23.53.37:813][734]LogBlueprint:Warning: USimpleConstructionScript::FixupRootNodeParentReferences() - Couldn't find inherited parent component 'Root' for 'ChildActor1' in BlueprintGeneratedClass 'REINST_P_Fire_Wall_C_372' (it may have been removed)
[2014.12.11-23.53.37:813][734]LogBlueprint:Warning: USimpleConstructionScript::FixupRootNodeParentReferences() - Couldn't find inherited parent component 'Root' for 'ChildActor2' in BlueprintGeneratedClass 'REINST_P_Fire_Wall_C_372' (it may have been removed)
[2014.12.11-23.53.37:813][734]LogBlueprint:Warning: USimpleConstructionScript::FixupRootNodeParentReferences() - Couldn't find inherited parent component 'Root' for 'ChildActor3' in BlueprintGeneratedClass 'REINST_P_Fire_Wall_C_372' (it may have been removed)
[2014.12.11-23.53.37:813][734]LogBlueprint:Warning: USimpleConstructionScript::FixupRootNodeParentReferences() - Couldn't find inherited parent component 'Root' for 'ChildActor4' in BlueprintGeneratedClass 'REINST_P_Fire_Wall_C_372' (it may have been removed)
[2014.12.11-23.53.38:129][734]LogPlayLevel: [PIE] Compiling EpicManLevel before PIE...
[2014.12.11-23.53.38:177][734]LogPlayLevel: [PIE] Compiling P_Fire_Wall before PIE...
[2014.12.11-23.53.38:241][734]LogPlayLevel: [PIE] Compiling P_Double_Speed before PIE...
[2014.12.11-23.53.38:292][734]LogPlayLevel: [PIE] Compiling P_Invunerability before PIE...
[2014.12.11-23.53.38:340][734]LogPlayLevel: [PIE] Compiling P_Slow_Epic_Man_Speed_Up_Ghost before PIE...
[2014.12.11-23.53.38:402][734]LogPlayLevel: [PIE] Compiling PowerUpPickup before PIE...
[2014.12.11-23.53.38:506][734]LogPlayLevel: PIE:  Blueprint regeneration took 752 ms (7 blueprints)
[2014.12.11-23.53.38:506][734]PIE: New page: PIE session: EpicManLevel (Dec 11, 2014, 7:53:38 AM)
[2014.12.11-23.53.38:516][734]LogPlayLevel: PIE: StaticDuplicateObject took: (0.010070s)
[2014.12.11-23.53.38:517][734]LogPlayLevel: PIE: World Init took: (0.000397s)
[2014.12.11-23.53.38:517][734]LogPlayLevel: PIE: Created PIE world by copying editor world from /Game/Maps/EpicManLevel.EpicManLevel to /Game/Maps/UEDPIE_0_EpicManLevel.EpicManLevel (0.010647s)
[2014.12.11-23.53.38:545][734]LogWorld: Game class is 'MyGame_C'
[2014.12.11-23.53.38:546][734]LogAIModule: Creating AISystem for world EpicManLevel
[2014.12.11-23.53.38:549][734]LogWorld: Bringing World /Game/Maps/UEDPIE_0_EpicManLevel.EpicManLevel up for play (max tick rate 0) at 2014.12.11-15.53.38
[2014.12.11-23.53.38:550][734]LogWorld: Bringing up level for play took: 0.003797
[2014.12.11-23.53.39:066][734]PIE: Info Play in editor start time for /Game/Maps/UEDPIE_0_EpicManLevel 0.443
[2014.12.11-23.53.46:015][218]LogParticles: Destroying 0 GPU particle simulations for FXSystem 0x000000000E5374C0
[2014.12.11-23.53.57:672][919]LogSavePackage: Save=329.809021ms
[2014.12.11-23.53.57:672][919]LogSavePackage: Moving '../../../../../../Users/Maurice/Documents/Unreal Projects/EpicManBP/Saved/EpicManLevelC96986D848EEEAFE9174D6941E0F513F.tmp' to '../../../../../../Users/Maurice/Documents/Unreal Projects/EpicManBP/Content/Maps/EpicManLevel.umap'
[2014.12.11-23.53.59:928][ 18]BlueprintLog: New page: Pre-PIE auto-recompile
[2014.12.11-23.53.59:928][ 18]LogPlayLevel: [PIE] Compiling EpicManLevel before PIE...
[2014.12.11-23.54.00:010][ 18]LogPlayLevel: PIE:  Blueprint regeneration took 82 ms (1 blueprints)
[2014.12.11-23.54.00:010][ 18]PIE: New page: PIE session: EpicManLevel (Dec 11, 2014, 7:54:00 AM)
[2014.12.11-23.54.00:024][ 18]LogPlayLevel: PIE: StaticDuplicateObject took: (0.013161s)
[2014.12.11-23.54.00:024][ 18]LogPlayLevel: PIE: World Init took: (0.000379s)
[2014.12.11-23.54.00:024][ 18]LogPlayLevel: PIE: Created PIE world by copying editor world from /Game/Maps/EpicManLevel.EpicManLevel to /Game/Maps/UEDPIE_0_EpicManLevel.EpicManLevel (0.013723s)
[2014.12.11-23.54.00:053][ 18]LogWorld: Game class is 'MyGame_C'
[2014.12.11-23.54.00:054][ 18]LogAIModule: Creating AISystem for world EpicManLevel
[2014.12.11-23.54.00:058][ 18]LogWorld: Bringing World /Game/Maps/UEDPIE_0_EpicManLevel.EpicManLevel up for play (max tick rate 0) at 2014.12.11-15.54.00
[2014.12.11-23.54.00:058][ 18]LogWorld: Bringing up level for play took: 0.004102
[2014.12.11-23.54.00:593][ 18]PIE: Info Play in editor start time for /Game/Maps/UEDPIE_0_EpicManLevel -0.031
[2014.12.11-23.55.48:227][961]LogParticles: Destroying 0 GPU particle simulations for FXSystem 0x000000001A3C19E0
[2014.12.11-23.56.04:355][ 99]Cmd: OBJ SAVEPACKAGE PACKAGE="/Game/Blueprints/Pickups/EPowerUpType" FILE="../../../../../../Users/Maurice/Documents/Unreal Projects/EpicManBP/Content/Blueprints/Pickups/EPowerUpType.uasset" SILENT=true
[2014.12.11-23.56.04:414][ 99]LogSavePackage: Save=5.132361ms
[2014.12.11-23.56.04:414][ 99]LogSavePackage: Moving '../../../../../../Users/Maurice/Documents/Unreal Projects/EpicManBP/Saved/EPowerUpType457CCC8F49A564579BA41597AF6D0FF6.tmp' to '../../../../../../Users/Maurice/Documents/Unreal Projects/EpicManBP/Content/Blueprints/Pickups/EPowerUpType.uasset'
[2014.12.12-00.05.45:530][771]LogFileHelpers: Editor autosave (incl. sublevels) for '/Game/Maps/EpicManLevel' took 0.027
[2014.12.12-00.05.45:540][771]OBJ SavePackage: Generating thumbnails for [0] asset(s) in package [/Game/Blueprints/Pickups/PowerUp] ([1] browsable assets)...
[2014.12.12-00.05.45:568][771]OBJ SavePackage: Finished generating thumbnails for package [/Game/Blueprints/Pickups/PowerUp]
[2014.12.12-00.05.45:644][771]LogSavePackage: Save=11.685314ms
[2014.12.12-00.05.45:644][771]LogSavePackage: Moving '../../../../../../Users/Maurice/Documents/Unreal Projects/EpicManBP/Saved/PowerUp_Auto1D7A8E6414442066A101343B49055CCD1.tmp' to '../../../../../../Users/Maurice/Documents/Unreal Projects/EpicManBP/Saved/Autosaves/Game/Blueprints/Pickups/PowerUp_Auto1.uasset'
[2014.12.12-00.05.45:650][771]LogFileHelpers: Auto-saving content packages took 0.120
[2014.12.12-00.06.52:050][385]LogSlate:Warning: GetFontFace failed to load or process 'Roboto-Regular'
[2014.12.12-00.07.07:426][ 15]LogEditorViewport: Clicking on Actor (LMB): StaticMeshActor (Floor)
[2014.12.12-00.07.08:449][ 85]LogEditorViewport: Clicking on Actor (LMB): StaticMeshActor (Outer_Walls)
[2014.12.12-00.07.09:440][147]LogEditorViewport: Clicking on Actor (LMB): Teleporter_C (Teleporter)
[2014.12.12-00.07.23:106][212]LogEditorViewport: Clicking on Actor (LMB): PlayerStart (Player Start)
[2014.12.12-00.07.50:547][380]BlueprintLog: New page: Compile P_Fire_Wall
[2014.12.12-00.07.50:642][380]BlueprintEditorCompileResults: Info [6814.31] Compile of P_Fire_Wall successful! [in 13 ms]
[2014.12.12-00.07.51:249][410]Cmd: OBJ SAVEPACKAGE PACKAGE="/Game/Blueprints/Pickups/P_Fire_Wall" FILE="../../../../../../Users/Maurice/Documents/Unreal Projects/EpicManBP/Content/Blueprints/Pickups/P_Fire_Wall.uasset" SILENT=true
[2014.12.12-00.07.51:328][410]LogSavePackage: Save=25.126898ms
[2014.12.12-00.07.51:328][410]LogSavePackage: Moving '../../../../../../Users/Maurice/Documents/Unreal Projects/EpicManBP/Saved/P_Fire_Wall65A113294A21F22BE4EFA2A13DDC5ADC.tmp' to '../../../../../../Users/Maurice/Documents/Unreal Projects/EpicManBP/Content/Blueprints/Pickups/P_Fire_Wall.uasset'
[2014.12.12-00.07.53:565][563]BlueprintLog: New page: Pre-PIE auto-recompile
[2014.12.12-00.07.53:568][563]LogPlayLevel: [PIE] Compiling PowerUpPickup before PIE...
[2014.12.12-00.07.53:651][563]LogPlayLevel: [PIE] Compiling EpicManLevel before PIE...
[2014.12.12-00.07.53:728][563]LogPlayLevel: PIE:  Blueprint regeneration took 163 ms (2 blueprints)
[2014.12.12-00.07.53:728][563]PIE: New page: PIE session: EpicManLevel (Dec 11, 2014, 8:07:53 AM)
[2014.12.12-00.07.53:739][563]LogPlayLevel: PIE: StaticDuplicateObject took: (0.010992s)
[2014.12.12-00.07.53:740][563]LogPlayLevel: PIE: World Init took: (0.000456s)
[2014.12.12-00.07.53:740][563]LogPlayLevel: PIE: Created PIE world by copying editor world from /Game/Maps/EpicManLevel.EpicManLevel to /Game/Maps/UEDPIE_0_EpicManLevel.EpicManLevel (0.011637s)
[2014.12.12-00.07.53:765][563]LogWorld: Game class is 'MyGame_C'
[2014.12.12-00.07.53:766][563]LogAIModule: Creating AISystem for world EpicManLevel
[2014.12.12-00.07.53:770][563]LogWorld: Bringing World /Game/Maps/UEDPIE_0_EpicManLevel.EpicManLevel up for play (max tick rate 0) at 2014.12.11-16.07.53
[2014.12.12-00.07.53:771][563]LogWorld: Bringing up level for play took: 0.004043
[2014.12.12-00.07.54:284][563]PIE: Info Play in editor start time for /Game/Maps/UEDPIE_0_EpicManLevel 1.643
[2014.12.12-00.08.11:221][715]LogParticles: Destroying 0 GPU particle simulations for FXSystem 0x00000000323C9DA0
[2014.12.12-00.08.14:229][933]Cmd: STAT FPS
[2014.12.12-00.08.16:000][ 41]BlueprintLog: New page: Pre-PIE auto-recompile
[2014.12.12-00.08.16:000][ 41]LogPlayLevel: [PIE] Compiling EpicManLevel before PIE...
[2014.12.12-00.08.16:074][ 41]LogPlayLevel: PIE:  Blueprint regeneration took 74 ms (1 blueprints)
[2014.12.12-00.08.16:075][ 41]PIE: New page: PIE session: EpicManLevel (Dec 11, 2014, 8:08:16 AM)
[2014.12.12-00.08.16:091][ 41]LogPlayLevel: PIE: StaticDuplicateObject took: (0.015806s)
[2014.12.12-00.08.16:091][ 41]LogPlayLevel: PIE: World Init took: (0.000523s)
[2014.12.12-00.08.16:091][ 41]LogPlayLevel: PIE: Created PIE world by copying editor world from /Game/Maps/EpicManLevel.EpicManLevel to /Game/Maps/UEDPIE_0_EpicManLevel.EpicManLevel (0.016599s)
[2014.12.12-00.08.16:116][ 41]LogWorld: Game class is 'MyGame_C'
[2014.12.12-00.08.16:117][ 41]LogAIModule: Creating AISystem for world EpicManLevel
[2014.12.12-00.08.16:121][ 41]LogWorld: Bringing World /Game/Maps/UEDPIE_0_EpicManLevel.EpicManLevel up for play (max tick rate 0) at 2014.12.11-16.08.16
[2014.12.12-00.08.16:122][ 41]LogWorld: Bringing up level for play took: 0.004559
[2014.12.12-00.08.16:670][ 41]PIE: Info Play in editor start time for /Game/Maps/UEDPIE_0_EpicManLevel 0.029
[2014.12.12-00.08.41:531][746]LogParticles: Destroying 0 GPU particle simulations for FXSystem 0x000000000E535300
[2014.12.12-00.08.46:425][151]LogRenderer:Warning: Reallocating scene render targets to support 1224x936.
[2014.12.12-00.09.23:986][546]BlueprintLog: New page: Compile P_Fire_Wall
[2014.12.12-00.09.24:091][546]BlueprintEditorCompileResults: Info [6907.74] Compile of P_Fire_Wall successful! [in 7 ms]
[2014.12.12-00.09.24:613][580]Cmd: OBJ SAVEPACKAGE PACKAGE="/Game/Blueprints/Pickups/P_Fire_Wall" FILE="../../../../../../Users/Maurice/Documents/Unreal Projects/EpicManBP/Content/Blueprints/Pickups/P_Fire_Wall.uasset" SILENT=true
[2014.12.12-00.09.24:691][580]LogSavePackage: Save=27.027460ms
[2014.12.12-00.09.24:691][580]LogSavePackage: Moving '../../../../../../Users/Maurice/Documents/Unreal Projects/EpicManBP/Saved/P_Fire_WallF9F0B86A41D170AC88AAFAB987A2224C.tmp' to '../../../../../../Users/Maurice/Documents/Unreal Projects/EpicManBP/Content/Blueprints/Pickups/P_Fire_Wall.uasset'
[2014.12.12-00.10.51:187][244]BlueprintLog: New page: Pre-PIE auto-recompile
[2014.12.12-00.10.51:190][244]LogPlayLevel: [PIE] Compiling PowerUpPickup before PIE...
[2014.12.12-00.10.51:266][244]LogPlayLevel: [PIE] Compiling EpicManLevel before PIE...
[2014.12.12-00.10.51:339][244]LogPlayLevel: PIE:  Blueprint regeneration took 152 ms (2 blueprints)
[2014.12.12-00.10.51:339][244]PIE: New page: PIE session: EpicManLevel (Dec 11, 2014, 8:10:51 AM)
[2014.12.12-00.10.51:350][244]LogPlayLevel: PIE: StaticDuplicateObject took: (0.011362s)
[2014.12.12-00.10.51:351][244]LogPlayLevel: PIE: World Init took: (0.000618s)
[2014.12.12-00.10.51:351][244]LogPlayLevel: PIE: Created PIE world by copying editor world from /Game/Maps/EpicManLevel.EpicManLevel to /Game/Maps/UEDPIE_0_EpicManLevel.EpicManLevel (0.012176s)
[2014.12.12-00.10.51:377][244]LogWorld: Game class is 'MyGame_C'
[2014.12.12-00.10.51:379][244]LogAIModule: Creating AISystem for world EpicManLevel
[2014.12.12-00.10.51:382][244]LogWorld: Bringing World /Game/Maps/UEDPIE_0_EpicManLevel.EpicManLevel up for play (max tick rate 0) at 2014.12.11-16.10.51
[2014.12.12-00.10.51:383][244]LogWorld: Bringing up level for play took: 0.004123
[2014.12.12-00.10.51:903][244]PIE: Info Play in editor start time for /Game/Maps/UEDPIE_0_EpicManLevel 1.259
[2014.12.12-00.11.42:835][721]LogParticles: Destroying 0 GPU particle simulations for FXSystem 0x00000000144FBB00
[2014.12.12-00.13.04:935][207]LogEditorTransaction: Undo Reset Location
[2014.12.12-00.13.43:744][763]BlueprintLog: New page: Compile P_Fire_Wall
[2014.12.12-00.13.43:852][763]BlueprintEditorCompileResults: Info [7167.49] Compile of P_Fire_Wall successful! [in 6 ms]
[2014.12.12-00.13.44:704][814]Cmd: OBJ SAVEPACKAGE PACKAGE="/Game/Blueprints/Pickups/P_Fire_Wall" FILE="../../../../../../Users/Maurice/Documents/Unreal Projects/EpicManBP/Content/Blueprints/Pickups/P_Fire_Wall.uasset" SILENT=true
[2014.12.12-00.13.44:790][814]LogSavePackage: Save=25.785875ms
[2014.12.12-00.13.44:790][814]LogSavePackage: Moving '../../../../../../Users/Maurice/Documents/Unreal Projects/EpicManBP/Saved/P_Fire_Wall885E4D89403B43CF29BE32BFC88AE6DC.tmp' to '../../../../../../Users/Maurice/Documents/Unreal Projects/EpicManBP/Content/Blueprints/Pickups/P_Fire_Wall.uasset'
[2014.12.12-00.17.21:823][616]LogSavePackage: Save=320.065338ms
[2014.12.12-00.17.21:823][616]LogSavePackage: Moving '../../../../../../Users/Maurice/Documents/Unreal Projects/EpicManBP/Saved/EpicManLevel_Auto2C2A9612E4FADD53231DF4C917BA60CF0.tmp' to '../../../../../../Users/Maurice/Documents/Unreal Projects/EpicManBP/Saved/Autosaves/Game/Maps/EpicManLevel_Auto2.umap'
[2014.12.12-00.17.21:829][616]LogFileHelpers: Editor autosave (incl. sublevels) for '/Game/Maps/EpicManLevel' took 0.438
[2014.12.12-00.17.21:829][616]LogFileHelpers: Editor autosave (incl. sublevels) for all levels took 0.438
[2014.12.12-00.17.21:838][616]OBJ SavePackage: Generating thumbnails for [1] asset(s) in package [/Game/Blueprints/Pickups/PowerUpPickup] ([1] browsable assets)...
[2014.12.12-00.17.21:859][616]OBJ SavePackage:     Rendered thumbnail for [Blueprint /Game/Blueprints/Pickups/PowerUpPickup.PowerUpPickup]
[2014.12.12-00.17.21:859][616]OBJ SavePackage: Finished generating thumbnails for package [/Game/Blueprints/Pickups/PowerUpPickup]
[2014.12.12-00.17.22:199][616]LogSavePackage: Save=296.214722ms
[2014.12.12-00.17.22:199][616]LogSavePackage: Moving '../../../../../../Users/Maurice/Documents/Unreal Projects/EpicManBP/Saved/PowerUpPickup_Auto29D97B80B46975E2A8E27CA8222EBDA19.tmp' to '../../../../../../Users/Maurice/Documents/Unreal Projects/EpicManBP/Saved/Autosaves/Game/Blueprints/Pickups/PowerUpPickup_Auto2.uasset'
[2014.12.12-00.17.22:204][616]LogFileHelpers: Auto-saving content packages took 0.375
[2014.12.12-00.23.27:621][894]Cmd: OBJ SAVEPACKAGE PACKAGE="/Game/Blueprints/Pickups/P_Fire_Wall" FILE="../../../../../../Users/Maurice/Documents/Unreal Projects/EpicManBP/Content/Blueprints/Pickups/P_Fire_Wall.uasset" SILENT=true
[2014.12.12-00.23.27:712][894]LogSavePackage: Save=25.878550ms
[2014.12.12-00.23.27:712][894]LogSavePackage: Moving '../../../../../../Users/Maurice/Documents/Unreal Projects/EpicManBP/Saved/P_Fire_WallAEB6F97B46BB66B1EE0836B67856094A.tmp' to '../../../../../../Users/Maurice/Documents/Unreal Projects/EpicManBP/Content/Blueprints/Pickups/P_Fire_Wall.uasset'
[2014.12.12-00.23.28:639][968]BlueprintLog: New page: Compile P_Fire_Wall
[2014.12.12-00.23.28:744][968]BlueprintEditorCompileResults: Info [7752.38] Compile of P_Fire_Wall successful! [in 5 ms]
[2014.12.12-00.23.29:450][  6]Cmd: OBJ SAVEPACKAGE PACKAGE="/Game/Blueprints/Pickups/P_Fire_Wall" FILE="../../../../../../Users/Maurice/Documents/Unreal Projects/EpicManBP/Content/Blueprints/Pickups/P_Fire_Wall.uasset" SILENT=true
[2014.12.12-00.23.29:530][  6]LogSavePackage: Save=27.260502ms
[2014.12.12-00.23.29:530][  6]LogSavePackage: Moving '../../../../../../Users/Maurice/Documents/Unreal Projects/EpicManBP/Saved/P_Fire_WallD9F6B77A4E9473634CECD88E89545FAC.tmp' to '../../../../../../Users/Maurice/Documents/Unreal Projects/EpicManBP/Content/Blueprints/Pickups/P_Fire_Wall.uasset'
[2014.12.12-00.23.31:614][125]LogSavePackage: Save=336.154297ms
[2014.12.12-00.23.31:614][125]LogSavePackage: Moving '../../../../../../Users/Maurice/Documents/Unreal Projects/EpicManBP/Saved/EpicManLevelC2271B20457BB2D0BB49D5B16A5014BC.tmp' to '../../../../../../Users/Maurice/Documents/Unreal Projects/EpicManBP/Content/Maps/EpicManLevel.umap'
[2014.12.12-00.23.32:594][142]BlueprintLog: New page: Pre-PIE auto-recompile
[2014.12.12-00.23.32:598][142]LogPlayLevel: [PIE] Compiling PowerUpPickup before PIE...
[2014.12.12-00.23.32:678][142]LogPlayLevel: [PIE] Compiling EpicManLevel before PIE...
[2014.12.12-00.23.32:761][142]LogPlayLevel: PIE:  Blueprint regeneration took 166 ms (2 blueprints)
[2014.12.12-00.23.32:761][142]PIE: New page: PIE session: EpicManLevel (Dec 11, 2014, 8:23:32 AM)
[2014.12.12-00.23.32:773][142]LogPlayLevel: PIE: StaticDuplicateObject took: (0.011577s)
[2014.12.12-00.23.32:774][142]LogPlayLevel: PIE: World Init took: (0.000489s)
[2014.12.12-00.23.32:774][142]LogPlayLevel: PIE: Created PIE world by copying editor world from /Game/Maps/EpicManLevel.EpicManLevel to /Game/Maps/UEDPIE_0_EpicManLevel.EpicManLevel (0.012248s)
[2014.12.12-00.23.32:804][142]LogWorld: Game class is 'MyGame_C'
[2014.12.12-00.23.32:805][142]LogAIModule: Creating AISystem for world EpicManLevel
[2014.12.12-00.23.32:809][142]LogWorld: Bringing World /Game/Maps/UEDPIE_0_EpicManLevel.EpicManLevel up for play (max tick rate 0) at 2014.12.11-16.23.32
[2014.12.12-00.23.32:810][142]LogWorld: Bringing up level for play took: 0.004780
[2014.12.12-00.23.33:360][142]PIE: Info Play in editor start time for /Game/Maps/UEDPIE_0_EpicManLevel 0.703
[2014.12.12-00.25.12:668][160]LogPackageName: SearchForPackageOnDisk took   0.040s to resolve EpicManLevel.umap
[2014.12.12-00.25.12:720][161]LogPackageName: SearchForPackageOnDisk took   0.036s to resolve EpicManLevel.umap
[2014.12.12-00.25.12:720][161]LogNet: Browse: /Game/Maps/EpicManLevel
[2014.12.12-00.25.12:720][161]LogLoad: LoadMap: /Game/Maps/EpicManLevel
[2014.12.12-00.25.12:754][161]LogParticles: Destroying 0 GPU particle simulations for FXSystem 0x0000000036ECE660
[2014.12.12-00.25.12:754][161]Cmd: MEM
[2014.12.12-00.25.12:776][161]LogMemory: Platform Memory Stats for Windows
[2014.12.12-00.25.12:776][161]LogMemory: Process Physical Memory: 888.32 MB used, 920.75 MB peak
[2014.12.12-00.25.12:776][161]LogMemory: Process Virtual Memory: 804.76 MB used, 836.01 MB peak
[2014.12.12-00.25.12:776][161]LogMemory: Physical Memory: 5462.35 MB used, 24527.21 MB total
[2014.12.12-00.25.12:776][161]LogMemory: Virtual Memory: 1345.25 MB used, 8388608.00 MB total
[2014.12.12-00.25.12:776][161]LogMemory: 
[2014.12.12-00.25.12:776][161]Allocator Stats for TBB: (not implemented)
[2014.12.12-00.25.12:786][161]LogPlayLevel: PIE: StaticDuplicateObject took: (0.010219s)
[2014.12.12-00.25.12:787][161]LogPlayLevel: PIE: World Init took: (0.000376s)
[2014.12.12-00.25.12:787][161]LogPlayLevel: PIE: Created PIE world by copying editor world from /Game/Maps/EpicManLevel.EpicManLevel to /Game/Maps/UEDPIE_0_EpicManLevel.EpicManLevel (0.010811s)
[2014.12.12-00.25.12:787][161]LogWorld: Game class is 'MyGame_C'
[2014.12.12-00.25.12:788][161]LogAIModule: Creating AISystem for world EpicManLevel
[2014.12.12-00.25.12:791][161]LogWorld: Bringing World /Game/Maps/UEDPIE_0_EpicManLevel.EpicManLevel up for play (max tick rate 0) at 2014.12.11-16.25.12
[2014.12.12-00.25.12:792][161]LogWorld: Bringing up level for play took: 0.003856
[2014.12.12-00.25.39:143][810]LogParticles: Destroying 0 GPU particle simulations for FXSystem 0x000000001A328FE0
[2014.12.12-00.25.46:189][277]Cmd: OBJ SAVEPACKAGE PACKAGE="/Game/Blueprints/Pickups/PowerUpPickup" FILE="../../../../../../Users/Maurice/Documents/Unreal Projects/EpicManBP/Content/Blueprints/Pickups/PowerUpPickup.uasset" SILENT=true
[2014.12.12-00.25.46:546][277]LogSavePackage: Save=304.156586ms
[2014.12.12-00.25.46:546][277]LogSavePackage: Moving '../../../../../../Users/Maurice/Documents/Unreal Projects/EpicManBP/Saved/PowerUpPickup0FF2A60844C514B4C8AF3AB88384E3DB.tmp' to '../../../../../../Users/Maurice/Documents/Unreal Projects/EpicManBP/Content/Blueprints/Pickups/PowerUpPickup.uasset'
[2014.12.12-00.26.02:537][867]LogRenderer:Warning: Reallocating scene render targets to support 1224x944.
[2014.12.12-00.26.16:807][461]LogRenderer:Warning: Reallocating scene render targets to support 1432x944.
[2014.12.12-00.27.13:141][184]LogStaticMesh: Building static mesh Ball...
[2014.12.12-00.27.13:151][184]LogStaticMesh: Built static mesh [11.059240ms] /Game/Props/Ball.Ball
[2014.12.12-00.27.56:139][309]LogStaticMesh: Building static mesh Ball...
[2014.12.12-00.27.56:151][309]LogStaticMesh: Built static mesh [12.440589ms] /Game/Props/Ball.Ball
[2014.12.12-00.28.06:872][591]LogStaticMesh: Building static mesh Ball...
[2014.12.12-00.28.06:882][591]LogStaticMesh: Built static mesh [10.721751ms] /Game/Props/Ball.Ball
[2014.12.12-00.29.20:164][324]Cmd: OBJ SAVEPACKAGE PACKAGE="/Game/Props/Ball" FILE="../../../../../../Users/Maurice/Documents/Unreal Projects/EpicManBP/Content/Props/Ball.uasset" SILENT=true
[2014.12.12-00.29.20:577][324]LogSavePackage: Save=357.685944ms
[2014.12.12-00.29.20:577][324]LogSavePackage: Moving '../../../../../../Users/Maurice/Documents/Unreal Projects/EpicManBP/Saved/Ball9F32D7BC4DEB67C02C8628A05A1164CE.tmp' to '../../../../../../Users/Maurice/Documents/Unreal Projects/EpicManBP/Content/Props/Ball.uasset'
[2014.12.12-00.29.32:563][598]LogSavePackage: Save=324.872284ms
[2014.12.12-00.29.32:563][598]LogSavePackage: Moving '../../../../../../Users/Maurice/Documents/Unreal Projects/EpicManBP/Saved/EpicManLevelEF126F3B4D0090416A889983E3044465.tmp' to '../../../../../../Users/Maurice/Documents/Unreal Projects/EpicManBP/Content/Maps/EpicManLevel.umap'
[2014.12.12-00.29.33:810][661]BlueprintLog: New page: Pre-PIE auto-recompile
[2014.12.12-00.29.33:810][661]LogPlayLevel: [PIE] Compiling EpicManLevel before PIE...
[2014.12.12-00.29.33:882][661]LogPlayLevel: PIE:  Blueprint regeneration took 72 ms (1 blueprints)
[2014.12.12-00.29.33:883][661]PIE: New page: PIE session: EpicManLevel (Dec 11, 2014, 8:29:33 AM)
[2014.12.12-00.29.33:893][661]LogPlayLevel: PIE: StaticDuplicateObject took: (0.010479s)
[2014.12.12-00.29.33:894][661]LogPlayLevel: PIE: World Init took: (0.000459s)
[2014.12.12-00.29.33:894][661]LogPlayLevel: PIE: Created PIE world by copying editor world from /Game/Maps/EpicManLevel.EpicManLevel to /Game/Maps/UEDPIE_0_EpicManLevel.EpicManLevel (0.011100s)
[2014.12.12-00.29.33:919][661]LogWorld: Game class is 'MyGame_C'
[2014.12.12-00.29.33:921][661]LogAIModule: Creating AISystem for world EpicManLevel
[2014.12.12-00.29.33:924][661]LogWorld: Bringing World /Game/Maps/UEDPIE_0_EpicManLevel.EpicManLevel up for play (max tick rate 0) at 2014.12.11-16.29.33
[2014.12.12-00.29.33:925][661]LogWorld: Bringing up level for play took: 0.003858
[2014.12.12-00.29.34:438][661]PIE: Info Play in editor start time for /Game/Maps/UEDPIE_0_EpicManLevel -0.227
[2014.12.12-00.31.11:077][539]LogPackageName: SearchForPackageOnDisk took   0.037s to resolve HighScoreScreen.umap
[2014.12.12-00.31.11:120][540]LogPackageName: SearchForPackageOnDisk took   0.035s to resolve HighScoreScreen.umap
[2014.12.12-00.31.11:120][540]LogNet: Browse: /Game/Maps/HighScoreScreen
[2014.12.12-00.31.11:120][540]LogLoad: LoadMap: /Game/Maps/HighScoreScreen
[2014.12.12-00.31.11:155][540]LogParticles: Destroying 0 GPU particle simulations for FXSystem 0x000000000E536980
[2014.12.12-00.31.11:155][540]Cmd: MEM
[2014.12.12-00.31.11:177][540]LogMemory: Platform Memory Stats for Windows
[2014.12.12-00.31.11:177][540]LogMemory: Process Physical Memory: 938.49 MB used, 989.86 MB peak
[2014.12.12-00.31.11:177][540]LogMemory: Process Virtual Memory: 859.29 MB used, 906.70 MB peak
[2014.12.12-00.31.11:177][540]LogMemory: Physical Memory: 5520.73 MB used, 24527.21 MB total
[2014.12.12-00.31.11:177][540]LogMemory: Virtual Memory: 1394.13 MB used, 8388608.00 MB total
[2014.12.12-00.31.11:178][540]LogMemory: 
[2014.12.12-00.31.11:178][540]Allocator Stats for TBB: (not implemented)
[2014.12.12-00.31.11:332][540]LogWorld: Game class is 'MyGame_C'
[2014.12.12-00.31.11:334][540]LogAIModule: Creating AISystem for world HighScoreScreen
[2014.12.12-00.31.11:334][540]LogWorld: Bringing World /Game/Maps/UEDPIE_0_HighScoreScreen.HighScoreScreen up for play (max tick rate 0) at 2014.12.11-16.31.11
[2014.12.12-00.31.11:335][540]LogWorld: Bringing up level for play took: 0.000556
[2014.12.12-00.31.11:335][540]LogGameMode: Warning - PATHS NOT DEFINED or NO PLAYERSTART with positive rating
[2014.12.12-00.31.16:992][207]LogParticles: Destroying 0 GPU particle simulations for FXSystem 0x0000000016FF40E0
[2014.12.12-00.31.30:670][500]BlueprintLog: New page: Pre-PIE auto-recompile
[2014.12.12-00.31.30:670][500]LogPlayLevel: [PIE] Compiling EpicManLevel before PIE...
[2014.12.12-00.31.30:745][500]LogPlayLevel: PIE:  Blueprint regeneration took 75 ms (1 blueprints)
[2014.12.12-00.31.30:745][500]PIE: New page: PIE session: EpicManLevel (Dec 11, 2014, 8:31:30 AM)
[2014.12.12-00.31.30:756][500]LogPlayLevel: PIE: StaticDuplicateObject took: (0.010950s)
[2014.12.12-00.31.30:757][500]LogPlayLevel: PIE: World Init took: (0.000405s)
[2014.12.12-00.31.30:757][500]LogPlayLevel: PIE: Created PIE world by copying editor world from /Game/Maps/EpicManLevel.EpicManLevel to /Game/Maps/UEDPIE_0_EpicManLevel.EpicManLevel (0.011521s)
[2014.12.12-00.31.30:782][500]LogWorld: Game class is 'MyGame_C'
[2014.12.12-00.31.30:784][500]LogAIModule: Creating AISystem for world EpicManLevel
[2014.12.12-00.31.30:787][500]LogWorld: Bringing World /Game/Maps/UEDPIE_0_EpicManLevel.EpicManLevel up for play (max tick rate 0) at 2014.12.11-16.31.30
[2014.12.12-00.31.30:788][500]LogWorld: Bringing up level for play took: 0.003975
[2014.12.12-00.31.31:287][500]PIE: Info Play in editor start time for /Game/Maps/UEDPIE_0_EpicManLevel 0.62
[2014.12.12-00.33.00:160][339]LogParticles: Destroying 0 GPU particle simulations for FXSystem 0x000000001A32AFC0
[2014.12.12-00.34.03:830][402]Cmd: OBJ SAVEPACKAGE PACKAGE="/Game/Blueprints/Pickups/PowerUp" FILE="../../../../../../Users/Maurice/Documents/Unreal Projects/EpicManBP/Content/Blueprints/Pickups/PowerUp.uasset" SILENT=true
[2014.12.12-00.34.03:895][402]LogSavePackage: Save=11.211382ms
[2014.12.12-00.34.03:895][402]LogSavePackage: Moving '../../../../../../Users/Maurice/Documents/Unreal Projects/EpicManBP/Saved/PowerUpF677759E4AD287E91B8360B1F7F42621.tmp' to '../../../../../../Users/Maurice/Documents/Unreal Projects/EpicManBP/Content/Blueprints/Pickups/PowerUp.uasset'
[2014.12.12-00.42.45:934][215]LogParticles: Destroying 0 GPU particle simulations for FXSystem 0x000000000D984400
[2014.12.12-00.42.45:934][215]LogParticles: Destroying 0 GPU particle simulations for FXSystem 0x000000001B9F07C0
[2014.12.12-00.42.45:934][215]LogParticles: Destroying 0 GPU particle simulations for FXSystem 0x000000000DBDAD40
[2014.12.12-00.42.45:935][215]LogParticles: Destroying 0 GPU particle simulations for FXSystem 0x0000000038B40D60
[2014.12.12-00.42.45:945][215]LogFileHelpers: Editor autosave (incl. sublevels) for '/Game/Maps/EpicManLevel' took 0.040
[2014.12.12-00.47.50:828][632]LogContentBrowser:Verbose: The content browser source was changed by the sources view to '/Game/Blueprints/AI'
[2014.12.12-00.49.13:447][361]LogContentBrowser:Verbose: The content browser source was changed by the sources view to '/Game/Character'
[2014.12.12-00.49.15:288][471]LogContentBrowser:Verbose: The content browser source was changed by the sources view to '/Game/Animations'
[2014.12.12-00.49.15:902][510]LogContentBrowser:Verbose: The content browser source was changed by the sources view to '/Game/Blueprints'
[2014.12.12-03.32.33:184][296]LogActorComponent: UnregisterComponent: (/Engine/Transient.CharacterMovementComponent_5) Not registered. Aborting.
[2014.12.12-03.32.33:184][296]LogActorComponent: UnregisterComponent: (/Engine/Transient.CharacterMovementComponent_6) Not registered. Aborting.
[2014.12.12-03.32.33:184][296]LogActorComponent: UnregisterComponent: (/Engine/Transient.CharacterMovementComponent_7) Not registered. Aborting.
[2014.12.12-03.32.33:184][296]LogActorComponent: UnregisterComponent: (/Engine/Transient.CharacterMovementComponent_8) Not registered. Aborting.
[2014.12.12-03.32.33:184][296]LogActorComponent: UnregisterComponent: (/Engine/Transient.CharacterMovementComponent_9) Not registered. Aborting.
[2014.12.12-03.32.33:184][296]LogActorComponent: UnregisterComponent: (/Engine/Transient.CharacterMovementComponent_10) Not registered. Aborting.
[2014.12.12-03.32.35:419][297]Cmd: QUIT_EDITOR
[2014.12.12-03.32.35:676][297]LogExit: Preparing to exit.
[2014.12.12-03.32.36:679][297]LogExit: Editor shut down
[2014.12.12-03.32.36:679][297]LogExit: Transaction tracking system shut down
[2014.12.12-03.32.36:680][297]LogParticles: Destroying 0 GPU particle simulations for FXSystem 0x000000000D002980
[2014.12.12-03.32.36:681][297]LogParticles: Destroying 0 GPU particle simulations for FXSystem 0x0000000023F77D80
[2014.12.12-03.32.36:681][297]LogParticles: Destroying 0 GPU particle simulations for FXSystem 0x0000000013865120
[2014.12.12-03.32.36:681][297]LogParticles: Destroying 0 GPU particle simulations for FXSystem 0x0000000038EA8A40
[2014.12.12-03.32.36:681][297]LogParticles: Destroying 0 GPU particle simulations for FXSystem 0x000000000E8DA5C0
[2014.12.12-03.32.36:681][297]LogParticles: Destroying 0 GPU particle simulations for FXSystem 0x00000000119C31A0
[2014.12.12-03.32.36:681][297]LogParticles: Destroying 0 GPU particle simulations for FXSystem 0x0000000029BAA840
[2014.12.12-03.32.36:681][297]LogParticles: Destroying 0 GPU particle simulations for FXSystem 0x0000000029BF2340
[2014.12.12-03.32.36:681][297]LogParticles: Destroying 0 GPU particle simulations for FXSystem 0x0000000029BF3420
[2014.12.12-03.32.36:681][297]LogParticles: Destroying 0 GPU particle simulations for FXSystem 0x0000000029BF2160
[2014.12.12-03.32.36:682][297]LogParticles: Destroying 0 GPU particle simulations for FXSystem 0x000000001A3C2520
[2014.12.12-03.32.36:715][297]LogExit: Object subsystem successfully closed.
[2014.12.12-03.32.36:754][297]LogModuleManager: Shutting down and abandoning module StaticMeshEditor (167)
[2014.12.12-03.32.36:754][297]LogModuleManager: Shutting down and abandoning module AndroidDeviceDetection (166)
[2014.12.12-03.32.36:754][297]LogModuleManager: Shutting down and abandoning module EditorWidgets (165)
[2014.12.12-03.32.36:754][297]LogModuleManager: Shutting down and abandoning module CollectionManager (164)
[2014.12.12-03.32.36:754][297]LogModuleManager: Shutting down and abandoning module CrashTracker (163)
[2014.12.12-03.32.36:754][297]LogModuleManager: Shutting down and abandoning module SuperSearch (162)
[2014.12.12-03.32.36:754][297]LogModuleManager: Shutting down and abandoning module SceneOutliner (161)
[2014.12.12-03.32.36:754][297]LogModuleManager: Shutting down and abandoning module StatsViewer (160)
[2014.12.12-03.32.36:754][297]LogModuleManager: Shutting down and abandoning module FoliageEdit (159)
[2014.12.12-03.32.36:754][297]LogModuleManager: Shutting down and abandoning module LandscapeEditor (158)
[2014.12.12-03.32.36:754][297]LogModuleManager: Shutting down and abandoning module MeshPaint (157)
[2014.12.12-03.32.36:754][297]LogModuleManager: Shutting down and abandoning module ActorPickerMode (156)
[2014.12.12-03.32.36:754][297]LogModuleManager: Shutting down and abandoning module GeometryMode (155)
[2014.12.12-03.32.36:754][297]LogModuleManager: Shutting down and abandoning module TextureAlignMode (154)
[2014.12.12-03.32.36:754][297]LogModuleManager: Shutting down and abandoning module BspMode (153)
[2014.12.12-03.32.36:754][297]LogModuleManager: Shutting down and abandoning module PlacementMode (152)
[2014.12.12-03.32.36:754][297]LogModuleManager: Shutting down and abandoning module AutomationWorker (151)
[2014.12.12-03.32.36:754][297]LogModuleManager: Shutting down and abandoning module CharacterAI (150)
[2014.12.12-03.32.36:754][297]LogModuleManager: Shutting down and abandoning module GameProjectGeneration (149)
[2014.12.12-03.32.36:754][297]LogModuleManager: Shutting down and abandoning module IntroTutorials (148)
[2014.12.12-03.32.36:754][297]LogModuleManager: Shutting down and abandoning module EditorLiveStreaming (147)
[2014.12.12-03.32.36:754][297]LogModuleManager: Shutting down and abandoning module HardwareTargeting (146)
[2014.12.12-03.32.36:754][297]LogModuleManager: Shutting down and abandoning module BehaviorTreeEditor (145)
[2014.12.12-03.32.36:754][297]LogModuleManager: Shutting down and abandoning module DeviceProfileEditor (144)
[2014.12.12-03.32.36:754][297]LogModuleManager: Shutting down and abandoning module UndoHistory (143)
[2014.12.12-03.32.36:754][297]LogModuleManager: Shutting down and abandoning module GameplayTagsEditor (142)
[2014.12.12-03.32.36:754][297]LogModuleManager: Shutting down and abandoning module UserFeedback (141)
[2014.12.12-03.32.36:754][297]LogModuleManager: Shutting down and abandoning module XmlParser (140)
[2014.12.12-03.32.36:754][297]LogModuleManager: Shutting down and abandoning module Blutility (139)
[2014.12.12-03.32.36:754][297]LogModuleManager: Shutting down and abandoning module IOSPlatformEditor (138)
[2014.12.12-03.32.36:754][297]LogModuleManager: Shutting down and abandoning module IOSRuntimeSettings (137)
[2014.12.12-03.32.36:755][297]LogModuleManager: Shutting down and abandoning module AndroidPlatformEditor (136)
[2014.12.12-03.32.36:755][297]LogModuleManager: Shutting down and abandoning module AndroidRuntimeSettings (135)
[2014.12.12-03.32.36:755][297]LogModuleManager: Shutting down and abandoning module ProjectTargetPlatformEditor (134)
[2014.12.12-03.32.36:755][297]LogModuleManager: Shutting down and abandoning module ProjectSettingsViewer (133)
[2014.12.12-03.32.36:755][297]LogModuleManager: Shutting down and abandoning module InputBindingEditor (132)
[2014.12.12-03.32.36:755][297]LogModuleManager: Shutting down and abandoning module EditorSettingsViewer (131)
[2014.12.12-03.32.36:755][297]LogModuleManager: Shutting down and abandoning module SettingsEditor (130)
[2014.12.12-03.32.36:755][297]LogModuleManager: Shutting down and abandoning module ProjectLauncher (129)
[2014.12.12-03.32.36:755][297]LogModuleManager: Shutting down and abandoning module SessionFrontend (128)
[2014.12.12-03.32.36:755][297]LogModuleManager: Shutting down and abandoning module ProfilerClient (127)
[2014.12.12-03.32.36:755][297]LogModuleManager: Shutting down and abandoning module TargetDeviceServices (126)
[2014.12.12-03.32.36:755][297]LogModuleManager: Shutting down and abandoning module DeviceManager (125)
[2014.12.12-03.32.36:755][297]LogModuleManager: Shutting down and abandoning module AutomationController (124)
[2014.12.12-03.32.36:755][297]LogModuleManager: Shutting down and abandoning module AutomationWindow (123)
[2014.12.12-03.32.36:755][297]LogModuleManager: Shutting down and abandoning module Layers (122)
[2014.12.12-03.32.36:755][297]LogModuleManager: Shutting down and abandoning module ComponentVisualizers (121)
[2014.12.12-03.32.36:755][297]LogModuleManager: Shutting down and abandoning module DetailCustomizations (120)
[2014.12.12-03.32.36:755][297]LogModuleManager: Shutting down and abandoning module PackagesDialog (119)
[2014.12.12-03.32.36:755][297]LogModuleManager: Shutting down and abandoning module AssetRegistry (118)
[2014.12.12-03.32.36:827][297]LogModuleManager: Shutting down and abandoning module Persona (117)
[2014.12.12-03.32.36:827][297]LogModuleManager: Shutting down and abandoning module Kismet (116)
[2014.12.12-03.32.36:827][297]LogModuleManager: Shutting down and abandoning module GraphEditor (115)
[2014.12.12-03.32.36:827][297]LogModuleManager: Shutting down and abandoning module ClassViewer (114)
[2014.12.12-03.32.36:827][297]LogModuleManager: Shutting down and abandoning module Toolbox (113)
[2014.12.12-03.32.36:827][297]LogModuleManager: Shutting down and abandoning module ModuleUI (112)
[2014.12.12-03.32.36:827][297]LogModuleManager: Shutting down and abandoning module MovieSceneTools (111)
[2014.12.12-03.32.36:827][297]LogModuleManager: Shutting down and abandoning module OutputLog (110)
[2014.12.12-03.32.36:827][297]LogModuleManager: Shutting down and abandoning module GammaUI (109)
[2014.12.12-03.32.36:827][297]LogModuleManager: Shutting down and abandoning module Documentation (108)
[2014.12.12-03.32.36:827][297]LogModuleManager: Shutting down and abandoning module GameLiveStreaming (107)
[2014.12.12-03.32.36:827][297]LogModuleManager: Shutting down and abandoning module StreamingPauseRendering (106)
[2014.12.12-03.32.36:827][297]LogModuleManager: Shutting down and abandoning module HTTP (105)
[2014.12.12-03.32.36:827][297]LogModuleManager: Shutting down and abandoning module AnalyticsET (104)
[2014.12.12-03.32.36:827][297]LogModuleManager: Shutting down and abandoning module Analytics (103)
[2014.12.12-03.32.36:827][297]LogModuleManager: Shutting down and abandoning module GameplayDebugger (102)
[2014.12.12-03.32.36:827][297]LogModuleManager: Shutting down and abandoning module AIModule (101)
[2014.12.12-03.32.36:827][297]LogModuleManager: Shutting down and abandoning module ProfilerService (100)
[2014.12.12-03.32.36:926][297]LogModuleManager: Shutting down and abandoning module TaskGraph (99)
[2014.12.12-03.32.36:926][297]LogModuleManager: Shutting down and abandoning module SlateRemote (98)
[2014.12.12-03.32.36:926][297]LogModuleManager: Shutting down and abandoning module ScriptEditorPlugin (97)
[2014.12.12-03.32.36:926][297]LogModuleManager: Shutting down and abandoning module CustomMeshComponent (96)
[2014.12.12-03.32.36:926][297]LogModuleManager: Shutting down and abandoning module CableComponent (95)
[2014.12.12-03.32.36:926][297]LogModuleManager: Shutting down and abandoning module MessagingDebugger (94)
[2014.12.12-03.32.36:926][297]LogModuleManager: Shutting down and abandoning module MediaPlayerEditor (93)
[2014.12.12-03.32.36:926][297]LogModuleManager: Shutting down and abandoning module SpeedTreeImporter (92)
[2014.12.12-03.32.36:926][297]LogModuleManager: Shutting down and abandoning module PluginsEditor (91)
[2014.12.12-03.32.36:926][297]LogModuleManager: Shutting down and abandoning module EpicSurvey (90)
[2014.12.12-03.32.36:926][297]LogModuleManager: Shutting down and abandoning module DesktopPlatform (89)
[2014.12.12-03.32.36:926][297]LogModuleManager: Shutting down and abandoning module VisualStudioSourceCodeAccess (88)
[2014.12.12-03.32.36:926][297]LogModuleManager: Shutting down and abandoning module UObjectPlugin (87)
[2014.12.12-03.32.36:926][297]LogModuleManager: Shutting down and abandoning module SubversionSourceControl (86)
[2014.12.12-03.32.36:926][297]LogModuleManager: Shutting down and abandoning module SourceControl (85)
[2014.12.12-03.32.36:926][297]LogModuleManager: Shutting down and abandoning module PerforceSourceControl (84)
[2014.12.12-03.32.36:926][297]LogModuleManager: Shutting down and abandoning module BlankPlugin (83)
[2014.12.12-03.32.36:926][297]LogModuleManager: Shutting down and abandoning module SlateReflector (82)
[2014.12.12-03.32.36:926][297]LogModuleManager: Shutting down and abandoning module DirectoryWatcher (81)
[2014.12.12-03.32.36:926][297]LogModuleManager: Shutting down and abandoning module HotReload (80)
[2014.12.12-03.32.36:926][297]LogModuleManager: Shutting down and abandoning module MainFrame (79)
[2014.12.12-03.32.36:926][297]LogModuleManager: Shutting down and abandoning module LevelEditor (78)
[2014.12.12-03.32.36:927][297]LogModuleManager: Shutting down and abandoning module ViewportSnapping (77)
[2014.12.12-03.32.36:927][297]LogModuleManager: Shutting down and abandoning module SmartSnapping (76)
[2014.12.12-03.32.36:927][297]LogModuleManager: Shutting down and abandoning module PaperTiledImporter (75)
[2014.12.12-03.32.36:927][297]LogModuleManager: Shutting down and abandoning module PaperJsonImporter (74)
[2014.12.12-03.32.36:927][297]LogModuleManager: Shutting down and abandoning module ContentBrowser (73)
[2014.12.12-03.32.36:927][297]LogModuleManager: Shutting down and abandoning module PropertyEditor (72)
[2014.12.12-03.32.36:927][297]LogModuleManager: Shutting down and abandoning module Paper2DEditor (71)
[2014.12.12-03.32.36:927][297]LogModuleManager: Shutting down and abandoning module ScriptPlugin (70)
[2014.12.12-03.32.36:927][297]LogModuleManager: Shutting down and abandoning module UdpMessaging (69)
[2014.12.12-03.32.37:027][297]LogModuleManager: Shutting down and abandoning module Paper2D (68)
[2014.12.12-03.32.37:027][297]LogModuleManager: Shutting down and abandoning module WindowsMoviePlayer (67)
[2014.12.12-03.32.37:029][297]LogModuleManager: Shutting down and abandoning module Media (66)
[2014.12.12-03.32.37:029][297]LogModuleManager: Shutting down and abandoning module WmfMedia (65)
[2014.12.12-03.32.37:030][297]LogModuleManager: Shutting down and abandoning module OnlineBlueprintSupport (64)
[2014.12.12-03.32.37:030][297]LogModuleManager: Shutting down and abandoning module FunctionalTesting (63)
[2014.12.12-03.32.37:030][297]LogModuleManager: Shutting down and abandoning module CollisionAnalyzer (62)
[2014.12.12-03.32.37:030][297]LogModuleManager: Shutting down and abandoning module WorkspaceMenuStructure (61)
[2014.12.12-03.32.37:030][297]LogModuleManager: Shutting down and abandoning module MessageLog (60)
[2014.12.12-03.32.37:030][297]LogModuleManager: Shutting down and abandoning module Sequencer (59)
[2014.12.12-03.32.37:030][297]LogModuleManager: Shutting down and abandoning module AssetTools (58)
[2014.12.12-03.32.37:030][297]LogModuleManager: Shutting down and abandoning module UMGEditor (57)
[2014.12.12-03.32.37:030][297]LogModuleManager: Shutting down and abandoning module UMG (56)
[2014.12.12-03.32.37:030][297]LogModuleManager: Shutting down and abandoning module Slate (55)
[2014.12.12-03.32.37:030][297]LogModuleManager: Shutting down and abandoning module EditorStyle (54)
[2014.12.12-03.32.37:031][297]LogModuleManager: Shutting down and abandoning module SessionServices (53)
[2014.12.12-03.32.37:032][297]LogModuleManager: Shutting down and abandoning module SourceCodeAccess (52)
[2014.12.12-03.32.37:032][297]LogModuleManager: Shutting down and abandoning module HeadMountedDisplay (51)
[2014.12.12-03.32.37:032][297]LogModuleManager: Shutting down and abandoning module XAudio2 (50)
[2014.12.12-03.32.37:032][297]LogModuleManager: Shutting down and abandoning module Networking (48)
[2014.12.12-03.32.37:032][297]LogModuleManager: Shutting down and abandoning module Core (47)
[2014.12.12-03.32.37:032][297]LogModuleManager: Shutting down and abandoning module KismetCompiler (46)
[2014.12.12-03.32.37:032][297]LogModuleManager: Shutting down and abandoning module PhysXFormats (45)
[2014.12.12-03.32.37:032][297]LogModuleManager: Shutting down and abandoning module MeshUtilities (44)
[2014.12.12-03.32.37:032][297]LogModuleManager: Shutting down and abandoning module DerivedDataCache (43)
[2014.12.12-03.32.37:065][297]LogDerivedDataCache: Shutdown
[2014.12.12-03.32.37:065][297]LogModuleManager: Shutting down and abandoning module ShaderFormatOpenGL (42)
[2014.12.12-03.32.37:065][297]LogModuleManager: Shutting down and abandoning module ShaderFormatD3D (41)
[2014.12.12-03.32.37:065][297]LogModuleManager: Shutting down and abandoning module MetalShaderFormat (40)
[2014.12.12-03.32.37:065][297]LogModuleManager: Shutting down and abandoning module TextureFormatUncompressed (39)
[2014.12.12-03.32.37:065][297]LogModuleManager: Shutting down and abandoning module TextureFormatPVR (38)
[2014.12.12-03.32.37:065][297]LogModuleManager: Shutting down and abandoning module TextureFormatDXT (37)
[2014.12.12-03.32.37:065][297]LogModuleManager: Shutting down and abandoning module TextureFormatAndroid (36)
[2014.12.12-03.32.37:065][297]LogModuleManager: Shutting down and abandoning module AudioFormatOpus (35)
[2014.12.12-03.32.37:065][297]LogModuleManager: Shutting down and abandoning module AudioFormatOgg (34)
[2014.12.12-03.32.37:065][297]LogModuleManager: Shutting down and abandoning module AudioFormatADPCM (33)
[2014.12.12-03.32.37:065][297]LogModuleManager: Shutting down and abandoning module Messaging (32)
[2014.12.12-03.32.37:065][297]LogModuleManager: Shutting down and abandoning module IOSTargetPlatform (31)
[2014.12.12-03.32.37:065][297]LogModuleManager: Shutting down and abandoning module Android_PVRTCTargetPlatform (30)
[2014.12.12-03.32.37:065][297]LogModuleManager: Shutting down and abandoning module Android_ETC2TargetPlatform (29)
[2014.12.12-03.32.37:065][297]LogModuleManager: Shutting down and abandoning module Android_ETC1TargetPlatform (28)
[2014.12.12-03.32.37:065][297]LogModuleManager: Shutting down and abandoning module Android_DXTTargetPlatform (27)
[2014.12.12-03.32.37:065][297]LogModuleManager: Shutting down and abandoning module Android_ATCTargetPlatform (26)
[2014.12.12-03.32.37:065][297]LogModuleManager: Shutting down and abandoning module AndroidTargetPlatform (25)
[2014.12.12-03.32.37:065][297]LogModuleManager: Shutting down and abandoning module WindowsTargetPlatform (24)
[2014.12.12-03.32.37:065][297]LogModuleManager: Shutting down and abandoning module WindowsServerTargetPlatform (23)
[2014.12.12-03.32.37:065][297]LogModuleManager: Shutting down and abandoning module WindowsNoEditorTargetPlatform (22)
[2014.12.12-03.32.37:065][297]LogModuleManager: Shutting down and abandoning module WindowsClientTargetPlatform (21)
[2014.12.12-03.32.37:065][297]LogModuleManager: Shutting down and abandoning module TargetPlatform (20)
[2014.12.12-03.32.37:065][297]LogModuleManager: Shutting down and abandoning module InputCore (19)
[2014.12.12-03.32.37:065][297]LogModuleManager: Shutting down and abandoning module Settings (18)
[2014.12.12-03.32.37:065][297]LogModuleManager: Shutting down and abandoning module ImageWrapper (17)
[2014.12.12-03.32.37:065][297]LogModuleManager: Shutting down and abandoning module OculusRift (14)
[2014.12.12-03.32.37:065][297]LogModuleManager: Shutting down and abandoning module ExampleDeviceProfileSelector (13)
[2014.12.12-03.32.37:065][297]LogModuleManager: Shutting down and abandoning module TextureCompressor (12)
[2014.12.12-03.32.37:065][297]LogModuleManager: Shutting down and abandoning module ShaderCore (11)
[2014.12.12-03.32.37:065][297]LogModuleManager: Shutting down and abandoning module SlateRHIRenderer (10)
[2014.12.12-03.32.37:066][297]LogModuleManager: Shutting down and abandoning module OpenGLDrv (9)
[2014.12.12-03.32.37:066][297]LogModuleManager: Shutting down and abandoning module D3D11RHI (8)
[2014.12.12-03.32.37:066][297]LogModuleManager: Shutting down and abandoning module Renderer (7)
[2014.12.12-03.32.37:066][297]LogModuleManager: Shutting down and abandoning module Engine (6)
[2014.12.12-03.32.37:066][297]LogModuleManager: Shutting down and abandoning module CoreUObject (5)
[2014.12.12-03.32.37:066][297]LogModuleManager: Shutting down and abandoning module NetworkFile (4)
[2014.12.12-03.32.37:066][297]LogModuleManager: Shutting down and abandoning module StreamingFile (3)
[2014.12.12-03.32.37:066][297]LogModuleManager: Shutting down and abandoning module SandboxFile (2)
[2014.12.12-03.32.37:066][297]LogModuleManager: Shutting down and abandoning module PakFile (1)
[2014.12.12-03.32.37:067][297]LogExit: Exiting.
[2014.12.12-03.32.37:072][297]Log file closed, 12/11/14 19:32:37
