Log file open, 11/06/14 00:47:48
LogInit:Display: Running engine for game: EpicManBP
LogInit: Version: 4.5.1-2336687+++depot+UE4-Releases+4.5
LogInit: API Version: 2326478
LogInit: Compiled (64-bit): Oct 21 2014 22:32:40
LogInit: Compiled with Visual C++: 18.00.21005.01
LogInit: Build Configuration: Development
LogInit: Branch Name: ++depot+UE4-Releases+4.5
LogInit: Command line:  
LogInit: Base directory: C:/Program Files/Unreal Engine/4.5/Engine/Binaries/Win64/
LogInit: Rocket: 1
[2014.11.06-08.47.49:001][  0]LogTaskGraph: Started task graph with 3 named threads and 4 total threads.
[2014.11.06-08.47.49:027][  0]LogOnline:Warning: No default platform service specified for OnlineSubsystem
[2014.11.06-08.47.49:039][  0]LogInit: Presizing for 0 objects not considered by GC, pre-allocating 0 bytes.
[2014.11.06-08.47.49:047][  0]LogInit: Object subsystem initialized
[2014.11.06-08.47.49:049][  0]LogConsoleResponse:Warning: Skipping Unknown console variable: 'UIScaleRule = ShortestSide'
[2014.11.06-08.47.49:049][  0]LogConsoleResponse:Warning:   Found in ini file 'C:/Users/Maurice/Documents/Unreal Projects/EpicManBP/Saved/Config/Windows/Engine.ini', in section '[/Script/Engine.RendererSettings]'
[2014.11.06-08.47.49:049][  0]LogConsoleResponse:Warning: Skipping Unknown console variable: 'UIScaleCurve = (EditorCurveData=(Keys=((Time=480.000000,Value=0.444000),(Time=720.000000,Value=0.666000),(Time=1080.000000,Value=1.000000),(Time=8640.000000,Value=8.000000))),ExternalCurve=None)'
[2014.11.06-08.47.49:049][  0]LogConsoleResponse:Warning:   Found in ini file 'C:/Users/Maurice/Documents/Unreal Projects/EpicManBP/Saved/Config/Windows/Engine.ini', in section '[/Script/Engine.RendererSettings]'
[2014.11.06-08.47.49:050][  0]LogInit: Selected Device Profile: [Windows]
[2014.11.06-08.47.49:050][  0]LogInit: Applying CVar settings loaded from the selected device profile: [Windows]
[2014.11.06-08.47.49:054][  0]LogInit: Computer: XPS3
[2014.11.06-08.47.49:054][  0]LogInit: User: Maurice
[2014.11.06-08.47.49:054][  0]LogInit: CPU Page size=4096, Cores=4
[2014.11.06-08.47.49:054][  0]LogInit: High frequency timer resolution =3.312705 MHz
[2014.11.06-08.47.49:054][  0]LogMemory: Memory total: Physical=24.0GB (24GB approx) Virtual=8192.0GB
[2014.11.06-08.47.49:054][  0]LogMemory: Platform Memory Stats for Windows
[2014.11.06-08.47.49:054][  0]LogMemory: Process Physical Memory: 63.04 MB used, 63.04 MB peak
[2014.11.06-08.47.49:054][  0]LogMemory: Process Virtual Memory: 38.38 MB used, 38.38 MB peak
[2014.11.06-08.47.49:054][  0]LogMemory: Physical Memory: 2606.21 MB used, 24527.21 MB total
[2014.11.06-08.47.49:054][  0]LogMemory: Virtual Memory: 270.46 MB used, 8388608.00 MB total
[2014.11.06-08.47.49:079][  0]LogD3D11RHI: Found D3D11 adapter 0: NVIDIA GeForce GTX 660 (Feature Level 11_0)
[2014.11.06-08.47.49:079][  0]LogD3D11RHI: Adapter has 1484MB of dedicated video memory, 0MB of dedicated system memory, and 2560MB of shared system memory, 2 output[s]
[2014.11.06-08.47.49:079][  0]LogD3D11RHI: Chosen D3D11 Adapter Id = 0
[2014.11.06-08.47.49:082][  0]LogRHI: Texture pool is 1039 MB (70% of 1484 MB)
[2014.11.06-08.47.49:089][  0]LogD3D11RHI: Async texture creation enabled
[2014.11.06-08.47.49:123][  0]LogTextLocalizationManager: The requested culture ('en_US') has no localization data; parent culture's ('en') localization data will be used.
[2014.11.06-08.47.49:235][  0]LogContentStreaming: Texture pool size is 0.000000MB
[2014.11.06-08.47.53:085][  0]LogTargetPlatformManager:Display: Building Assets For Windows
[2014.11.06-08.47.53:378][  0]LogTargetPlatformManager:Display: Building Assets For Windows
[2014.11.06-08.47.53:415][  0]LogDerivedDataCache:Display: Max Cache Size: 512 MB
[2014.11.06-08.47.53:457][  0]LogDerivedDataCache: Loaded boot cache 0.04s 39MB C:/Users/Maurice/AppData/Local/UnrealEngine/4.5/DerivedDataCache/Boot.ddc.
[2014.11.06-08.47.53:457][  0]LogDerivedDataCache:Display: Loaded Boot cache: C:/Users/Maurice/AppData/Local/UnrealEngine/4.5/DerivedDataCache/Boot.ddc
[2014.11.06-08.47.53:458][  0]LogDerivedDataCache: FDerivedDataBackendGraph:  Pak pak cache file ../../../../../../Users/Maurice/Documents/Unreal Projects/EpicManBP/DerivedDataCache/DDC.ddp not found, will not use a pak cache.
[2014.11.06-08.47.53:458][  0]LogDerivedDataCache: Unable to find inner node Pak for hierarchical cache Hierarchy.
[2014.11.06-08.47.53:511][  0]LogDerivedDataCache:Display: Pak cache opened for reading ../../../Engine/DerivedDataCache/DDC.ddp.
[2014.11.06-08.47.53:522][  0]LogDerivedDataCache: Using Local data cache path C:/Users/Maurice/AppData/Local/UnrealEngine/Common/DerivedDataCache: Writable
[2014.11.06-08.47.53:646][  0]LogMeshUtilities: No automatic mesh reduction module available
[2014.11.06-08.47.53:646][  0]LogMeshUtilities: No automatic mesh merging module available
[2014.11.06-08.47.53:834][  0]LogLinker:Warning: Asset '../../../Engine/Content/Functions/Engine_MaterialFunctions02/Texturing/FlipBook.uasset' has been saved with empty engine version. The asset will be loaded but may be incompatible.
[2014.11.06-08.47.53:837][  0]LogLinker:Warning: Asset '../../../Engine/Content/Functions/Engine_MaterialFunctions02/ExampleContent/Textures/flipbook.uasset' has been saved with empty engine version. The asset will be loaded but may be incompatible.
[2014.11.06-08.47.53:963][  0]LogInit: WinSock: version 1.1 (2.2), MaxSocks=32767, MaxUdp=65467
[2014.11.06-08.47.54:541][  0]UdpMessaging: Initializing bridge on interface 0.0.0.0:0 to multicast group 230.0.0.1:6666.
[2014.11.06-08.47.54:663][  0]LogDirectoryWatcher:Warning: Failed to begin reading directory changes for C:/Users/Maurice/Documents/Unreal Projects/EpicManBP/Binaries/Win64. Error: 0
[2014.11.06-08.47.54:748][  0]SourceControl: Info Source control is disabled
[2014.11.06-08.47.54:749][  0]SourceControl: Info Source control is disabled
[2014.11.06-08.47.54:753][  0]SourceControl: Info Source control is disabled
[2014.11.06-08.47.54:826][  0]LogObj: 22915 objects as part of root set at end of initial load.
[2014.11.06-08.47.54:826][  0]LogUObjectAllocator: 4803536 out of 0 bytes used by permanent object pool.
[2014.11.06-08.47.54:868][  0]LogEngine: Initializing Engine...
[2014.11.06-08.47.54:968][  0]LogInit: XAudio2 using 'Speakers (High Definition Audio Device)' : 2 channels at 44.1 kHz using 16 bits per sample (channel mask 0x3)
[2014.11.06-08.47.54:974][  0]LogInit: FAudioDevice initialized.
[2014.11.06-08.47.54:987][  0]LogAIModule: Creating AISystem for world NewWorld
[2014.11.06-08.47.55:011][  0]LogDerivedDataCache: Saved boot cache 0.02s 39MB C:/Users/Maurice/AppData/Local/UnrealEngine/4.5/DerivedDataCache/Boot.ddc.
[2014.11.06-08.47.55:014][  0]LogInit: Texture streaming: Enabled
[2014.11.06-08.47.55:040][  0]LogInit: Transaction tracking system initialized
[2014.11.06-08.47.55:097][  0]BlueprintLog: New page: Editor Load
[2014.11.06-08.47.55:119][  0]LogAssetRegistry: FAssetRegistry took 0.0098 seconds to start up
[2014.11.06-08.47.55:119][  0]LogDirectoryWatcher:Warning: Failed to begin reading directory changes for ../../../Engine/Plugins/Experimental/CharacterAI/Content/. Error: 0
[2014.11.06-08.47.55:459][  0]LogTargetPlatformManager:Display: Building Assets For Windows
[2014.11.06-08.47.55:707][  0]LogTargetPlatformManager:Display: Building Assets For Windows
[2014.11.06-08.47.55:845][  0]LogConsoleResponse:Display: 
[2014.11.06-08.47.55:972][  0]SourceControl: Info Source control is disabled
[2014.11.06-08.47.55:972][  0]Cmd: MAP LOAD FILE="../../../../../../Users/Maurice/Documents/Unreal Projects/EpicManBP/Content/Maps/Example_Map.umap" TEMPLATE=0 SHOWPROGRESS=1
[2014.11.06-08.47.55:972][  0]LogEditorServer:Warning: Can't find file '../../../../../../Users/Maurice/Documents/Unreal Projects/EpicManBP/Content/Maps/Example_Map.umap'
[2014.11.06-08.47.55:972][  0]Cmd: MAP CHECKDEP
[2014.11.06-08.47.55:973][  0]MapCheck: New page: Untitled_0 - Nov 5, 2014, 4:47:55 PM
[2014.11.06-08.47.56:028][  0]MapCheck: Info Map check complete: 0 Error(s), 0 Warning(s), took 55.366ms to complete.
[2014.11.06-08.47.56:028][  0]LogFileHelpers: Loading map 'Example_Map' took 0.056
[2014.11.06-08.47.56:132][  0]LogCollectionManager: Loaded 0 collections in 0.000686 seconds
[2014.11.06-08.47.56:222][  0]LogCrashTracker: Crashtracker disabled due to settings.
[2014.11.06-08.47.56:251][  0]LogUObjectGlobals:Warning: Failed to find object 'Class None.'
[2014.11.06-08.47.56:275][  0]LogLoad: Full Startup: 9.18 seconds (BP compile: 0.00 seconds)
[2014.11.06-08.47.56:625][  0]LogContentBrowser:Verbose: The content browser source was changed by the sources view to '/Game/Materials'
[2014.11.06-08.47.56:735][  0]LogRenderer:Warning: Reallocating scene render targets to support 592x856.
[2014.11.06-08.47.57:667][  3]LogAssetRegistry: Asset discovery search completed in 2.5587 seconds
[2014.11.06-08.48.12:562][426]Cmd: MAP LOAD FILE="../../../../../../Users/Maurice/Documents/Unreal Projects/EpicManBP/Content/Maps/EpicManLevel.umap" TEMPLATE=0 SHOWPROGRESS=1
[2014.11.06-08.48.12:562][426]LightingResults: New page: Lighting Build
[2014.11.06-08.48.12:593][426]LoadErrors: New page: Loading map: EpicManLevel.umap
[2014.11.06-08.48.12:593][426]MapCheck: New page: Map Check
[2014.11.06-08.48.12:594][426]LightingResults: New page: Lighting Build
[2014.11.06-08.48.12:607][426]LogParticles: Destroying 0 GPU particle simulations for FXSystem 0x0000000016B61A80
[2014.11.06-08.48.12:779][426]LogLinker:Warning: Can't find file '/Game/Blueprints/Wall'
[2014.11.06-08.48.12:779][426]LogLinker:Warning: Can't find file for asset '/Game/Blueprints/Wall' while loading ../../../../../../Users/Maurice/Documents/Unreal Projects/EpicManBP/Content/Blueprints/BasicPickup.uasset.
[2014.11.06-08.48.12:780][426]LoadErrors:Error: Error /Game/Blueprints/BasicPickup : Can't find file for asset. /Game/Blueprints/Wall
[2014.11.06-08.48.12:780][426]LogLinker:Warning: Can't find file '/Game/Blueprints/Wall'
[2014.11.06-08.48.12:781][426]LogLinker:Warning: Can't find file for asset '/Game/Blueprints/Wall' while loading ../../../../../../Users/Maurice/Documents/Unreal Projects/EpicManBP/Content/Blueprints/BasicPickup.uasset.
[2014.11.06-08.48.12:784][426]LogLinker:Warning: Can't find file '/Game/Blueprints/Wall'
[2014.11.06-08.48.12:784][426]LoadErrors: Info Failed to load /Game/Blueprints/Wall.Wall_C Referenced by K2Node_DynamicCast_AsWall_C
[2014.11.06-08.48.12:784][426]LogLinker:Warning: Can't find file for asset '/Game/Blueprints/Wall' while loading ../../../../../../Users/Maurice/Documents/Unreal Projects/EpicManBP/Content/Maps/EpicManLevel.umap.
[2014.11.06-08.48.12:784][426]LoadErrors:Error: Error /Game/Maps/EpicManLevel : Can't find file for asset. /Game/Blueprints/Wall
[2014.11.06-08.48.12:998][426]LogEditorServer: Finished looking for orphan Actors (0.000 secs)
[2014.11.06-08.48.12:998][426]LogAIModule: Creating AISystem for world EpicManLevel
[2014.11.06-08.48.13:046][426]Cmd: MAP CHECKDEP
[2014.11.06-08.48.13:046][426]MapCheck: New page: EpicManLevel - Nov 5, 2014, 4:48:13 PM
[2014.11.06-08.48.13:124][426]MapCheck: Info Map check complete: 0 Error(s), 0 Warning(s), took 77.684ms to complete.
[2014.11.06-08.48.13:124][426]LogFileHelpers: Loading map 'EpicManLevel' took 0.563
[2014.11.06-08.48.25:331][854]LogContentBrowser:Verbose: The content browser source was changed by the sources view to 'None'
[2014.11.06-08.48.25:332][854]LogContentBrowser:Verbose: The content browser source was changed by the sources view to '/Game/Blueprints'
[2014.11.06-08.48.27:850][147]LogContentBrowser:Verbose: The content browser source was changed by the sources view to 'None'
[2014.11.06-08.48.27:850][147]LogContentBrowser:Verbose: The content browser source was changed by the sources view to '/Game/Blueprints'
[2014.11.06-08.48.28:074][170]LogContentBrowser:Verbose: The content browser source was changed by the sources view to 'None'
[2014.11.06-08.48.28:075][170]LogContentBrowser:Verbose: The content browser source was changed by the sources view to '/Game/Blueprints'
[2014.11.06-08.48.53:519][356]LogRenderer:Warning: Reallocating scene render targets to support 776x880.
[2014.11.06-08.49.05:018][440]LogSlate:Warning: GetFontFace failed to load or process 'Roboto-Regular'
[2014.11.06-08.49.05:018][440]LogSlate:Warning: GetFontFace failed to load or process 'Roboto-Regular'
[2014.11.06-08.49.05:019][440]LogSlate:Warning: GetFontFace failed to load or process 'Roboto-Regular'
[2014.11.06-08.49.05:019][440]LogSlate:Warning: GetFontFace failed to load or process 'Roboto-Regular'
[2014.11.06-08.49.05:019][440]LogSlate:Warning: GetFontFace failed to load or process 'Roboto-Regular'
[2014.11.06-08.49.05:019][440]LogSlate:Warning: GetFontFace failed to load or process 'Roboto-Regular'
[2014.11.06-08.49.05:019][440]LogSlate:Warning: GetFontFace failed to load or process 'Roboto-Regular'
[2014.11.06-08.49.05:019][440]LogSlate:Warning: GetFontFace failed to load or process 'Roboto-Regular'
[2014.11.06-08.49.05:019][440]LogSlate:Warning: GetFontFace failed to load or process 'Roboto-Regular'
[2014.11.06-08.49.05:020][440]LogSlate:Warning: GetFontFace failed to load or process 'Roboto-Regular'
[2014.11.06-08.49.05:020][440]LogSlate:Warning: GetFontFace failed to load or process 'Roboto-Regular'
[2014.11.06-08.49.05:020][440]LogSlate:Warning: GetFontFace failed to load or process 'Roboto-Regular'
[2014.11.06-08.49.05:020][440]LogSlate:Warning: GetFontFace failed to load or process 'Roboto-Regular'
[2014.11.06-08.49.05:020][440]LogSlate:Warning: GetFontFace failed to load or process 'Roboto-Regular'
[2014.11.06-08.49.05:020][440]LogSlate:Warning: GetFontFace failed to load or process 'Roboto-Regular'
[2014.11.06-08.49.05:020][440]LogSlate:Warning: GetFontFace failed to load or process 'Roboto-Regular'
[2014.11.06-08.49.05:020][440]LogSlate:Warning: GetFontFace failed to load or process 'Roboto-Regular'
[2014.11.06-08.49.16:903][610]LogContentBrowser:Verbose: The content browser source was changed by the sources view to 'None'
[2014.11.06-08.49.16:903][610]LogContentBrowser:Verbose: The content browser source was changed by the sources view to '/Engine'
[2014.11.06-08.49.17:703][682]LogContentBrowser:Verbose: The content browser source was changed by the sources view to 'None'
[2014.11.06-08.49.17:703][682]LogContentBrowser:Verbose: The content browser source was changed by the sources view to '/Engine'
[2014.11.06-08.49.17:910][700]LogContentBrowser:Verbose: The content browser source was changed by the sources view to 'None'
[2014.11.06-08.49.17:910][700]LogContentBrowser:Verbose: The content browser source was changed by the sources view to '/Engine'
[2014.11.06-08.49.18:134][721]LogContentBrowser:Verbose: The content browser source was changed by the sources view to 'None'
[2014.11.06-08.49.18:134][721]LogContentBrowser:Verbose: The content browser source was changed by the sources view to '/Engine'
[2014.11.06-08.49.24:766][346]LogContentBrowser:Verbose: The content browser source was changed by the sources view to 'None'
[2014.11.06-08.49.24:766][346]LogContentBrowser:Verbose: The content browser source was changed by the sources view to '/Game/Maps'
[2014.11.06-08.49.26:373][504]LogContentBrowser:Verbose: The content browser source was changed by the sources view to 'None'
[2014.11.06-08.49.26:373][504]LogContentBrowser:Verbose: The content browser source was changed by the sources view to '/Game/Maps'
[2014.11.06-08.49.33:603][209]LogContentBrowser:Verbose: The content browser source was changed by the sources view to 'None'
[2014.11.06-08.49.33:603][209]LogContentBrowser:Verbose: The content browser source was changed by the sources view to '/Game/Blueprints'
[2014.11.06-08.50.03:179][206]LogSlate:Warning: GetFontFace failed to load or process 'Roboto-Regular'
[2014.11.06-08.50.03:179][206]LogSlate:Warning: GetFontFace failed to load or process 'Roboto-Regular'
[2014.11.06-08.50.03:179][206]LogSlate:Warning: GetFontFace failed to load or process 'Roboto-Regular'
[2014.11.06-08.50.03:179][206]LogSlate:Warning: GetFontFace failed to load or process 'Roboto-Regular'
[2014.11.06-08.50.03:180][206]LogSlate:Warning: GetFontFace failed to load or process 'Roboto-Regular'
[2014.11.06-08.50.03:180][206]LogSlate:Warning: GetFontFace failed to load or process 'Roboto-Regular'
[2014.11.06-08.50.03:180][206]LogSlate:Warning: GetFontFace failed to load or process 'Roboto-Regular'
[2014.11.06-08.50.03:180][206]LogSlate:Warning: GetFontFace failed to load or process 'Roboto-Regular'
[2014.11.06-08.50.42:646][ 21]BlueprintLog: New page: Compile BasicPickup
[2014.11.06-08.50.42:916][ 21]LogActorComponent: UnregisterComponent: (/Engine/Transient.CharacterMovementComponent_0) Not registered. Aborting.
[2014.11.06-08.50.42:950][ 21]BlueprintEditorCompileResults: Info [0175.77] Compile of BasicPickup successful! [in 216 ms]
[2014.11.06-08.50.43:477][ 47]Cmd: OBJ SAVEPACKAGE PACKAGE="/Game/Blueprints/BasicPickup" FILE="../../../../../../Users/Maurice/Documents/Unreal Projects/EpicManBP/Content/Blueprints/BasicPickup.uasset" SILENT=true
[2014.11.06-08.50.43:729][ 47]LogSavePackage: Save=215.021561ms
[2014.11.06-08.50.43:729][ 47]LogSavePackage: Moving '../../../../../../Users/Maurice/Documents/Unreal Projects/EpicManBP/Saved/BasicPickupC5E03F0F41ED66A0A637D088D5281A34.tmp' to '../../../../../../Users/Maurice/Documents/Unreal Projects/EpicManBP/Content/Blueprints/BasicPickup.uasset'
[2014.11.06-08.50.44:599][125]BlueprintLog: New page: Pre-PIE auto-recompile
[2014.11.06-08.50.44:599][125]LogPlayLevel: [PIE] Compiling Tutorial_BP_MacroLib before PIE...
[2014.11.06-08.50.44:633][125]LogPlayLevel: [PIE] Compiling TheGrid before PIE...
[2014.11.06-08.50.44:682][125]LogPlayLevel: [PIE] Compiling EpicManLevel before PIE...
[2014.11.06-08.50.44:732][125]LogPlayLevel: PIE:  Blueprint regeneration took 133 ms (3 blueprints)
[2014.11.06-08.50.44:732][125]PIE: New page: PIE session: EpicManLevel (Nov 5, 2014, 4:50:44 PM)
[2014.11.06-08.50.44:741][125]LogPlayLevel: PIE: StaticDuplicateObject took: (0.008792s)
[2014.11.06-08.50.44:741][125]LogPlayLevel: PIE: World Init took: (0.000359s)
[2014.11.06-08.50.44:741][125]LogPlayLevel: PIE: Created PIE world by copying editor world from /Game/Maps/EpicManLevel.EpicManLevel to /Game/Maps/UEDPIE_0_EpicManLevel.EpicManLevel (0.009332s)
[2014.11.06-08.50.44:791][125]LogWorld: Game class is 'MyGame_C'
[2014.11.06-08.50.44:793][125]LogAIModule: Creating AISystem for world EpicManLevel
[2014.11.06-08.50.44:799][125]LogWorld: Bringing World /Game/Maps/UEDPIE_0_EpicManLevel.EpicManLevel up for play (max tick rate 0) at 2014.11.06-00.50.44
[2014.11.06-08.50.44:800][125]LogWorld: Bringing up level for play took: 0.007192
[2014.11.06-08.50.44:977][125]PIE: Info Play in editor start time for /Game/Maps/UEDPIE_0_EpicManLevel 0.229
[2014.11.06-08.50.47:357][314]LogParticles: Destroying 0 GPU particle simulations for FXSystem 0x000000000D65D1C0
[2014.11.06-08.50.59:315][428]LogSavePackage: Save=356.356812ms
[2014.11.06-08.50.59:315][428]LogSavePackage: Moving '../../../../../../Users/Maurice/Documents/Unreal Projects/EpicManBP/Saved/EpicManLevelE2C4DF024F387E539BFFEE8FA45257DB.tmp' to '../../../../../../Users/Maurice/Documents/Unreal Projects/EpicManBP/Content/Maps/EpicManLevel.umap'
[2014.11.06-08.52.56:889][201]LogEditorViewport: Clicking on Actor (LMB): BP_Sky_Sphere_C (BP_Sky_Shere)
[2014.11.06-08.52.58:078][340]LogEditorViewport: Clicking on Actor (LMB): BP_Sky_Sphere_C (BP_Sky_Shere)
[2014.11.06-08.52.58:787][422]LogEditorViewport: Clicking on Actor (LMB): DirectionalLight (Light Source)
[2014.11.06-08.53.00:049][562]BlueprintLog: New page: Pre-PIE auto-recompile
[2014.11.06-08.53.00:049][562]LogPlayLevel: [PIE] Compiling EpicManLevel before PIE...
[2014.11.06-08.53.00:100][562]LogParticles: Destroying 0 GPU particle simulations for FXSystem 0x000000001EBB4B80
[2014.11.06-08.53.00:103][562]LogPlayLevel: PIE:  Blueprint regeneration took 53 ms (1 blueprints)
[2014.11.06-08.53.00:103][562]PIE: New page: PIE session: EpicManLevel (Nov 5, 2014, 4:53:00 PM)
[2014.11.06-08.53.00:113][562]LogPlayLevel: PIE: StaticDuplicateObject took: (0.009406s)
[2014.11.06-08.53.00:113][562]LogPlayLevel: PIE: World Init took: (0.000372s)
[2014.11.06-08.53.00:113][562]LogPlayLevel: PIE: Created PIE world by copying editor world from /Game/Maps/EpicManLevel.EpicManLevel to /Game/Maps/UEDPIE_0_EpicManLevel.EpicManLevel (0.009942s)
[2014.11.06-08.53.00:142][562]LogWorld: Game class is 'MyGame_C'
[2014.11.06-08.53.00:144][562]LogAIModule: Creating AISystem for world EpicManLevel
[2014.11.06-08.53.00:146][562]LogWorld: Bringing World /Game/Maps/UEDPIE_0_EpicManLevel.EpicManLevel up for play (max tick rate 0) at 2014.11.06-00.53.00
[2014.11.06-08.53.00:147][562]LogWorld: Bringing up level for play took: 0.003266
[2014.11.06-08.53.00:296][562]PIE: Info Play in editor start time for /Game/Maps/UEDPIE_0_EpicManLevel -0.454
[2014.11.06-08.53.02:579][817]LogParticles: Destroying 0 GPU particle simulations for FXSystem 0x0000000022ADCC20
[2014.11.06-08.53.40:379][212]LogEditorViewport: Clicking on Actor (LMB): DirectionalLight (Light Source)
[2014.11.06-08.53.52:888][676]Cmd: TRANSACTION UNDO
[2014.11.06-08.53.52:888][676]LogEditorTransaction: Undo Move Actors
[2014.11.06-08.53.53:294][698]Cmd: TRANSACTION UNDO
[2014.11.06-08.53.53:294][698]LogEditorTransaction: Undo Move Actors
[2014.11.06-08.53.53:647][724]Cmd: TRANSACTION UNDO
[2014.11.06-08.53.53:647][724]LogEditorTransaction: Undo Move Actors
[2014.11.06-08.53.59:751][411]Cmd: TRANSACTION UNDO
[2014.11.06-08.53.59:751][411]LogEditorTransaction: Undo Clicking on Actors
[2014.11.06-08.54.00:982][512]Cmd: TRANSACTION UNDO
[2014.11.06-08.54.00:982][512]LogEditorTransaction: Undo Edit Refresh Material
[2014.11.06-08.54.00:982][512]LogActorComponent: RegisterComponentWithWorld: (/Game/Maps/EpicManLevel.EpicManLevel:PersistentLevel.BP_Sky_Shere_74.TRASH_SceneComponent_8) Trying to register component with IsPendingKill() == true. Aborting.
[2014.11.06-08.54.01:486][564]Cmd: TRANSACTION UNDO
[2014.11.06-08.54.01:486][564]LogEditorTransaction: Undo Clicking on Actors
[2014.11.06-08.54.02:567][685]Cmd: TRANSACTION UNDO
[2014.11.06-08.54.02:567][685]LogEditorTransaction: Undo Set actor rotation
[2014.11.06-08.54.03:113][744]Cmd: TRANSACTION UNDO
[2014.11.06-08.54.03:113][744]LogEditorTransaction: Undo Set actor rotation
[2014.11.06-08.54.03:507][784]Cmd: TRANSACTION UNDO
[2014.11.06-08.54.03:507][784]LogEditorTransaction: Undo Clicking on Actors
[2014.11.06-08.54.04:017][837]Cmd: TRANSACTION UNDO
[2014.11.06-08.54.04:017][837]LogEditorTransaction: Undo Clicking on Actors
[2014.11.06-08.54.04:700][912]Cmd: TRANSACTION UNDO
[2014.11.06-08.54.04:700][912]LogEditorTransaction: Undo Clicking on Actors
[2014.11.06-08.54.05:105][955]Cmd: TRANSACTION UNDO
[2014.11.06-08.54.05:105][955]LogEditorTransaction: Undo Clicking on Actors
[2014.11.06-08.54.05:510][996]Cmd: TRANSACTION UNDO
[2014.11.06-08.54.05:510][996]LogEditorTransaction: Undo Set actor rotation
[2014.11.06-08.54.22:675][933]LogEditorViewport: Clicking on Actor (LMB): StaticMeshActor (Outer_Walls)
[2014.11.06-08.55.38:895][578]LogContentBrowser:Verbose: The content browser source was changed by the sources view to '/Game/Materials'
[2014.11.06-08.55.40:258][741]LogContentBrowser:Verbose: The content browser source was changed by the sources view to '/Game/StarterContent/Materials'
[2014.11.06-08.55.52:395][177]LogMaterial: Missing cached shader map for material PreviewMaterial_0, compiling.
[2014.11.06-08.55.52:416][177]LogActorComponent: UnregisterComponent: (/Engine/Transient.SkeletalMeshComponent_2) Not registered. Aborting.
[2014.11.06-08.55.52:494][177]LogActorComponent: UnregisterComponent: (/Engine/Transient.SkeletalMeshComponent_2) Not registered. Aborting.
[2014.11.06-08.55.52:494][177]LogActorComponent: RegisterComponentWithWorld: (/Engine/Transient.MaterialEditorMeshComponent_0) Already registered. Aborting.
[2014.11.06-08.55.52:494][177]LogActorComponent: UnregisterComponent: (/Engine/Transient.SkeletalMeshComponent_2) Not registered. Aborting.
[2014.11.06-08.55.52:494][177]LogActorComponent: RegisterComponentWithWorld: (/Engine/Transient.MaterialEditorMeshComponent_0) Already registered. Aborting.
[2014.11.06-08.55.52:497][177]LogMaterial: Missing cached shader map for material PreviewMaterial_0, compiling.
[2014.11.06-08.55.52:527][177]LogMaterial: Missing cached shader map for material FMatExpressionPreview MaterialExpressionTextureSample_64, compiling.
[2014.11.06-08.55.52:529][177]LogMaterial: Missing cached shader map for material FMatExpressionPreview MaterialExpressionTextureSample_65, compiling.
[2014.11.06-08.55.52:530][177]LogMaterial: Missing cached shader map for material FMatExpressionPreview MaterialExpressionTextureSample_66, compiling.
[2014.11.06-08.55.52:532][177]LogMaterial: Missing cached shader map for material FMatExpressionPreview MaterialExpressionConstant3Vector_23, compiling.
[2014.11.06-08.55.52:533][177]LogMaterial: Missing cached shader map for material FMatExpressionPreview MaterialExpressionTextureSample_67, compiling.
[2014.11.06-08.55.52:535][177]LogMaterial: Missing cached shader map for material FMatExpressionPreview MaterialExpressionTextureSample_68, compiling.
[2014.11.06-08.55.52:536][177]LogMaterial: Missing cached shader map for material FMatExpressionPreview MaterialExpressionTextureSample_69, compiling.
[2014.11.06-08.55.52:538][177]LogMaterial: Missing cached shader map for material FMatExpressionPreview MaterialExpressionConstant3Vector_24, compiling.
[2014.11.06-08.55.53:877][254]MaterialEditorStats: Info Base pass shader with static lighting: 104 instructions
[2014.11.06-08.55.53:877][254]MaterialEditorStats: Info Base pass shader with only dynamic lighting: 72 instructions
[2014.11.06-08.55.53:877][254]MaterialEditorStats: Info Vertex shader: 33 instructions
[2014.11.06-08.55.53:877][254]MaterialEditorStats: Info Texture samplers: 7/16
[2014.11.06-08.56.25:513][653]BlueprintLog: New page: Pre-PIE auto-recompile
[2014.11.06-08.56.25:513][653]LogPlayLevel: [PIE] Compiling EpicManLevel before PIE...
[2014.11.06-08.56.25:544][653]LogActorComponent: UnregisterComponent: (/Engine/Transient.CharacterMovementComponent_1) Not registered. Aborting.
[2014.11.06-08.56.25:559][653]LogPlayLevel: PIE:  Blueprint regeneration took 45 ms (1 blueprints)
[2014.11.06-08.56.25:559][653]PIE: New page: PIE session: EpicManLevel (Nov 5, 2014, 4:56:25 PM)
[2014.11.06-08.56.25:568][653]LogPlayLevel: PIE: StaticDuplicateObject took: (0.008623s)
[2014.11.06-08.56.25:568][653]LogPlayLevel: PIE: World Init took: (0.000506s)
[2014.11.06-08.56.25:568][653]LogPlayLevel: PIE: Created PIE world by copying editor world from /Game/Maps/EpicManLevel.EpicManLevel to /Game/Maps/UEDPIE_0_EpicManLevel.EpicManLevel (0.009278s)
[2014.11.06-08.56.25:593][653]LogWorld: Game class is 'MyGame_C'
[2014.11.06-08.56.25:595][653]LogAIModule: Creating AISystem for world EpicManLevel
[2014.11.06-08.56.25:597][653]LogWorld: Bringing World /Game/Maps/UEDPIE_0_EpicManLevel.EpicManLevel up for play (max tick rate 0) at 2014.11.06-00.56.25
[2014.11.06-08.56.25:598][653]LogWorld: Bringing up level for play took: 0.003109
[2014.11.06-08.56.25:746][653]PIE: Info Play in editor start time for /Game/Maps/UEDPIE_0_EpicManLevel 0.991
[2014.11.06-08.56.30:240][187]LogBlueprintUserMessages: 100
[2014.11.06-08.56.31:280][311]LogBlueprintUserMessages: 200
[2014.11.06-08.56.31:568][345]LogBlueprintUserMessages: 300
[2014.11.06-08.56.31:743][366]LogBlueprintUserMessages: 400
[2014.11.06-08.56.31:885][383]LogBlueprintUserMessages: 500
[2014.11.06-08.56.32:011][398]LogBlueprintUserMessages: 600
[2014.11.06-08.56.32:154][415]LogBlueprintUserMessages: 700
[2014.11.06-08.56.32:296][432]LogBlueprintUserMessages: 800
[2014.11.06-08.56.33:111][529]LogBlueprintUserMessages: 900
[2014.11.06-08.56.34:137][652]LogBlueprintUserMessages: 1000
[2014.11.06-08.56.35:093][766]LogBlueprintUserMessages: 1100
[2014.11.06-08.56.35:260][786]LogBlueprintUserMessages: 1200
[2014.11.06-08.56.35:423][805]LogBlueprintUserMessages: 1300
[2014.11.06-08.56.35:566][822]LogBlueprintUserMessages: 1400
[2014.11.06-08.56.36:091][885]LogBlueprintUserMessages: 1500
[2014.11.06-08.56.36:275][907]LogBlueprintUserMessages: 1600
[2014.11.06-08.56.36:422][924]LogBlueprintUserMessages: 1700
[2014.11.06-08.56.36:564][941]LogBlueprintUserMessages: 1800
[2014.11.06-08.56.36:706][958]LogBlueprintUserMessages: 1900
[2014.11.06-08.56.36:848][975]LogBlueprintUserMessages: 2000
[2014.11.06-08.56.36:991][992]LogBlueprintUserMessages: 2100
[2014.11.06-08.56.37:134][  9]LogBlueprintUserMessages: 2200
[2014.11.06-08.56.37:277][ 26]LogBlueprintUserMessages: 2300
[2014.11.06-08.56.37:416][ 42]LogBlueprintUserMessages: 2400
[2014.11.06-08.56.37:559][ 59]LogBlueprintUserMessages: 2500
[2014.11.06-08.56.44:874][936]LogBlueprintUserMessages: 2600
[2014.11.06-08.56.45:071][959]LogBlueprintUserMessages: 2700
[2014.11.06-08.56.45:221][977]LogBlueprintUserMessages: 2800
[2014.11.06-08.56.45:688][ 33]LogBlueprintUserMessages: 2900
[2014.11.06-08.56.45:880][ 56]LogBlueprintUserMessages: 3000
[2014.11.06-08.56.46:035][ 74]LogBlueprintUserMessages: 3100
[2014.11.06-08.56.46:177][ 91]LogBlueprintUserMessages: 3200
[2014.11.06-08.56.46:319][108]LogBlueprintUserMessages: 3300
[2014.11.06-08.56.46:462][125]LogBlueprintUserMessages: 3400
[2014.11.06-08.56.46:604][142]LogBlueprintUserMessages: 3500
[2014.11.06-08.56.48:500][369]LogBlueprintUserMessages: 3600
[2014.11.06-08.56.48:639][385]LogBlueprintUserMessages: 3700
[2014.11.06-08.56.48:781][402]LogBlueprintUserMessages: 3800
[2014.11.06-08.56.48:925][419]LogBlueprintUserMessages: 3900
[2014.11.06-08.56.49:067][436]LogBlueprintUserMessages: 4000
[2014.11.06-08.56.49:210][453]LogBlueprintUserMessages: 4100
[2014.11.06-08.56.49:353][470]LogBlueprintUserMessages: 4200
[2014.11.06-08.56.49:496][487]LogBlueprintUserMessages: 4300
[2014.11.06-08.56.49:639][504]LogBlueprintUserMessages: 4400
[2014.11.06-08.56.49:787][521]LogBlueprintUserMessages: 4500
[2014.11.06-08.56.49:922][537]LogBlueprintUserMessages: 4600
[2014.11.06-08.56.50:065][554]LogBlueprintUserMessages: 4700
[2014.11.06-08.56.50:208][571]LogBlueprintUserMessages: 4800
[2014.11.06-08.56.50:351][588]LogBlueprintUserMessages: 4900
[2014.11.06-08.56.50:494][605]LogBlueprintUserMessages: 5000
[2014.11.06-08.56.50:637][622]LogBlueprintUserMessages: 5100
[2014.11.06-08.56.50:780][639]LogBlueprintUserMessages: 5200
[2014.11.06-08.56.50:927][656]LogBlueprintUserMessages: 5300
[2014.11.06-08.56.51:069][673]LogBlueprintUserMessages: 5400
[2014.11.06-08.56.51:246][694]LogBlueprintUserMessages: 5500
[2014.11.06-08.56.51:388][711]LogBlueprintUserMessages: 5600
[2014.11.06-08.56.51:532][728]LogBlueprintUserMessages: 5700
[2014.11.06-08.56.51:674][745]LogBlueprintUserMessages: 5800
[2014.11.06-08.56.51:818][762]LogBlueprintUserMessages: 5900
[2014.11.06-08.56.51:964][779]LogBlueprintUserMessages: 6000
[2014.11.06-08.56.52:131][799]LogBlueprintUserMessages: 6100
[2014.11.06-08.56.52:273][816]LogBlueprintUserMessages: 6200
[2014.11.06-08.56.52:415][833]LogBlueprintUserMessages: 6300
[2014.11.06-08.56.52:557][850]LogBlueprintUserMessages: 6400
[2014.11.06-08.56.53:233][931]LogBlueprintUserMessages: 6500
[2014.11.06-08.56.53:429][954]LogBlueprintUserMessages: 6600
[2014.11.06-08.56.53:572][971]LogBlueprintUserMessages: 6700
[2014.11.06-08.56.53:715][988]LogBlueprintUserMessages: 6800
[2014.11.06-08.56.53:858][  5]LogBlueprintUserMessages: 6900
[2014.11.06-08.56.54:142][ 39]LogBlueprintUserMessages: 7000
[2014.11.06-08.56.54:285][ 56]LogBlueprintUserMessages: 7100
[2014.11.06-08.56.54:432][ 73]LogBlueprintUserMessages: 7200
[2014.11.06-08.56.54:575][ 90]LogBlueprintUserMessages: 7300
[2014.11.06-08.56.54:718][107]LogBlueprintUserMessages: 7400
[2014.11.06-08.56.55:378][186]LogBlueprintUserMessages: 7500
[2014.11.06-08.56.55:550][206]LogBlueprintUserMessages: 7600
[2014.11.06-08.56.55:693][223]LogBlueprintUserMessages: 7700
[2014.11.06-08.56.55:836][240]LogBlueprintUserMessages: 7800
[2014.11.06-08.56.56:088][270]LogBlueprintUserMessages: 7900
[2014.11.06-08.56.56:231][287]LogBlueprintUserMessages: 8000
[2014.11.06-08.56.56:374][304]LogBlueprintUserMessages: 8100
[2014.11.06-08.56.56:517][321]LogBlueprintUserMessages: 8200
[2014.11.06-08.56.58:666][578]LogBlueprintUserMessages: 8300
[2014.11.06-08.56.58:846][599]LogBlueprintUserMessages: 8400
[2014.11.06-08.56.58:989][616]LogBlueprintUserMessages: 8500
[2014.11.06-08.57.00:165][757]LogBlueprintUserMessages: 8600
[2014.11.06-08.57.00:353][779]LogBlueprintUserMessages: 8700
[2014.11.06-08.57.00:503][797]LogBlueprintUserMessages: 8800
[2014.11.06-08.57.00:645][814]LogBlueprintUserMessages: 8900
[2014.11.06-08.57.00:846][838]LogBlueprintUserMessages: 9000
[2014.11.06-08.57.00:988][855]LogBlueprintUserMessages: 9100
[2014.11.06-08.57.01:130][872]LogBlueprintUserMessages: 9200
[2014.11.06-08.57.01:272][889]LogBlueprintUserMessages: 9300
[2014.11.06-08.57.01:418][906]LogBlueprintUserMessages: 9400
[2014.11.06-08.57.01:560][923]LogBlueprintUserMessages: 9500
[2014.11.06-08.57.01:702][940]LogBlueprintUserMessages: 9600
[2014.11.06-08.57.01:844][957]LogBlueprintUserMessages: 9700
[2014.11.06-08.57.01:986][974]LogBlueprintUserMessages: 9800
[2014.11.06-08.57.02:128][991]LogBlueprintUserMessages: 9900
[2014.11.06-08.57.02:270][  8]LogBlueprintUserMessages: 10000
[2014.11.06-08.57.02:421][ 26]LogBlueprintUserMessages: 10100
[2014.11.06-08.57.02:567][ 43]LogBlueprintUserMessages: 10200
[2014.11.06-08.57.02:711][ 60]LogBlueprintUserMessages: 10300
[2014.11.06-08.57.02:853][ 77]LogBlueprintUserMessages: 10400
[2014.11.06-08.57.02:995][ 94]LogBlueprintUserMessages: 10500
[2014.11.06-08.57.03:137][111]LogBlueprintUserMessages: 10600
[2014.11.06-08.57.03:404][143]LogBlueprintUserMessages: 10700
[2014.11.06-08.57.03:554][161]LogBlueprintUserMessages: 10800
[2014.11.06-08.57.03:700][178]LogBlueprintUserMessages: 10900
[2014.11.06-08.57.03:842][195]LogBlueprintUserMessages: 11000
[2014.11.06-08.57.03:985][212]LogBlueprintUserMessages: 11100
[2014.11.06-08.57.04:585][284]LogBlueprintUserMessages: 11200
[2014.11.06-08.57.04:756][304]LogBlueprintUserMessages: 11300
[2014.11.06-08.57.04:907][322]LogBlueprintUserMessages: 11400
[2014.11.06-08.57.05:049][339]LogBlueprintUserMessages: 11500
[2014.11.06-08.57.05:191][356]LogBlueprintUserMessages: 11600
[2014.11.06-08.57.05:333][373]LogBlueprintUserMessages: 11700
[2014.11.06-08.57.05:475][390]LogBlueprintUserMessages: 11800
[2014.11.06-08.57.05:617][407]LogBlueprintUserMessages: 11900
[2014.11.06-08.57.05:763][424]LogBlueprintUserMessages: 12000
[2014.11.06-08.57.05:907][441]LogBlueprintUserMessages: 12100
[2014.11.06-08.57.06:049][458]LogBlueprintUserMessages: 12200
[2014.11.06-08.57.06:191][475]LogBlueprintUserMessages: 12300
[2014.11.06-08.57.06:333][492]LogBlueprintUserMessages: 12400
[2014.11.06-08.57.06:475][509]LogBlueprintUserMessages: 12500
[2014.11.06-08.57.06:617][526]LogBlueprintUserMessages: 12600
[2014.11.06-08.57.06:759][543]LogBlueprintUserMessages: 12700
[2014.11.06-08.57.06:904][560]LogBlueprintUserMessages: 12800
[2014.11.06-08.57.07:048][577]LogBlueprintUserMessages: 12900
[2014.11.06-08.57.07:674][652]LogBlueprintUserMessages: 13000
[2014.11.06-08.57.07:850][673]LogBlueprintUserMessages: 13100
[2014.11.06-08.57.07:995][690]LogBlueprintUserMessages: 13200
[2014.11.06-08.57.08:138][707]LogBlueprintUserMessages: 13300
[2014.11.06-08.57.09:015][812]LogBlueprintUserMessages: 13400
[2014.11.06-08.57.09:153][828]LogBlueprintUserMessages: 13500
[2014.11.06-08.57.09:338][850]LogBlueprintUserMessages: 13600
[2014.11.06-08.57.10:348][971]LogBlueprintUserMessages: 13700
[2014.11.06-08.57.10:543][994]LogBlueprintUserMessages: 13800
[2014.11.06-08.57.10:686][ 11]LogBlueprintUserMessages: 13900
[2014.11.06-08.57.10:829][ 28]LogBlueprintUserMessages: 14000
[2014.11.06-08.57.10:972][ 45]LogBlueprintUserMessages: 14100
[2014.11.06-08.57.11:122][ 63]LogBlueprintUserMessages: 14200
[2014.11.06-08.57.11:264][ 80]LogBlueprintUserMessages: 14300
[2014.11.06-08.57.11:406][ 97]LogBlueprintUserMessages: 14400
[2014.11.06-08.57.11:543][113]LogBlueprintUserMessages: 14500
[2014.11.06-08.57.11:686][130]LogBlueprintUserMessages: 14600
[2014.11.06-08.57.11:836][148]LogBlueprintUserMessages: 14700
[2014.11.06-08.57.11:978][165]LogBlueprintUserMessages: 14800
[2014.11.06-08.57.12:121][182]LogBlueprintUserMessages: 14900
[2014.11.06-08.57.14:609][480]LogBlueprintUserMessages: 15000
[2014.11.06-08.57.14:805][503]LogBlueprintUserMessages: 15100
[2014.11.06-08.57.14:948][520]LogBlueprintUserMessages: 15200
[2014.11.06-08.57.15:434][578]LogBlueprintUserMessages: 15300
[2014.11.06-08.57.15:627][601]LogBlueprintUserMessages: 15400
[2014.11.06-08.57.15:807][622]LogBlueprintUserMessages: 15500
[2014.11.06-08.57.15:967][641]LogBlueprintUserMessages: 15600
[2014.11.06-08.57.16:111][658]LogBlueprintUserMessages: 15700
[2014.11.06-08.57.16:271][677]LogBlueprintUserMessages: 15800
[2014.11.06-08.57.16:415][694]LogBlueprintUserMessages: 15900
[2014.11.06-08.57.16:976][761]LogBlueprintUserMessages: 16000
[2014.11.06-08.57.17:164][783]LogBlueprintUserMessages: 16100
[2014.11.06-08.57.17:316][801]LogBlueprintUserMessages: 16200
[2014.11.06-08.57.17:868][867]LogBlueprintUserMessages: 16300
[2014.11.06-08.57.18:044][888]LogBlueprintUserMessages: 16400
[2014.11.06-08.57.18:190][905]LogBlueprintUserMessages: 16500
[2014.11.06-08.57.20:227][149]LogBlueprintUserMessages: 16600
[2014.11.06-08.57.20:431][173]LogBlueprintUserMessages: 16700
[2014.11.06-08.57.20:574][190]LogBlueprintUserMessages: 16800
[2014.11.06-08.57.20:717][207]LogBlueprintUserMessages: 16900
[2014.11.06-08.57.20:860][224]LogBlueprintUserMessages: 17000
[2014.11.06-08.57.21:002][241]LogBlueprintUserMessages: 17100
[2014.11.06-08.57.28:682][159]LogBlueprintUserMessages: 17200
[2014.11.06-08.57.28:886][183]LogBlueprintUserMessages: 17300
[2014.11.06-08.57.30:229][344]LogBlueprintUserMessages: 17400
[2014.11.06-08.57.30:892][423]LogBlueprintUserMessages: 17500
[2014.11.06-08.57.31:068][444]LogBlueprintUserMessages: 17600
[2014.11.06-08.57.31:279][469]LogBlueprintUserMessages: 17700
[2014.11.06-08.57.31:417][485]LogBlueprintUserMessages: 17800
[2014.11.06-08.57.31:559][502]LogBlueprintUserMessages: 17900
[2014.11.06-08.57.32:570][623]LogBlueprintUserMessages: 18000
[2014.11.06-08.57.32:750][644]LogBlueprintUserMessages: 18100
[2014.11.06-08.57.32:893][661]LogBlueprintUserMessages: 18200
[2014.11.06-08.57.33:035][678]LogBlueprintUserMessages: 18300
[2014.11.06-08.57.34:637][870]LogBlueprintUserMessages: 18400
[2014.11.06-08.57.34:841][894]LogBlueprintUserMessages: 18500
[2014.11.06-08.57.34:993][912]LogBlueprintUserMessages: 18600
[2014.11.06-08.57.35:828][ 12]LogBlueprintUserMessages: 18700
[2014.11.06-08.57.36:017][ 34]LogBlueprintUserMessages: 18800
[2014.11.06-08.57.36:167][ 52]LogBlueprintUserMessages: 18900
[2014.11.06-08.57.44:190][ 14]LogBlueprintUserMessages: 19000
[2014.11.06-08.57.44:335][ 31]LogBlueprintUserMessages: 19100
[2014.11.06-08.57.44:419][ 41]LogBlueprintUserMessages: 19200
[2014.11.06-08.57.44:562][ 58]LogBlueprintUserMessages: 19300
[2014.11.06-08.57.44:705][ 75]LogBlueprintUserMessages: 19400
[2014.11.06-08.57.44:848][ 92]LogBlueprintUserMessages: 19500
[2014.11.06-08.57.44:990][109]LogBlueprintUserMessages: 19600
[2014.11.06-08.57.45:133][126]LogBlueprintUserMessages: 19700
[2014.11.06-08.57.46:260][261]LogBlueprintUserMessages: 19800
[2014.11.06-08.57.46:540][294]LogBlueprintUserMessages: 19900
[2014.11.06-08.57.46:709][314]LogBlueprintUserMessages: 20000
[2014.11.06-08.57.47:210][374]LogBlueprintUserMessages: 20100
[2014.11.06-08.57.47:436][401]LogBlueprintUserMessages: 20200
[2014.11.06-08.57.47:591][419]LogBlueprintUserMessages: 20300
[2014.11.06-08.57.48:059][475]LogBlueprintUserMessages: 20400
[2014.11.06-08.57.48:286][502]LogBlueprintUserMessages: 20500
[2014.11.06-08.57.48:446][521]LogBlueprintUserMessages: 20600
[2014.11.06-08.57.48:866][571]LogBlueprintUserMessages: 20700
[2014.11.06-08.57.49:826][686]LogBlueprintUserMessages: 20800
[2014.11.06-08.57.49:963][702]LogBlueprintUserMessages: 20900
[2014.11.06-08.57.53:433][118]LogBlueprintUserMessages: 21000
[2014.11.06-08.57.53:579][135]LogBlueprintUserMessages: 21100
[2014.11.06-08.57.53:721][152]LogBlueprintUserMessages: 21200
[2014.11.06-08.57.53:864][169]LogBlueprintUserMessages: 21300
[2014.11.06-08.57.54:657][264]LogBlueprintUserMessages: 21400
[2014.11.06-08.57.55:161][324]LogBlueprintUserMessages: 21500
[2014.11.06-08.57.55:379][350]LogBlueprintUserMessages: 21600
[2014.11.06-08.58.03:012][265]LogBlueprintUserMessages: 21700
[2014.11.06-08.58.03:193][286]LogBlueprintUserMessages: 21800
[2014.11.06-08.58.03:336][303]LogBlueprintUserMessages: 21900
[2014.11.06-08.58.03:479][320]LogBlueprintUserMessages: 22000
[2014.11.06-08.58.03:622][337]LogBlueprintUserMessages: 22100
[2014.11.06-08.58.04:565][450]LogBlueprintUserMessages: 22200
[2014.11.06-08.58.04:702][466]LogBlueprintUserMessages: 22300
[2014.11.06-08.58.04:845][483]LogBlueprintUserMessages: 22400
[2014.11.06-08.58.05:980][619]LogBlueprintUserMessages: 22500
[2014.11.06-08.58.06:175][642]LogBlueprintUserMessages: 22600
[2014.11.06-08.58.06:327][660]LogBlueprintUserMessages: 22700
[2014.11.06-08.58.06:469][677]LogBlueprintUserMessages: 22800
[2014.11.06-08.58.06:612][694]LogBlueprintUserMessages: 22900
[2014.11.06-08.58.10:214][126]LogBlueprintUserMessages: 23000
[2014.11.06-08.58.10:360][143]LogBlueprintUserMessages: 23100
[2014.11.06-08.58.10:502][160]LogBlueprintUserMessages: 23200
[2014.11.06-08.58.11:765][300]LogParticles: Destroying 0 GPU particle simulations for FXSystem 0x000000002181A0C0
[2014.11.06-08.58.16:150][731]Cmd: TRANSACTION UNDO
[2014.11.06-08.58.16:150][731]LogEditorTransaction: Undo Create Actors
[2014.11.06-08.58.16:172][731]LogMaterial: Missing cached shader map for material PreviewMaterial_0, compiling.
[2014.11.06-08.58.17:485][803]MaterialEditorStats: Info Base pass shader with static lighting: 104 instructions
[2014.11.06-08.58.17:485][803]MaterialEditorStats: Info Base pass shader with only dynamic lighting: 72 instructions
[2014.11.06-08.58.17:485][803]MaterialEditorStats: Info Vertex shader: 33 instructions
[2014.11.06-08.58.17:485][803]MaterialEditorStats: Info Texture samplers: 7/16
[2014.11.06-08.59.59:165][535]MapCheck: New page: Map Check
[2014.11.06-08.59.59:196][535]LightingResults: New page: Lighting Build - Nov 5, 2014, 4:59:59 PM
[2014.11.06-09.00.03:459][535]LogStaticLightingSystem:Warning: No importance volume found, so the scene bounding box was used.  You can optimize your scene's quality and lighting build times by adding importance volumes.
[2014.11.06-09.00.03:475][535]LogStaticLightingSystem: Running Lightmass w/ ImmediateImport mode ENABLED
[2014.11.06-09.00.03:475][535]LogStaticLightingSystem: Running Lightmass w/ ImmediateProcess mode ENABLED
[2014.11.06-09.00.03:475][535]LogStaticLightingSystem: Running Lightmass w/ Sorting mode ENABLED
[2014.11.06-09.00.03:475][535]LogStaticLightingSystem: Running Lightmass w/ Mapping paddings ENABLED
[2014.11.06-09.00.03:475][535]LogStaticLightingSystem: Running Lightmass w/ Mapping debug paddings DISABLED
[2014.11.06-09.00.03:540][535]LogEditorBuildUtils: Build time 0:00:04
[2014.11.06-09.00.03:550][535]LogMaterial: Missing cached shader map for material FLightmassMaterialRenderer M_Wall_Blue_Inst, compiling.
[2014.11.06-09.00.03:554][535]LogMaterial: Missing cached shader map for material FLightmassMaterialRenderer M_Wall_Blue_Inst, compiling.
[2014.11.06-09.00.03:586][536]LogMaterial: Missing cached shader map for material FLightmassMaterialRenderer M_Floor_Black_Inst, compiling.
[2014.11.06-09.00.03:589][536]LogMaterial: Missing cached shader map for material FLightmassMaterialRenderer M_Floor_Black_Inst, compiling.
[2014.11.06-09.00.14:951][569]Job is a success!
[2014.11.06-09.00.16:052][570]LogTexture:Display: Building textures: HQ_Lightmap0_1 (AutoDXT)
[2014.11.06-09.00.16:067][570]LogTexture:Display: Building textures: LQ_Lightmap_0_10 (DXT1)
[2014.11.06-09.00.16:070][570]LogTexture:Display: Building textures: HQ_Lightmap0_10 (AutoDXT)
[2014.11.06-09.00.16:073][570]LogTexture:Display: Building textures: LQ_Lightmap_0_9 (DXT1)
[2014.11.06-09.00.16:090][570]LogTexture:Display: Building textures: HQ_Lightmap0_9 (AutoDXT)
[2014.11.06-09.00.16:117][570]LogTexture:Display: Building textures: LQ_Lightmap_1_8 (DXT1)
[2014.11.06-09.00.16:170][570]LogTexture:Display: Building textures: HQ_Lightmap1_8 (AutoDXT)
[2014.11.06-09.00.16:270][570]LogTexture:Display: Building textures: LQ_Lightmap_1_7 (DXT1)
[2014.11.06-09.00.16:281][570]LogTexture:Display: Building textures: HQ_Lightmap1_7 (AutoDXT)
[2014.11.06-09.00.16:315][570]LogTexture:Display: Building textures: LQ_Lightmap_1_6 (DXT1)
[2014.11.06-09.00.16:355][570]LogTexture:Display: Building textures: HQ_Lightmap1_6 (AutoDXT)
[2014.11.06-09.00.16:426][570]LogTexture:Display: Building textures: LQ_Lightmap_1_5 (DXT1)
[2014.11.06-09.00.16:474][570]LogTexture:Display: Building textures: HQ_Lightmap1_5 (AutoDXT)
[2014.11.06-09.00.16:598][570]LogTexture:Display: Building textures: LQ_Lightmap_1_4 (DXT1)
[2014.11.06-09.00.16:644][570]LogTexture:Display: Building textures: HQ_Lightmap1_4 (AutoDXT)
[2014.11.06-09.00.16:759][570]LogTexture:Display: Building textures: LQ_Lightmap_1_3 (DXT1)
[2014.11.06-09.00.16:808][570]LogTexture:Display: Building textures: HQ_Lightmap1_3 (AutoDXT)
[2014.11.06-09.00.16:949][570]LogTexture:Display: Building textures: LQ_Lightmap_0_2 (DXT1)
[2014.11.06-09.00.17:009][570]LogTexture:Display: Building textures: HQ_Lightmap0_2 (AutoDXT)
[2014.11.06-09.00.17:239][570]LogTexture:Display: Building textures: LQ_Lightmap_0_1 (DXT1)
[2014.11.06-09.00.17:253][570]LogTexture:Display: Building textures: ShadowMapTexture2D_0 (BGRA8)
[2014.11.06-09.00.17:330][570]LogTexture:Display: Building textures: ShadowMapTexture2D_1 (BGRA8)
[2014.11.06-09.00.17:426][570]LogTexture:Display: Building textures: ShadowMapTexture2D_2 (BGRA8)
[2014.11.06-09.00.17:816][570]LogTexture:Display: Building textures: ShadowMapTexture2D_3 (BGRA8)
[2014.11.06-09.00.17:995][570]LogTexture:Display: Building textures: ShadowMapTexture2D_4 (BGRA8)
[2014.11.06-09.00.18:100][570]LogTexture:Display: Building textures: ShadowMapTexture2D_5 (BGRA8)
[2014.11.06-09.00.18:203][570]LogTexture:Display: Building textures: ShadowMapTexture2D_6 (BGRA8)
[2014.11.06-09.00.18:312][570]LogTexture:Display: Building textures: ShadowMapTexture2D_7 (BGRA8)
[2014.11.06-09.00.18:334][570]LogTexture:Display: Building textures: ShadowMapTexture2D_8 (BGRA8)
[2014.11.06-09.00.18:351][570]Lightmass on XPS3: 11.7 sec total, 81 ms importing, 2 ms setup, 501 ms photons, 11.1 sec processing, 0 ms extra exporting [176/176 mappings]. Threads: 1:18 min total, 44.9 sec processing.
[2014.11.06-09.00.18:374][570]LogStaticLightingSystem:Warning: Illumination: 18.8 sec (2.62 sec encoding lightmaps)
[2014.11.06-09.00.18:374][570]LogStaticLightingSystem: Lightmap texture memory:  8.8 MB (8.8 MB streaming, 0.0 MB non-streaming), 20 textures
[2014.11.06-09.00.18:374][570]LogStaticLightingSystem: Shadowmap texture memory: 0.0 MB (0.0 MB streaming, 0.0 MB non-streaming), 9 textures
[2014.11.06-09.00.18:485][571]Cmd: MAP CHECK NOTIFYRESULTS
[2014.11.06-09.00.18:485][571]MapCheck: New page: EpicManLevel - Nov 5, 2014, 5:00:18 PM
[2014.11.06-09.00.18:575][571]MapCheck: Info Map check complete: 0 Error(s), 0 Warning(s), took 90.166ms to complete.
[2014.11.06-09.00.46:568][565]LogEditorViewport: Clicking on Actor (LMB): StaticMeshActor (Floor)
[2014.11.06-09.00.47:274][635]BlueprintLog: New page: Pre-PIE auto-recompile
[2014.11.06-09.00.47:274][635]LogPlayLevel: [PIE] Compiling EpicManLevel before PIE...
[2014.11.06-09.00.47:318][635]LogPlayLevel: PIE:  Blueprint regeneration took 44 ms (1 blueprints)
[2014.11.06-09.00.47:318][635]PIE: New page: PIE session: EpicManLevel (Nov 5, 2014, 5:00:47 PM)
[2014.11.06-09.00.47:327][635]LogPlayLevel: PIE: StaticDuplicateObject took: (0.008603s)
[2014.11.06-09.00.47:327][635]LogPlayLevel: PIE: World Init took: (0.000432s)
[2014.11.06-09.00.47:327][635]LogPlayLevel: PIE: Created PIE world by copying editor world from /Game/Maps/EpicManLevel.EpicManLevel to /Game/Maps/UEDPIE_0_EpicManLevel.EpicManLevel (0.009198s)
[2014.11.06-09.00.47:354][635]LogWorld: Game class is 'MyGame_C'
[2014.11.06-09.00.47:356][635]LogAIModule: Creating AISystem for world EpicManLevel
[2014.11.06-09.00.47:358][635]LogWorld: Bringing World /Game/Maps/UEDPIE_0_EpicManLevel.EpicManLevel up for play (max tick rate 0) at 2014.11.06-01.00.47
[2014.11.06-09.00.47:359][635]LogWorld: Bringing up level for play took: 0.003220
[2014.11.06-09.00.47:506][635]PIE: Info Play in editor start time for /Game/Maps/UEDPIE_0_EpicManLevel 0.747
[2014.11.06-09.00.51:189][ 60]LogParticles: Destroying 0 GPU particle simulations for FXSystem 0x000000001DB66A20
[2014.11.06-09.01.03:800][413]MapCheck: New page: Map Check
[2014.11.06-09.01.03:823][413]LightingResults: New page: Lighting Build - Nov 5, 2014, 5:01:03 PM
[2014.11.06-09.01.08:373][413]LogStaticLightingSystem:Warning: No importance volume found, so the scene bounding box was used.  You can optimize your scene's quality and lighting build times by adding importance volumes.
[2014.11.06-09.01.08:402][413]LogStaticLightingSystem: Running Lightmass w/ ImmediateImport mode ENABLED
[2014.11.06-09.01.08:402][413]LogStaticLightingSystem: Running Lightmass w/ ImmediateProcess mode ENABLED
[2014.11.06-09.01.08:402][413]LogStaticLightingSystem: Running Lightmass w/ Sorting mode ENABLED
[2014.11.06-09.01.08:402][413]LogStaticLightingSystem: Running Lightmass w/ Mapping paddings ENABLED
[2014.11.06-09.01.08:402][413]LogStaticLightingSystem: Running Lightmass w/ Mapping debug paddings DISABLED
[2014.11.06-09.01.08:465][413]LogEditorBuildUtils: Build time 0:00:04
[2014.11.06-09.01.14:509][432]Job is a success!
[2014.11.06-09.01.15:473][433]LogTexture:Display: Building textures: HQ_Lightmap1_1 (AutoDXT)
[2014.11.06-09.01.15:479][433]LogTexture:Display: Building textures: LQ_Lightmap_1_10 (DXT1)
[2014.11.06-09.01.15:483][433]LogTexture:Display: Building textures: HQ_Lightmap1_10 (AutoDXT)
[2014.11.06-09.01.15:486][433]LogTexture:Display: Building textures: LQ_Lightmap_1_9 (DXT1)
[2014.11.06-09.01.15:498][433]LogTexture:Display: Building textures: HQ_Lightmap1_9 (AutoDXT)
[2014.11.06-09.01.15:515][433]LogTexture:Display: Building textures: LQ_Lightmap_0_8 (DXT1)
[2014.11.06-09.01.15:560][433]LogTexture:Display: Building textures: HQ_Lightmap0_8 (AutoDXT)
[2014.11.06-09.01.15:624][433]LogTexture:Display: Building textures: LQ_Lightmap_0_7 (DXT1)
[2014.11.06-09.01.15:636][433]LogTexture:Display: Building textures: HQ_Lightmap0_7 (AutoDXT)
[2014.11.06-09.01.15:654][433]LogTexture:Display: Building textures: LQ_Lightmap_0_6 (DXT1)
[2014.11.06-09.01.15:691][433]LogTexture:Display: Building textures: HQ_Lightmap0_6 (AutoDXT)
[2014.11.06-09.01.15:745][433]LogTexture:Display: Building textures: LQ_Lightmap_0_5 (DXT1)
[2014.11.06-09.01.15:792][433]LogTexture:Display: Building textures: HQ_Lightmap0_5 (AutoDXT)
[2014.11.06-09.01.15:891][433]LogTexture:Display: Building textures: LQ_Lightmap_0_4 (DXT1)
[2014.11.06-09.01.15:936][433]LogTexture:Display: Building textures: HQ_Lightmap0_4 (AutoDXT)
[2014.11.06-09.01.16:034][433]LogTexture:Display: Building textures: LQ_Lightmap_0_3 (DXT1)
[2014.11.06-09.01.16:077][433]LogTexture:Display: Building textures: HQ_Lightmap0_3 (AutoDXT)
[2014.11.06-09.01.16:148][433]LogTexture:Display: Building textures: LQ_Lightmap_1_2 (DXT1)
[2014.11.06-09.01.16:189][433]LogTexture:Display: Building textures: HQ_Lightmap1_2 (AutoDXT)
[2014.11.06-09.01.16:265][433]LogTexture:Display: Building textures: LQ_Lightmap_1_1 (DXT1)
[2014.11.06-09.01.16:277][433]LogTexture:Display: Building textures: ShadowMapTexture2D_9 (BGRA8)
[2014.11.06-09.01.16:355][433]LogTexture:Display: Building textures: ShadowMapTexture2D_10 (BGRA8)
[2014.11.06-09.01.16:452][433]LogTexture:Display: Building textures: ShadowMapTexture2D_11 (BGRA8)
[2014.11.06-09.01.16:837][433]LogTexture:Display: Building textures: ShadowMapTexture2D_12 (BGRA8)
[2014.11.06-09.01.17:011][433]LogTexture:Display: Building textures: ShadowMapTexture2D_13 (BGRA8)
[2014.11.06-09.01.17:115][433]LogTexture:Display: Building textures: ShadowMapTexture2D_14 (BGRA8)
[2014.11.06-09.01.17:223][433]LogTexture:Display: Building textures: ShadowMapTexture2D_15 (BGRA8)
[2014.11.06-09.01.17:334][433]LogTexture:Display: Building textures: ShadowMapTexture2D_16 (BGRA8)
[2014.11.06-09.01.17:356][433]LogTexture:Display: Building textures: ShadowMapTexture2D_17 (BGRA8)
[2014.11.06-09.01.17:378][433]Lightmass on XPS3: 7.95 sec total, 78 ms importing, 2 ms setup, 337 ms photons, 7.52 sec processing, 0 ms extra exporting [176/176 mappings]. Threads: 52.5 sec total, 25.8 sec processing.
[2014.11.06-09.01.17:382][433]LogStaticLightingSystem:Warning: Illumination: 13.2 sec (2.21 sec encoding lightmaps)
[2014.11.06-09.01.17:382][433]LogStaticLightingSystem: Lightmap texture memory:  8.8 MB (8.8 MB streaming, 0.0 MB non-streaming), 20 textures
[2014.11.06-09.01.17:382][433]LogStaticLightingSystem: Shadowmap texture memory: 0.0 MB (0.0 MB streaming, 0.0 MB non-streaming), 18 textures
[2014.11.06-09.01.18:384][434]Cmd: MAP CHECK NOTIFYRESULTS
[2014.11.06-09.01.18:384][434]MapCheck: New page: EpicManLevel - Nov 5, 2014, 5:01:18 PM
[2014.11.06-09.01.18:497][434]MapCheck: Info Map check complete: 0 Error(s), 0 Warning(s), took 112.33ms to complete.
[2014.11.06-09.01.31:477][329]LogTexture:Warning: Failed to stream mip data from the derived data cache for /Game/Maps/EpicManLevel.HQ_Lightmap1_8. Streaming mips will be recached.
[2014.11.06-09.01.31:484][329]LogTexture:Display: Building textures: HQ_Lightmap1_8 (AutoDXT)
[2014.11.06-09.01.41:481][394]BlueprintLog: New page: Pre-PIE auto-recompile
[2014.11.06-09.01.41:481][394]LogPlayLevel: [PIE] Compiling EpicManLevel before PIE...
[2014.11.06-09.01.41:525][394]LogPlayLevel: PIE:  Blueprint regeneration took 44 ms (1 blueprints)
[2014.11.06-09.01.41:526][394]PIE: New page: PIE session: EpicManLevel (Nov 5, 2014, 5:01:41 PM)
[2014.11.06-09.01.41:535][394]LogPlayLevel: PIE: StaticDuplicateObject took: (0.009097s)
[2014.11.06-09.01.41:535][394]LogPlayLevel: PIE: World Init took: (0.000429s)
[2014.11.06-09.01.41:535][394]LogPlayLevel: PIE: Created PIE world by copying editor world from /Game/Maps/EpicManLevel.EpicManLevel to /Game/Maps/UEDPIE_0_EpicManLevel.EpicManLevel (0.009687s)
[2014.11.06-09.01.41:560][394]LogWorld: Game class is 'MyGame_C'
[2014.11.06-09.01.41:562][394]LogAIModule: Creating AISystem for world EpicManLevel
[2014.11.06-09.01.41:564][394]LogWorld: Bringing World /Game/Maps/UEDPIE_0_EpicManLevel.EpicManLevel up for play (max tick rate 0) at 2014.11.06-01.01.41
[2014.11.06-09.01.41:565][394]LogWorld: Bringing up level for play took: 0.003048
[2014.11.06-09.01.41:713][394]PIE: Info Play in editor start time for /Game/Maps/UEDPIE_0_EpicManLevel 0.953
[2014.11.06-09.01.43:808][640]LogBlueprintUserMessages: 100
[2014.11.06-09.01.44:105][675]LogBlueprintUserMessages: 200
[2014.11.06-09.01.44:280][696]LogBlueprintUserMessages: 300
[2014.11.06-09.01.44:422][713]LogBlueprintUserMessages: 400
[2014.11.06-09.01.44:572][731]LogBlueprintUserMessages: 500
[2014.11.06-09.01.44:714][748]LogBlueprintUserMessages: 600
[2014.11.06-09.01.44:856][765]LogBlueprintUserMessages: 700
[2014.11.06-09.01.44:995][781]LogBlueprintUserMessages: 800
[2014.11.06-09.01.45:597][853]LogBlueprintUserMessages: 900
[2014.11.06-09.01.45:789][876]LogBlueprintUserMessages: 1000
[2014.11.06-09.01.45:940][894]LogBlueprintUserMessages: 1100
[2014.11.06-09.01.46:079][910]LogBlueprintUserMessages: 1200
[2014.11.06-09.01.47:089][ 31]LogBlueprintUserMessages: 1300
[2014.11.06-09.01.47:303][ 56]LogBlueprintUserMessages: 1400
[2014.11.06-09.01.47:453][ 74]LogBlueprintUserMessages: 1500
[2014.11.06-09.01.47:596][ 91]LogBlueprintUserMessages: 1600
[2014.11.06-09.01.47:738][108]LogBlueprintUserMessages: 1700
[2014.11.06-09.01.47:888][126]LogBlueprintUserMessages: 1800
[2014.11.06-09.01.48:031][143]LogBlueprintUserMessages: 1900
[2014.11.06-09.01.48:173][160]LogBlueprintUserMessages: 2000
[2014.11.06-09.01.48:312][176]LogBlueprintUserMessages: 2100
[2014.11.06-09.01.48:455][193]LogBlueprintUserMessages: 2200
[2014.11.06-09.01.48:597][210]LogBlueprintUserMessages: 2300
[2014.11.06-09.01.48:739][227]LogBlueprintUserMessages: 2400
[2014.11.06-09.01.48:882][244]LogBlueprintUserMessages: 2500
[2014.11.06-09.01.49:024][261]LogBlueprintUserMessages: 2600
[2014.11.06-09.01.49:251][288]LogBlueprintUserMessages: 2700
[2014.11.06-09.01.49:440][310]LogBlueprintUserMessages: 2800
[2014.11.06-09.01.49:590][328]LogBlueprintUserMessages: 2900
[2014.11.06-09.01.49:732][345]LogBlueprintUserMessages: 3000
[2014.11.06-09.01.49:874][362]LogBlueprintUserMessages: 3100
[2014.11.06-09.01.50:016][379]LogBlueprintUserMessages: 3200
[2014.11.06-09.01.50:158][396]LogBlueprintUserMessages: 3300
[2014.11.06-09.01.50:301][413]LogBlueprintUserMessages: 3400
[2014.11.06-09.01.50:447][430]LogBlueprintUserMessages: 3500
[2014.11.06-09.01.50:590][447]LogBlueprintUserMessages: 3600
[2014.11.06-09.01.50:732][464]LogBlueprintUserMessages: 3700
[2014.11.06-09.01.50:874][481]LogBlueprintUserMessages: 3800
[2014.11.06-09.01.51:753][586]LogBlueprintUserMessages: 3900
[2014.11.06-09.01.51:950][609]LogBlueprintUserMessages: 4000
[2014.11.06-09.01.52:100][627]LogBlueprintUserMessages: 4100
[2014.11.06-09.01.52:242][644]LogBlueprintUserMessages: 4200
[2014.11.06-09.01.52:384][661]LogBlueprintUserMessages: 4300
[2014.11.06-09.01.52:535][679]LogBlueprintUserMessages: 4400
[2014.11.06-09.01.52:653][693]LogBlueprintUserMessages: 4500
[2014.11.06-09.01.52:796][710]LogBlueprintUserMessages: 4600
[2014.11.06-09.01.52:934][726]LogBlueprintUserMessages: 4700
[2014.11.06-09.01.53:168][754]LogBlueprintUserMessages: 4800
[2014.11.06-09.01.53:310][771]LogBlueprintUserMessages: 4900
[2014.11.06-09.01.53:453][788]LogBlueprintUserMessages: 5000
[2014.11.06-09.01.53:595][805]LogBlueprintUserMessages: 5100
[2014.11.06-09.01.53:737][822]LogBlueprintUserMessages: 5200
[2014.11.06-09.01.53:879][839]LogBlueprintUserMessages: 5300
[2014.11.06-09.01.54:243][882]LogBlueprintUserMessages: 5400
[2014.11.06-09.01.54:469][909]LogBlueprintUserMessages: 5500
[2014.11.06-09.01.54:628][928]LogBlueprintUserMessages: 5600
[2014.11.06-09.01.54:769][945]LogBlueprintUserMessages: 5700
[2014.11.06-09.01.54:911][962]LogBlueprintUserMessages: 5800
[2014.11.06-09.01.55:057][979]LogBlueprintUserMessages: 5900
[2014.11.06-09.01.55:199][996]LogBlueprintUserMessages: 6000
[2014.11.06-09.01.55:342][ 13]LogBlueprintUserMessages: 6100
[2014.11.06-09.01.55:551][ 38]LogBlueprintUserMessages: 6200
[2014.11.06-09.01.55:693][ 55]LogBlueprintUserMessages: 6300
[2014.11.06-09.01.55:977][ 89]LogBlueprintUserMessages: 6400
[2014.11.06-09.01.56:115][105]LogBlueprintUserMessages: 6500
[2014.11.06-09.01.56:265][123]LogBlueprintUserMessages: 6600
[2014.11.06-09.01.56:407][140]LogBlueprintUserMessages: 6700
[2014.11.06-09.01.57:192][234]LogBlueprintUserMessages: 6800
[2014.11.06-09.01.57:750][300]LogBlueprintUserMessages: 6900
[2014.11.06-09.01.57:976][327]LogBlueprintUserMessages: 7000
[2014.11.06-09.01.58:135][346]LogBlueprintUserMessages: 7100
[2014.11.06-09.01.58:295][365]LogBlueprintUserMessages: 7200
[2014.11.06-09.01.58:433][381]LogBlueprintUserMessages: 7300
[2014.11.06-09.01.58:759][420]LogBlueprintUserMessages: 7400
[2014.11.06-09.01.58:926][440]LogBlueprintUserMessages: 7500
[2014.11.06-09.01.59:068][457]LogBlueprintUserMessages: 7600
[2014.11.06-09.01.59:243][478]LogBlueprintUserMessages: 7700
[2014.11.06-09.01.59:386][495]LogBlueprintUserMessages: 7800
[2014.11.06-09.01.59:592][519]LogBlueprintUserMessages: 7900
[2014.11.06-09.01.59:735][536]LogBlueprintUserMessages: 8000
[2014.11.06-09.01.59:878][553]LogBlueprintUserMessages: 8100
[2014.11.06-09.02.00:037][572]LogBlueprintUserMessages: 8200
[2014.11.06-09.02.00:179][589]LogBlueprintUserMessages: 8300
[2014.11.06-09.02.00:321][606]LogBlueprintUserMessages: 8400
[2014.11.06-09.02.00:463][623]LogBlueprintUserMessages: 8500
[2014.11.06-09.02.00:602][639]LogBlueprintUserMessages: 8600
[2014.11.06-09.02.00:744][656]LogBlueprintUserMessages: 8700
[2014.11.06-09.02.00:895][674]LogBlueprintUserMessages: 8800
[2014.11.06-09.02.01:037][691]LogBlueprintUserMessages: 8900
[2014.11.06-09.02.01:179][708]LogBlueprintUserMessages: 9000
[2014.11.06-09.02.01:321][725]LogBlueprintUserMessages: 9100
[2014.11.06-09.02.01:463][742]LogBlueprintUserMessages: 9200
[2014.11.06-09.02.01:605][759]LogBlueprintUserMessages: 9300
[2014.11.06-09.02.01:751][776]LogBlueprintUserMessages: 9400
[2014.11.06-09.02.01:893][793]LogBlueprintUserMessages: 9500
[2014.11.06-09.02.02:035][810]LogBlueprintUserMessages: 9600
[2014.11.06-09.02.02:178][827]LogBlueprintUserMessages: 9700
[2014.11.06-09.02.02:321][844]LogBlueprintUserMessages: 9800
[2014.11.06-09.02.02:463][861]LogBlueprintUserMessages: 9900
[2014.11.06-09.02.02:606][878]LogBlueprintUserMessages: 10000
[2014.11.06-09.02.02:744][894]LogBlueprintUserMessages: 10100
[2014.11.06-09.02.02:887][911]LogBlueprintUserMessages: 10200
[2014.11.06-09.02.03:038][929]LogBlueprintUserMessages: 10300
[2014.11.06-09.02.03:180][946]LogBlueprintUserMessages: 10400
[2014.11.06-09.02.03:323][963]LogBlueprintUserMessages: 10500
[2014.11.06-09.02.03:465][980]LogBlueprintUserMessages: 10600
[2014.11.06-09.02.03:583][994]LogBlueprintUserMessages: 10700
[2014.11.06-09.02.03:724][ 11]LogBlueprintUserMessages: 10800
[2014.11.06-09.02.03:862][ 27]LogBlueprintUserMessages: 10900
[2014.11.06-09.02.03:971][ 40]LogBlueprintUserMessages: 11000
[2014.11.06-09.02.04:113][ 57]LogBlueprintUserMessages: 11100
[2014.11.06-09.02.04:256][ 74]LogBlueprintUserMessages: 11200
[2014.11.06-09.02.04:398][ 91]LogBlueprintUserMessages: 11300
[2014.11.06-09.02.04:541][108]LogBlueprintUserMessages: 11400
[2014.11.06-09.02.04:683][125]LogBlueprintUserMessages: 11500
[2014.11.06-09.02.04:825][142]LogBlueprintUserMessages: 11600
[2014.11.06-09.02.04:963][158]LogBlueprintUserMessages: 11700
[2014.11.06-09.02.05:105][175]LogBlueprintUserMessages: 11800
[2014.11.06-09.02.05:255][193]LogBlueprintUserMessages: 11900
[2014.11.06-09.02.05:397][210]LogBlueprintUserMessages: 12000
[2014.11.06-09.02.05:539][227]LogBlueprintUserMessages: 12100
[2014.11.06-09.02.05:681][244]LogBlueprintUserMessages: 12200
[2014.11.06-09.02.05:824][261]LogBlueprintUserMessages: 12300
[2014.11.06-09.02.05:966][278]LogBlueprintUserMessages: 12400
[2014.11.06-09.02.06:112][295]LogBlueprintUserMessages: 12500
[2014.11.06-09.02.06:254][312]LogBlueprintUserMessages: 12600
[2014.11.06-09.02.06:396][329]LogBlueprintUserMessages: 12700
[2014.11.06-09.02.06:538][346]LogBlueprintUserMessages: 12800
[2014.11.06-09.02.06:681][363]LogBlueprintUserMessages: 12900
[2014.11.06-09.02.06:823][380]LogBlueprintUserMessages: 13000
[2014.11.06-09.02.06:965][397]LogBlueprintUserMessages: 13100
[2014.11.06-09.02.07:107][414]LogBlueprintUserMessages: 13200
[2014.11.06-09.02.07:253][431]LogBlueprintUserMessages: 13300
[2014.11.06-09.02.07:397][448]LogBlueprintUserMessages: 13400
[2014.11.06-09.02.07:539][465]LogBlueprintUserMessages: 13500
[2014.11.06-09.02.08:675][601]LogBlueprintUserMessages: 13600
[2014.11.06-09.02.08:887][626]LogBlueprintUserMessages: 13700
[2014.11.06-09.02.10:866][863]LogBlueprintUserMessages: 13800
[2014.11.06-09.02.11:078][888]LogBlueprintUserMessages: 13900
[2014.11.06-09.02.11:229][906]LogBlueprintUserMessages: 14000
[2014.11.06-09.02.11:371][923]LogBlueprintUserMessages: 14100
[2014.11.06-09.02.11:496][938]LogBlueprintUserMessages: 14200
[2014.11.06-09.02.11:638][955]LogBlueprintUserMessages: 14300
[2014.11.06-09.02.11:780][972]LogBlueprintUserMessages: 14400
[2014.11.06-09.02.11:922][989]LogBlueprintUserMessages: 14500
[2014.11.06-09.02.12:068][  6]LogBlueprintUserMessages: 14600
[2014.11.06-09.02.12:210][ 23]LogBlueprintUserMessages: 14700
[2014.11.06-09.02.12:352][ 40]LogBlueprintUserMessages: 14800
[2014.11.06-09.02.12:494][ 57]LogBlueprintUserMessages: 14900
[2014.11.06-09.02.12:637][ 74]LogBlueprintUserMessages: 15000
[2014.11.06-09.02.12:778][ 91]LogBlueprintUserMessages: 15100
[2014.11.06-09.02.12:921][108]LogBlueprintUserMessages: 15200
[2014.11.06-09.02.13:063][125]LogBlueprintUserMessages: 15300
[2014.11.06-09.02.13:209][142]LogBlueprintUserMessages: 15400
[2014.11.06-09.02.13:351][159]LogBlueprintUserMessages: 15500
[2014.11.06-09.02.13:493][176]LogBlueprintUserMessages: 15600
[2014.11.06-09.02.13:635][193]LogBlueprintUserMessages: 15700
[2014.11.06-09.02.13:777][210]LogBlueprintUserMessages: 15800
[2014.11.06-09.02.13:927][228]LogBlueprintUserMessages: 15900
[2014.11.06-09.02.14:029][240]LogBlueprintUserMessages: 16000
[2014.11.06-09.02.14:179][258]LogBlueprintUserMessages: 16100
[2014.11.06-09.02.14:316][274]LogBlueprintUserMessages: 16200
[2014.11.06-09.02.14:460][291]LogBlueprintUserMessages: 16300
[2014.11.06-09.02.15:236][384]LogBlueprintUserMessages: 16400
[2014.11.06-09.02.15:373][400]LogBlueprintUserMessages: 16500
[2014.11.06-09.02.15:515][417]LogBlueprintUserMessages: 16600
[2014.11.06-09.02.16:891][582]LogBlueprintUserMessages: 16700
[2014.11.06-09.02.17:104][607]LogBlueprintUserMessages: 16800
[2014.11.06-09.02.17:254][625]LogBlueprintUserMessages: 16900
[2014.11.06-09.02.17:405][643]LogBlueprintUserMessages: 17000
[2014.11.06-09.02.18:823][813]LogBlueprintUserMessages: 17100
[2014.11.06-09.02.18:969][830]LogBlueprintUserMessages: 17200
[2014.11.06-09.02.19:520][896]LogBlueprintUserMessages: 17300
[2014.11.06-09.02.19:937][946]LogBlueprintUserMessages: 17400
[2014.11.06-09.02.20:759][ 44]LogBlueprintUserMessages: 17500
[2014.11.06-09.02.20:902][ 61]LogBlueprintUserMessages: 17600
[2014.11.06-09.02.21:444][126]LogBlueprintUserMessages: 17700
[2014.11.06-09.02.21:624][147]LogBlueprintUserMessages: 17800
[2014.11.06-09.02.23:144][329]LogBlueprintUserMessages: 17900
[2014.11.06-09.02.23:290][346]LogBlueprintUserMessages: 18000
[2014.11.06-09.02.23:432][363]LogBlueprintUserMessages: 18100
[2014.11.06-09.02.23:516][373]LogBlueprintUserMessages: 18200
[2014.11.06-09.02.23:658][390]LogBlueprintUserMessages: 18300
[2014.11.06-09.02.23:800][407]LogBlueprintUserMessages: 18400
[2014.11.06-09.02.23:943][424]LogBlueprintUserMessages: 18500
[2014.11.06-09.02.24:085][441]LogBlueprintUserMessages: 18600
[2014.11.06-09.02.24:227][458]LogBlueprintUserMessages: 18700
[2014.11.06-09.02.24:372][475]LogBlueprintUserMessages: 18800
[2014.11.06-09.02.24:514][492]LogBlueprintUserMessages: 18900
[2014.11.06-09.02.25:350][592]LogBlueprintUserMessages: 19000
[2014.11.06-09.02.25:820][648]LogBlueprintUserMessages: 19100
[2014.11.06-09.02.26:046][675]LogBlueprintUserMessages: 19200
[2014.11.06-09.02.26:205][694]LogBlueprintUserMessages: 19300
[2014.11.06-09.02.26:665][749]LogBlueprintUserMessages: 19400
[2014.11.06-09.02.26:893][776]LogBlueprintUserMessages: 19500
[2014.11.06-09.02.27:052][795]LogBlueprintUserMessages: 19600
[2014.11.06-09.02.27:469][845]LogBlueprintUserMessages: 19700
[2014.11.06-09.02.28:280][942]LogBlueprintUserMessages: 19800
[2014.11.06-09.02.28:425][959]LogBlueprintUserMessages: 19900
[2014.11.06-09.02.28:568][976]LogBlueprintUserMessages: 20000
[2014.11.06-09.02.28:710][993]LogBlueprintUserMessages: 20100
[2014.11.06-09.02.28:852][ 10]LogBlueprintUserMessages: 20200
[2014.11.06-09.02.31:273][290]LogParticles: Destroying 0 GPU particle simulations for FXSystem 0x000000001D06C180
[2014.11.06-09.02.35:117][702]LogEditorViewport: Clicking on Actor (LMB): StaticMeshActor (Floor)
[2014.11.06-09.03.49:154][678]LogSavePackage: Save=304.386292ms
[2014.11.06-09.03.49:154][678]LogSavePackage: Moving '../../../../../../Users/Maurice/Documents/Unreal Projects/EpicManBP/Saved/EpicManLevel_Auto1A2A008DF4458538C93AC77B2F93440BC.tmp' to '../../../../../../Users/Maurice/Documents/Unreal Projects/EpicManBP/Saved/Autosaves/Game/Maps/EpicManLevel_Auto1.umap'
[2014.11.06-09.03.49:160][678]LogFileHelpers: Editor autosave (incl. sublevels) for '/Game/Maps/EpicManLevel' took 0.391
[2014.11.06-09.03.49:160][678]LogFileHelpers: Editor autosave (incl. sublevels) for all levels took 0.391
[2014.11.06-09.04.07:868][903]LogSavePackage: Save=300.055084ms
[2014.11.06-09.04.07:868][903]LogSavePackage: Moving '../../../../../../Users/Maurice/Documents/Unreal Projects/EpicManBP/Saved/EpicManLevel21DF51FD4A9DA5A24C350E8A745E1C02.tmp' to '../../../../../../Users/Maurice/Documents/Unreal Projects/EpicManBP/Content/Maps/EpicManLevel.umap'
[2014.11.06-09.04.14:658][188]Cmd: QUIT_EDITOR
[2014.11.06-09.04.14:947][188]LogExit: Preparing to exit.
[2014.11.06-09.04.15:691][188]LogExit: Editor shut down
[2014.11.06-09.04.15:691][188]LogExit: Transaction tracking system shut down
[2014.11.06-09.04.15:692][188]LogParticles: Destroying 0 GPU particle simulations for FXSystem 0x000000000897F060
[2014.11.06-09.04.15:692][188]LogParticles: Destroying 0 GPU particle simulations for FXSystem 0x000000000D57FBA0
[2014.11.06-09.04.15:693][188]LogParticles: Destroying 0 GPU particle simulations for FXSystem 0x000000001C465F80
[2014.11.06-09.04.15:693][188]LogParticles: Destroying 0 GPU particle simulations for FXSystem 0x000000000B92D120
[2014.11.06-09.04.15:693][188]LogParticles: Destroying 0 GPU particle simulations for FXSystem 0x00000000118FEFC0
[2014.11.06-09.04.15:722][188]LogExit: Object subsystem successfully closed.
[2014.11.06-09.04.15:757][188]LogModuleManager: Shutting down and abandoning module MaterialEditor (167)
[2014.11.06-09.04.15:757][188]LogModuleManager: Shutting down and abandoning module StatsViewer (166)
[2014.11.06-09.04.15:757][188]LogModuleManager: Shutting down and abandoning module AndroidDeviceDetection (165)
[2014.11.06-09.04.15:757][188]LogModuleManager: Shutting down and abandoning module CrashTracker (164)
[2014.11.06-09.04.15:757][188]LogModuleManager: Shutting down and abandoning module SuperSearch (163)
[2014.11.06-09.04.15:757][188]LogModuleManager: Shutting down and abandoning module SceneOutliner (162)
[2014.11.06-09.04.15:757][188]LogModuleManager: Shutting down and abandoning module EditorWidgets (161)
[2014.11.06-09.04.15:757][188]LogModuleManager: Shutting down and abandoning module CollectionManager (160)
[2014.11.06-09.04.15:757][188]LogModuleManager: Shutting down and abandoning module FoliageEdit (159)
[2014.11.06-09.04.15:757][188]LogModuleManager: Shutting down and abandoning module LandscapeEditor (158)
[2014.11.06-09.04.15:757][188]LogModuleManager: Shutting down and abandoning module MeshPaint (157)
[2014.11.06-09.04.15:757][188]LogModuleManager: Shutting down and abandoning module ActorPickerMode (156)
[2014.11.06-09.04.15:757][188]LogModuleManager: Shutting down and abandoning module GeometryMode (155)
[2014.11.06-09.04.15:757][188]LogModuleManager: Shutting down and abandoning module TextureAlignMode (154)
[2014.11.06-09.04.15:757][188]LogModuleManager: Shutting down and abandoning module BspMode (153)
[2014.11.06-09.04.15:757][188]LogModuleManager: Shutting down and abandoning module PlacementMode (152)
[2014.11.06-09.04.15:757][188]LogModuleManager: Shutting down and abandoning module AutomationWorker (151)
[2014.11.06-09.04.15:757][188]LogModuleManager: Shutting down and abandoning module CharacterAI (150)
[2014.11.06-09.04.15:757][188]LogModuleManager: Shutting down and abandoning module GameProjectGeneration (149)
[2014.11.06-09.04.15:757][188]LogModuleManager: Shutting down and abandoning module IntroTutorials (148)
[2014.11.06-09.04.15:757][188]LogModuleManager: Shutting down and abandoning module EditorLiveStreaming (147)
[2014.11.06-09.04.15:757][188]LogModuleManager: Shutting down and abandoning module HardwareTargeting (146)
[2014.11.06-09.04.15:757][188]LogModuleManager: Shutting down and abandoning module BehaviorTreeEditor (145)
[2014.11.06-09.04.15:757][188]LogModuleManager: Shutting down and abandoning module DeviceProfileEditor (144)
[2014.11.06-09.04.15:757][188]LogModuleManager: Shutting down and abandoning module UndoHistory (143)
[2014.11.06-09.04.15:757][188]LogModuleManager: Shutting down and abandoning module GameplayTagsEditor (142)
[2014.11.06-09.04.15:757][188]LogModuleManager: Shutting down and abandoning module UserFeedback (141)
[2014.11.06-09.04.15:757][188]LogModuleManager: Shutting down and abandoning module XmlParser (140)
[2014.11.06-09.04.15:757][188]LogModuleManager: Shutting down and abandoning module Blutility (139)
[2014.11.06-09.04.15:757][188]LogModuleManager: Shutting down and abandoning module IOSPlatformEditor (138)
[2014.11.06-09.04.15:757][188]LogModuleManager: Shutting down and abandoning module IOSRuntimeSettings (137)
[2014.11.06-09.04.15:757][188]LogModuleManager: Shutting down and abandoning module AndroidPlatformEditor (136)
[2014.11.06-09.04.15:757][188]LogModuleManager: Shutting down and abandoning module AndroidRuntimeSettings (135)
[2014.11.06-09.04.15:757][188]LogModuleManager: Shutting down and abandoning module ProjectTargetPlatformEditor (134)
[2014.11.06-09.04.15:757][188]LogModuleManager: Shutting down and abandoning module ProjectSettingsViewer (133)
[2014.11.06-09.04.15:757][188]LogModuleManager: Shutting down and abandoning module InputBindingEditor (132)
[2014.11.06-09.04.15:758][188]LogModuleManager: Shutting down and abandoning module EditorSettingsViewer (131)
[2014.11.06-09.04.15:758][188]LogModuleManager: Shutting down and abandoning module SettingsEditor (130)
[2014.11.06-09.04.15:758][188]LogModuleManager: Shutting down and abandoning module ProjectLauncher (129)
[2014.11.06-09.04.15:758][188]LogModuleManager: Shutting down and abandoning module SessionFrontend (128)
[2014.11.06-09.04.15:758][188]LogModuleManager: Shutting down and abandoning module ProfilerClient (127)
[2014.11.06-09.04.15:758][188]LogModuleManager: Shutting down and abandoning module TargetDeviceServices (126)
[2014.11.06-09.04.15:758][188]LogModuleManager: Shutting down and abandoning module DeviceManager (125)
[2014.11.06-09.04.15:758][188]LogModuleManager: Shutting down and abandoning module AutomationController (124)
[2014.11.06-09.04.15:758][188]LogModuleManager: Shutting down and abandoning module AutomationWindow (123)
[2014.11.06-09.04.15:758][188]LogModuleManager: Shutting down and abandoning module Layers (122)
[2014.11.06-09.04.15:758][188]LogModuleManager: Shutting down and abandoning module ComponentVisualizers (121)
[2014.11.06-09.04.15:758][188]LogModuleManager: Shutting down and abandoning module DetailCustomizations (120)
[2014.11.06-09.04.15:758][188]LogModuleManager: Shutting down and abandoning module PackagesDialog (119)
[2014.11.06-09.04.15:758][188]LogModuleManager: Shutting down and abandoning module AssetRegistry (118)
[2014.11.06-09.04.15:851][188]LogModuleManager: Shutting down and abandoning module Persona (117)
[2014.11.06-09.04.15:851][188]LogModuleManager: Shutting down and abandoning module Kismet (116)
[2014.11.06-09.04.15:851][188]LogModuleManager: Shutting down and abandoning module GraphEditor (115)
[2014.11.06-09.04.15:851][188]LogModuleManager: Shutting down and abandoning module ClassViewer (114)
[2014.11.06-09.04.15:851][188]LogModuleManager: Shutting down and abandoning module Toolbox (113)
[2014.11.06-09.04.15:851][188]LogModuleManager: Shutting down and abandoning module ModuleUI (112)
[2014.11.06-09.04.15:851][188]LogModuleManager: Shutting down and abandoning module MovieSceneTools (111)
[2014.11.06-09.04.15:851][188]LogModuleManager: Shutting down and abandoning module OutputLog (110)
[2014.11.06-09.04.15:851][188]LogModuleManager: Shutting down and abandoning module GammaUI (109)
[2014.11.06-09.04.15:851][188]LogModuleManager: Shutting down and abandoning module Documentation (108)
[2014.11.06-09.04.15:851][188]LogModuleManager: Shutting down and abandoning module GameLiveStreaming (107)
[2014.11.06-09.04.15:851][188]LogModuleManager: Shutting down and abandoning module StreamingPauseRendering (106)
[2014.11.06-09.04.15:851][188]LogModuleManager: Shutting down and abandoning module HTTP (105)
[2014.11.06-09.04.15:851][188]LogModuleManager: Shutting down and abandoning module AnalyticsET (104)
[2014.11.06-09.04.15:851][188]LogModuleManager: Shutting down and abandoning module Analytics (103)
[2014.11.06-09.04.15:851][188]LogModuleManager: Shutting down and abandoning module GameplayDebugger (102)
[2014.11.06-09.04.15:851][188]LogModuleManager: Shutting down and abandoning module AIModule (101)
[2014.11.06-09.04.15:851][188]LogModuleManager: Shutting down and abandoning module ProfilerService (100)
[2014.11.06-09.04.15:974][188]LogModuleManager: Shutting down and abandoning module TaskGraph (99)
[2014.11.06-09.04.15:974][188]LogModuleManager: Shutting down and abandoning module SlateRemote (98)
[2014.11.06-09.04.15:974][188]LogModuleManager: Shutting down and abandoning module ScriptEditorPlugin (97)
[2014.11.06-09.04.15:974][188]LogModuleManager: Shutting down and abandoning module CustomMeshComponent (96)
[2014.11.06-09.04.15:974][188]LogModuleManager: Shutting down and abandoning module CableComponent (95)
[2014.11.06-09.04.15:974][188]LogModuleManager: Shutting down and abandoning module MessagingDebugger (94)
[2014.11.06-09.04.15:974][188]LogModuleManager: Shutting down and abandoning module MediaPlayerEditor (93)
[2014.11.06-09.04.15:974][188]LogModuleManager: Shutting down and abandoning module SpeedTreeImporter (92)
[2014.11.06-09.04.15:974][188]LogModuleManager: Shutting down and abandoning module PluginsEditor (91)
[2014.11.06-09.04.15:974][188]LogModuleManager: Shutting down and abandoning module EpicSurvey (90)
[2014.11.06-09.04.15:974][188]LogModuleManager: Shutting down and abandoning module DesktopPlatform (89)
[2014.11.06-09.04.15:974][188]LogModuleManager: Shutting down and abandoning module VisualStudioSourceCodeAccess (88)
[2014.11.06-09.04.15:974][188]LogModuleManager: Shutting down and abandoning module UObjectPlugin (87)
[2014.11.06-09.04.15:974][188]LogModuleManager: Shutting down and abandoning module SubversionSourceControl (86)
[2014.11.06-09.04.15:974][188]LogModuleManager: Shutting down and abandoning module SourceControl (85)
[2014.11.06-09.04.15:974][188]LogModuleManager: Shutting down and abandoning module PerforceSourceControl (84)
[2014.11.06-09.04.15:974][188]LogModuleManager: Shutting down and abandoning module BlankPlugin (83)
[2014.11.06-09.04.15:974][188]LogModuleManager: Shutting down and abandoning module SlateReflector (82)
[2014.11.06-09.04.15:974][188]LogModuleManager: Shutting down and abandoning module DirectoryWatcher (81)
[2014.11.06-09.04.15:974][188]LogModuleManager: Shutting down and abandoning module HotReload (80)
[2014.11.06-09.04.15:974][188]LogModuleManager: Shutting down and abandoning module MainFrame (79)
[2014.11.06-09.04.15:974][188]LogModuleManager: Shutting down and abandoning module LevelEditor (78)
[2014.11.06-09.04.15:975][188]LogModuleManager: Shutting down and abandoning module ViewportSnapping (77)
[2014.11.06-09.04.15:976][188]LogModuleManager: Shutting down and abandoning module SmartSnapping (76)
[2014.11.06-09.04.15:976][188]LogModuleManager: Shutting down and abandoning module PaperTiledImporter (75)
[2014.11.06-09.04.15:976][188]LogModuleManager: Shutting down and abandoning module PaperJsonImporter (74)
[2014.11.06-09.04.15:976][188]LogModuleManager: Shutting down and abandoning module ContentBrowser (73)
[2014.11.06-09.04.15:976][188]LogModuleManager: Shutting down and abandoning module PropertyEditor (72)
[2014.11.06-09.04.15:976][188]LogModuleManager: Shutting down and abandoning module Paper2DEditor (71)
[2014.11.06-09.04.15:976][188]LogModuleManager: Shutting down and abandoning module ScriptPlugin (70)
[2014.11.06-09.04.15:976][188]LogModuleManager: Shutting down and abandoning module UdpMessaging (69)
[2014.11.06-09.04.16:076][188]LogModuleManager: Shutting down and abandoning module Paper2D (68)
[2014.11.06-09.04.16:076][188]LogModuleManager: Shutting down and abandoning module WindowsMoviePlayer (67)
[2014.11.06-09.04.16:076][188]LogModuleManager: Shutting down and abandoning module Media (66)
[2014.11.06-09.04.16:076][188]LogModuleManager: Shutting down and abandoning module WmfMedia (65)
[2014.11.06-09.04.16:077][188]LogModuleManager: Shutting down and abandoning module OnlineBlueprintSupport (64)
[2014.11.06-09.04.16:077][188]LogModuleManager: Shutting down and abandoning module FunctionalTesting (63)
[2014.11.06-09.04.16:077][188]LogModuleManager: Shutting down and abandoning module CollisionAnalyzer (62)
[2014.11.06-09.04.16:077][188]LogModuleManager: Shutting down and abandoning module WorkspaceMenuStructure (61)
[2014.11.06-09.04.16:078][188]LogModuleManager: Shutting down and abandoning module MessageLog (60)
[2014.11.06-09.04.16:078][188]LogModuleManager: Shutting down and abandoning module Sequencer (59)
[2014.11.06-09.04.16:078][188]LogModuleManager: Shutting down and abandoning module AssetTools (58)
[2014.11.06-09.04.16:078][188]LogModuleManager: Shutting down and abandoning module UMGEditor (57)
[2014.11.06-09.04.16:078][188]LogModuleManager: Shutting down and abandoning module UMG (56)
[2014.11.06-09.04.16:078][188]LogModuleManager: Shutting down and abandoning module Slate (55)
[2014.11.06-09.04.16:078][188]LogModuleManager: Shutting down and abandoning module EditorStyle (54)
[2014.11.06-09.04.16:083][188]LogModuleManager: Shutting down and abandoning module SessionServices (53)
[2014.11.06-09.04.16:083][188]LogModuleManager: Shutting down and abandoning module SourceCodeAccess (52)
[2014.11.06-09.04.16:083][188]LogModuleManager: Shutting down and abandoning module HeadMountedDisplay (51)
[2014.11.06-09.04.16:083][188]LogModuleManager: Shutting down and abandoning module XAudio2 (50)
[2014.11.06-09.04.16:083][188]LogModuleManager: Shutting down and abandoning module Networking (48)
[2014.11.06-09.04.16:083][188]LogModuleManager: Shutting down and abandoning module Core (47)
[2014.11.06-09.04.16:083][188]LogModuleManager: Shutting down and abandoning module KismetCompiler (46)
[2014.11.06-09.04.16:083][188]LogModuleManager: Shutting down and abandoning module PhysXFormats (45)
[2014.11.06-09.04.16:083][188]LogModuleManager: Shutting down and abandoning module MeshUtilities (44)
[2014.11.06-09.04.16:083][188]LogModuleManager: Shutting down and abandoning module DerivedDataCache (43)
[2014.11.06-09.04.16:153][188]LogDerivedDataCache: Shutdown
[2014.11.06-09.04.16:153][188]LogModuleManager: Shutting down and abandoning module ShaderFormatOpenGL (42)
[2014.11.06-09.04.16:153][188]LogModuleManager: Shutting down and abandoning module ShaderFormatD3D (41)
[2014.11.06-09.04.16:153][188]LogModuleManager: Shutting down and abandoning module MetalShaderFormat (40)
[2014.11.06-09.04.16:153][188]LogModuleManager: Shutting down and abandoning module TextureFormatUncompressed (39)
[2014.11.06-09.04.16:153][188]LogModuleManager: Shutting down and abandoning module TextureFormatPVR (38)
[2014.11.06-09.04.16:153][188]LogModuleManager: Shutting down and abandoning module TextureFormatDXT (37)
[2014.11.06-09.04.16:153][188]LogModuleManager: Shutting down and abandoning module TextureFormatAndroid (36)
[2014.11.06-09.04.16:153][188]LogModuleManager: Shutting down and abandoning module AudioFormatOpus (35)
[2014.11.06-09.04.16:153][188]LogModuleManager: Shutting down and abandoning module AudioFormatOgg (34)
[2014.11.06-09.04.16:153][188]LogModuleManager: Shutting down and abandoning module AudioFormatADPCM (33)
[2014.11.06-09.04.16:153][188]LogModuleManager: Shutting down and abandoning module Messaging (32)
[2014.11.06-09.04.16:153][188]LogModuleManager: Shutting down and abandoning module IOSTargetPlatform (31)
[2014.11.06-09.04.16:153][188]LogModuleManager: Shutting down and abandoning module Android_PVRTCTargetPlatform (30)
[2014.11.06-09.04.16:153][188]LogModuleManager: Shutting down and abandoning module Android_ETC2TargetPlatform (29)
[2014.11.06-09.04.16:153][188]LogModuleManager: Shutting down and abandoning module Android_ETC1TargetPlatform (28)
[2014.11.06-09.04.16:153][188]LogModuleManager: Shutting down and abandoning module Android_DXTTargetPlatform (27)
[2014.11.06-09.04.16:154][188]LogModuleManager: Shutting down and abandoning module Android_ATCTargetPlatform (26)
[2014.11.06-09.04.16:154][188]LogModuleManager: Shutting down and abandoning module AndroidTargetPlatform (25)
[2014.11.06-09.04.16:154][188]LogModuleManager: Shutting down and abandoning module WindowsTargetPlatform (24)
[2014.11.06-09.04.16:154][188]LogModuleManager: Shutting down and abandoning module WindowsServerTargetPlatform (23)
[2014.11.06-09.04.16:154][188]LogModuleManager: Shutting down and abandoning module WindowsNoEditorTargetPlatform (22)
[2014.11.06-09.04.16:154][188]LogModuleManager: Shutting down and abandoning module WindowsClientTargetPlatform (21)
[2014.11.06-09.04.16:154][188]LogModuleManager: Shutting down and abandoning module TargetPlatform (20)
[2014.11.06-09.04.16:154][188]LogModuleManager: Shutting down and abandoning module InputCore (19)
[2014.11.06-09.04.16:154][188]LogModuleManager: Shutting down and abandoning module Settings (18)
[2014.11.06-09.04.16:154][188]LogModuleManager: Shutting down and abandoning module ImageWrapper (17)
[2014.11.06-09.04.16:154][188]LogModuleManager: Shutting down and abandoning module OculusRift (14)
[2014.11.06-09.04.16:154][188]LogModuleManager: Shutting down and abandoning module ExampleDeviceProfileSelector (13)
[2014.11.06-09.04.16:154][188]LogModuleManager: Shutting down and abandoning module TextureCompressor (12)
[2014.11.06-09.04.16:154][188]LogModuleManager: Shutting down and abandoning module ShaderCore (11)
[2014.11.06-09.04.16:154][188]LogModuleManager: Shutting down and abandoning module SlateRHIRenderer (10)
[2014.11.06-09.04.16:157][188]LogModuleManager: Shutting down and abandoning module OpenGLDrv (9)
[2014.11.06-09.04.16:157][188]LogModuleManager: Shutting down and abandoning module D3D11RHI (8)
[2014.11.06-09.04.16:157][188]LogModuleManager: Shutting down and abandoning module Renderer (7)
[2014.11.06-09.04.16:157][188]LogModuleManager: Shutting down and abandoning module Engine (6)
[2014.11.06-09.04.16:157][188]LogModuleManager: Shutting down and abandoning module CoreUObject (5)
[2014.11.06-09.04.16:157][188]LogModuleManager: Shutting down and abandoning module NetworkFile (4)
[2014.11.06-09.04.16:157][188]LogModuleManager: Shutting down and abandoning module StreamingFile (3)
[2014.11.06-09.04.16:157][188]LogModuleManager: Shutting down and abandoning module SandboxFile (2)
[2014.11.06-09.04.16:157][188]LogModuleManager: Shutting down and abandoning module PakFile (1)
[2014.11.06-09.04.16:158][188]LogExit: Exiting.
[2014.11.06-09.04.16:172][188]Log file closed, 11/06/14 01:04:16
