Log file open, 02/12/15 06:44:31
LogInit:Display: Running engine for game: EpicManBP
LogInit: Version: 4.5.1-2336687+++depot+UE4-Releases+4.5
LogInit: API Version: 2326478
LogInit: Compiled (64-bit): Oct 21 2014 22:32:40
LogInit: Compiled with Visual C++: 18.00.21005.01
LogInit: Build Configuration: Development
LogInit: Branch Name: ++depot+UE4-Releases+4.5
LogInit: Command line:  
LogInit: Base directory: C:/Program Files/Unreal Engine/4.5/Engine/Binaries/Win64/
LogInit: Rocket: 1
[2015.02.12-14.44.31:278][  0]LogTaskGraph: Started task graph with 3 named threads and 4 total threads.
[2015.02.12-14.44.31:317][  0]LogOnline:Warning: No default platform service specified for OnlineSubsystem
[2015.02.12-14.44.31:348][  0]LogInit: Presizing for 0 objects not considered by GC, pre-allocating 0 bytes.
[2015.02.12-14.44.31:357][  0]LogInit: Object subsystem initialized
[2015.02.12-14.44.31:361][  0]LogConsoleResponse:Warning: Skipping Unknown console variable: 'UIScaleRule = ShortestSide'
[2015.02.12-14.44.31:361][  0]LogConsoleResponse:Warning:   Found in ini file 'C:/Users/Maurice/Documents/GitHub/game_programming_class/EpicManBP/Saved/Config/Windows/Engine.ini', in section '[/Script/Engine.RendererSettings]'
[2015.02.12-14.44.31:361][  0]LogConsoleResponse:Warning: Skipping Unknown console variable: 'UIScaleCurve = (EditorCurveData=(Keys=((Time=480.000000,Value=0.444000),(Time=720.000000,Value=0.666000),(Time=1080.000000,Value=1.000000),(Time=8640.000000,Value=8.000000))),ExternalCurve=None)'
[2015.02.12-14.44.31:361][  0]LogConsoleResponse:Warning:   Found in ini file 'C:/Users/Maurice/Documents/GitHub/game_programming_class/EpicManBP/Saved/Config/Windows/Engine.ini', in section '[/Script/Engine.RendererSettings]'
[2015.02.12-14.44.31:361][  0]LogInit: Selected Device Profile: [Windows]
[2015.02.12-14.44.31:361][  0]LogInit: Applying CVar settings loaded from the selected device profile: [Windows]
[2015.02.12-14.44.31:366][  0]LogInit: Computer: XPS3
[2015.02.12-14.44.31:366][  0]LogInit: User: Maurice
[2015.02.12-14.44.31:367][  0]LogInit: CPU Page size=4096, Cores=4
[2015.02.12-14.44.31:367][  0]LogInit: High frequency timer resolution =3.312724 MHz
[2015.02.12-14.44.31:367][  0]LogMemory: Memory total: Physical=24.0GB (24GB approx) Virtual=8192.0GB
[2015.02.12-14.44.31:367][  0]LogMemory: Platform Memory Stats for Windows
[2015.02.12-14.44.31:367][  0]LogMemory: Process Physical Memory: 77.22 MB used, 77.22 MB peak
[2015.02.12-14.44.31:367][  0]LogMemory: Process Virtual Memory: 52.63 MB used, 52.63 MB peak
[2015.02.12-14.44.31:367][  0]LogMemory: Physical Memory: 5997.73 MB used, 24527.21 MB total
[2015.02.12-14.44.31:367][  0]LogMemory: Virtual Memory: 282.72 MB used, 8388608.00 MB total
[2015.02.12-14.44.31:393][  0]LogD3D11RHI: Found D3D11 adapter 0: NVIDIA GeForce GTX 660 (Feature Level 11_0)
[2015.02.12-14.44.31:393][  0]LogD3D11RHI: Adapter has 1484MB of dedicated video memory, 0MB of dedicated system memory, and 2560MB of shared system memory, 2 output[s]
[2015.02.12-14.44.31:393][  0]LogD3D11RHI: Chosen D3D11 Adapter Id = 0
[2015.02.12-14.44.31:395][  0]LogRHI: Texture pool is 1039 MB (70% of 1484 MB)
[2015.02.12-14.44.31:401][  0]LogD3D11RHI: Async texture creation enabled
[2015.02.12-14.44.31:433][  0]LogTextLocalizationManager: The requested culture ('en_US') has no localization data; parent culture's ('en') localization data will be used.
[2015.02.12-14.44.31:537][  0]LogContentStreaming: Texture pool size is 0.000000MB
[2015.02.12-14.44.35:231][  0]LogTargetPlatformManager:Display: Building Assets For Windows
[2015.02.12-14.44.35:506][  0]LogTargetPlatformManager:Display: Building Assets For Windows
[2015.02.12-14.44.35:544][  0]LogDerivedDataCache:Display: Max Cache Size: 512 MB
[2015.02.12-14.44.35:572][  0]LogDerivedDataCache: Loaded boot cache 0.03s 39MB C:/Users/Maurice/AppData/Local/UnrealEngine/4.5/DerivedDataCache/Boot.ddc.
[2015.02.12-14.44.35:573][  0]LogDerivedDataCache:Display: Loaded Boot cache: C:/Users/Maurice/AppData/Local/UnrealEngine/4.5/DerivedDataCache/Boot.ddc
[2015.02.12-14.44.35:573][  0]LogDerivedDataCache: FDerivedDataBackendGraph:  Pak pak cache file ../../../../../../Users/Maurice/Documents/GitHub/game_programming_class/EpicManBP/DerivedDataCache/DDC.ddp not found, will not use a pak cache.
[2015.02.12-14.44.35:573][  0]LogDerivedDataCache: Unable to find inner node Pak for hierarchical cache Hierarchy.
[2015.02.12-14.44.35:622][  0]LogDerivedDataCache:Display: Pak cache opened for reading ../../../Engine/DerivedDataCache/DDC.ddp.
[2015.02.12-14.44.35:633][  0]LogDerivedDataCache: Using Local data cache path C:/Users/Maurice/AppData/Local/UnrealEngine/Common/DerivedDataCache: Writable
[2015.02.12-14.44.35:752][  0]LogMeshUtilities: No automatic mesh reduction module available
[2015.02.12-14.44.35:752][  0]LogMeshUtilities: No automatic mesh merging module available
[2015.02.12-14.44.35:941][  0]LogLinker:Warning: Asset '../../../Engine/Content/Functions/Engine_MaterialFunctions02/Texturing/FlipBook.uasset' has been saved with empty engine version. The asset will be loaded but may be incompatible.
[2015.02.12-14.44.35:944][  0]LogLinker:Warning: Asset '../../../Engine/Content/Functions/Engine_MaterialFunctions02/ExampleContent/Textures/flipbook.uasset' has been saved with empty engine version. The asset will be loaded but may be incompatible.
[2015.02.12-14.44.36:068][  0]LogInit: WinSock: version 1.1 (2.2), MaxSocks=32767, MaxUdp=65467
[2015.02.12-14.44.36:621][  0]UdpMessaging: Initializing bridge on interface 0.0.0.0:0 to multicast group 230.0.0.1:6666.
[2015.02.12-14.44.36:762][  0]LogDirectoryWatcher:Warning: Failed to begin reading directory changes for C:/Users/Maurice/Documents/GitHub/game_programming_class/EpicManBP/Binaries/Win64. Error: 0
[2015.02.12-14.44.36:849][  0]SourceControl: Info Source control is disabled
[2015.02.12-14.44.36:849][  0]SourceControl: Info Source control is disabled
[2015.02.12-14.44.36:854][  0]SourceControl: Info Source control is disabled
[2015.02.12-14.44.36:924][  0]LogObj: 22915 objects as part of root set at end of initial load.
[2015.02.12-14.44.36:924][  0]LogUObjectAllocator: 4803536 out of 0 bytes used by permanent object pool.
[2015.02.12-14.44.36:967][  0]LogEngine: Initializing Engine...
[2015.02.12-14.44.37:062][  0]LogInit: XAudio2 using 'Speakers (High Definition Audio Device)' : 2 channels at 44.1 kHz using 16 bits per sample (channel mask 0x3)
[2015.02.12-14.44.37:078][  0]LogInit: FAudioDevice initialized.
[2015.02.12-14.44.37:092][  0]LogAIModule: Creating AISystem for world NewWorld
[2015.02.12-14.44.37:110][  0]LogDerivedDataCache: Saved boot cache 0.02s 39MB C:/Users/Maurice/AppData/Local/UnrealEngine/4.5/DerivedDataCache/Boot.ddc.
[2015.02.12-14.44.37:113][  0]LogInit: Texture streaming: Enabled
[2015.02.12-14.44.37:142][  0]LogInit: Transaction tracking system initialized
[2015.02.12-14.44.37:203][  0]BlueprintLog: New page: Editor Load
[2015.02.12-14.44.37:228][  0]LogAssetRegistry: FAssetRegistry took 0.0096 seconds to start up
[2015.02.12-14.44.37:228][  0]LogDirectoryWatcher:Warning: Failed to begin reading directory changes for ../../../Engine/Plugins/Experimental/CharacterAI/Content/. Error: 0
[2015.02.12-14.44.37:532][  0]LogTargetPlatformManager:Display: Building Assets For Windows
[2015.02.12-14.44.37:759][  0]LogTargetPlatformManager:Display: Building Assets For Windows
[2015.02.12-14.44.37:910][  0]LogConsoleResponse:Display: 
[2015.02.12-14.44.38:048][  0]SourceControl: Info Source control is disabled
[2015.02.12-14.44.38:048][  0]Cmd: MAP LOAD FILE="../../../../../../Users/Maurice/Documents/GitHub/game_programming_class/EpicManBP/Content/Maps/EpicManLevel.umap" TEMPLATE=0 SHOWPROGRESS=1
[2015.02.12-14.44.38:049][  0]LightingResults: New page: Lighting Build
[2015.02.12-14.44.38:055][  0]MapCheck: New page: Map Check
[2015.02.12-14.44.38:055][  0]LightingResults: New page: Lighting Build
[2015.02.12-14.44.38:066][  0]LogParticles: Destroying 0 GPU particle simulations for FXSystem 0x00000000138ADA80
[2015.02.12-14.44.39:459][  0]LogEditorServer: Finished looking for orphan Actors (0.000 secs)
[2015.02.12-14.44.39:459][  0]LogAIModule: Creating AISystem for world EpicManLevel
[2015.02.12-14.44.39:460][  0]Cmd: MAP CHECKDEP
[2015.02.12-14.44.39:460][  0]MapCheck: New page: EpicManLevel - Feb 11, 2015, 10:44:39 PM
[2015.02.12-14.44.39:543][  0]MapCheck: Info Map check complete: 0 Error(s), 0 Warning(s), took 83.387ms to complete.
[2015.02.12-14.44.39:543][  0]LogFileHelpers: Loading map 'EpicManLevel' took 1.495
[2015.02.12-14.44.39:674][  0]LogCrashTracker: Crashtracker disabled due to settings.
[2015.02.12-14.44.39:683][  0]LogCollectionManager: Loaded 0 collections in 0.000725 seconds
[2015.02.12-14.44.39:898][  0]LogUObjectGlobals:Warning: Failed to find object 'Class None.'
[2015.02.12-14.44.39:922][  0]LogLoad: Full Startup: 10.68 seconds (BP compile: 0.67 seconds)
[2015.02.12-14.44.40:267][  0]LogContentBrowser:Verbose: The content browser source was changed by the sources view to '/Game/Blueprints/Pickups'
[2015.02.12-14.44.40:379][  0]LogRenderer:Warning: Reallocating scene render targets to support 1224x912.
[2015.02.12-14.44.40:935][  2]LogAssetRegistry: Asset discovery search completed in 3.7172 seconds
[2015.02.12-14.44.53:055][598]BlueprintLog: New page: Pre-PIE auto-recompile
[2015.02.12-14.44.53:055][598]LogPlayLevel: [PIE] Compiling EpicManLevel before PIE...
[2015.02.12-14.44.53:280][598]LogActorComponent: UnregisterComponent: (/Engine/Transient.CharacterMovementComponent_0) Not registered. Aborting.
[2015.02.12-14.44.53:280][598]LogActorComponent: UnregisterComponent: (/Engine/Transient.CharacterMovementComponent_1) Not registered. Aborting.
[2015.02.12-14.44.53:280][598]LogActorComponent: UnregisterComponent: (/Engine/Transient.CharacterMovementComponent_2) Not registered. Aborting.
[2015.02.12-14.44.53:280][598]LogActorComponent: UnregisterComponent: (/Engine/Transient.CharacterMovementComponent_3) Not registered. Aborting.
[2015.02.12-14.44.53:280][598]LogActorComponent: UnregisterComponent: (/Engine/Transient.CharacterMovementComponent_4) Not registered. Aborting.
[2015.02.12-14.44.53:351][598]LogPlayLevel: PIE:  Blueprint regeneration took 296 ms (1 blueprints)
[2015.02.12-14.44.53:351][598]PIE: New page: PIE session: EpicManLevel (Feb 11, 2015, 10:44:53 PM)
[2015.02.12-14.44.53:362][598]LogPlayLevel: PIE: StaticDuplicateObject took: (0.011125s)
[2015.02.12-14.44.53:363][598]LogPlayLevel: PIE: World Init took: (0.000368s)
[2015.02.12-14.44.53:363][598]LogPlayLevel: PIE: Created PIE world by copying editor world from /Game/Maps/EpicManLevel.EpicManLevel to /Game/Maps/UEDPIE_0_EpicManLevel.EpicManLevel (0.011688s)
[2015.02.12-14.44.53:399][598]LogWorld: Game class is 'MyGame_C'
[2015.02.12-14.44.53:400][598]LogAIModule: Creating AISystem for world EpicManLevel
[2015.02.12-14.44.53:403][598]LogWorld: Bringing World /Game/Maps/UEDPIE_0_EpicManLevel.EpicManLevel up for play (max tick rate 0) at 2015.02.12-06.44.53
[2015.02.12-14.44.53:404][598]LogWorld: Bringing up level for play took: 0.003890
[2015.02.12-14.44.53:901][598]PIE: Info Play in editor start time for /Game/Maps/UEDPIE_0_EpicManLevel 0.947
[2015.02.12-14.45.19:400][589]LogParticles: Destroying 0 GPU particle simulations for FXSystem 0x0000000023088540
[2015.02.12-14.46.37:050][577]LogEditorViewport: Clicking on Actor (LMB): PowerUpPickup_C (PowerUpPickup_5)
[2015.02.12-14.46.44:576][321]BlueprintLog: New page: Pre-PIE auto-recompile
[2015.02.12-14.46.44:576][321]LogPlayLevel: [PIE] Compiling EpicManLevel before PIE...
[2015.02.12-14.46.44:644][321]LogPlayLevel: PIE:  Blueprint regeneration took 68 ms (1 blueprints)
[2015.02.12-14.46.44:644][321]PIE: New page: PIE session: EpicManLevel (Feb 11, 2015, 10:46:44 PM)
[2015.02.12-14.46.44:656][321]LogPlayLevel: PIE: StaticDuplicateObject took: (0.011025s)
[2015.02.12-14.46.44:656][321]LogPlayLevel: PIE: World Init took: (0.000405s)
[2015.02.12-14.46.44:656][321]LogPlayLevel: PIE: Created PIE world by copying editor world from /Game/Maps/EpicManLevel.EpicManLevel to /Game/Maps/UEDPIE_0_EpicManLevel.EpicManLevel (0.011633s)
[2015.02.12-14.46.44:682][321]LogWorld: Game class is 'MyGame_C'
[2015.02.12-14.46.44:684][321]LogAIModule: Creating AISystem for world EpicManLevel
[2015.02.12-14.46.44:687][321]LogWorld: Bringing World /Game/Maps/UEDPIE_0_EpicManLevel.EpicManLevel up for play (max tick rate 0) at 2015.02.12-06.46.44
[2015.02.12-14.46.44:688][321]LogWorld: Bringing up level for play took: 0.004065
[2015.02.12-14.46.45:179][321]PIE: Info Play in editor start time for /Game/Maps/UEDPIE_0_EpicManLevel 0.223
[2015.02.12-14.47.38:723][693]LogParticles: Destroying 0 GPU particle simulations for FXSystem 0x0000000016DE20C0
[2015.02.12-14.47.50:936][669]Cmd: QUIT_EDITOR
[2015.02.12-14.47.51:202][669]LogExit: Preparing to exit.
[2015.02.12-14.47.51:733][669]LogExit: Editor shut down
[2015.02.12-14.47.51:733][669]LogExit: Transaction tracking system shut down
[2015.02.12-14.47.51:735][669]LogParticles: Destroying 0 GPU particle simulations for FXSystem 0x0000000013909B20
[2015.02.12-14.47.51:761][669]LogParticles: Destroying 0 GPU particle simulations for FXSystem 0x0000000024509C60
[2015.02.12-14.47.51:761][669]LogExit: Object subsystem successfully closed.
[2015.02.12-14.47.51:796][669]LogModuleManager: Shutting down and abandoning module AndroidDeviceDetection (166)
[2015.02.12-14.47.51:796][669]LogModuleManager: Shutting down and abandoning module EditorWidgets (165)
[2015.02.12-14.47.51:796][669]LogModuleManager: Shutting down and abandoning module CollectionManager (164)
[2015.02.12-14.47.51:796][669]LogModuleManager: Shutting down and abandoning module CrashTracker (163)
[2015.02.12-14.47.51:796][669]LogModuleManager: Shutting down and abandoning module SuperSearch (162)
[2015.02.12-14.47.51:796][669]LogModuleManager: Shutting down and abandoning module SceneOutliner (161)
[2015.02.12-14.47.51:796][669]LogModuleManager: Shutting down and abandoning module StatsViewer (160)
[2015.02.12-14.47.51:796][669]LogModuleManager: Shutting down and abandoning module FoliageEdit (159)
[2015.02.12-14.47.51:796][669]LogModuleManager: Shutting down and abandoning module LandscapeEditor (158)
[2015.02.12-14.47.51:796][669]LogModuleManager: Shutting down and abandoning module MeshPaint (157)
[2015.02.12-14.47.51:796][669]LogModuleManager: Shutting down and abandoning module ActorPickerMode (156)
[2015.02.12-14.47.51:796][669]LogModuleManager: Shutting down and abandoning module GeometryMode (155)
[2015.02.12-14.47.51:796][669]LogModuleManager: Shutting down and abandoning module TextureAlignMode (154)
[2015.02.12-14.47.51:796][669]LogModuleManager: Shutting down and abandoning module BspMode (153)
[2015.02.12-14.47.51:796][669]LogModuleManager: Shutting down and abandoning module PlacementMode (152)
[2015.02.12-14.47.51:796][669]LogModuleManager: Shutting down and abandoning module AutomationWorker (151)
[2015.02.12-14.47.51:796][669]LogModuleManager: Shutting down and abandoning module CharacterAI (150)
[2015.02.12-14.47.51:796][669]LogModuleManager: Shutting down and abandoning module GameProjectGeneration (149)
[2015.02.12-14.47.51:796][669]LogModuleManager: Shutting down and abandoning module IntroTutorials (148)
[2015.02.12-14.47.51:796][669]LogModuleManager: Shutting down and abandoning module EditorLiveStreaming (147)
[2015.02.12-14.47.51:796][669]LogModuleManager: Shutting down and abandoning module HardwareTargeting (146)
[2015.02.12-14.47.51:796][669]LogModuleManager: Shutting down and abandoning module BehaviorTreeEditor (145)
[2015.02.12-14.47.51:796][669]LogModuleManager: Shutting down and abandoning module DeviceProfileEditor (144)
[2015.02.12-14.47.51:796][669]LogModuleManager: Shutting down and abandoning module UndoHistory (143)
[2015.02.12-14.47.51:796][669]LogModuleManager: Shutting down and abandoning module GameplayTagsEditor (142)
[2015.02.12-14.47.51:796][669]LogModuleManager: Shutting down and abandoning module UserFeedback (141)
[2015.02.12-14.47.51:796][669]LogModuleManager: Shutting down and abandoning module XmlParser (140)
[2015.02.12-14.47.51:796][669]LogModuleManager: Shutting down and abandoning module Blutility (139)
[2015.02.12-14.47.51:796][669]LogModuleManager: Shutting down and abandoning module IOSPlatformEditor (138)
[2015.02.12-14.47.51:796][669]LogModuleManager: Shutting down and abandoning module IOSRuntimeSettings (137)
[2015.02.12-14.47.51:796][669]LogModuleManager: Shutting down and abandoning module AndroidPlatformEditor (136)
[2015.02.12-14.47.51:796][669]LogModuleManager: Shutting down and abandoning module AndroidRuntimeSettings (135)
[2015.02.12-14.47.51:796][669]LogModuleManager: Shutting down and abandoning module ProjectTargetPlatformEditor (134)
[2015.02.12-14.47.51:797][669]LogModuleManager: Shutting down and abandoning module ProjectSettingsViewer (133)
[2015.02.12-14.47.51:797][669]LogModuleManager: Shutting down and abandoning module InputBindingEditor (132)
[2015.02.12-14.47.51:797][669]LogModuleManager: Shutting down and abandoning module EditorSettingsViewer (131)
[2015.02.12-14.47.51:797][669]LogModuleManager: Shutting down and abandoning module SettingsEditor (130)
[2015.02.12-14.47.51:797][669]LogModuleManager: Shutting down and abandoning module ProjectLauncher (129)
[2015.02.12-14.47.51:797][669]LogModuleManager: Shutting down and abandoning module SessionFrontend (128)
[2015.02.12-14.47.51:797][669]LogModuleManager: Shutting down and abandoning module ProfilerClient (127)
[2015.02.12-14.47.51:797][669]LogModuleManager: Shutting down and abandoning module TargetDeviceServices (126)
[2015.02.12-14.47.51:797][669]LogModuleManager: Shutting down and abandoning module DeviceManager (125)
[2015.02.12-14.47.51:797][669]LogModuleManager: Shutting down and abandoning module AutomationController (124)
[2015.02.12-14.47.51:797][669]LogModuleManager: Shutting down and abandoning module AutomationWindow (123)
[2015.02.12-14.47.51:797][669]LogModuleManager: Shutting down and abandoning module Layers (122)
[2015.02.12-14.47.51:797][669]LogModuleManager: Shutting down and abandoning module ComponentVisualizers (121)
[2015.02.12-14.47.51:797][669]LogModuleManager: Shutting down and abandoning module DetailCustomizations (120)
[2015.02.12-14.47.51:797][669]LogModuleManager: Shutting down and abandoning module PackagesDialog (119)
[2015.02.12-14.47.51:797][669]LogModuleManager: Shutting down and abandoning module AssetRegistry (118)
[2015.02.12-14.47.51:907][669]LogModuleManager: Shutting down and abandoning module Persona (117)
[2015.02.12-14.47.51:907][669]LogModuleManager: Shutting down and abandoning module Kismet (116)
[2015.02.12-14.47.51:907][669]LogModuleManager: Shutting down and abandoning module GraphEditor (115)
[2015.02.12-14.47.51:907][669]LogModuleManager: Shutting down and abandoning module ClassViewer (114)
[2015.02.12-14.47.51:907][669]LogModuleManager: Shutting down and abandoning module Toolbox (113)
[2015.02.12-14.47.51:907][669]LogModuleManager: Shutting down and abandoning module ModuleUI (112)
[2015.02.12-14.47.51:908][669]LogModuleManager: Shutting down and abandoning module MovieSceneTools (111)
[2015.02.12-14.47.51:908][669]LogModuleManager: Shutting down and abandoning module OutputLog (110)
[2015.02.12-14.47.51:908][669]LogModuleManager: Shutting down and abandoning module GammaUI (109)
[2015.02.12-14.47.51:908][669]LogModuleManager: Shutting down and abandoning module Documentation (108)
[2015.02.12-14.47.51:908][669]LogModuleManager: Shutting down and abandoning module GameLiveStreaming (107)
[2015.02.12-14.47.51:908][669]LogModuleManager: Shutting down and abandoning module StreamingPauseRendering (106)
[2015.02.12-14.47.51:908][669]LogModuleManager: Shutting down and abandoning module HTTP (105)
[2015.02.12-14.47.51:908][669]LogModuleManager: Shutting down and abandoning module AnalyticsET (104)
[2015.02.12-14.47.51:908][669]LogModuleManager: Shutting down and abandoning module Analytics (103)
[2015.02.12-14.47.51:908][669]LogModuleManager: Shutting down and abandoning module GameplayDebugger (102)
[2015.02.12-14.47.51:908][669]LogModuleManager: Shutting down and abandoning module AIModule (101)
[2015.02.12-14.47.51:908][669]LogModuleManager: Shutting down and abandoning module ProfilerService (100)
[2015.02.12-14.47.51:948][669]LogModuleManager: Shutting down and abandoning module TaskGraph (99)
[2015.02.12-14.47.51:948][669]LogModuleManager: Shutting down and abandoning module SlateRemote (98)
[2015.02.12-14.47.51:948][669]LogModuleManager: Shutting down and abandoning module ScriptEditorPlugin (97)
[2015.02.12-14.47.51:948][669]LogModuleManager: Shutting down and abandoning module CustomMeshComponent (96)
[2015.02.12-14.47.51:948][669]LogModuleManager: Shutting down and abandoning module CableComponent (95)
[2015.02.12-14.47.51:948][669]LogModuleManager: Shutting down and abandoning module MessagingDebugger (94)
[2015.02.12-14.47.51:948][669]LogModuleManager: Shutting down and abandoning module MediaPlayerEditor (93)
[2015.02.12-14.47.51:948][669]LogModuleManager: Shutting down and abandoning module SpeedTreeImporter (92)
[2015.02.12-14.47.51:948][669]LogModuleManager: Shutting down and abandoning module PluginsEditor (91)
[2015.02.12-14.47.51:948][669]LogModuleManager: Shutting down and abandoning module EpicSurvey (90)
[2015.02.12-14.47.51:948][669]LogModuleManager: Shutting down and abandoning module DesktopPlatform (89)
[2015.02.12-14.47.51:948][669]LogModuleManager: Shutting down and abandoning module VisualStudioSourceCodeAccess (88)
[2015.02.12-14.47.51:948][669]LogModuleManager: Shutting down and abandoning module UObjectPlugin (87)
[2015.02.12-14.47.51:948][669]LogModuleManager: Shutting down and abandoning module SubversionSourceControl (86)
[2015.02.12-14.47.51:948][669]LogModuleManager: Shutting down and abandoning module SourceControl (85)
[2015.02.12-14.47.51:948][669]LogModuleManager: Shutting down and abandoning module PerforceSourceControl (84)
[2015.02.12-14.47.51:948][669]LogModuleManager: Shutting down and abandoning module BlankPlugin (83)
[2015.02.12-14.47.51:948][669]LogModuleManager: Shutting down and abandoning module SlateReflector (82)
[2015.02.12-14.47.51:948][669]LogModuleManager: Shutting down and abandoning module DirectoryWatcher (81)
[2015.02.12-14.47.51:948][669]LogModuleManager: Shutting down and abandoning module HotReload (80)
[2015.02.12-14.47.51:948][669]LogModuleManager: Shutting down and abandoning module MainFrame (79)
[2015.02.12-14.47.51:948][669]LogModuleManager: Shutting down and abandoning module LevelEditor (78)
[2015.02.12-14.47.51:950][669]LogModuleManager: Shutting down and abandoning module ViewportSnapping (77)
[2015.02.12-14.47.51:950][669]LogModuleManager: Shutting down and abandoning module SmartSnapping (76)
[2015.02.12-14.47.51:950][669]LogModuleManager: Shutting down and abandoning module PaperTiledImporter (75)
[2015.02.12-14.47.51:950][669]LogModuleManager: Shutting down and abandoning module PaperJsonImporter (74)
[2015.02.12-14.47.51:950][669]LogModuleManager: Shutting down and abandoning module ContentBrowser (73)
[2015.02.12-14.47.51:950][669]LogModuleManager: Shutting down and abandoning module PropertyEditor (72)
[2015.02.12-14.47.51:950][669]LogModuleManager: Shutting down and abandoning module Paper2DEditor (71)
[2015.02.12-14.47.51:950][669]LogModuleManager: Shutting down and abandoning module ScriptPlugin (70)
[2015.02.12-14.47.51:950][669]LogModuleManager: Shutting down and abandoning module UdpMessaging (69)
[2015.02.12-14.47.52:050][669]LogModuleManager: Shutting down and abandoning module Paper2D (68)
[2015.02.12-14.47.52:050][669]LogModuleManager: Shutting down and abandoning module WindowsMoviePlayer (67)
[2015.02.12-14.47.52:056][669]LogModuleManager: Shutting down and abandoning module Media (66)
[2015.02.12-14.47.52:056][669]LogModuleManager: Shutting down and abandoning module WmfMedia (65)
[2015.02.12-14.47.52:057][669]LogModuleManager: Shutting down and abandoning module OnlineBlueprintSupport (64)
[2015.02.12-14.47.52:057][669]LogModuleManager: Shutting down and abandoning module FunctionalTesting (63)
[2015.02.12-14.47.52:057][669]LogModuleManager: Shutting down and abandoning module CollisionAnalyzer (62)
[2015.02.12-14.47.52:057][669]LogModuleManager: Shutting down and abandoning module WorkspaceMenuStructure (61)
[2015.02.12-14.47.52:057][669]LogModuleManager: Shutting down and abandoning module MessageLog (60)
[2015.02.12-14.47.52:057][669]LogModuleManager: Shutting down and abandoning module Sequencer (59)
[2015.02.12-14.47.52:057][669]LogModuleManager: Shutting down and abandoning module AssetTools (58)
[2015.02.12-14.47.52:057][669]LogModuleManager: Shutting down and abandoning module UMGEditor (57)
[2015.02.12-14.47.52:057][669]LogModuleManager: Shutting down and abandoning module UMG (56)
[2015.02.12-14.47.52:057][669]LogModuleManager: Shutting down and abandoning module Slate (55)
[2015.02.12-14.47.52:057][669]LogModuleManager: Shutting down and abandoning module EditorStyle (54)
[2015.02.12-14.47.52:061][669]LogModuleManager: Shutting down and abandoning module SessionServices (53)
[2015.02.12-14.47.52:061][669]LogModuleManager: Shutting down and abandoning module SourceCodeAccess (52)
[2015.02.12-14.47.52:061][669]LogModuleManager: Shutting down and abandoning module HeadMountedDisplay (51)
[2015.02.12-14.47.52:061][669]LogModuleManager: Shutting down and abandoning module XAudio2 (50)
[2015.02.12-14.47.52:061][669]LogModuleManager: Shutting down and abandoning module Networking (48)
[2015.02.12-14.47.52:061][669]LogModuleManager: Shutting down and abandoning module Core (47)
[2015.02.12-14.47.52:061][669]LogModuleManager: Shutting down and abandoning module KismetCompiler (46)
[2015.02.12-14.47.52:061][669]LogModuleManager: Shutting down and abandoning module PhysXFormats (45)
[2015.02.12-14.47.52:061][669]LogModuleManager: Shutting down and abandoning module MeshUtilities (44)
[2015.02.12-14.47.52:061][669]LogModuleManager: Shutting down and abandoning module DerivedDataCache (43)
[2015.02.12-14.47.52:140][669]LogDerivedDataCache: Shutdown
[2015.02.12-14.47.52:140][669]LogModuleManager: Shutting down and abandoning module ShaderFormatOpenGL (42)
[2015.02.12-14.47.52:140][669]LogModuleManager: Shutting down and abandoning module ShaderFormatD3D (41)
[2015.02.12-14.47.52:140][669]LogModuleManager: Shutting down and abandoning module MetalShaderFormat (40)
[2015.02.12-14.47.52:140][669]LogModuleManager: Shutting down and abandoning module TextureFormatUncompressed (39)
[2015.02.12-14.47.52:140][669]LogModuleManager: Shutting down and abandoning module TextureFormatPVR (38)
[2015.02.12-14.47.52:140][669]LogModuleManager: Shutting down and abandoning module TextureFormatDXT (37)
[2015.02.12-14.47.52:140][669]LogModuleManager: Shutting down and abandoning module TextureFormatAndroid (36)
[2015.02.12-14.47.52:140][669]LogModuleManager: Shutting down and abandoning module AudioFormatOpus (35)
[2015.02.12-14.47.52:140][669]LogModuleManager: Shutting down and abandoning module AudioFormatOgg (34)
[2015.02.12-14.47.52:140][669]LogModuleManager: Shutting down and abandoning module AudioFormatADPCM (33)
[2015.02.12-14.47.52:140][669]LogModuleManager: Shutting down and abandoning module Messaging (32)
[2015.02.12-14.47.52:140][669]LogModuleManager: Shutting down and abandoning module IOSTargetPlatform (31)
[2015.02.12-14.47.52:140][669]LogModuleManager: Shutting down and abandoning module Android_PVRTCTargetPlatform (30)
[2015.02.12-14.47.52:140][669]LogModuleManager: Shutting down and abandoning module Android_ETC2TargetPlatform (29)
[2015.02.12-14.47.52:140][669]LogModuleManager: Shutting down and abandoning module Android_ETC1TargetPlatform (28)
[2015.02.12-14.47.52:140][669]LogModuleManager: Shutting down and abandoning module Android_DXTTargetPlatform (27)
[2015.02.12-14.47.52:140][669]LogModuleManager: Shutting down and abandoning module Android_ATCTargetPlatform (26)
[2015.02.12-14.47.52:140][669]LogModuleManager: Shutting down and abandoning module AndroidTargetPlatform (25)
[2015.02.12-14.47.52:141][669]LogModuleManager: Shutting down and abandoning module WindowsTargetPlatform (24)
[2015.02.12-14.47.52:141][669]LogModuleManager: Shutting down and abandoning module WindowsServerTargetPlatform (23)
[2015.02.12-14.47.52:141][669]LogModuleManager: Shutting down and abandoning module WindowsNoEditorTargetPlatform (22)
[2015.02.12-14.47.52:141][669]LogModuleManager: Shutting down and abandoning module WindowsClientTargetPlatform (21)
[2015.02.12-14.47.52:141][669]LogModuleManager: Shutting down and abandoning module TargetPlatform (20)
[2015.02.12-14.47.52:141][669]LogModuleManager: Shutting down and abandoning module InputCore (19)
[2015.02.12-14.47.52:141][669]LogModuleManager: Shutting down and abandoning module Settings (18)
[2015.02.12-14.47.52:141][669]LogModuleManager: Shutting down and abandoning module ImageWrapper (17)
[2015.02.12-14.47.52:141][669]LogModuleManager: Shutting down and abandoning module OculusRift (14)
[2015.02.12-14.47.52:141][669]LogModuleManager: Shutting down and abandoning module ExampleDeviceProfileSelector (13)
[2015.02.12-14.47.52:141][669]LogModuleManager: Shutting down and abandoning module TextureCompressor (12)
[2015.02.12-14.47.52:141][669]LogModuleManager: Shutting down and abandoning module ShaderCore (11)
[2015.02.12-14.47.52:141][669]LogModuleManager: Shutting down and abandoning module SlateRHIRenderer (10)
[2015.02.12-14.47.52:143][669]LogModuleManager: Shutting down and abandoning module OpenGLDrv (9)
[2015.02.12-14.47.52:143][669]LogModuleManager: Shutting down and abandoning module D3D11RHI (8)
[2015.02.12-14.47.52:143][669]LogModuleManager: Shutting down and abandoning module Renderer (7)
[2015.02.12-14.47.52:143][669]LogModuleManager: Shutting down and abandoning module Engine (6)
[2015.02.12-14.47.52:143][669]LogModuleManager: Shutting down and abandoning module CoreUObject (5)
[2015.02.12-14.47.52:143][669]LogModuleManager: Shutting down and abandoning module NetworkFile (4)
[2015.02.12-14.47.52:143][669]LogModuleManager: Shutting down and abandoning module StreamingFile (3)
[2015.02.12-14.47.52:143][669]LogModuleManager: Shutting down and abandoning module SandboxFile (2)
[2015.02.12-14.47.52:143][669]LogModuleManager: Shutting down and abandoning module PakFile (1)
[2015.02.12-14.47.52:144][669]LogExit: Exiting.
[2015.02.12-14.47.52:163][669]Log file closed, 02/12/15 06:47:52
