Log file open, 12/12/14 16:13:03
LogInit:Display: Running engine for game: EpicManBP
LogInit: Version: 4.5.1-2336687+++depot+UE4-Releases+4.5
LogInit: API Version: 2326478
LogInit: Compiled (64-bit): Oct 21 2014 22:32:40
LogInit: Compiled with Visual C++: 18.00.21005.01
LogInit: Build Configuration: Development
LogInit: Branch Name: ++depot+UE4-Releases+4.5
LogInit: Command line:  
LogInit: Base directory: C:/Program Files/Unreal Engine/4.5/Engine/Binaries/Win64/
LogInit: Rocket: 1
[2014.12.13-00.13.03:974][  0]LogTaskGraph: Started task graph with 3 named threads and 4 total threads.
[2014.12.13-00.13.04:016][  0]LogOnline:Warning: No default platform service specified for OnlineSubsystem
[2014.12.13-00.13.04:044][  0]LogInit: Presizing for 0 objects not considered by GC, pre-allocating 0 bytes.
[2014.12.13-00.13.04:051][  0]LogInit: Object subsystem initialized
[2014.12.13-00.13.04:053][  0]LogConsoleResponse:Warning: Skipping Unknown console variable: 'UIScaleRule = ShortestSide'
[2014.12.13-00.13.04:053][  0]LogConsoleResponse:Warning:   Found in ini file 'C:/Users/Maurice/Documents/Unreal Projects/EpicManBP/Saved/Config/Windows/Engine.ini', in section '[/Script/Engine.RendererSettings]'
[2014.12.13-00.13.04:053][  0]LogConsoleResponse:Warning: Skipping Unknown console variable: 'UIScaleCurve = (EditorCurveData=(Keys=((Time=480.000000,Value=0.444000),(Time=720.000000,Value=0.666000),(Time=1080.000000,Value=1.000000),(Time=8640.000000,Value=8.000000))),ExternalCurve=None)'
[2014.12.13-00.13.04:053][  0]LogConsoleResponse:Warning:   Found in ini file 'C:/Users/Maurice/Documents/Unreal Projects/EpicManBP/Saved/Config/Windows/Engine.ini', in section '[/Script/Engine.RendererSettings]'
[2014.12.13-00.13.04:054][  0]LogInit: Selected Device Profile: [Windows]
[2014.12.13-00.13.04:054][  0]LogInit: Applying CVar settings loaded from the selected device profile: [Windows]
[2014.12.13-00.13.04:058][  0]LogInit: Computer: XPS3
[2014.12.13-00.13.04:058][  0]LogInit: User: Maurice
[2014.12.13-00.13.04:058][  0]LogInit: CPU Page size=4096, Cores=4
[2014.12.13-00.13.04:058][  0]LogInit: High frequency timer resolution =3.312705 MHz
[2014.12.13-00.13.04:058][  0]LogMemory: Memory total: Physical=24.0GB (24GB approx) Virtual=8192.0GB
[2014.12.13-00.13.04:059][  0]LogMemory: Platform Memory Stats for Windows
[2014.12.13-00.13.04:059][  0]LogMemory: Process Physical Memory: 68.11 MB used, 73.60 MB peak
[2014.12.13-00.13.04:059][  0]LogMemory: Process Virtual Memory: 46.51 MB used, 50.67 MB peak
[2014.12.13-00.13.04:059][  0]LogMemory: Physical Memory: 6387.23 MB used, 24527.21 MB total
[2014.12.13-00.13.04:059][  0]LogMemory: Virtual Memory: 279.53 MB used, 8388608.00 MB total
[2014.12.13-00.13.04:078][  0]LogD3D11RHI: Found D3D11 adapter 0: NVIDIA GeForce GTX 660 (Feature Level 11_0)
[2014.12.13-00.13.04:078][  0]LogD3D11RHI: Adapter has 1484MB of dedicated video memory, 0MB of dedicated system memory, and 2560MB of shared system memory, 2 output[s]
[2014.12.13-00.13.04:078][  0]LogD3D11RHI: Chosen D3D11 Adapter Id = 0
[2014.12.13-00.13.04:082][  0]LogRHI: Texture pool is 1039 MB (70% of 1484 MB)
[2014.12.13-00.13.04:088][  0]LogD3D11RHI: Async texture creation enabled
[2014.12.13-00.13.04:121][  0]LogTextLocalizationManager: The requested culture ('en_US') has no localization data; parent culture's ('en') localization data will be used.
[2014.12.13-00.13.04:238][  0]LogContentStreaming: Texture pool size is 0.000000MB
[2014.12.13-00.13.07:981][  0]LogTargetPlatformManager:Display: Building Assets For Windows
[2014.12.13-00.13.08:261][  0]LogTargetPlatformManager:Display: Building Assets For Windows
[2014.12.13-00.13.08:296][  0]LogDerivedDataCache:Display: Max Cache Size: 512 MB
[2014.12.13-00.13.08:361][  0]LogDerivedDataCache: Loaded boot cache 0.06s 39MB C:/Users/Maurice/AppData/Local/UnrealEngine/4.5/DerivedDataCache/Boot.ddc.
[2014.12.13-00.13.08:361][  0]LogDerivedDataCache:Display: Loaded Boot cache: C:/Users/Maurice/AppData/Local/UnrealEngine/4.5/DerivedDataCache/Boot.ddc
[2014.12.13-00.13.08:361][  0]LogDerivedDataCache: FDerivedDataBackendGraph:  Pak pak cache file ../../../../../../Users/Maurice/Documents/Unreal Projects/EpicManBP/DerivedDataCache/DDC.ddp not found, will not use a pak cache.
[2014.12.13-00.13.08:361][  0]LogDerivedDataCache: Unable to find inner node Pak for hierarchical cache Hierarchy.
[2014.12.13-00.13.08:413][  0]LogDerivedDataCache:Display: Pak cache opened for reading ../../../Engine/DerivedDataCache/DDC.ddp.
[2014.12.13-00.13.08:424][  0]LogDerivedDataCache: Using Local data cache path C:/Users/Maurice/AppData/Local/UnrealEngine/Common/DerivedDataCache: Writable
[2014.12.13-00.13.08:550][  0]LogMeshUtilities: No automatic mesh reduction module available
[2014.12.13-00.13.08:550][  0]LogMeshUtilities: No automatic mesh merging module available
[2014.12.13-00.13.08:759][  0]LogLinker:Warning: Asset '../../../Engine/Content/Functions/Engine_MaterialFunctions02/Texturing/FlipBook.uasset' has been saved with empty engine version. The asset will be loaded but may be incompatible.
[2014.12.13-00.13.08:761][  0]LogLinker:Warning: Asset '../../../Engine/Content/Functions/Engine_MaterialFunctions02/ExampleContent/Textures/flipbook.uasset' has been saved with empty engine version. The asset will be loaded but may be incompatible.
[2014.12.13-00.13.08:884][  0]LogInit: WinSock: version 1.1 (2.2), MaxSocks=32767, MaxUdp=65467
[2014.12.13-00.13.09:439][  0]UdpMessaging: Initializing bridge on interface 0.0.0.0:0 to multicast group 230.0.0.1:6666.
[2014.12.13-00.13.09:636][  0]LogDirectoryWatcher:Warning: Failed to begin reading directory changes for C:/Users/Maurice/Documents/Unreal Projects/EpicManBP/Binaries/Win64. Error: 0
[2014.12.13-00.13.09:721][  0]SourceControl: Info Source control is disabled
[2014.12.13-00.13.09:721][  0]SourceControl: Info Source control is disabled
[2014.12.13-00.13.09:725][  0]SourceControl: Info Source control is disabled
[2014.12.13-00.13.09:793][  0]LogObj: 22915 objects as part of root set at end of initial load.
[2014.12.13-00.13.09:794][  0]LogUObjectAllocator: 4803536 out of 0 bytes used by permanent object pool.
[2014.12.13-00.13.09:835][  0]LogEngine: Initializing Engine...
[2014.12.13-00.13.09:931][  0]LogInit: XAudio2 using 'Speakers (High Definition Audio Device)' : 2 channels at 44.1 kHz using 16 bits per sample (channel mask 0x3)
[2014.12.13-00.13.09:936][  0]LogInit: FAudioDevice initialized.
[2014.12.13-00.13.09:949][  0]LogAIModule: Creating AISystem for world NewWorld
[2014.12.13-00.13.09:968][  0]LogDerivedDataCache: Saved boot cache 0.02s 39MB C:/Users/Maurice/AppData/Local/UnrealEngine/4.5/DerivedDataCache/Boot.ddc.
[2014.12.13-00.13.09:971][  0]LogInit: Texture streaming: Enabled
[2014.12.13-00.13.09:997][  0]LogInit: Transaction tracking system initialized
[2014.12.13-00.13.10:052][  0]BlueprintLog: New page: Editor Load
[2014.12.13-00.13.10:074][  0]LogAssetRegistry: FAssetRegistry took 0.0096 seconds to start up
[2014.12.13-00.13.10:074][  0]LogDirectoryWatcher:Warning: Failed to begin reading directory changes for ../../../Engine/Plugins/Experimental/CharacterAI/Content/. Error: 0
[2014.12.13-00.13.10:382][  0]LogTargetPlatformManager:Display: Building Assets For Windows
[2014.12.13-00.13.10:606][  0]LogTargetPlatformManager:Display: Building Assets For Windows
[2014.12.13-00.13.10:739][  0]LogConsoleResponse:Display: 
[2014.12.13-00.13.10:864][  0]SourceControl: Info Source control is disabled
[2014.12.13-00.13.51:142][  0]Cmd: MAP LOAD FILE="../../../../../../Users/Maurice/Documents/Unreal Projects/EpicManBP/Content/Maps/EpicManLevel.umap" TEMPLATE=0 SHOWPROGRESS=1
[2014.12.13-00.13.51:142][  0]LightingResults: New page: Lighting Build
[2014.12.13-00.13.51:149][  0]MapCheck: New page: Map Check
[2014.12.13-00.13.51:149][  0]LightingResults: New page: Lighting Build
[2014.12.13-00.13.51:161][  0]LogParticles: Destroying 0 GPU particle simulations for FXSystem 0x0000000012D25A80
[2014.12.13-00.13.52:432][  0]LogEditorServer: Finished looking for orphan Actors (0.000 secs)
[2014.12.13-00.13.52:432][  0]LogAIModule: Creating AISystem for world EpicManLevel
[2014.12.13-00.13.52:432][  0]Cmd: MAP CHECKDEP
[2014.12.13-00.13.52:432][  0]MapCheck: New page: EpicManLevel - Dec 12, 2014, 8:13:52 AM
[2014.12.13-00.13.52:514][  0]MapCheck: Info Map check complete: 0 Error(s), 0 Warning(s), took 82.02ms to complete.
[2014.12.13-00.13.52:514][  0]LogFileHelpers: Loading map 'EpicManLevel' took 1.373
[2014.12.13-00.13.52:599][  0]LogStats:Warning: MetaData mismatch. Did you assign a stat to two groups? New //STATGROUP_Threads//SplashScreenThread///Thread_1324_0///////STATCAT_Advanced//// old //STATGROUP_Threads//SplashScreenThread///Thread_243c_0///////STATCAT_Advanced////
[2014.12.13-00.13.52:599][  0]LogCrashTracker: Crashtracker disabled due to settings.
[2014.12.13-00.13.52:607][  0]LogCollectionManager: Loaded 0 collections in 0.000687 seconds
[2014.12.13-00.13.52:812][  0]LogUObjectGlobals:Warning: Failed to find object 'Class None.'
[2014.12.13-00.13.52:836][  0]LogLoad: Full Startup: 50.93 seconds (BP compile: 0.61 seconds)
[2014.12.13-00.13.52:850][  0]LogContentBrowser:Verbose: The content browser source was changed by the sources view to '/Game/Blueprints'
[2014.12.13-00.13.52:962][  0]LogRenderer:Warning: Reallocating scene render targets to support 1224x912.
[2014.12.13-00.13.53:155][  2]LogAssetRegistry: Asset discovery search completed in 43.0907 seconds
[2014.12.13-00.13.56:817][320]BlueprintLog: New page: Pre-PIE auto-recompile
[2014.12.13-00.13.56:817][320]LogPlayLevel: [PIE] Compiling EpicManLevel before PIE...
[2014.12.13-00.13.57:025][320]LogActorComponent: UnregisterComponent: (/Engine/Transient.CharacterMovementComponent_0) Not registered. Aborting.
[2014.12.13-00.13.57:025][320]LogActorComponent: UnregisterComponent: (/Engine/Transient.CharacterMovementComponent_1) Not registered. Aborting.
[2014.12.13-00.13.57:026][320]LogActorComponent: UnregisterComponent: (/Engine/Transient.CharacterMovementComponent_2) Not registered. Aborting.
[2014.12.13-00.13.57:026][320]LogActorComponent: UnregisterComponent: (/Engine/Transient.CharacterMovementComponent_3) Not registered. Aborting.
[2014.12.13-00.13.57:026][320]LogActorComponent: UnregisterComponent: (/Engine/Transient.CharacterMovementComponent_4) Not registered. Aborting.
[2014.12.13-00.13.57:097][320]LogPlayLevel: PIE:  Blueprint regeneration took 280 ms (1 blueprints)
[2014.12.13-00.13.57:097][320]PIE: New page: PIE session: EpicManLevel (Dec 12, 2014, 8:13:57 AM)
[2014.12.13-00.13.57:109][320]LogPlayLevel: PIE: StaticDuplicateObject took: (0.011217s)
[2014.12.13-00.13.57:109][320]LogPlayLevel: PIE: World Init took: (0.000393s)
[2014.12.13-00.13.57:109][320]LogPlayLevel: PIE: Created PIE world by copying editor world from /Game/Maps/EpicManLevel.EpicManLevel to /Game/Maps/UEDPIE_0_EpicManLevel.EpicManLevel (0.011817s)
[2014.12.13-00.13.57:151][320]LogWorld: Game class is 'MyGame_C'
[2014.12.13-00.13.57:152][320]LogAIModule: Creating AISystem for world EpicManLevel
[2014.12.13-00.13.57:156][320]LogWorld: Bringing World /Game/Maps/UEDPIE_0_EpicManLevel.EpicManLevel up for play (max tick rate 0) at 2014.12.12-16.13.57
[2014.12.13-00.13.57:157][320]LogWorld: Bringing up level for play took: 0.004495
[2014.12.13-00.13.57:682][320]PIE: Info Play in editor start time for /Game/Maps/UEDPIE_0_EpicManLevel 1.384
[2014.12.13-00.15.54:827][307]LogParticles: Destroying 0 GPU particle simulations for FXSystem 0x0000000011F3A340
[2014.12.13-00.18.57:149][ 24]LogLinker:Warning: CreateExport: Failed to load Parent for Function /Game/Blueprints/Pickups/PowerUp_Child.PowerUp_Child_C:UserConstructionScript; removing parent information, but keeping function
[2014.12.13-00.18.57:150][ 24]LogLinker:Warning: CreateExport: Failed to load Parent for Function /Game/Blueprints/Pickups/PowerUp_Child.PowerUp_Child_C:Activate; removing parent information, but keeping function
[2014.12.13-00.21.33:466][577]LogContentBrowser:Verbose: The content browser source was changed by the sources view to '/Game/Blueprints/AI'
[2014.12.13-00.23.13:601][585]LogActorComponent: UnregisterComponent: (/Engine/Transient.CharacterMovementComponent_5) Not registered. Aborting.
[2014.12.13-00.23.13:601][585]LogActorComponent: UnregisterComponent: (/Engine/Transient.CharacterMovementComponent_6) Not registered. Aborting.
[2014.12.13-00.23.13:601][585]LogActorComponent: UnregisterComponent: (/Engine/Transient.CharacterMovementComponent_7) Not registered. Aborting.
[2014.12.13-00.23.13:601][585]LogActorComponent: UnregisterComponent: (/Engine/Transient.CharacterMovementComponent_8) Not registered. Aborting.
[2014.12.13-00.23.13:601][585]LogActorComponent: UnregisterComponent: (/Engine/Transient.CharacterMovementComponent_9) Not registered. Aborting.
[2014.12.13-00.23.13:601][585]LogActorComponent: UnregisterComponent: (/Engine/Transient.CharacterMovementComponent_10) Not registered. Aborting.
[2014.12.13-00.23.23:848][440]LogActorComponent: UnregisterComponent: (/Engine/Transient.CharacterMovementComponent_11) Not registered. Aborting.
[2014.12.13-00.23.23:848][440]LogActorComponent: UnregisterComponent: (/Engine/Transient.CharacterMovementComponent_12) Not registered. Aborting.
[2014.12.13-00.23.23:848][440]LogActorComponent: UnregisterComponent: (/Engine/Transient.CharacterMovementComponent_13) Not registered. Aborting.
[2014.12.13-00.23.23:848][440]LogActorComponent: UnregisterComponent: (/Engine/Transient.CharacterMovementComponent_14) Not registered. Aborting.
[2014.12.13-00.23.23:848][440]LogActorComponent: UnregisterComponent: (/Engine/Transient.CharacterMovementComponent_15) Not registered. Aborting.
[2014.12.13-00.23.23:895][440]LogWindowsTextInputMethodSystem:Error: Deactivating a context failed while setting focus to the disabled TSF document manager.
[2014.12.13-00.23.41:341][903]LogActorComponent: UnregisterComponent: (/Engine/Transient.CharacterMovementComponent_16) Not registered. Aborting.
[2014.12.13-00.23.41:341][903]LogActorComponent: UnregisterComponent: (/Engine/Transient.CharacterMovementComponent_17) Not registered. Aborting.
[2014.12.13-00.23.41:341][903]LogActorComponent: UnregisterComponent: (/Engine/Transient.CharacterMovementComponent_18) Not registered. Aborting.
[2014.12.13-00.23.41:341][903]LogActorComponent: UnregisterComponent: (/Engine/Transient.CharacterMovementComponent_19) Not registered. Aborting.
[2014.12.13-00.23.41:341][903]LogActorComponent: UnregisterComponent: (/Engine/Transient.CharacterMovementComponent_20) Not registered. Aborting.
[2014.12.13-00.23.41:389][903]LogWindowsTextInputMethodSystem:Error: Deactivating a context failed while setting focus to the disabled TSF document manager.
[2014.12.13-00.23.46:827][348]BlueprintLog: New page: Compile GhostBox
[2014.12.13-00.23.47:241][348]BlueprintEditorCompileResults: Info [0645.02] Compile of GhostBox successful! [in 63 ms]
[2014.12.13-00.23.47:691][349]Cmd: OBJ SAVEPACKAGE PACKAGE="/Game/Blueprints/AI/GhostBox" FILE="../../../../../../Users/Maurice/Documents/Unreal Projects/EpicManBP/Content/Blueprints/AI/GhostBox.uasset" SILENT=true
[2014.12.13-00.23.48:028][349]LogSavePackage: Save=287.222076ms
[2014.12.13-00.23.48:028][349]LogSavePackage: Moving '../../../../../../Users/Maurice/Documents/Unreal Projects/EpicManBP/Saved/GhostBox0E8955494926D385507D63B496AF03C4.tmp' to '../../../../../../Users/Maurice/Documents/Unreal Projects/EpicManBP/Content/Blueprints/AI/GhostBox.uasset'
[2014.12.13-00.25.09:288][410]LogSlate:Warning: GetFontFace failed to load or process 'Roboto-Regular'
[2014.12.13-00.25.09:288][410]LogSlate:Warning: GetFontFace failed to load or process 'Roboto-Regular'
[2014.12.13-00.25.09:290][410]LogSlate:Warning: GetFontFace failed to load or process 'Roboto-Regular'
[2014.12.13-00.25.09:291][410]LogSlate:Warning: GetFontFace failed to load or process 'Roboto-Regular'
[2014.12.13-00.25.09:291][410]LogSlate:Warning: GetFontFace failed to load or process 'Roboto-Regular'
[2014.12.13-00.25.09:291][410]LogSlate:Warning: GetFontFace failed to load or process 'Roboto-Regular'
[2014.12.13-00.25.09:291][410]LogSlate:Warning: GetFontFace failed to load or process 'Roboto-Regular'
[2014.12.13-00.25.09:291][410]LogSlate:Warning: GetFontFace failed to load or process 'Roboto-Regular'
[2014.12.13-00.25.09:291][410]LogSlate:Warning: GetFontFace failed to load or process 'Roboto-Regular'
[2014.12.13-00.25.09:291][410]LogSlate:Warning: GetFontFace failed to load or process 'Roboto-Regular'
[2014.12.13-00.25.09:291][410]LogSlate:Warning: GetFontFace failed to load or process 'Roboto-Regular'
[2014.12.13-00.25.09:291][410]LogSlate:Warning: GetFontFace failed to load or process 'Roboto-Regular'
[2014.12.13-00.25.09:291][410]LogSlate:Warning: GetFontFace failed to load or process 'Roboto-Regular'
[2014.12.13-00.25.09:291][410]LogSlate:Warning: GetFontFace failed to load or process 'Roboto-Regular'
[2014.12.13-00.25.09:291][410]LogSlate:Warning: GetFontFace failed to load or process 'Roboto-Regular'
[2014.12.13-00.25.09:291][410]LogSlate:Warning: GetFontFace failed to load or process 'Roboto-Regular'
[2014.12.13-00.25.09:291][410]LogSlate:Warning: GetFontFace failed to load or process 'Roboto-Regular'
[2014.12.13-00.25.10:960][526]LogWindowsTextInputMethodSystem:Error: Deactivating a context failed while setting focus to the disabled TSF document manager.
[2014.12.13-00.25.55:177][275]LogActorComponent: UnregisterComponent: (/Engine/Transient.CharacterMovementComponent_21) Not registered. Aborting.
[2014.12.13-00.25.55:177][275]LogActorComponent: UnregisterComponent: (/Engine/Transient.CharacterMovementComponent_22) Not registered. Aborting.
[2014.12.13-00.25.55:177][275]LogActorComponent: UnregisterComponent: (/Engine/Transient.CharacterMovementComponent_23) Not registered. Aborting.
[2014.12.13-00.25.55:177][275]LogActorComponent: UnregisterComponent: (/Engine/Transient.CharacterMovementComponent_24) Not registered. Aborting.
[2014.12.13-00.25.55:177][275]LogActorComponent: UnregisterComponent: (/Engine/Transient.CharacterMovementComponent_25) Not registered. Aborting.
[2014.12.13-00.25.55:704][275]LogSavePackage: Save=379.602478ms
[2014.12.13-00.25.55:704][275]LogSavePackage: Moving '../../../../../../Users/Maurice/Documents/Unreal Projects/EpicManBP/Saved/EpicManLevel_Auto1B812EFF34BAB47DE0B58FC93C9EC51CE.tmp' to '../../../../../../Users/Maurice/Documents/Unreal Projects/EpicManBP/Saved/Autosaves/Game/Maps/EpicManLevel_Auto1.umap'
[2014.12.13-00.25.55:710][275]LogFileHelpers: Editor autosave (incl. sublevels) for '/Game/Maps/EpicManLevel' took 0.533
[2014.12.13-00.25.55:710][275]LogFileHelpers: Editor autosave (incl. sublevels) for all levels took 0.533
[2014.12.13-00.25.55:722][275]OBJ SavePackage: Generating thumbnails for [1] asset(s) in package [/Game/Blueprints/AI/Ghost] ([1] browsable assets)...
[2014.12.13-00.25.55:783][275]OBJ SavePackage:     Rendered thumbnail for [Blueprint /Game/Blueprints/AI/Ghost.Ghost]
[2014.12.13-00.25.55:783][275]OBJ SavePackage: Finished generating thumbnails for package [/Game/Blueprints/AI/Ghost]
[2014.12.13-00.25.56:158][275]LogSavePackage: Save=317.514832ms
[2014.12.13-00.25.56:158][275]LogSavePackage: Moving '../../../../../../Users/Maurice/Documents/Unreal Projects/EpicManBP/Saved/Ghost_Auto1D006423741D27871E21BBAB13B647C9A.tmp' to '../../../../../../Users/Maurice/Documents/Unreal Projects/EpicManBP/Saved/Autosaves/Game/Blueprints/AI/Ghost_Auto1.uasset'
[2014.12.13-00.25.56:164][275]LogFileHelpers: Auto-saving content packages took 0.454
[2014.12.13-00.26.10:440][916]LogSlate:Warning: GetFontFace failed to load or process 'Roboto-Regular'
[2014.12.13-00.26.10:440][916]LogSlate:Warning: GetFontFace failed to load or process 'Roboto-Regular'
[2014.12.13-00.26.10:440][916]LogSlate:Warning: GetFontFace failed to load or process 'Roboto-Regular'
[2014.12.13-00.26.10:440][916]LogSlate:Warning: GetFontFace failed to load or process 'Roboto-Regular'
[2014.12.13-00.26.10:440][916]LogSlate:Warning: GetFontFace failed to load or process 'Roboto-Regular'
[2014.12.13-00.26.10:440][916]LogSlate:Warning: GetFontFace failed to load or process 'Roboto-Regular'
[2014.12.13-00.26.10:441][916]LogSlate:Warning: GetFontFace failed to load or process 'Roboto-Regular'
[2014.12.13-00.26.10:441][916]LogSlate:Warning: GetFontFace failed to load or process 'Roboto-Regular'
[2014.12.13-00.26.10:441][916]LogSlate:Warning: GetFontFace failed to load or process 'Roboto-Regular'
[2014.12.13-00.26.12:075][987]LogWindowsTextInputMethodSystem:Error: Deactivating a context failed while setting focus to the disabled TSF document manager.
[2014.12.13-00.26.13:626][ 59]LogSlate:Warning: GetFontFace failed to load or process 'Roboto-Regular'
[2014.12.13-00.26.13:626][ 59]LogSlate:Warning: GetFontFace failed to load or process 'Roboto-Regular'
[2014.12.13-00.26.13:895][ 69]LogWindowsTextInputMethodSystem:Error: Deactivating a context failed while setting focus to the disabled TSF document manager.
[2014.12.13-00.26.29:063][771]LogWindowsTextInputMethodSystem:Error: Deactivating a context failed while setting focus to the disabled TSF document manager.
[2014.12.13-00.26.31:565][877]LogSlate:Warning: GetFontFace failed to load or process 'Roboto-Regular'
[2014.12.13-00.26.31:565][877]LogSlate:Warning: GetFontFace failed to load or process 'Roboto-Regular'
[2014.12.13-00.26.31:565][877]LogSlate:Warning: GetFontFace failed to load or process 'Roboto-Regular'
[2014.12.13-00.26.31:565][877]LogSlate:Warning: GetFontFace failed to load or process 'Roboto-Regular'
[2014.12.13-00.26.32:769][928]LogWindowsTextInputMethodSystem:Error: Deactivating a context failed while setting focus to the disabled TSF document manager.
[2014.12.13-00.26.47:845][596]LogWindowsTextInputMethodSystem:Error: Deactivating a context failed while setting focus to the disabled TSF document manager.
[2014.12.13-00.27.22:435][159]LogWindowsTextInputMethodSystem:Error: Deactivating a context failed while setting focus to the disabled TSF document manager.
[2014.12.13-00.28.16:160][820]LogWindowsTextInputMethodSystem:Error: Deactivating a context failed while setting focus to the disabled TSF document manager.
[2014.12.13-00.28.57:195][746]LogWindowsTextInputMethodSystem:Error: Deactivating a context failed while setting focus to the disabled TSF document manager.
[2014.12.13-00.29.04:044][ 53]LogSlate:Warning: Prevented a slow task dialog from being summoned while a context menu was open
[2014.12.13-00.29.20:406][759]LogWindowsTextInputMethodSystem:Error: Deactivating a context failed while setting focus to the disabled TSF document manager.
[2014.12.13-00.29.27:180][ 49]LogContentBrowser:Verbose: The content browser source was changed by the sources view to '/Game/Blueprints/Pickups'
[2014.12.13-00.29.39:801][726]LogWindowsTextInputMethodSystem:Error: Deactivating a context failed while setting focus to the disabled TSF document manager.
[2014.12.13-00.29.40:000][726]LogActorComponent: UnregisterComponent: (/Engine/Transient.CharacterMovementComponent_26) Not registered. Aborting.
[2014.12.13-00.29.40:000][726]LogActorComponent: UnregisterComponent: (/Engine/Transient.CharacterMovementComponent_27) Not registered. Aborting.
[2014.12.13-00.29.40:000][726]LogActorComponent: UnregisterComponent: (/Engine/Transient.CharacterMovementComponent_28) Not registered. Aborting.
[2014.12.13-00.29.40:000][726]LogActorComponent: UnregisterComponent: (/Engine/Transient.CharacterMovementComponent_29) Not registered. Aborting.
[2014.12.13-00.29.40:000][726]LogActorComponent: UnregisterComponent: (/Engine/Transient.CharacterMovementComponent_30) Not registered. Aborting.
[2014.12.13-00.29.40:047][726]LogMetaData: Removing '/Game/Blueprints/Pickups/P_Decoy.P_Decoy:UserConstructionScript.K2Node_FunctionEntry_967' ref from Metadata '/Game/Blueprints/Pickups/PowerUp_Child.PackageMetaData'
[2014.12.13-00.29.40:047][726]LogMetaData: Removing '/Game/Blueprints/Pickups/P_Decoy.P_Decoy_C' ref from Metadata '/Game/Blueprints/Pickups/PowerUp_Child.PackageMetaData'
[2014.12.13-00.29.40:047][726]LogMetaData: Removing '/Game/Blueprints/Pickups/P_Decoy.SKEL_P_Decoy_C' ref from Metadata '/Game/Blueprints/Pickups/PowerUp_Child.PackageMetaData'
[2014.12.13-00.29.40:170][726]Cmd: OBJ SAVEPACKAGE PACKAGE="/Game/Blueprints/Pickups/P_Decoy" FILE="../../../../../../Users/Maurice/Documents/Unreal Projects/EpicManBP/Content/Blueprints/Pickups/P_Decoy.uasset" SILENT=true
[2014.12.13-00.29.40:467][726]LogSavePackage: Save=292.096344ms
[2014.12.13-00.29.40:467][726]LogSavePackage: Moving '../../../../../../Users/Maurice/Documents/Unreal Projects/EpicManBP/Saved/P_DecoyD2F11ECC4EAEB19F492946A83607E9B5.tmp' to '../../../../../../Users/Maurice/Documents/Unreal Projects/EpicManBP/Content/Blueprints/Pickups/P_Decoy.uasset'
[2014.12.13-00.29.47:861][ 32]LogSlate:Warning: Prevented a slow task dialog from being summoned while a context menu was open
[2014.12.13-00.30.06:435][912]LogWindowsTextInputMethodSystem:Error: Deactivating a context failed while setting focus to the disabled TSF document manager.
[2014.12.13-00.30.08:128][984]LogSlate:Warning: GetFontFace failed to load or process 'Roboto-Regular'
[2014.12.13-00.30.12:743][162]LogWindowsTextInputMethodSystem:Error: Deactivating a context failed while setting focus to the disabled TSF document manager.
[2014.12.13-00.30.35:742][134]LogWindowsTextInputMethodSystem:Error: Deactivating a context failed while setting focus to the disabled TSF document manager.
[2014.12.13-00.31.34:456][542]LogWindowsTextInputMethodSystem:Error: Deactivating a context failed while setting focus to the disabled TSF document manager.
[2014.12.13-00.31.46:097][261]LogUObjectGlobals:Warning: Failed to find object 'Object None.'
[2014.12.13-00.31.46:097][261]LogProperty:Warning: Illegal TEXT reference to a private object in external package (EdGraphPin /Game/Blueprints/AI/Ghost.Ghost:EventGraph.K2Node_CallArrayFunction_698.EdGraphPin_19763) from referencer (EdGraphPin /Game/Blueprints/Pickups/P_Decoy.P_Decoy:EventGraph.K2Node_CallFunction_56080.EdGraphPin_19706).  Import failed...
[2014.12.13-00.31.46:097][261]LogProperty:Warning: ObjectProperty /Script/Engine.EdGraphPin:LinkedTo.LinkedTo: unresolved reference to 'EdGraphPin'"K2Node_CallArrayFunction_698.EdGraphPin_19763"''
[2014.12.13-00.31.54:564][722]LogWindowsTextInputMethodSystem:Error: Deactivating a context failed while setting focus to the disabled TSF document manager.
[2014.12.13-00.33.05:430][591]LogWindowsTextInputMethodSystem:Error: Deactivating a context failed while setting focus to the disabled TSF document manager.
[2014.12.13-00.35.26:182][ 62]LogWindowsTextInputMethodSystem:Error: Deactivating a context failed while setting focus to the disabled TSF document manager.
[2014.12.13-00.35.32:117][337]LogWindowsTextInputMethodSystem:Error: Deactivating a context failed while setting focus to the disabled TSF document manager.
[2014.12.13-00.35.48:932][192]LogWindowsTextInputMethodSystem:Error: Deactivating a context failed while setting focus to the disabled TSF document manager.
[2014.12.13-00.36.28:144][119]LogWindowsTextInputMethodSystem:Error: Deactivating a context failed while setting focus to the disabled TSF document manager.
[2014.12.13-00.36.28:426][126]LogSlate:Warning: GetFontFace failed to load or process 'Roboto-Regular'
[2014.12.13-00.36.38:151][618]LogParticles: Destroying 0 GPU particle simulations for FXSystem 0x00000000187CC2C0
[2014.12.13-00.36.38:166][618]LogFileHelpers: Editor autosave (incl. sublevels) for '/Game/Maps/EpicManLevel' took 0.051
[2014.12.13-00.36.38:178][618]OBJ SavePackage: Generating thumbnails for [1] asset(s) in package [/Game/Blueprints/AI/Ghost] ([1] browsable assets)...
[2014.12.13-00.36.38:257][618]OBJ SavePackage:     Rendered thumbnail for [Blueprint /Game/Blueprints/AI/Ghost.Ghost]
[2014.12.13-00.36.38:257][618]OBJ SavePackage: Finished generating thumbnails for package [/Game/Blueprints/AI/Ghost]
[2014.12.13-00.36.38:706][618]LogSavePackage: Save=316.652710ms
[2014.12.13-00.36.38:706][618]LogSavePackage: Moving '../../../../../../Users/Maurice/Documents/Unreal Projects/EpicManBP/Saved/Ghost_Auto29BDEB8C84FA44BFA43DEDFB9BC19E344.tmp' to '../../../../../../Users/Maurice/Documents/Unreal Projects/EpicManBP/Saved/Autosaves/Game/Blueprints/AI/Ghost_Auto2.uasset'
[2014.12.13-00.36.38:721][618]OBJ SavePackage: Generating thumbnails for [1] asset(s) in package [/Game/Blueprints/Pickups/P_Decoy] ([1] browsable assets)...
[2014.12.13-00.36.38:776][618]OBJ SavePackage:     Rendered thumbnail for [Blueprint /Game/Blueprints/Pickups/P_Decoy.P_Decoy]
[2014.12.13-00.36.38:776][618]OBJ SavePackage: Finished generating thumbnails for package [/Game/Blueprints/Pickups/P_Decoy]
[2014.12.13-00.36.39:128][618]LogSavePackage: Save=269.491852ms
[2014.12.13-00.36.39:129][618]LogSavePackage: Moving '../../../../../../Users/Maurice/Documents/Unreal Projects/EpicManBP/Saved/P_Decoy_Auto20C5AC0404859C2004442BDB312595ABC.tmp' to '../../../../../../Users/Maurice/Documents/Unreal Projects/EpicManBP/Saved/Autosaves/Game/Blueprints/Pickups/P_Decoy_Auto2.uasset'
[2014.12.13-00.36.39:133][618]LogFileHelpers: Auto-saving content packages took 0.967
[2014.12.13-00.36.40:321][683]BlueprintLog: New page: Compile P_Decoy
[2014.12.13-00.36.40:369][683]LogActorComponent: UnregisterComponent: (/Engine/Transient.CharacterMovementComponent_31) Not registered. Aborting.
[2014.12.13-00.36.40:403][683]BlueprintEditorCompileResults: Info [1418.40] Compile of P_Decoy successful! [in 3 ms]
[2014.12.13-00.36.41:356][711]Cmd: OBJ SAVEPACKAGE PACKAGE="/Game/Blueprints/Pickups/P_Decoy" FILE="../../../../../../Users/Maurice/Documents/Unreal Projects/EpicManBP/Content/Blueprints/Pickups/P_Decoy.uasset" SILENT=true
[2014.12.13-00.36.41:676][711]LogSavePackage: Save=274.042816ms
[2014.12.13-00.36.41:676][711]LogSavePackage: Moving '../../../../../../Users/Maurice/Documents/Unreal Projects/EpicManBP/Saved/P_Decoy806F5D274D81DA702A6D6D88692CC91A.tmp' to '../../../../../../Users/Maurice/Documents/Unreal Projects/EpicManBP/Content/Blueprints/Pickups/P_Decoy.uasset'
[2014.12.13-00.36.43:088][787]BlueprintLog: New page: Compile Ghost
[2014.12.13-00.36.43:776][787]BlueprintEditorCompileResults: Info [1421.30] Compile of Ghost successful! [in 91 ms]
[2014.12.13-00.36.44:966][819]Cmd: OBJ SAVEPACKAGE PACKAGE="/Game/Blueprints/AI/Ghost" FILE="../../../../../../Users/Maurice/Documents/Unreal Projects/EpicManBP/Content/Blueprints/AI/Ghost.uasset" SILENT=true
[2014.12.13-00.36.45:310][819]LogSavePackage: Save=313.679291ms
[2014.12.13-00.36.45:310][819]LogSavePackage: Moving '../../../../../../Users/Maurice/Documents/Unreal Projects/EpicManBP/Saved/Ghost7F2A39D349755ECCBA036F82BC3D3B02.tmp' to '../../../../../../Users/Maurice/Documents/Unreal Projects/EpicManBP/Content/Blueprints/AI/Ghost.uasset'
[2014.12.13-00.36.56:533][409]LogWindowsTextInputMethodSystem:Error: Deactivating a context failed while setting focus to the disabled TSF document manager.
[2014.12.13-00.37.04:667][778]LogWindowsTextInputMethodSystem:Error: Deactivating a context failed while setting focus to the disabled TSF document manager.
[2014.12.13-00.37.10:159][ 66]LogWindowsTextInputMethodSystem:Error: Deactivating a context failed while setting focus to the disabled TSF document manager.
[2014.12.13-00.37.46:171][729]LogWindowsTextInputMethodSystem:Error: Deactivating a context failed while setting focus to the disabled TSF document manager.
[2014.12.13-00.37.54:202][127]LogWindowsTextInputMethodSystem:Error: Deactivating a context failed while setting focus to the disabled TSF document manager.
[2014.12.13-00.38.16:374][313]LogWindowsTextInputMethodSystem:Error: Deactivating a context failed while setting focus to the disabled TSF document manager.
[2014.12.13-00.38.25:892][737]LogWindowsTextInputMethodSystem:Error: Deactivating a context failed while setting focus to the disabled TSF document manager.
[2014.12.13-00.38.45:773][857]LogWindowsTextInputMethodSystem:Error: Deactivating a context failed while setting focus to the disabled TSF document manager.
[2014.12.13-00.38.59:344][559]LogWindowsTextInputMethodSystem:Error: Deactivating a context failed while setting focus to the disabled TSF document manager.
[2014.12.13-00.39.20:590][700]LogUObjectGlobals:Warning: Failed to find object 'Object None.'
[2014.12.13-00.39.20:591][700]LogUObjectGlobals:Warning: Failed to find object 'Object None.'
[2014.12.13-00.39.20:591][700]LogUObjectGlobals:Warning: Failed to find object 'Object None.'
[2014.12.13-00.39.20:591][700]LogUObjectGlobals:Warning: Failed to find object 'Object None.'
[2014.12.13-00.39.20:591][700]LogProperty:Warning: ObjectProperty /Script/Engine.EdGraphPin:LinkedTo.LinkedTo: unresolved reference to 'EdGraphPin'"K2Node_CallArrayFunction_806.EdGraphPin_19792"''
[2014.12.13-00.39.20:592][700]LogProperty:Warning: ObjectProperty /Script/Engine.EdGraphPin:LinkedTo.LinkedTo: unresolved reference to 'EdGraphPin'"K2Node_DynamicCast_1751.EdGraphPin_20212"''
[2014.12.13-00.39.20:592][700]LogProperty:Warning: ObjectProperty /Script/Engine.EdGraphPin:LinkedTo.LinkedTo: unresolved reference to 'EdGraphPin'"K2Node_DynamicCast_1751.EdGraphPin_20213"''
[2014.12.13-00.39.20:593][700]LogProperty:Warning: ObjectProperty /Script/Engine.EdGraphPin:LinkedTo.LinkedTo: unresolved reference to 'EdGraphPin'"K2Node_VariableSet_1544.EdGraphPin_20224"''
[2014.12.13-00.39.20:593][700]LogProperty:Warning: ObjectProperty /Script/Engine.EdGraphPin:LinkedTo.LinkedTo: unresolved reference to 'EdGraphPin'"K2Node_VariableSet_1544.EdGraphPin_20221"''
[2014.12.13-00.40.10:897][ 32]BlueprintLog: New page: Compile P_Decoy
[2014.12.13-00.40.10:957][ 32]LogActorComponent: UnregisterComponent: (/Engine/Transient.CharacterMovementComponent_32) Not registered. Aborting.
[2014.12.13-00.40.11:006][ 32]BlueprintEditorCompileResults: Info [1628.98] Compile of P_Decoy successful! [in 3 ms]
[2014.12.13-00.40.11:974][ 59]Cmd: OBJ SAVEPACKAGE PACKAGE="/Game/Blueprints/Pickups/P_Decoy" FILE="../../../../../../Users/Maurice/Documents/Unreal Projects/EpicManBP/Content/Blueprints/Pickups/P_Decoy.uasset" SILENT=true
[2014.12.13-00.40.12:298][ 59]LogSavePackage: Save=275.501740ms
[2014.12.13-00.40.12:298][ 59]LogSavePackage: Moving '../../../../../../Users/Maurice/Documents/Unreal Projects/EpicManBP/Saved/P_Decoy745CB1934285FDA353F18FB1AFE1DC90.tmp' to '../../../../../../Users/Maurice/Documents/Unreal Projects/EpicManBP/Content/Blueprints/Pickups/P_Decoy.uasset'
[2014.12.13-00.41.30:319][506]LogEditorViewport: Clicking on Actor (LMB): PowerUpPickup_C (PowerUpPickup_5)
[2014.12.13-00.41.49:179][802]LogWindowsTextInputMethodSystem:Error: Deactivating a context failed while setting focus to the disabled TSF document manager.
[2014.12.13-00.41.52:101][991]LogWindowsTextInputMethodSystem:Error: Deactivating a context failed while setting focus to the disabled TSF document manager.
[2014.12.13-00.41.52:112][991]LogActorComponent: UnregisterComponent: (/Engine/Transient.CharacterMovementComponent_33) Not registered. Aborting.
[2014.12.13-00.41.52:112][991]LogActorComponent: UnregisterComponent: (/Engine/Transient.CharacterMovementComponent_34) Not registered. Aborting.
[2014.12.13-00.41.52:112][991]LogActorComponent: UnregisterComponent: (/Engine/Transient.CharacterMovementComponent_35) Not registered. Aborting.
[2014.12.13-00.41.52:112][991]LogActorComponent: UnregisterComponent: (/Engine/Transient.CharacterMovementComponent_36) Not registered. Aborting.
[2014.12.13-00.41.52:112][991]LogActorComponent: UnregisterComponent: (/Engine/Transient.CharacterMovementComponent_37) Not registered. Aborting.
[2014.12.13-00.42.10:722][469]LogWindowsTextInputMethodSystem:Error: Deactivating a context failed while setting focus to the disabled TSF document manager.
[2014.12.13-00.42.18:697][952]LogWindowsTextInputMethodSystem:Error: Deactivating a context failed while setting focus to the disabled TSF document manager.
[2014.12.13-00.42.44:851][696]LogWindowsTextInputMethodSystem:Error: Deactivating a context failed while setting focus to the disabled TSF document manager.
[2014.12.13-00.42.50:457][106]LogWindowsTextInputMethodSystem:Error: Deactivating a context failed while setting focus to the disabled TSF document manager.
[2014.12.13-00.43.04:848][972]LogWindowsTextInputMethodSystem:Error: Deactivating a context failed while setting focus to the disabled TSF document manager.
[2014.12.13-00.43.22:973][198]LogWindowsTextInputMethodSystem:Error: Deactivating a context failed while setting focus to the disabled TSF document manager.
[2014.12.13-00.43.46:474][737]LogWindowsTextInputMethodSystem:Error: Deactivating a context failed while setting focus to the disabled TSF document manager.
[2014.12.13-00.43.55:493][385]BlueprintLog: New page: Compile P_Decoy
[2014.12.13-00.43.55:612][385]BlueprintEditorCompileResults: Info [1853.57] Compile of P_Decoy successful! [in 3 ms]
[2014.12.13-00.43.56:335][413]Cmd: OBJ SAVEPACKAGE PACKAGE="/Game/Blueprints/Pickups/P_Decoy" FILE="../../../../../../Users/Maurice/Documents/Unreal Projects/EpicManBP/Content/Blueprints/Pickups/P_Decoy.uasset" SILENT=true
[2014.12.13-00.43.56:664][413]LogSavePackage: Save=276.550720ms
[2014.12.13-00.43.56:664][413]LogSavePackage: Moving '../../../../../../Users/Maurice/Documents/Unreal Projects/EpicManBP/Saved/P_Decoy9B849DC444AFF0D5D4D0FEA9C0A6B084.tmp' to '../../../../../../Users/Maurice/Documents/Unreal Projects/EpicManBP/Content/Blueprints/Pickups/P_Decoy.uasset'
[2014.12.13-00.45.09:875][258]LogWindowsTextInputMethodSystem:Error: Deactivating a context failed while setting focus to the disabled TSF document manager.
[2014.12.13-00.45.19:715][894]LogUObjectGlobals:Warning: Failed to find object 'Object None.'
[2014.12.13-00.45.19:716][894]LogProperty:Warning: Illegal TEXT reference to a private object in external package (EdGraphPin /Game/Blueprints/Pickups/P_Slowing_Pit.P_Slowing_Pit:EventGraph.K2Node_VariableGet_1440.EdGraphPin_12059) from referencer (EdGraphPin /Game/Blueprints/Pickups/P_Decoy.P_Decoy:EventGraph.K2Node_DynamicCast_438.EdGraphPin_20008).  Import failed...
[2014.12.13-00.45.19:716][894]LogProperty:Warning: ObjectProperty /Script/Engine.EdGraphPin:LinkedTo.LinkedTo: unresolved reference to 'EdGraphPin'"K2Node_VariableGet_1440.EdGraphPin_12059"''
[2014.12.13-00.45.19:716][894]LogProperty:Warning: Illegal TEXT reference to a private object in external package (EdGraphPin /Game/Blueprints/Pickups/P_Slowing_Pit.P_Slowing_Pit:EventGraph.K2Node_VariableSet_1306.EdGraphPin_12064) from referencer (EdGraphPin /Game/Blueprints/Pickups/P_Decoy.P_Decoy:EventGraph.K2Node_DynamicCast_438.EdGraphPin_20006).  Import failed...
[2014.12.13-00.45.19:716][894]LogProperty:Warning: ObjectProperty /Script/Engine.EdGraphPin:LinkedTo.LinkedTo: unresolved reference to 'EdGraphPin'"K2Node_VariableSet_1306.EdGraphPin_12064"''
[2014.12.13-00.45.19:716][894]LogProperty:Warning: Illegal TEXT reference to a private object in external package (EdGraphPin /Game/Blueprints/Pickups/P_Slowing_Pit.P_Slowing_Pit:EventGraph.K2Node_ComponentBoundEvent_71.EdGraphPin_11716) from referencer (EdGraphPin /Game/Blueprints/Pickups/P_Decoy.P_Decoy:EventGraph.K2Node_DynamicCast_438.EdGraphPin_20005).  Import failed...
[2014.12.13-00.45.19:716][894]LogProperty:Warning: ObjectProperty /Script/Engine.EdGraphPin:LinkedTo.LinkedTo: unresolved reference to 'EdGraphPin'"K2Node_ComponentBoundEvent_71.EdGraphPin_11716"''
[2014.12.13-00.45.19:716][894]LogProperty:Warning: Illegal TEXT reference to a private object in external package (EdGraphPin /Game/Blueprints/Pickups/P_Slowing_Pit.P_Slowing_Pit:EventGraph.K2Node_ComponentBoundEvent_71.EdGraphPin_11715) from referencer (EdGraphPin /Game/Blueprints/Pickups/P_Decoy.P_Decoy:EventGraph.K2Node_DynamicCast_438.EdGraphPin_20004).  Import failed...
[2014.12.13-00.45.19:716][894]LogProperty:Warning: ObjectProperty /Script/Engine.EdGraphPin:LinkedTo.LinkedTo: unresolved reference to 'EdGraphPin'"K2Node_ComponentBoundEvent_71.EdGraphPin_11715"''
[2014.12.13-00.45.50:355][974]BlueprintLog: New page: Compile P_Decoy
[2014.12.13-00.45.50:470][974]BlueprintEditorCompileResults: Info [1968.43] Compile of P_Decoy successful! [in 3 ms]
[2014.12.13-00.45.51:379][ 17]Cmd: OBJ SAVEPACKAGE PACKAGE="/Game/Blueprints/Pickups/P_Decoy" FILE="../../../../../../Users/Maurice/Documents/Unreal Projects/EpicManBP/Content/Blueprints/Pickups/P_Decoy.uasset" SILENT=true
[2014.12.13-00.45.51:706][ 17]LogSavePackage: Save=277.302979ms
[2014.12.13-00.45.51:706][ 17]LogSavePackage: Moving '../../../../../../Users/Maurice/Documents/Unreal Projects/EpicManBP/Saved/P_Decoy95D2089445CD91E3B67827AA0DC1ECA4.tmp' to '../../../../../../Users/Maurice/Documents/Unreal Projects/EpicManBP/Content/Blueprints/Pickups/P_Decoy.uasset'
[2014.12.13-00.46.32:129][974]LogEditorViewport: Clicking on Actor (LMB): GhostBox_C (GhostBox)
[2014.12.13-00.46.32:938][ 24]LogEditorViewport: Clicking on Actor (LMB): StaticMeshActor (Floor)
[2014.12.13-00.46.33:463][ 56]LogEditorViewport: Clicking on Actor (LMB): P_Slowing_Pit_C (P_Slowing_Pit)
[2014.12.13-00.46.33:843][ 80]LogEditorViewport: Clicking on Actor (LMB): StaticMeshActor (Floor)
[2014.12.13-00.46.34:931][150]LogEditorViewport: Clicking on Actor (LMB): StaticMeshActor (Floor)
[2014.12.13-00.46.35:405][178]LogEditorViewport: Clicking on Actor (LMB): StaticMeshActor (Floor)
[2014.12.13-00.46.35:829][203]LogEditorViewport: Clicking on Actor (LMB): StaticMeshActor (Floor)
[2014.12.13-00.46.36:699][255]LogEditorViewport: Clicking on Actor (LMB): StaticMeshActor (Floor)
[2014.12.13-00.46.37:311][292]LogEditorViewport: Clicking on Actor (LMB): P_Slowing_Pit_C (P_Slowing_Pit)
[2014.12.13-00.46.37:654][312]LogEditorViewport: Clicking on Actor (LMB): StaticMeshActor (Floor)
[2014.12.13-00.46.38:474][365]LogEditorViewport: Clicking on Actor (LMB): StaticMeshActor (Floor)
[2014.12.13-00.46.38:997][398]LogEditorViewport: Clicking on Actor (LMB): StaticMeshActor (Floor)
[2014.12.13-00.46.39:461][427]LogEditorViewport: Clicking on Actor (LMB): StaticMeshActor (Floor)
[2014.12.13-00.46.39:899][454]LogEditorViewport: Clicking on Actor (LMB): StaticMeshActor (Floor)
[2014.12.13-00.46.40:328][479]LogEditorViewport: Clicking on Actor (LMB): StaticMeshActor (Floor)
[2014.12.13-00.46.40:725][482]LogActorComponent: UnregisterComponent: (/Engine/Transient.CharacterMovementComponent_38) Not registered. Aborting.
[2014.12.13-00.46.40:725][482]LogActorComponent: UnregisterComponent: (/Engine/Transient.CharacterMovementComponent_39) Not registered. Aborting.
[2014.12.13-00.46.40:725][482]LogActorComponent: UnregisterComponent: (/Engine/Transient.CharacterMovementComponent_40) Not registered. Aborting.
[2014.12.13-00.46.40:725][482]LogActorComponent: UnregisterComponent: (/Engine/Transient.CharacterMovementComponent_41) Not registered. Aborting.
[2014.12.13-00.46.40:725][482]LogActorComponent: UnregisterComponent: (/Engine/Transient.CharacterMovementComponent_42) Not registered. Aborting.
[2014.12.13-00.46.41:218][482]LogSavePackage: Save=364.284485ms
[2014.12.13-00.46.41:218][482]LogSavePackage: Moving '../../../../../../Users/Maurice/Documents/Unreal Projects/EpicManBP/Saved/EpicManLevel_Auto33D800DBE46E84E5F7FA10D888A6ABBBE.tmp' to '../../../../../../Users/Maurice/Documents/Unreal Projects/EpicManBP/Saved/Autosaves/Game/Maps/EpicManLevel_Auto3.umap'
[2014.12.13-00.46.41:223][482]LogFileHelpers: Editor autosave (incl. sublevels) for '/Game/Maps/EpicManLevel' took 0.499
[2014.12.13-00.46.41:223][482]LogFileHelpers: Editor autosave (incl. sublevels) for all levels took 0.499
[2014.12.13-00.46.42:098][528]LogEditorViewport: Clicking on Actor (LMB): StaticMeshActor (Floor)
[2014.12.13-00.46.42:582][557]LogEditorViewport: Clicking on Actor (LMB): P_Slowing_Pit_C (P_Slowing_Pit)
[2014.12.13-00.46.44:095][651]Cmd: DELETE
[2014.12.13-00.46.44:095][651]Cmd: ACTOR DELETE
[2014.12.13-00.46.44:097][651]LogEditorActor: Deleted Actor: P_Slowing_Pit_C
[2014.12.13-00.46.44:134][651]LogEditorActor: Deleted 1 Actors (0.039 secs)
[2014.12.13-00.46.48:092][923]LogEditorViewport: Clicking on Actor (LMB): P_Decoy_C (P_Decoy)
[2014.12.13-00.47.40:783][566]LogEditorViewport: Clicking on Actor (LMB): PlayerStart (Player Start)
[2014.12.13-00.47.48:348][ 63]LogWindowsTextInputMethodSystem:Error: Deactivating a context failed while setting focus to the disabled TSF document manager.
[2014.12.13-00.47.48:451][ 69]LogEditorViewport: Clicking on Actor (LMB): P_Decoy_C (P_Decoy)
[2014.12.13-00.47.55:404][560]LogWindowsTextInputMethodSystem:Error: Deactivating a context failed while setting focus to the disabled TSF document manager.
[2014.12.13-00.48.05:007][185]LogSavePackage: Save=321.702057ms
[2014.12.13-00.48.05:007][185]LogSavePackage: Moving '../../../../../../Users/Maurice/Documents/Unreal Projects/EpicManBP/Saved/EpicManLevel64DCFDEC4DA5BFA390390CA644DE1D95.tmp' to '../../../../../../Users/Maurice/Documents/Unreal Projects/EpicManBP/Content/Maps/EpicManLevel.umap'
[2014.12.13-00.48.07:197][292]BlueprintLog: New page: Pre-PIE auto-recompile
[2014.12.13-00.48.07:197][292]LogPlayLevel: [PIE] Compiling GhostBox before PIE...
[2014.12.13-00.48.07:260][292]LogWindows:Error: Windows GetLastError: The operation completed successfully. (0)
[2014.12.13-00.48.07:260][292]LogCrashTracker: 


[2014.12.13-00.48.07:706][292]LogCrashTracker: 


[2014.12.13-00.48.07:706][292]LogWindows: === Critical error: ===
Assertion failed: !HasAnyFlags(RF_NeedLoad|RF_NeedPostLoad) [File:D:\BuildFarm\buildmachine_++depot+UE4-Releases+4.5\Engine\Source\Runtime\CoreUObject\Private\UObject\UObjectLinker.cpp] [Line: 96] 
Detaching from existing linker for ../../../../../../Users/Maurice/Documents/Unreal Projects/EpicManBP/Content/Blueprints/AI/Ghost.uasset while object EdGraphPin /Game/Blueprints/AI/Ghost.Ghost:ChooseDirection.K2Node_CallFunction_332407.EdGraphPin_3736 needs loaded


KERNELBASE.dll!UnknownFunction (0x000007fefd79940d) + 0 bytes [UnknownFile:0]
UE4Editor-Core.dll!UnknownFunction (0x000007feed2e71c4) + 0 bytes [UnknownFile:0]
UE4Editor-Core.dll!UnknownFunction (0x000007feed1798c8) + 0 bytes [UnknownFile:0]
UE4Editor-Core.dll!UnknownFunction (0x000007feed15e892) + 0 bytes [UnknownFile:0]
UE4Editor-CoreUObject.dll!UnknownFunction (0x000007feece71f84) + 0 bytes [UnknownFile:0]
UE4Editor-CoreUObject.dll!UnknownFunction (0x000007feecdc45d3) + 0 bytes [UnknownFile:0]
UE4Editor-CoreUObject.dll!UnknownFunction (0x000007feecdef4d1) + 0 bytes [UnknownFile:0]
UE4Editor-CoreUObject.dll!UnknownFunction (0x000007feecdeeade) + 0 bytes [UnknownFile:0]
UE4Editor-BlueprintGraph.dll!UnknownFunction (0x000007fee6efb504) + 0 bytes [UnknownFile:0]
UE4Editor-BlueprintGraph.dll!UnknownFunction (0x000007fee6e962eb) + 0 bytes [UnknownFile:0]
UE4Editor-UnrealEd.dll!UnknownFunction (0x000007fee846eb67) + 0 bytes [UnknownFile:0]
UE4Editor-KismetCompiler.dll!UnknownFunction (0x000007feebaf62b1) + 0 bytes [UnknownFile:0]
UE4Editor-KismetCompiler.dll!UnknownFunction (0x000007feebaf6b29) + 0 bytes [UnknownFile:0]
UE4Editor-KismetCompiler.dll!UnknownFunction (0x000007feebaf669e) + 0 bytes [UnknownFile:0]
UE4Editor-UnrealEd.dll!UnknownFunction (0x000007fee84aa9cb) + 0 bytes [UnknownFile:0]
UE4Editor-UnrealEd.dll!UnknownFunction (0x000007fee7fb875d) + 0 bytes [UnknownFile:0]
UE4Editor-UnrealEd.dll!UnknownFunction (0x000007fee7fd10b6) + 0 bytes [UnknownFile:0]
UE4Editor-UnrealEd.dll!UnknownFunction (0x000007fee7d4e3d1) + 0 bytes [UnknownFile:0]
UE4Editor-UnrealEd.dll!UnknownFunction (0x000007fee81af966) + 0 bytes [UnknownFile:0]
UE4Editor.exe!FEngineLoop::Tick() (0x000000013f92a8f4) + 0 bytes [d:\buildfarm\buildmachine_++depot+ue4-releases+4.5\engine\source\runtime\launch\private\launchengineloop.cpp:2129]
UE4Editor.exe!GuardedMain() (0x000000013f91f9df) + 0 bytes [d:\buildfarm\buildmachine_++depot+ue4-releases+4.5\engine\source\runtime\launch\private\launch.cpp:133]
UE4Editor.exe!GuardedMainWrapper() (0x000000013f91fa4a) + 5 bytes [d:\buildfarm\buildmachine_++depot+ue4-releases+4.5\engine\source\runtime\launch\private\windows\launchwindows.cpp:125]
UE4Editor.exe!WinMain() (0x000000013f92bf19) + 17 bytes [d:\buildfarm\buildmachine_++depot+ue4-releases+4.5\engine\source\runtime\launch\private\windows\launchwindows.cpp:201]
UE4Editor.exe!__tmainCRTStartup() (0x000000013f92cdc9) + 21 bytes [f:\dd\vctools\crt\crtw32\dllstuff\crtexe.c:618]
kernel32.dll!UnknownFunction (0x00000000774759ed) + 0 bytes [UnknownFile:0]
ntdll.dll!UnknownFunction (0x00000000776ac541) + 0 bytes [UnknownFile:0]
ntdll.dll!UnknownFunction (0x00000000776ac541) + 0 bytes [UnknownFile:0]


[2014.12.13-00.48.07:828][292]LogExit: Executing StaticShutdownAfterError
[2014.12.13-00.48.07:837][292]LogWindows: FPlatformMisc::RequestExit(1)
[2014.12.13-00.48.07:837][292]Log file closed, 12/12/14 16:48:07
